2024-10-08 09:22:59,012 [INFO] Activator:176 - 


2024-10-08 09:22:59,014 [INFO] Activator:177 - !SESSION log4j initialized
2024-10-08 09:22:59,987 [ERROR] LogOutputStream:75 - [STDERR_REDIRECT] 
2024-10-08 09:23:01,422 [INFO] LogOutputStream:77 - [STDOUT_REDIRECT] 
2024-10-08 09:23:03,244 [INFO] ApplicationProperties:184 - Using Application install path: /Applications/STM32CubeIDE.app/Contents/Eclipse/plugins/com.st.stm32cube.common.mx_6.12.0.202406281431
2024-10-08 09:23:03,261 [INFO] DbMcusXml:78 - Set database path to: /Applications/STM32CubeIDE.app/Contents/Eclipse/plugins/com.st.stm32cube.common.mx_6.12.0.202406281431//db//mcu/
2024-10-08 09:23:03,261 [INFO] ApiDb:274 - Set plugin database path to: /Applications/STM32CubeIDE.app/Contents/Eclipse/plugins/com.st.stm32cube.common.mx_6.12.0.202406281431//db//plugins/boardmanager/
2024-10-08 09:23:03,262 [WARN] ApiDb:259 - Overriding images path with different value:  => /Applications/STM32CubeIDE.app/Contents/Eclipse/plugins/com.st.stm32cube.common.mx_6.12.0.202406281431//db//plugins/mcufinder/images/
2024-10-08 09:23:03,270 [INFO] ApiDb:250 - Set database path to: /Users/ruanzhanhao/.stmcufinder/plugins/mcufinder//mcu/
2024-10-08 09:23:03,271 [INFO] DbMcusAds:125 - Set database path to: /Users/ruanzhanhao/.stmcufinder/plugins/mcufinder//mcu/
2024-10-08 09:23:03,274 [INFO] CrossReferenceDbSqlite:203 - Set database path to: /Users/ruanzhanhao/.stmcufinder/plugins/mcufinder//mcu/cs/
2024-10-08 09:23:03,376 [INFO] RulesReader:64 - Compatibility file has been processed (297 Rules)
2024-10-08 09:23:03,445 [INFO] DbMcusXml:78 - Set database path to: /Applications/STM32CubeIDE.app/Contents/Eclipse/plugins/com.st.stm32cube.common.mx_6.12.0.202406281431//db//mcu/
2024-10-08 09:23:03,446 [INFO] ApiDb:274 - Set plugin database path to: /Applications/STM32CubeIDE.app/Contents/Eclipse/plugins/com.st.stm32cube.common.mx_6.12.0.202406281431//db//plugins/boardmanager/
2024-10-08 09:23:03,446 [INFO] ApiDb:261 - Set plugin images path to: /Applications/STM32CubeIDE.app/Contents/Eclipse/plugins/com.st.stm32cube.common.mx_6.12.0.202406281431//db//plugins/mcufinder/images/
2024-10-08 09:23:03,446 [WARN] DbFile:41 - Overriding database path with different value: /Users/ruanzhanhao/.stmcufinder/plugins/mcufinder/ => /Users/ruanzhanhao/.stmcufinder/plugins/mcufinder
2024-10-08 09:23:03,446 [INFO] ApiDb:250 - Set database path to: /Users/ruanzhanhao/.stmcufinder/plugins/mcufinder//mcu/
2024-10-08 09:23:03,446 [WARN] DbFile:41 - Overriding database path with different value: /Users/ruanzhanhao/.stmcufinder/plugins/mcufinder/ => /Users/ruanzhanhao/.stmcufinder/plugins/mcufinder
2024-10-08 09:23:03,446 [INFO] DbMcusAds:125 - Set database path to: /Users/ruanzhanhao/.stmcufinder/plugins/mcufinder//mcu/
2024-10-08 09:23:03,446 [WARN] DbFile:41 - Overriding database path with different value: /Users/ruanzhanhao/.stmcufinder/plugins/mcufinder/ => /Users/ruanzhanhao/.stmcufinder/plugins/mcufinder
2024-10-08 09:23:03,446 [WARN] DbFile:41 - Overriding database path with different value: /Users/ruanzhanhao/.stmcufinder/plugins/mcufinder/ => /Users/ruanzhanhao/.stmcufinder/plugins/mcufinder
2024-10-08 09:23:03,446 [INFO] CrossReferenceDbSqlite:203 - Set database path to: /Users/ruanzhanhao/.stmcufinder/plugins/mcufinder//mcu/cs/
2024-10-08 09:23:03,518 [INFO] MainPanel:268 - HeapMemory: 268435456
2024-10-08 09:23:04,193 [INFO] DbMcusXml:78 - Set database path to: /Applications/STM32CubeIDE.app/Contents/Eclipse/plugins/com.st.stm32cube.common.mx_6.12.0.202406281431//db//mcu/
2024-10-08 09:23:04,194 [INFO] ApiDb:274 - Set plugin database path to: /Applications/STM32CubeIDE.app/Contents/Eclipse/plugins/com.st.stm32cube.common.mx_6.12.0.202406281431//db//plugins/boardmanager/
2024-10-08 09:23:04,194 [INFO] ApiDb:261 - Set plugin images path to: /Applications/STM32CubeIDE.app/Contents/Eclipse/plugins/com.st.stm32cube.common.mx_6.12.0.202406281431//db//plugins/mcufinder/images/
2024-10-08 09:23:04,194 [WARN] DbFile:41 - Overriding database path with different value: /Users/ruanzhanhao/.stmcufinder/plugins/mcufinder/ => /Users/ruanzhanhao/.stmcufinder/plugins/mcufinder
2024-10-08 09:23:04,194 [INFO] ApiDb:250 - Set database path to: /Users/ruanzhanhao/.stmcufinder/plugins/mcufinder//mcu/
2024-10-08 09:23:04,195 [WARN] DbFile:41 - Overriding database path with different value: /Users/ruanzhanhao/.stmcufinder/plugins/mcufinder/ => /Users/ruanzhanhao/.stmcufinder/plugins/mcufinder
2024-10-08 09:23:04,195 [INFO] DbMcusAds:125 - Set database path to: /Users/ruanzhanhao/.stmcufinder/plugins/mcufinder//mcu/
2024-10-08 09:23:04,195 [WARN] DbFile:41 - Overriding database path with different value: /Users/ruanzhanhao/.stmcufinder/plugins/mcufinder/ => /Users/ruanzhanhao/.stmcufinder/plugins/mcufinder
2024-10-08 09:23:04,195 [WARN] DbFile:41 - Overriding database path with different value: /Users/ruanzhanhao/.stmcufinder/plugins/mcufinder/ => /Users/ruanzhanhao/.stmcufinder/plugins/mcufinder
2024-10-08 09:23:04,195 [INFO] CrossReferenceDbSqlite:203 - Set database path to: /Users/ruanzhanhao/.stmcufinder/plugins/mcufinder//mcu/cs/
2024-10-08 09:23:04,210 [INFO] ApplicationProperties:184 - Using Application install path: /Applications/STM32CubeIDE.app/Contents/Eclipse/plugins/com.st.stm32cube.common.mx_6.12.0.202406281431
2024-10-08 09:23:04,212 [INFO] PluginManage:196 - Search for loadable plugins [exclusion list=, ]
2024-10-08 09:23:04,213 [INFO] PluginManage:310 - Check plugin analytics
2024-10-08 09:23:04,351 [INFO] AnalyticsPlugin:253 - Accepted Software Licenses: 
2024-10-08 09:23:04,351 [INFO] AnalyticsPlugin:255 - Accepted CMSIS Pack Licenses: 
2024-10-08 09:23:04,351 [INFO] AnalyticsPlugin:257 - Accepted Firmware Licenses: FW.F4.1.28.0
2024-10-08 09:23:04,354 [INFO] PluginManage:359 - Loaded plugin analytics (category:tool,tabindex:-1)
2024-10-08 09:23:04,354 [INFO] PluginManage:310 - Check plugin cadmodel
2024-10-08 09:23:04,360 [INFO] CADModel:105 - Init CAD model plugin
2024-10-08 09:23:04,360 [INFO] PluginManage:359 - Loaded plugin cadmodel (category:power,tabindex:5)
2024-10-08 09:23:04,360 [INFO] PluginManage:310 - Check plugin clock
2024-10-08 09:23:04,368 [INFO] PluginManage:359 - Loaded plugin clock (category:base,tabindex:2)
2024-10-08 09:23:04,368 [INFO] PluginManage:310 - Check plugin ddr
2024-10-08 09:23:04,371 [INFO] PluginManage:359 - Loaded plugin ddr (category:tool,tabindex:6)
2024-10-08 09:23:04,371 [INFO] PluginManage:310 - Check plugin filemanager
2024-10-08 09:23:04,510 [INFO] PluginManage:359 - Loaded plugin filemanager (category:base,tabindex:10)
2024-10-08 09:23:04,510 [INFO] PluginManage:310 - Check plugin ipmanager
2024-10-08 09:23:04,517 [INFO] PluginManage:359 - Loaded plugin ipmanager (category:base,tabindex:5)
2024-10-08 09:23:04,517 [INFO] PluginManage:310 - Check plugin lpbam
2024-10-08 09:23:04,527 [INFO] PluginManage:359 - Loaded plugin lpbam (category:base,tabindex:0)
2024-10-08 09:23:04,527 [INFO] PluginManage:310 - Check plugin memorymap
2024-10-08 09:23:04,541 [INFO] PluginManage:359 - Loaded plugin memorymap (category:base,tabindex:4)
2024-10-08 09:23:04,542 [INFO] PluginManage:310 - Check plugin pinoutandconfiguration
2024-10-08 09:23:04,550 [INFO] PluginManage:359 - Loaded plugin pinoutandconfiguration (category:base,tabindex:1)
2024-10-08 09:23:04,550 [INFO] PluginManage:310 - Check plugin pinoutconfig
2024-10-08 09:23:04,641 [WARN] SupportedApi:132 - Cannot load RTOS API schema: s4s-elt-must-match.1: The content of 'definitions' must match (annotation?, (simpleType | complexType)?, (unique | key | keyref)*)). A problem was found starting at: attribute.
2024-10-08 09:23:04,789 [INFO] PluginManage:359 - Loaded plugin pinoutconfig (category:base,tabindex:0)
2024-10-08 09:23:04,789 [INFO] PluginManage:310 - Check plugin power
2024-10-08 09:23:04,800 [INFO] PluginManage:359 - Loaded plugin power (category:power,tabindex:4)
2024-10-08 09:23:04,800 [INFO] PluginManage:310 - Check plugin projectmanager
2024-10-08 09:23:04,815 [INFO] PluginManage:359 - Loaded plugin projectmanager (category:projectmanager,tabindex:4)
2024-10-08 09:23:04,815 [INFO] PluginManage:310 - Check plugin rif
2024-10-08 09:23:04,822 [INFO] PluginManage:359 - Loaded plugin rif (category:base,tabindex:3)
2024-10-08 09:23:04,822 [INFO] PluginManage:310 - Check plugin thirdparty
2024-10-08 09:23:04,930 [INFO] PluginManage:359 - Loaded plugin thirdparty (category:base,tabindex:-1)
2024-10-08 09:23:04,930 [WARN] IntegrityCheckThread:84 - waiting for thirdparty lock release [integrity check]
2024-10-08 09:23:04,930 [INFO] PluginManage:310 - Check plugin tools
2024-10-08 09:23:04,930 [INFO] IntegrityCheckThread:86 - entering critical section [integrity check]
2024-10-08 09:23:04,931 [INFO] ThirdPartyUpdaterWithRetryManager:70 - Updater plugin not ready yet. [1/15]
2024-10-08 09:23:04,932 [INFO] PluginManage:359 - Loaded plugin tools (category:base,tabindex:7)
2024-10-08 09:23:04,933 [INFO] PluginManage:310 - Check plugin tutovideos
2024-10-08 09:23:05,085 [INFO] PluginManage:359 - Loaded plugin tutovideos (category:base,tabindex:-1)
2024-10-08 09:23:05,085 [INFO] PluginManage:310 - Check plugin updater
2024-10-08 09:23:05,099 [INFO] PluginManage:359 - Loaded plugin updater (category:base,tabindex:12)
2024-10-08 09:23:05,100 [INFO] PluginManage:310 - Check plugin userauth
2024-10-08 09:23:05,105 [INFO] UserAuth:113 - Init User Auth plugin
2024-10-08 09:23:05,105 [INFO] PluginManage:359 - Loaded plugin userauth (category:base,tabindex:14)
2024-10-08 09:23:05,105 [INFO] PluginManage:283 - PluginManage : Loaded plugins [18]
2024-10-08 09:23:05,281 [INFO] PinOutPanel:1561 - setPackage(No Configuration,No Configuration)
2024-10-08 09:23:05,364 [INFO] CADModel:165 - CPN selected for project level
2024-10-08 09:23:05,365 [INFO] CADModel:114 - Register for checkConnection events
2024-10-08 09:23:05,378 [INFO] IPUIPlugin:80 - create IPUIPlugin
2024-10-08 09:23:05,379 [INFO] PluginManager:220 - loadIPPluginJar : add mdma
2024-10-08 09:23:05,387 [INFO] IPUIPlugin:80 - create IPUIPlugin
2024-10-08 09:23:05,387 [INFO] PluginManager:220 - loadIPPluginJar : add freertos
2024-10-08 09:23:05,393 [INFO] IPUIPlugin:80 - create IPUIPlugin
2024-10-08 09:23:05,393 [INFO] PluginManager:220 - loadIPPluginJar : add gic
2024-10-08 09:23:05,403 [INFO] IPUIPlugin:80 - create IPUIPlugin
2024-10-08 09:23:05,403 [INFO] PluginManager:220 - loadIPPluginJar : add adc
2024-10-08 09:23:05,406 [INFO] IPUIPlugin:80 - create IPUIPlugin
2024-10-08 09:23:05,407 [INFO] PluginManager:220 - loadIPPluginJar : add gtzc
2024-10-08 09:23:05,408 [INFO] IPUIPlugin:80 - create IPUIPlugin
2024-10-08 09:23:05,408 [INFO] PluginManager:220 - loadIPPluginJar : add quadspi
2024-10-08 09:23:05,411 [INFO] IPUIPlugin:80 - create IPUIPlugin
2024-10-08 09:23:05,411 [INFO] PluginManager:220 - loadIPPluginJar : add aes
2024-10-08 09:23:05,414 [INFO] IPUIPlugin:80 - create IPUIPlugin
2024-10-08 09:23:05,414 [INFO] PluginManager:220 - loadIPPluginJar : add pdm2pcm
2024-10-08 09:23:05,417 [INFO] IPUIPlugin:80 - create IPUIPlugin
2024-10-08 09:23:05,417 [INFO] PluginManager:220 - loadIPPluginJar : add hash
2024-10-08 09:23:05,419 [INFO] IPUIPlugin:80 - create IPUIPlugin
2024-10-08 09:23:05,419 [INFO] PluginManager:220 - loadIPPluginJar : add tim
2024-10-08 09:23:05,420 [INFO] IPUIPlugin:80 - create IPUIPlugin
2024-10-08 09:23:05,420 [INFO] PluginManager:220 - loadIPPluginJar : add tsc
2024-10-08 09:23:05,423 [INFO] IPUIPlugin:80 - create IPUIPlugin
2024-10-08 09:23:05,424 [INFO] PluginManager:220 - loadIPPluginJar : add extmemmanager
2024-10-08 09:23:05,425 [INFO] IPUIPlugin:80 - create IPUIPlugin
2024-10-08 09:23:05,425 [INFO] PluginManager:220 - loadIPPluginJar : add ts
2024-10-08 09:23:05,427 [INFO] IPUIPlugin:80 - create IPUIPlugin
2024-10-08 09:23:05,427 [INFO] PluginManager:220 - loadIPPluginJar : add radio
2024-10-08 09:23:05,430 [INFO] IPUIPlugin:80 - create IPUIPlugin
2024-10-08 09:23:05,430 [INFO] PluginManager:220 - loadIPPluginJar : add can
2024-10-08 09:23:05,432 [INFO] IPUIPlugin:80 - create IPUIPlugin
2024-10-08 09:23:05,432 [INFO] PluginManager:220 - loadIPPluginJar : add dma3
2024-10-08 09:23:05,434 [INFO] IPUIPlugin:80 - create IPUIPlugin
2024-10-08 09:23:05,434 [INFO] PluginManager:220 - loadIPPluginJar : add dfsdm
2024-10-08 09:23:05,436 [INFO] IPUIPlugin:80 - create IPUIPlugin
2024-10-08 09:23:05,436 [INFO] PluginManager:220 - loadIPPluginJar : add spi
2024-10-08 09:23:05,438 [INFO] IPUIPlugin:80 - create IPUIPlugin
2024-10-08 09:23:05,438 [INFO] PluginManager:220 - loadIPPluginJar : add gfxmmu
2024-10-08 09:23:05,440 [INFO] IPUIPlugin:80 - create IPUIPlugin
2024-10-08 09:23:05,440 [INFO] PluginManager:220 - loadIPPluginJar : add genericplugin
2024-10-08 09:23:05,441 [INFO] IPUIPlugin:80 - create IPUIPlugin
2024-10-08 09:23:05,442 [INFO] PluginManager:220 - loadIPPluginJar : add cryp
2024-10-08 09:23:05,445 [INFO] IPUIPlugin:80 - create IPUIPlugin
2024-10-08 09:23:05,445 [INFO] PluginManager:220 - loadIPPluginJar : add gpio
2024-10-08 09:23:05,449 [INFO] IPUIPlugin:80 - create IPUIPlugin
2024-10-08 09:23:05,449 [INFO] PluginManager:220 - loadIPPluginJar : add ddr_ctrl_phy
2024-10-08 09:23:05,450 [INFO] IPUIPlugin:80 - create IPUIPlugin
2024-10-08 09:23:05,450 [INFO] PluginManager:220 - loadIPPluginJar : add comp
2024-10-08 09:23:05,452 [INFO] IPUIPlugin:80 - create IPUIPlugin
2024-10-08 09:23:05,452 [INFO] PluginManager:220 - loadIPPluginJar : add tracer_emb
2024-10-08 09:23:05,455 [INFO] IPUIPlugin:80 - create IPUIPlugin
2024-10-08 09:23:05,455 [INFO] PluginManager:220 - loadIPPluginJar : add openamp
2024-10-08 09:23:05,460 [INFO] IPUIPlugin:80 - create IPUIPlugin
2024-10-08 09:23:05,460 [INFO] PluginManager:220 - loadIPPluginJar : add stm32_wpan
2024-10-08 09:23:05,465 [INFO] IPUIPlugin:80 - create IPUIPlugin
2024-10-08 09:23:05,468 [INFO] PluginManager:220 - loadIPPluginJar : add plateformsettings
2024-10-08 09:23:05,471 [INFO] IPUIPlugin:80 - create IPUIPlugin
2024-10-08 09:23:05,471 [INFO] PluginManager:220 - loadIPPluginJar : add ipddr
2024-10-08 09:23:05,474 [INFO] IPUIPlugin:80 - create IPUIPlugin
2024-10-08 09:23:05,474 [INFO] PluginManager:220 - loadIPPluginJar : add usart
2024-10-08 09:23:05,475 [INFO] IPUIPlugin:80 - create IPUIPlugin
2024-10-08 09:23:05,475 [INFO] PluginManager:220 - loadIPPluginJar : add ltdc
2024-10-08 09:23:05,478 [INFO] IPUIPlugin:80 - create IPUIPlugin
2024-10-08 09:23:05,478 [INFO] PluginManager:220 - loadIPPluginJar : add nvic
2024-10-08 09:23:05,480 [INFO] IPUIPlugin:80 - create IPUIPlugin
2024-10-08 09:23:05,480 [INFO] PluginManager:220 - loadIPPluginJar : add fatfs
2024-10-08 09:23:05,487 [INFO] IPUIPlugin:80 - create IPUIPlugin
2024-10-08 09:23:05,488 [INFO] PluginManager:220 - loadIPPluginJar : add linkedlist
2024-10-08 09:23:05,493 [INFO] IPUIPlugin:80 - create IPUIPlugin
2024-10-08 09:23:05,493 [INFO] PluginManager:220 - loadIPPluginJar : add dma
2024-10-08 09:23:05,496 [INFO] IPUIPlugin:80 - create IPUIPlugin
2024-10-08 09:23:05,496 [INFO] PluginManager:220 - loadIPPluginJar : add fmc
2024-10-08 09:23:05,499 [INFO] IPUIPlugin:80 - create IPUIPlugin
2024-10-08 09:23:05,499 [INFO] PluginManager:220 - loadIPPluginJar : add i2s
2024-10-08 09:23:05,501 [INFO] IPUIPlugin:80 - create IPUIPlugin
2024-10-08 09:23:05,501 [INFO] PluginManager:220 - loadIPPluginJar : add ucpd
2024-10-08 09:23:05,503 [INFO] IPUIPlugin:80 - create IPUIPlugin
2024-10-08 09:23:05,503 [INFO] PluginManager:220 - loadIPPluginJar : add lorawan
2024-10-08 09:23:05,505 [INFO] IPUIPlugin:80 - create IPUIPlugin
2024-10-08 09:23:05,506 [INFO] PluginManager:220 - loadIPPluginJar : add opamp
2024-10-08 09:23:05,508 [INFO] IPUIPlugin:80 - create IPUIPlugin
2024-10-08 09:23:05,508 [INFO] PluginManager:220 - loadIPPluginJar : add i3c
2024-10-08 09:23:05,510 [INFO] IPUIPlugin:80 - create IPUIPlugin
2024-10-08 09:23:05,510 [INFO] PluginManager:220 - loadIPPluginJar : add touchsensing
2024-10-08 09:23:05,512 [INFO] IPUIPlugin:80 - create IPUIPlugin
2024-10-08 09:23:05,512 [INFO] PluginManager:220 - loadIPPluginJar : add i2c
2024-10-08 09:23:05,516 [INFO] IPUIPlugin:80 - create IPUIPlugin
2024-10-08 09:23:05,516 [INFO] PluginManager:220 - loadIPPluginJar : add resmgrutility
2024-10-08 09:23:05,519 [INFO] IPUIPlugin:80 - create IPUIPlugin
2024-10-08 09:23:05,520 [INFO] PluginManager:220 - loadIPPluginJar : add sai
2024-10-08 09:23:05,523 [INFO] IPUIPlugin:80 - create IPUIPlugin
2024-10-08 09:23:05,523 [INFO] PluginManager:220 - loadIPPluginJar : add usbx
2024-10-08 09:23:05,627 [INFO] CADModel:165 - CPN selected for project level
2024-10-08 09:23:05,627 [INFO] CADModel:114 - Register for checkConnection events
2024-10-08 09:23:05,627 [FATAL] Updater:334 - Updater called before beeing initialized
2024-10-08 09:23:05,627 [ERROR] CADModel:125 - Updater not yet initialized, retry later 
2024-10-08 09:23:05,792 [INFO] CADModel:165 - CPN selected for project level
2024-10-08 09:23:05,792 [INFO] CADModel:114 - Register for checkConnection events
2024-10-08 09:23:05,792 [FATAL] Updater:334 - Updater called before beeing initialized
2024-10-08 09:23:05,792 [ERROR] CADModel:125 - Updater not yet initialized, retry later 
2024-10-08 09:23:05,796 [FATAL] Updater:334 - Updater called before beeing initialized
2024-10-08 09:23:05,869 [FATAL] Updater:334 - Updater called before beeing initialized
2024-10-08 09:23:05,873 [INFO] DbMcusAds:53 - JSON generation date=Thu May 16 02:22:00 PDT 2024 (1715851320667)
2024-10-08 09:23:05,874 [FATAL] Updater:334 - Updater called before beeing initialized
2024-10-08 09:23:05,963 [WARN] DetailPanel:346 - Failed to get advertising image, set to default
2024-10-08 09:23:06,088 [FATAL] Updater:334 - Updater called before beeing initialized
2024-10-08 09:23:06,090 [FATAL] Updater:334 - Updater called before beeing initialized
2024-10-08 09:23:06,091 [FATAL] Updater:334 - Updater called before beeing initialized
2024-10-08 09:23:06,091 [WARN] DetailPanel:346 - Failed to get advertising image, set to default
2024-10-08 09:23:06,092 [FATAL] Updater:334 - Updater called before beeing initialized
2024-10-08 09:23:06,125 [ERROR] Updater:1164 - MainUpdater not yet initialized. External WinMGr cannot be set.
2024-10-08 09:23:06,127 [INFO] Updater:1100 - Updater Version found : 6.12.0
2024-10-08 09:23:06,145 [INFO] ApplicationProperties:184 - Using Application install path: /Applications/STM32CubeIDE.app/Contents/Eclipse/plugins/com.st.stm32cube.common.mx_6.12.0.202406281431
2024-10-08 09:23:06,412 [INFO] MainUpdater:2873 - connection check result : 10
2024-10-08 09:23:06,412 [INFO] MainUpdater:290 - Updater Check For Update Now.
2024-10-08 09:23:06,413 [INFO] MicroXplorer:498 - Change Database Version : DB.6.0.120
2024-10-08 09:23:06,417 [INFO] McuFinderGlobals:63 - Set McuFinder mode to 2 (CubeIDE integrated)
2024-10-08 09:23:06,421 [INFO] UserAuth:417 - Internet connection configuration mode: 1
2024-10-08 09:23:06,438 [INFO] JxBrowserEngine:152 - Initiate JxBrowser Engine with user profile folder
2024-10-08 09:23:06,588 [INFO] CheckServerUpdateThread:120 - End of CheckServer Thread
2024-10-08 09:23:08,398 [INFO] WebApp:167 - Instantiating new browser for Auth
2024-10-08 09:23:09,900 [INFO] WebApp:448 - Apply proxy settings
2024-10-08 09:23:09,914 [INFO] WebApp:493 - Chromium authenticates against Manually configured proxy
2024-10-08 09:23:09,961 [INFO] WebApp:501 - Username used for proxy authentication: 
2024-10-08 09:23:10,011 [INFO] WebApp:869 - Register for checkConnection events
2024-10-08 09:23:10,026 [INFO] WebApp:448 - Apply proxy settings
2024-10-08 09:23:10,030 [INFO] WebApp:493 - Chromium authenticates against Manually configured proxy
2024-10-08 09:23:10,063 [INFO] WebApp:501 - Username used for proxy authentication: 
2024-10-08 09:23:10,295 [INFO] WebApp:220 - Starting web application
2024-10-08 09:23:10,310 [INFO] WebApp:578 - Web application path used /Applications/STM32CubeIDE.app/Contents/Eclipse/plugins/com.st.stm32cube.common.mx_6.12.0.202406281431/db/plugins/mcufinder/reactClient1/index.html
2024-10-08 09:23:10,509 [INFO] UserAuth:417 - Internet connection configuration mode: 1
2024-10-08 09:23:10,992 [INFO] WebApp:186 - Connection restablished
2024-10-08 09:23:12,280 [WARN] PackLoader:240 - Cannot read IP mode file for STMicroelectronics.FP-SNS-MOTENVWB1.1.4.0
2024-10-08 09:23:12,290 [WARN] PackLoader:240 - Cannot read IP mode file for STMicroelectronics.X-CUBE-SMBUS.2.1.0
2024-10-08 09:23:12,299 [WARN] PackLoader:240 - Cannot read IP mode file for STMicroelectronics.X-CUBE-WB05N.1.1.0
2024-10-08 09:23:12,335 [WARN] PackLoader:240 - Cannot read IP mode file for STMicroelectronics.X-CUBE-AZRTOS-F7.1.1.0
2024-10-08 09:23:12,407 [WARN] PackLoader:240 - Cannot read IP mode file for STMicroelectronics.X-CUBE-MEMS1.11.0.0
2024-10-08 09:23:12,601 [WARN] PackLoader:240 - Cannot read IP mode file for STMicroelectronics.FP-SNS-FLIGHT1.5.0.2
2024-10-08 09:23:12,610 [WARN] PackLoader:240 - Cannot read IP mode file for STMicroelectronics.X-CUBE-DISPLAY.3.0.0
2024-10-08 09:23:12,617 [WARN] PackLoader:240 - Cannot read IP mode file for STMicroelectronics.X-CUBE-BLE1.7.0.0
2024-10-08 09:23:12,622 [WARN] PackLoader:240 - Cannot read IP mode file for STMicroelectronics.X-CUBE-NFC10.1.0.0
2024-10-08 09:23:12,628 [WARN] PackLoader:240 - Cannot read IP mode file for emotas.I-CUBE-CANOPEN.1.3.0
2024-10-08 09:23:12,654 [WARN] PackLoader:240 - Cannot read IP mode file for STMicroelectronics.X-CUBE-BLEMGR.3.1.0
2024-10-08 09:23:12,659 [WARN] PackLoader:240 - Cannot read IP mode file for STMicroelectronics.FP-SNS-SMARTAG2.1.2.0
2024-10-08 09:23:12,667 [INFO] LogOutputStream:77 - [STDOUT_REDIRECT] 1 : Invalid condition id : UX_CORESTACK_Condition cause : null
2024-10-08 09:23:12,701 [INFO] LogOutputStream:77 - [STDOUT_REDIRECT] 1 : Invalid condition id : UX_CORESTACK_Condition cause : null
2024-10-08 09:23:12,701 [INFO] LogOutputStream:77 - [STDOUT_REDIRECT] 1 : Invalid condition id : UX_CORESTACK_Condition cause : null
2024-10-08 09:23:12,702 [INFO] LogOutputStream:77 - [STDOUT_REDIRECT] 1 : Invalid condition id : UX_CORESTACK_Condition cause : null
2024-10-08 09:23:12,702 [INFO] LogOutputStream:77 - [STDOUT_REDIRECT] 1 : Invalid condition id : UX_CORESTACK_Condition cause : null
2024-10-08 09:23:12,707 [WARN] PackLoader:240 - Cannot read IP mode file for STMicroelectronics.X-CUBE-AZRTOS-WL.2.0.0
2024-10-08 09:23:12,711 [WARN] PackLoader:240 - Cannot read IP mode file for STMicroelectronics.FP-SNS-MOTENV1.5.0.0
2024-10-08 09:23:12,716 [WARN] PackLoader:240 - Cannot read IP mode file for wolfSSL.I-CUBE-wolfMQTT.1.19.0
2024-10-08 09:23:12,722 [WARN] PackLoader:240 - Cannot read IP mode file for WES.I-CUBE-Cesium.1.3.0
2024-10-08 09:23:12,727 [WARN] PackLoader:240 - Cannot read IP mode file for STMicroelectronics.X-CUBE-BLE2.3.3.0
2024-10-08 09:23:12,732 [WARN] PackLoader:240 - Cannot read IP mode file for STMicroelectronics.X-CUBE-NFC9.1.0.0
2024-10-08 09:23:12,740 [WARN] PackLoader:240 - Cannot read IP mode file for STMicroelectronics.X-CUBE-TCPP.4.1.0
2024-10-08 09:23:12,758 [WARN] PackLoader:240 - Cannot read IP mode file for STMicroelectronics.X-CUBE-AZRTOS-G0.1.1.0
2024-10-08 09:23:12,767 [WARN] PackLoader:240 - Cannot read IP mode file for STMicroelectronics.X-CUBE-SAFEA1.1.2.2
2024-10-08 09:23:12,788 [WARN] PackLoader:240 - Cannot read IP mode file for STMicroelectronics.X-CUBE-NFC4.3.0.0
2024-10-08 09:23:12,800 [WARN] PackLoader:240 - Cannot read IP mode file for EmbeddedOffice.I-CUBE-FS-RTOS.1.0.1
2024-10-08 09:23:12,800 [ERROR] ConditionMgr:805 - Attr not supported : Dmpu
2024-10-08 09:23:12,800 [ERROR] ConditionMgr:805 - Attr not supported : Dmpu
2024-10-08 09:23:12,800 [ERROR] ConditionMgr:805 - Attr not supported : Dmpu
2024-10-08 09:23:12,800 [ERROR] ConditionMgr:805 - Attr not supported : Dmpu
2024-10-08 09:23:12,800 [ERROR] ConditionMgr:805 - Attr not supported : Dmpu
2024-10-08 09:23:12,801 [ERROR] ConditionMgr:805 - Attr not supported : Dmpu
2024-10-08 09:23:12,801 [ERROR] ConditionMgr:805 - Attr not supported : Dmpu
2024-10-08 09:23:12,801 [ERROR] ConditionMgr:805 - Attr not supported : Dmpu
2024-10-08 09:23:12,801 [ERROR] ConditionMgr:805 - Attr not supported : Dmpu
2024-10-08 09:23:12,801 [ERROR] ConditionMgr:805 - Attr not supported : Dmpu
2024-10-08 09:23:12,801 [ERROR] ConditionMgr:805 - Attr not supported : Dmpu
2024-10-08 09:23:12,801 [ERROR] ConditionMgr:805 - Attr not supported : Dmpu
2024-10-08 09:23:12,801 [ERROR] ConditionMgr:805 - Attr not supported : Dmpu
2024-10-08 09:23:12,801 [ERROR] ConditionMgr:805 - Attr not supported : Dmpu
2024-10-08 09:23:12,801 [ERROR] ConditionMgr:805 - Attr not supported : Dmpu
2024-10-08 09:23:12,801 [ERROR] ConditionMgr:805 - Attr not supported : Dmpu
2024-10-08 09:23:12,801 [ERROR] ConditionMgr:805 - Attr not supported : Dmpu
2024-10-08 09:23:12,802 [ERROR] ConditionMgr:805 - Attr not supported : Dmpu
2024-10-08 09:23:12,802 [ERROR] ConditionMgr:805 - Attr not supported : Dmpu
2024-10-08 09:23:12,802 [ERROR] ConditionMgr:805 - Attr not supported : Dmpu
2024-10-08 09:23:12,802 [ERROR] ConditionMgr:805 - Attr not supported : Dmpu
2024-10-08 09:23:12,802 [ERROR] ConditionMgr:805 - Attr not supported : Dmpu
2024-10-08 09:23:12,802 [ERROR] ConditionMgr:805 - Attr not supported : Dmpu
2024-10-08 09:23:12,802 [ERROR] ConditionMgr:805 - Attr not supported : Dmpu
2024-10-08 09:23:12,802 [ERROR] ConditionMgr:805 - Attr not supported : Dmpu
2024-10-08 09:23:12,802 [ERROR] ConditionMgr:805 - Attr not supported : Dmpu
2024-10-08 09:23:12,802 [ERROR] ConditionMgr:805 - Attr not supported : Dmpu
2024-10-08 09:23:12,802 [ERROR] ConditionMgr:805 - Attr not supported : Dmpu
2024-10-08 09:23:12,802 [ERROR] ConditionMgr:805 - Attr not supported : Dmpu
2024-10-08 09:23:12,802 [ERROR] ConditionMgr:805 - Attr not supported : Dmpu
2024-10-08 09:23:12,803 [ERROR] ConditionMgr:805 - Attr not supported : Dmpu
2024-10-08 09:23:12,803 [ERROR] ConditionMgr:805 - Attr not supported : Dmpu
2024-10-08 09:23:12,803 [ERROR] ConditionMgr:805 - Attr not supported : Dmpu
2024-10-08 09:23:12,803 [ERROR] ConditionMgr:805 - Attr not supported : Dmpu
2024-10-08 09:23:12,803 [ERROR] ConditionMgr:805 - Attr not supported : Dmpu
2024-10-08 09:23:12,803 [ERROR] ConditionMgr:805 - Attr not supported : Dmpu
2024-10-08 09:23:12,803 [ERROR] ConditionMgr:805 - Attr not supported : Dmpu
2024-10-08 09:23:12,803 [ERROR] ConditionMgr:805 - Attr not supported : Dmpu
2024-10-08 09:23:12,803 [ERROR] ConditionMgr:805 - Attr not supported : Dmpu
2024-10-08 09:23:12,803 [ERROR] ConditionMgr:805 - Attr not supported : Dmpu
2024-10-08 09:23:12,803 [ERROR] ConditionMgr:805 - Attr not supported : Dmpu
2024-10-08 09:23:12,803 [ERROR] ConditionMgr:805 - Attr not supported : Dmpu
2024-10-08 09:23:12,804 [ERROR] ConditionMgr:805 - Attr not supported : Dmpu
2024-10-08 09:23:12,804 [ERROR] ConditionMgr:805 - Attr not supported : Dmpu
2024-10-08 09:23:12,804 [ERROR] ConditionMgr:805 - Attr not supported : Dmpu
2024-10-08 09:23:12,804 [ERROR] ConditionMgr:805 - Attr not supported : Dmpu
2024-10-08 09:23:12,804 [ERROR] ConditionMgr:805 - Attr not supported : Dmpu
2024-10-08 09:23:12,804 [ERROR] ConditionMgr:805 - Attr not supported : Dmpu
2024-10-08 09:23:12,804 [ERROR] ConditionMgr:805 - Attr not supported : Dmpu
2024-10-08 09:23:12,804 [ERROR] ConditionMgr:805 - Attr not supported : Dmpu
2024-10-08 09:23:12,804 [ERROR] ConditionMgr:805 - Attr not supported : Dmpu
2024-10-08 09:23:12,804 [ERROR] ConditionMgr:805 - Attr not supported : Dmpu
2024-10-08 09:23:12,804 [ERROR] ConditionMgr:805 - Attr not supported : Dmpu
2024-10-08 09:23:12,804 [ERROR] ConditionMgr:805 - Attr not supported : Dmpu
2024-10-08 09:23:12,805 [ERROR] ConditionMgr:805 - Attr not supported : Dmpu
2024-10-08 09:23:12,805 [ERROR] ConditionMgr:805 - Attr not supported : Dmpu
2024-10-08 09:23:12,805 [ERROR] ConditionMgr:805 - Attr not supported : Dmpu
2024-10-08 09:23:12,805 [ERROR] ConditionMgr:805 - Attr not supported : Dmpu
2024-10-08 09:23:12,805 [ERROR] ConditionMgr:805 - Attr not supported : Dmpu
2024-10-08 09:23:12,805 [ERROR] ConditionMgr:805 - Attr not supported : Dmpu
2024-10-08 09:23:12,805 [ERROR] ConditionMgr:805 - Attr not supported : Dmpu
2024-10-08 09:23:12,805 [ERROR] ConditionMgr:805 - Attr not supported : Dmpu
2024-10-08 09:23:12,805 [ERROR] ConditionMgr:805 - Attr not supported : Dmpu
2024-10-08 09:23:12,805 [ERROR] ConditionMgr:805 - Attr not supported : Dmpu
2024-10-08 09:23:12,810 [WARN] PackLoader:240 - Cannot read IP mode file for RealThread.X-CUBE-RT-Thread_Nano.4.1.1
2024-10-08 09:23:12,813 [WARN] PackLoader:240 - Cannot read IP mode file for STMicroelectronics.FP-ATR-SIGFOX1.3.2.0
2024-10-08 09:23:12,816 [WARN] PackLoader:240 - Cannot read IP mode file for wolfSSL.I-CUBE-wolfSSL.5.7.2
2024-10-08 09:23:12,837 [WARN] PackLoader:240 - Cannot read IP mode file for STMicroelectronics.X-CUBE-EEPRMA1.5.1.0
2024-10-08 09:23:12,844 [WARN] PackLoader:240 - Cannot read IP mode file for ITTIA_DB.I-CUBE-ITTIADB.8.9.0
2024-10-08 09:23:12,877 [WARN] PackLoader:240 - Cannot read IP mode file for SEGGER.I-CUBE-embOS.1.3.1
2024-10-08 09:23:12,940 [WARN] PackLoader:240 - Cannot read IP mode file for STMicroelectronics.X-CUBE-ALGOBUILD.1.4.0
2024-10-08 09:23:12,943 [WARN] PackLoader:240 - Cannot read IP mode file for STMicroelectronics.X-CUBE-AI.9.1.0
2024-10-08 09:23:12,946 [WARN] PackLoader:240 - Cannot read IP mode file for STMicroelectronics.X-CUBE-GNSS1.6.0.0
2024-10-08 09:23:12,960 [WARN] PackLoader:240 - Cannot read IP mode file for STMicroelectronics.X-CUBE-AZRTOS-F4.1.1.0
2024-10-08 09:23:12,966 [WARN] PackLoader:240 - Cannot read IP mode file for STMicroelectronics.X-CUBE-ISPU.2.1.0
2024-10-08 09:23:12,970 [WARN] PackLoader:240 - Cannot read IP mode file for STMicroelectronics.X-CUBE-FREERTOS.1.2.0
2024-10-08 09:23:12,996 [WARN] PackLoader:240 - Cannot read IP mode file for STMicroelectronics.X-CUBE-AZRTOS-L5.2.0.0
2024-10-08 09:23:13,003 [WARN] PackLoader:240 - Cannot read IP mode file for STMicroelectronics.X-CUBE-NFC6.3.1.0
2024-10-08 09:23:13,010 [WARN] PackLoader:240 - Cannot read IP mode file for STMicroelectronics.X-CUBE-DPower.1.2.0
2024-10-08 09:23:13,013 [WARN] PackLoader:240 - Cannot read IP mode file for STMicroelectronics.X-CUBE-AI.9.0.0
2024-10-08 09:23:13,017 [WARN] PackLoader:240 - Cannot read IP mode file for STMicroelectronics.X-CUBE-NFC7.1.0.1
2024-10-08 09:23:13,053 [WARN] ConditionMgr:438 - getConditionDescription Invalid condition id : LAN8742 Phy interface Condition cause : null
2024-10-08 09:23:13,054 [WARN] PackLoader:240 - Cannot read IP mode file for STMicroelectronics.X-CUBE-AZRTOS-L4.2.0.0
2024-10-08 09:23:13,054 [WARN] ConditionMgr:1039 - genDependencies : Invalid condition id : LAN8742 Phy interface Condition cause : null
2024-10-08 09:23:13,055 [WARN] ConditionMgr:1039 - genDependencies : Invalid condition id : LAN8742 Phy interface Condition cause : null
2024-10-08 09:23:13,055 [WARN] ConditionMgr:1039 - genDependencies : Invalid condition id : LAN8742 Phy interface Condition cause : null
2024-10-08 09:23:13,060 [WARN] PackLoader:240 - Cannot read IP mode file for STMicroelectronics.X-CUBE-SFXS2LP1.4.0.0
2024-10-08 09:23:13,098 [WARN] PackLoader:240 - Cannot read IP mode file for STMicroelectronics.X-CUBE-AZRTOS-H7.3.3.0
2024-10-08 09:23:13,111 [WARN] PackLoader:240 - Cannot read IP mode file for STMicroelectronics.X-CUBE-IPS.3.0.0
2024-10-08 09:23:13,145 [WARN] ConditionMgr:438 - getConditionDescription Invalid condition id : UX DEVICE CLASS RTOS Condition cause : null
2024-10-08 09:23:13,145 [WARN] ConditionMgr:438 - getConditionDescription Invalid condition id : UX DEVICE CLASS RTOS Condition cause : null
2024-10-08 09:23:13,147 [WARN] PackLoader:240 - Cannot read IP mode file for STMicroelectronics.X-CUBE-AZRTOS-WB.2.0.0
2024-10-08 09:23:13,147 [WARN] ConditionMgr:1039 - genDependencies : Invalid condition id : UX DEVICE CLASS RTOS Condition cause : null
2024-10-08 09:23:13,147 [WARN] ConditionMgr:1039 - genDependencies : Invalid condition id : UX DEVICE CLASS RTOS Condition cause : null
2024-10-08 09:23:13,148 [WARN] ConditionMgr:1039 - genDependencies : Invalid condition id : UX DEVICE CLASS RTOS Condition cause : null
2024-10-08 09:23:13,148 [WARN] ConditionMgr:1039 - genDependencies : Invalid condition id : UX DEVICE CLASS RTOS Condition cause : null
2024-10-08 09:23:13,148 [WARN] ConditionMgr:1039 - genDependencies : Invalid condition id : UX DEVICE CLASS RTOS Condition cause : null
2024-10-08 09:23:13,154 [WARN] PackLoader:240 - Cannot read IP mode file for STMicroelectronics.FP-SNS-STBOX1.2.0.0
2024-10-08 09:23:13,165 [WARN] PackLoader:240 - Cannot read IP mode file for STMicroelectronics.X-CUBE-SUBG2.5.0.0
2024-10-08 09:23:13,190 [WARN] PackLoader:240 - Cannot read IP mode file for Cesanta.I-CUBE-Mongoose.7.13.0
2024-10-08 09:23:13,201 [WARN] PackLoader:240 - Cannot read IP mode file for STMicroelectronics.X-CUBE-AZRTOS-G4.2.0.0
2024-10-08 09:23:13,205 [WARN] PackLoader:240 - Cannot read IP mode file for STMicroelectronics.X-CUBE-ISPU.2.0.0
2024-10-08 09:23:13,208 [WARN] PackLoader:240 - Cannot read IP mode file for STMicroelectronics.X-CUBE-ALS.1.0.2
2024-10-08 09:23:13,211 [WARN] PackLoader:240 - Cannot read IP mode file for STMicroelectronics.X-CUBE-TOUCHGFX.4.24.0
2024-10-08 09:23:13,213 [WARN] PackLoader:240 - Cannot read IP mode file for STMicroelectronics.X-CUBE-TOUCHGFX.4.24.1
2024-10-08 09:23:13,215 [WARN] PackLoader:240 - Cannot read IP mode file for wolfSSL.I-CUBE-wolfTPM.3.4.0
2024-10-08 09:23:13,218 [WARN] PackLoader:240 - Cannot read IP mode file for portGmbH.I-Cube-SoM-uGOAL.1.1.0
2024-10-08 09:23:13,259 [WARN] PackLoader:240 - Cannot read IP mode file for STMicroelectronics.X-CUBE-AZRTOS-H7RS.1.0.0
2024-10-08 09:23:13,263 [WARN] PackLoader:240 - Cannot read IP mode file for STMicroelectronics.FP-ATR-ASTRA1.2.0.0
2024-10-08 09:23:13,309 [WARN] PackLoader:240 - Cannot read IP mode file for STMicroelectronics.X-CUBE-TOF1.3.4.2
2024-10-08 09:23:13,427 [WARN] PackLoader:240 - Cannot read IP mode file for Infineon.AIROC-Wi-Fi-Bluetooth-STM32.1.6.1
2024-10-08 09:23:13,513 [WARN] PackLoader:240 - Cannot read IP mode file for wolfSSL.I-CUBE-wolfSSH.1.4.17
2024-10-08 09:23:13,548 [INFO] ThirdParty:978 - Integrity check success = true
2024-10-08 09:23:13,567 [INFO] IntegrityCheckThread:100 - exiting critical section [integrity check]
2024-10-08 09:23:13,586 [INFO] IntegrityCheckThread:103 - End integrity checks thread
