2025-02-10 17:13:49,970 [ERROR] LogOutputStream:75 - [STDERR_REDIRECT] Exception in thread "AWT-EventQueue-0" java.awt.IllegalComponentStateException: Native resources unavailable
2025-02-10 17:13:49,984 [ERROR] LogOutputStream:75 - [STDERR_REDIRECT] 	at java.desktop/sun.awt.windows.WWindowPeer.getScreenImOn(Native Method)
2025-02-10 17:13:49,985 [ERROR] LogOutputStream:75 - [STDERR_REDIRECT] 	at java.desktop/sun.awt.windows.WWindowPeer.updateGC(WWindowPeer.java:566)
2025-02-10 17:13:49,986 [ERROR] LogOutputStream:75 - [STDERR_REDIRECT] 	at java.desktop/java.awt.event.InvocationEvent.dispatch(InvocationEvent.java:318)
2025-02-10 17:13:49,987 [ERROR] LogOutputStream:75 - [STDERR_REDIRECT] 	at java.desktop/java.awt.EventQueue.dispatchEventImpl(EventQueue.java:773)
2025-02-10 17:13:49,988 [ERROR] LogOutputStream:75 - [STDERR_REDIRECT] 	at java.desktop/java.awt.EventQueue$4.run(EventQueue.java:720)
2025-02-10 17:13:49,988 [ERROR] LogOutputStream:75 - [STDERR_REDIRECT] 	at java.desktop/java.awt.EventQueue$4.run(EventQueue.java:714)
2025-02-10 17:13:49,989 [ERROR] LogOutputStream:75 - [STDERR_REDIRECT] 	at java.base/java.security.AccessController.doPrivileged(AccessController.java:399)
2025-02-10 17:13:49,991 [ERROR] LogOutputStream:75 - [STDERR_REDIRECT] 	at java.base/java.security.ProtectionDomain$JavaSecurityAccessImpl.doIntersectionPrivilege(ProtectionDomain.java:86)
2025-02-10 17:13:49,993 [ERROR] LogOutputStream:75 - [STDERR_REDIRECT] 	at java.base/java.security.ProtectionDomain$JavaSecurityAccessImpl.doIntersectionPrivilege(ProtectionDomain.java:97)
2025-02-10 17:13:49,994 [ERROR] LogOutputStream:75 - [STDERR_REDIRECT] 	at java.desktop/java.awt.EventQueue$5.run(EventQueue.java:747)
2025-02-10 17:13:49,995 [ERROR] LogOutputStream:75 - [STDERR_REDIRECT] 	at java.desktop/java.awt.EventQueue$5.run(EventQueue.java:745)
2025-02-10 17:13:49,996 [ERROR] LogOutputStream:75 - [STDERR_REDIRECT] 	at java.base/java.security.AccessController.doPrivileged(AccessController.java:399)
2025-02-10 17:13:49,997 [ERROR] LogOutputStream:75 - [STDERR_REDIRECT] 	at java.base/java.security.ProtectionDomain$JavaSecurityAccessImpl.doIntersectionPrivilege(ProtectionDomain.java:86)
2025-02-10 17:13:49,998 [ERROR] LogOutputStream:75 - [STDERR_REDIRECT] 	at java.desktop/java.awt.EventQueue.dispatchEvent(EventQueue.java:744)
2025-02-10 17:13:49,999 [ERROR] LogOutputStream:75 - [STDERR_REDIRECT] 	at java.desktop/java.awt.EventDispatchThread.pumpOneEventForFilters(EventDispatchThread.java:203)
2025-02-10 17:13:50,000 [ERROR] LogOutputStream:75 - [STDERR_REDIRECT] 	at java.desktop/java.awt.EventDispatchThread.pumpEventsForFilter(EventDispatchThread.java:124)
2025-02-10 17:13:50,001 [ERROR] LogOutputStream:75 - [STDERR_REDIRECT] 	at java.desktop/java.awt.EventDispatchThread.pumpEventsForHierarchy(EventDispatchThread.java:113)
2025-02-10 17:13:50,002 [ERROR] LogOutputStream:75 - [STDERR_REDIRECT] 	at java.desktop/java.awt.EventDispatchThread.pumpEvents(EventDispatchThread.java:109)
2025-02-10 17:13:50,003 [ERROR] LogOutputStream:75 - [STDERR_REDIRECT] 	at java.desktop/java.awt.EventDispatchThread.pumpEvents(EventDispatchThread.java:101)
2025-02-10 17:13:50,004 [ERROR] LogOutputStream:75 - [STDERR_REDIRECT] 	at java.desktop/java.awt.EventDispatchThread.run(EventDispatchThread.java:90)
2025-02-10 17:13:50,023 [INFO] MainUpdater:2873 - connection check result : 10
2025-02-10 17:13:50,023 [INFO] MainUpdater:2873 - connection check result : 10
2025-02-10 17:13:50,091 [INFO] MicroXplorer:468 - Change Database Path : 
2025-02-10 17:13:50,091 [INFO] MicroXplorer:498 - Change Database Version : DB.6.0.120
2025-02-10 17:13:50,096 [ERROR] ProjectManagerView:394 - 
java.lang.NullPointerException: Cannot invoke "javax.swing.JTextField.getText()" because the return value of "java.util.List.get(int)" is null
	at com.st.microxplorer.plugins.projectmanager.gui.ProjectChoiceTab$10.caretUpdate(ProjectChoiceTab.java:2622) ~[filemanager.jar:?]
	at javax.swing.text.JTextComponent.fireCaretUpdate(JTextComponent.java:412) ~[?:?]
	at javax.swing.text.JTextComponent$MutableCaretEvent.fire(JTextComponent.java:4491) ~[?:?]
	at javax.swing.text.JTextComponent$MutableCaretEvent.stateChanged(JTextComponent.java:4513) ~[?:?]
	at javax.swing.text.DefaultCaret.fireStateChanged(DefaultCaret.java:842) ~[?:?]
	at javax.swing.text.DefaultCaret.changeCaretPosition(DefaultCaret.java:1313) ~[?:?]
	at javax.swing.text.DefaultCaret.handleSetDot(DefaultCaret.java:1212) ~[?:?]
	at javax.swing.text.DefaultCaret.setDot(DefaultCaret.java:1193) ~[?:?]
	at javax.swing.text.DefaultCaret$Handler.insertUpdate(DefaultCaret.java:1789) ~[?:?]
	at javax.swing.text.AbstractDocument.fireInsertUpdate(AbstractDocument.java:226) ~[?:?]
	at javax.swing.text.AbstractDocument.handleInsertString(AbstractDocument.java:780) ~[?:?]
	at javax.swing.text.AbstractDocument.insertString(AbstractDocument.java:739) ~[?:?]
	at javax.swing.text.PlainDocument.insertString(PlainDocument.java:131) ~[?:?]
	at javax.swing.text.AbstractDocument.replace(AbstractDocument.java:698) ~[?:?]
	at javax.swing.text.JTextComponent.setText(JTextComponent.java:1729) ~[?:?]
	at com.st.microxplorer.plugins.projectmanager.gui.ProjectChoiceTab.createHeapStackFields(ProjectChoiceTab.java:972) ~[filemanager.jar:?]
	at com.st.microxplorer.plugins.projectmanager.gui.ProjectChoiceTab.buildLinkSettingsPanel(ProjectChoiceTab.java:3597) ~[filemanager.jar:?]
	at com.st.microxplorer.plugins.projectmanager.gui.ProjectChoiceTab.defineWindowsFields(ProjectChoiceTab.java:1940) ~[filemanager.jar:?]
	at com.st.microxplorer.plugins.projectmanager.gui.ProjectChoiceTab.updateSettings(ProjectChoiceTab.java:550) ~[filemanager.jar:?]
	at com.st.microxplorer.plugins.projectmanager.gui.ProjectSettingsPanel.UpdateDialog(ProjectSettingsPanel.java:245) ~[filemanager.jar:?]
	at com.st.microxplorer.plugins.projectmanager.ProjectManagerView.propertyChange(ProjectManagerView.java:391) ~[filemanager.jar:?]
	at java.beans.PropertyChangeSupport.fire(PropertyChangeSupport.java:343) ~[?:?]
	at java.beans.PropertyChangeSupport.firePropertyChange(PropertyChangeSupport.java:335) ~[?:?]
	at java.beans.PropertyChangeSupport.firePropertyChange(PropertyChangeSupport.java:268) ~[?:?]
	at com.st.microxplorer.util.MXPropertyChangeSupport.firePropertyChange(MXPropertyChangeSupport.java:54) ~[STM32CubeMX.jar:?]
	at com.st.microxplorer.mxsystem.MxSystem.closeConfig(MxSystem.java:900) ~[STM32CubeMX.jar:?]
	at com.st.microxplorer.maingui.MainPanel.closeConfig(MainPanel.java:781) ~[STM32CubeMX.jar:?]
	at com.st.microxplorer.plugins.filemanager.engine.OpenFileManager.loadConfigurationFile(OpenFileManager.java:265) ~[filemanager.jar:?]
	at com.st.microxplorer.plugins.filemanager.engine.MainFileManager.userLoadConfig(MainFileManager.java:352) ~[filemanager.jar:?]
	at com.st.microxplorer.plugins.filemanager.engine.MainFileManager.userLoadConfig(MainFileManager.java:330) ~[filemanager.jar:?]
	at com.st.microxplorer.plugins.filemanager.FileManagerView.getSpecificTask(FileManagerView.java:246) ~[filemanager.jar:?]
	at com.st.stm32cube.common.mx.editor.CubeMxEditor.getMxTabbedPaneInstance(CubeMxEditor.java:1198) ~[com.st.stm32cube.common.mx_6.12.0.202406281431/:?]
	at com.st.stm32cube.common.mx.editor.CubeMxEditor$12$1.createSwingComponent(CubeMxEditor.java:1068) ~[com.st.stm32cube.common.mx_6.12.0.202406281431/:?]
	at com.st.stm32cube.common.mx.oss.core.awtswtbridge.EmbeddedSwingComposite.doComponentCreation(EmbeddedSwingComposite.java:492) ~[com.st.stm32cube.common.mx.oss_6.12.0.202406281431/:?]
	at com.st.stm32cube.common.mx.oss.core.awtswtbridge.EmbeddedSwingComposite$4.run(EmbeddedSwingComposite.java:291) ~[com.st.stm32cube.common.mx.oss_6.12.0.202406281431/:?]
	at com.st.stm32cube.common.mx.oss.core.awtswtbridge.AwtEnvironment$2.run(AwtEnvironment.java:166) ~[com.st.stm32cube.common.mx.oss_6.12.0.202406281431/:?]
	at java.awt.event.InvocationEvent.dispatch(InvocationEvent.java:318) ~[?:?]
	at java.awt.EventQueue.dispatchEventImpl(EventQueue.java:773) ~[?:?]
	at java.awt.EventQueue$4.run(EventQueue.java:720) ~[?:?]
	at java.awt.EventQueue$4.run(EventQueue.java:714) ~[?:?]
	at java.security.AccessController.doPrivileged(AccessController.java:399) ~[?:?]
	at java.security.ProtectionDomain$JavaSecurityAccessImpl.doIntersectionPrivilege(ProtectionDomain.java:86) ~[?:?]
	at java.awt.EventQueue.dispatchEvent(EventQueue.java:742) ~[?:?]
	at java.awt.EventDispatchThread.pumpOneEventForFilters(EventDispatchThread.java:203) ~[?:?]
	at java.awt.EventDispatchThread.pumpEventsForFilter(EventDispatchThread.java:124) ~[?:?]
	at java.awt.EventDispatchThread.pumpEventsForHierarchy(EventDispatchThread.java:113) ~[?:?]
	at java.awt.EventDispatchThread.pumpEvents(EventDispatchThread.java:109) ~[?:?]
	at java.awt.EventDispatchThread.pumpEvents(EventDispatchThread.java:101) ~[?:?]
	at java.awt.EventDispatchThread.run(EventDispatchThread.java:90) ~[?:?]
2025-02-10 17:13:50,097 [WARN] ThirdParty:871 - waiting for thirdparty lock release [close project]
2025-02-10 17:13:50,097 [INFO] ThirdParty:873 - entering critical section [close project]
2025-02-10 17:13:50,097 [INFO] ThirdParty:883 - exiting critical section [close project]
2025-02-10 17:13:50,098 [INFO] PinOutPanel:1561 - setPackage(No Configuration,No Configuration)
2025-02-10 17:13:50,102 [WARN] IpParametersView:151 - Warning: This peripheral hasn't parameters
2025-02-10 17:13:50,106 [WARN] MainPanel:284 - <html><b><center>Warning: This peripheral has no parameters to be configured<br></b></html>
2025-02-10 17:13:50,109 [INFO] UtilMem:75 - Begin LoadConfig() Used Memory: 762234536 Bytes (1073741824)
2025-02-10 17:13:50,109 [INFO] MicroXplorer:468 - Change Database Path : 
2025-02-10 17:13:50,109 [INFO] MicroXplorer:498 - Change Database Version : DB.6.0.120
2025-02-10 17:13:50,110 [INFO] OpenFileManager:332 - Change cursor
2025-02-10 17:13:50,124 [INFO] Mcu:2032 - Initializing MCU STM32F412R(E-G)Tx STM32F412RETx STM32F412RET6
2025-02-10 17:13:50,920 [INFO] Context:742 - Trying to add GPIOservice into a context  which must be forbidden
2025-02-10 17:13:51,172 [INFO] RtosManager:555 - Registered RTOS mode: class=CMSIS, group=RTOS, mode=CMSIS_V1, owner=FREERTOS
2025-02-10 17:13:51,172 [INFO] RtosManager:555 - Registered RTOS mode: class=CMSIS, group=RTOS2, mode=CMSIS_V2, owner=FREERTOS
2025-02-10 17:13:51,172 [INFO] RtosManager:555 - Registered RTOS mode: class=RTOS, group=Core, mode=CMSIS_V1, owner=FREERTOS
2025-02-10 17:13:51,172 [INFO] RtosManager:555 - Registered RTOS mode: class=RTOS, group=Core, mode=CMSIS_V2, owner=FREERTOS
2025-02-10 17:13:51,172 [WARN] ModelIntegratedComponent:184 - Missing modes for component STMicroelectronics:FreeRTOS:0.0.1:STMicroelectronics:RTOS:FreeRTOS:Core:::10.2.0:
2025-02-10 17:13:51,174 [WARN] ModelIntegratedComponent:182 - Modes not found for component STMicroelectronics:USB_HOST:1.0.0:STMicroelectronics:USB::USB Host:Audio HS::1.0:USB_HOST_1_0_RESTRICTED_HS
2025-02-10 17:13:51,174 [WARN] ModelIntegratedComponent:188 - Modes not found for component STMicroelectronics:USB_HOST:1.0.0:STMicroelectronics:USB::USB Host:Audio HS::1.0:USB_HOST_1_0_RESTRICTED_HS
2025-02-10 17:13:51,174 [WARN] ModelIntegratedComponent:182 - Modes not found for component STMicroelectronics:USB_HOST:1.0.0:STMicroelectronics:USB::USB Host:CDC HS::1.0:USB_HOST_1_0_RESTRICTED_HS
2025-02-10 17:13:51,174 [WARN] ModelIntegratedComponent:188 - Modes not found for component STMicroelectronics:USB_HOST:1.0.0:STMicroelectronics:USB::USB Host:CDC HS::1.0:USB_HOST_1_0_RESTRICTED_HS
2025-02-10 17:13:51,174 [WARN] ModelIntegratedComponent:182 - Modes not found for component STMicroelectronics:USB_HOST:1.0.0:STMicroelectronics:USB::USB Host:MSC HS::1.0:USB_HOST_1_0_RESTRICTED_HS
2025-02-10 17:13:51,174 [WARN] ModelIntegratedComponent:188 - Modes not found for component STMicroelectronics:USB_HOST:1.0.0:STMicroelectronics:USB::USB Host:MSC HS::1.0:USB_HOST_1_0_RESTRICTED_HS
2025-02-10 17:13:51,174 [WARN] ModelIntegratedComponent:182 - Modes not found for component STMicroelectronics:USB_HOST:1.0.0:STMicroelectronics:USB::USB Host:HID HS::1.0:USB_HOST_1_0_RESTRICTED_HS
2025-02-10 17:13:51,174 [WARN] ModelIntegratedComponent:188 - Modes not found for component STMicroelectronics:USB_HOST:1.0.0:STMicroelectronics:USB::USB Host:HID HS::1.0:USB_HOST_1_0_RESTRICTED_HS
2025-02-10 17:13:51,174 [WARN] ModelIntegratedComponent:182 - Modes not found for component STMicroelectronics:USB_HOST:1.0.0:STMicroelectronics:USB::USB Host:MTP HS::1.0:USB_HOST_1_0_RESTRICTED_HS
2025-02-10 17:13:51,174 [WARN] ModelIntegratedComponent:188 - Modes not found for component STMicroelectronics:USB_HOST:1.0.0:STMicroelectronics:USB::USB Host:MTP HS::1.0:USB_HOST_1_0_RESTRICTED_HS
2025-02-10 17:13:51,176 [WARN] ModelIntegratedComponent:63 - No mode defined for component null
2025-02-10 17:13:51,176 [WARN] ModelIntegratedComponent:63 - No mode defined for component null
2025-02-10 17:13:51,176 [WARN] ModelIntegratedComponent:63 - No mode defined for component null
2025-02-10 17:13:51,176 [WARN] ModelIntegratedComponent:63 - No mode defined for component null
2025-02-10 17:13:51,176 [WARN] ModelIntegratedComponent:63 - No mode defined for component null
2025-02-10 17:13:51,176 [WARN] ModelIntegratedComponent:63 - No mode defined for component null
2025-02-10 17:13:51,176 [WARN] ModelIntegratedComponent:63 - No mode defined for component null
2025-02-10 17:13:51,177 [WARN] ModelIntegratedComponent:63 - No mode defined for component null
2025-02-10 17:13:51,177 [WARN] ModelIntegratedComponent:63 - No mode defined for component null
2025-02-10 17:13:51,177 [WARN] ModelIntegratedComponent:63 - No mode defined for component null
2025-02-10 17:13:51,177 [WARN] ModelIntegratedComponent:63 - No mode defined for component null
2025-02-10 17:13:51,177 [WARN] ModelIntegratedComponent:63 - No mode defined for component null
2025-02-10 17:13:51,177 [WARN] ModelIntegratedComponent:63 - No mode defined for component null
2025-02-10 17:13:51,177 [WARN] ModelIntegratedComponent:63 - No mode defined for component null
2025-02-10 17:13:51,177 [WARN] ModelIntegratedComponent:63 - No mode defined for component null
2025-02-10 17:13:51,177 [WARN] ModelIntegratedComponent:63 - No mode defined for component null
2025-02-10 17:13:51,177 [WARN] ModelIntegratedComponent:63 - No mode defined for component null
2025-02-10 17:13:51,177 [WARN] ModelIntegratedComponent:63 - No mode defined for component null
2025-02-10 17:13:51,177 [WARN] ModelIntegratedComponent:63 - No mode defined for component null
2025-02-10 17:13:51,177 [WARN] ModelIntegratedComponent:63 - No mode defined for component null
2025-02-10 17:13:51,177 [WARN] ModelIntegratedComponent:63 - No mode defined for component null
2025-02-10 17:13:51,177 [WARN] ModelIntegratedComponent:63 - No mode defined for component null
2025-02-10 17:13:51,177 [WARN] ModelIntegratedComponent:63 - No mode defined for component null
2025-02-10 17:13:51,177 [WARN] ModelIntegratedComponent:63 - No mode defined for component null
2025-02-10 17:13:51,177 [WARN] ModelIntegratedComponent:63 - No mode defined for component null
2025-02-10 17:13:51,177 [WARN] ModelIntegratedComponent:63 - No mode defined for component null
2025-02-10 17:13:51,177 [WARN] ModelIntegratedComponent:63 - No mode defined for component null
2025-02-10 17:13:51,177 [WARN] ModelIntegratedComponent:63 - No mode defined for component null
2025-02-10 17:13:51,177 [WARN] ModelIntegratedComponent:63 - No mode defined for component null
2025-02-10 17:13:51,177 [WARN] ModelIntegratedComponent:63 - No mode defined for component null
2025-02-10 17:13:51,177 [WARN] ModelIntegratedComponent:63 - No mode defined for component null
2025-02-10 17:13:51,177 [WARN] ModelIntegratedComponent:63 - No mode defined for component null
2025-02-10 17:13:51,177 [WARN] ModelIntegratedComponent:63 - No mode defined for component null
2025-02-10 17:13:51,177 [WARN] ModelIntegratedComponent:63 - No mode defined for component null
2025-02-10 17:13:51,177 [WARN] ModelIntegratedComponent:63 - No mode defined for component null
2025-02-10 17:13:51,177 [WARN] ModelPack:524 - Component already loaded: STMicroelectronics:HAL Drivers:0.0.0:STMicroelectronics:Device:STMicro_Driver:XSPI:HAL::0.0.1:HAL_XSPI
2025-02-10 17:13:51,215 [WARN] ModelIntegratedComponent:182 - Modes not found for component STMicroelectronics:USB_DEVICE:1.0.0:STMicroelectronics:USB::USB Device:Audio HS::1.0:USB_DEVICE_1_0_RESTRICTED_HS
2025-02-10 17:13:51,215 [WARN] ModelIntegratedComponent:188 - Modes not found for component STMicroelectronics:USB_DEVICE:1.0.0:STMicroelectronics:USB::USB Device:Audio HS::1.0:USB_DEVICE_1_0_RESTRICTED_HS
2025-02-10 17:13:51,215 [WARN] ModelIntegratedComponent:182 - Modes not found for component STMicroelectronics:USB_DEVICE:1.0.0:STMicroelectronics:USB::USB Device:CDC HS::1.0:USB_DEVICE_1_0_RESTRICTED_HS
2025-02-10 17:13:51,215 [WARN] ModelIntegratedComponent:188 - Modes not found for component STMicroelectronics:USB_DEVICE:1.0.0:STMicroelectronics:USB::USB Device:CDC HS::1.0:USB_DEVICE_1_0_RESTRICTED_HS
2025-02-10 17:13:51,215 [WARN] ModelIntegratedComponent:182 - Modes not found for component STMicroelectronics:USB_DEVICE:1.0.0:STMicroelectronics:USB::USB Device:DFU HS::1.0:USB_DEVICE_1_0_RESTRICTED_HS
2025-02-10 17:13:51,215 [WARN] ModelIntegratedComponent:188 - Modes not found for component STMicroelectronics:USB_DEVICE:1.0.0:STMicroelectronics:USB::USB Device:DFU HS::1.0:USB_DEVICE_1_0_RESTRICTED_HS
2025-02-10 17:13:51,215 [WARN] ModelIntegratedComponent:182 - Modes not found for component STMicroelectronics:USB_DEVICE:1.0.0:STMicroelectronics:USB::USB Device:HID HS::1.0:USB_DEVICE_1_0_RESTRICTED_HS
2025-02-10 17:13:51,215 [WARN] ModelIntegratedComponent:188 - Modes not found for component STMicroelectronics:USB_DEVICE:1.0.0:STMicroelectronics:USB::USB Device:HID HS::1.0:USB_DEVICE_1_0_RESTRICTED_HS
2025-02-10 17:13:51,216 [WARN] ModelIntegratedComponent:182 - Modes not found for component STMicroelectronics:USB_DEVICE:1.0.0:STMicroelectronics:USB::USB Device:Custom HID HS::1.0:USB_DEVICE_1_0_RESTRICTED_HS
2025-02-10 17:13:51,216 [WARN] ModelIntegratedComponent:188 - Modes not found for component STMicroelectronics:USB_DEVICE:1.0.0:STMicroelectronics:USB::USB Device:Custom HID HS::1.0:USB_DEVICE_1_0_RESTRICTED_HS
2025-02-10 17:13:51,216 [WARN] ModelIntegratedComponent:182 - Modes not found for component STMicroelectronics:USB_DEVICE:1.0.0:STMicroelectronics:USB::USB Device:MSC HS::1.0:USB_DEVICE_1_0_RESTRICTED_HS
2025-02-10 17:13:51,216 [WARN] ModelIntegratedComponent:188 - Modes not found for component STMicroelectronics:USB_DEVICE:1.0.0:STMicroelectronics:USB::USB Device:MSC HS::1.0:USB_DEVICE_1_0_RESTRICTED_HS
2025-02-10 17:13:51,223 [INFO] ThirdPartyModel:298 - Start build external matchings
2025-02-10 17:13:51,569 [INFO] ThirdPartyModel:316 - End build external matchings
2025-02-10 17:13:51,584 [INFO] ImportTextPane:205 - (OptionalMessage_ERROR) IP (RCC) : Invalid parameter (FamilyName)
2025-02-10 17:13:51,584 [INFO] ImportTextPane:205 - (OptionalMessage_ERROR) IP (RCC) : Parameter (RNGFreq_Value) has invalid value (192000000)
2025-02-10 17:13:51,584 [INFO] ImportTextPane:205 - (OptionalMessage_ERROR) IP (RCC) : Parameter (SDIOFreq_Value) has invalid value (192000000)
2025-02-10 17:13:51,584 [INFO] ImportTextPane:205 - (OptionalMessage_ERROR) IP (RCC) : Parameter (USBFreq_Value) has invalid value (192000000)
2025-02-10 17:13:51,786 [INFO] UtilMem:75 - End LoadConfig() Used Memory: 741099968 Bytes (1073741824)
2025-02-10 17:13:51,828 [WARN] ThirdParty:833 - waiting for thirdparty lock release [change project]
2025-02-10 17:13:51,828 [INFO] ThirdParty:835 - entering critical section [change project]
2025-02-10 17:13:51,829 [INFO] ThirdParty:1030 - CMSIS Pack Vendor :STMicroelectronics USBPD 4.1
2025-02-10 17:13:51,829 [INFO] ThirdParty:1030 - CMSIS Pack Vendor :STMicroelectronics X-CUBE-AZRTOS-H7 3.3.0
2025-02-10 17:13:51,829 [INFO] ThirdParty:1030 - CMSIS Pack Vendor :STMicroelectronics X-CUBE-NFC9 1.0.0
2025-02-10 17:13:51,829 [INFO] ThirdParty:1030 - CMSIS Pack Vendor :STMicroelectronics X-CUBE-GNSS1 6.0.0
2025-02-10 17:13:51,829 [INFO] ThirdParty:1030 - CMSIS Pack Vendor :STMicroelectronics USB_HOST 2.0.0
2025-02-10 17:13:51,829 [INFO] ThirdParty:1030 - CMSIS Pack Vendor :STMicroelectronics FP-SNS-MOTENVWB1 1.4.0
2025-02-10 17:13:51,829 [INFO] ThirdParty:1030 - CMSIS Pack Vendor :STMicroelectronics X-CUBE-AZRTOS-F4 1.1.0
2025-02-10 17:13:51,829 [INFO] ThirdParty:1030 - CMSIS Pack Vendor :STMicroelectronics LIBJPEG 8.0.0
2025-02-10 17:13:51,829 [INFO] ThirdParty:1030 - CMSIS Pack Vendor :STMicroelectronics FP-ATR-ASTRA1 2.0.1
2025-02-10 17:13:51,829 [INFO] ThirdParty:1030 - CMSIS Pack Vendor :STMicroelectronics X-CUBE-SMBUS 2.1.0
2025-02-10 17:13:51,829 [INFO] ThirdParty:1030 - CMSIS Pack Vendor :STMicroelectronics X-CUBE-WB05N 1.1.0
2025-02-10 17:13:51,829 [INFO] ThirdParty:1030 - CMSIS Pack Vendor :STMicroelectronics USB_DEVICE 3.0.0
2025-02-10 17:13:51,829 [INFO] ThirdParty:1030 - CMSIS Pack Vendor :STMicroelectronics X-CUBE-TCPP 4.1.0
2025-02-10 17:13:51,829 [INFO] ThirdParty:1030 - CMSIS Pack Vendor :STMicroelectronics X-CUBE-ISPU 2.1.0
2025-02-10 17:13:51,829 [INFO] ThirdParty:1030 - CMSIS Pack Vendor :STMicroelectronics X-CUBE-FREERTOS 1.2.0
2025-02-10 17:13:51,829 [INFO] ThirdParty:1030 - CMSIS Pack Vendor :STMicroelectronics X-CUBE-IPS 3.0.0
2025-02-10 17:13:51,829 [INFO] ThirdParty:1030 - CMSIS Pack Vendor :STMicroelectronics X-CUBE-AZRTOS-WB 2.0.0
2025-02-10 17:13:51,829 [INFO] ThirdParty:1030 - CMSIS Pack Vendor :STMicroelectronics X-CUBE-GNSS1 7.0.0
2025-02-10 17:13:51,829 [INFO] ThirdParty:1030 - CMSIS Pack Vendor :STMicroelectronics X-CUBE-GNSS1 7.0.1
2025-02-10 17:13:51,829 [INFO] ThirdParty:1030 - CMSIS Pack Vendor :STMicroelectronics X-CUBE-AZRTOS-F7 1.1.0
2025-02-10 17:13:51,829 [INFO] ThirdParty:1030 - CMSIS Pack Vendor :STMicroelectronics X-CUBE-AZRTOS-L5 2.0.0
2025-02-10 17:13:51,829 [INFO] ThirdParty:1030 - CMSIS Pack Vendor :STMicroelectronics USB_DEVICE 2.0.0
2025-02-10 17:13:51,829 [INFO] ThirdParty:1030 - CMSIS Pack Vendor :STMicroelectronics X-CUBE-NFC6 3.1.0
2025-02-10 17:13:51,829 [INFO] ThirdParty:1030 - CMSIS Pack Vendor :STMicroelectronics FP-SNS-STBOX1 2.0.0
2025-02-10 17:13:51,829 [INFO] ThirdParty:1030 - CMSIS Pack Vendor :STMicroelectronics X-CUBE-MEMS1 11.0.0
2025-02-10 17:13:51,829 [INFO] ThirdParty:1030 - CMSIS Pack Vendor :STMicroelectronics FreeRTOS 0.0.1
2025-02-10 17:13:51,829 [INFO] ThirdParty:1030 - CMSIS Pack Vendor :STMicroelectronics X-CUBE-AZRTOS-G0 1.1.0
2025-02-10 17:13:51,829 [INFO] ThirdParty:1030 - CMSIS Pack Vendor :STMicroelectronics X-CUBE-SAFEA1 1.2.2
2025-02-10 17:13:51,829 [INFO] ThirdParty:1030 - CMSIS Pack Vendor :STMicroelectronics X-CUBE-NFC4 3.0.0
2025-02-10 17:13:51,829 [INFO] ThirdParty:1030 - CMSIS Pack Vendor :STMicroelectronics X-CUBE-DPower 1.2.0
2025-02-10 17:13:51,829 [INFO] ThirdParty:1030 - CMSIS Pack Vendor :STMicroelectronics X-CUBE-SUBG2 5.0.0
2025-02-10 17:13:51,829 [INFO] ThirdParty:1030 - CMSIS Pack Vendor :STMicroelectronics STM32_WPAN 1.0.0
2025-02-10 17:13:51,829 [INFO] ThirdParty:1030 - CMSIS Pack Vendor :EmbeddedOffice I-CUBE-FS-RTOS 1.0.1
2025-02-10 17:13:51,829 [INFO] ThirdParty:1030 - CMSIS Pack Vendor :STMicroelectronics lwIP 2.0.3
2025-02-10 17:13:51,829 [INFO] ThirdParty:1030 - CMSIS Pack Vendor :STMicroelectronics FP-SNS-FLIGHT1 5.0.2
2025-02-10 17:13:51,829 [INFO] ThirdParty:1030 - CMSIS Pack Vendor :Cesanta I-CUBE-Mongoose 7.13.0
2025-02-10 17:13:51,829 [INFO] ThirdParty:1030 - CMSIS Pack Vendor :STMicroelectronics USB_HOST 1.0.0
2025-02-10 17:13:51,829 [INFO] ThirdParty:1030 - CMSIS Pack Vendor :STMicroelectronics X-CUBE-AI 9.0.0
2025-02-10 17:13:51,829 [INFO] ThirdParty:1030 - CMSIS Pack Vendor :STMicroelectronics X-CUBE-AZRTOS-G4 2.0.0
2025-02-10 17:13:51,829 [INFO] ThirdParty:1030 - CMSIS Pack Vendor :STMicroelectronics PDM2PCM 3.1.0
2025-02-10 17:13:51,829 [INFO] ThirdParty:1030 - CMSIS Pack Vendor :STMicroelectronics PDM2PCM 3.3.0
2025-02-10 17:13:51,829 [INFO] ThirdParty:1030 - CMSIS Pack Vendor :STMicroelectronics X-CUBE-DISPLAY 3.0.0
2025-02-10 17:13:51,829 [INFO] ThirdParty:1030 - CMSIS Pack Vendor :RealThread X-CUBE-RT-Thread_Nano 4.1.1
2025-02-10 17:13:51,829 [INFO] ThirdParty:1030 - CMSIS Pack Vendor :STMicroelectronics X-CUBE-BLE1 7.0.0
2025-02-10 17:13:51,829 [INFO] ThirdParty:1030 - CMSIS Pack Vendor :STMicroelectronics FP-ATR-SIGFOX1 3.2.0
2025-02-10 17:13:51,829 [INFO] ThirdParty:1030 - CMSIS Pack Vendor :STMicroelectronics X-CUBE-NFC10 1.0.0
2025-02-10 17:13:51,829 [INFO] ThirdParty:1030 - CMSIS Pack Vendor :wolfSSL I-CUBE-wolfSSL 5.7.2
2025-02-10 17:13:51,829 [INFO] ThirdParty:1030 - CMSIS Pack Vendor :quantropi X-CUBE-qispace-sdk-base 1.9.3
2025-02-10 17:13:51,829 [INFO] ThirdParty:1030 - CMSIS Pack Vendor :STMicroelectronics X-CUBE-ISPU 2.0.0
2025-02-10 17:13:51,829 [INFO] ThirdParty:1030 - CMSIS Pack Vendor :STMicroelectronics X-CUBE-BLEMGR 4.0.0
2025-02-10 17:13:51,829 [INFO] ThirdParty:1030 - CMSIS Pack Vendor :STMicroelectronics X-CUBE-EEPRMA1 5.1.0
2025-02-10 17:13:51,829 [INFO] ThirdParty:1030 - CMSIS Pack Vendor :STMicroelectronics HAL Drivers 0.0.0
2025-02-10 17:13:51,829 [INFO] ThirdParty:1030 - CMSIS Pack Vendor :STMicroelectronics MBEDTLS 2.16.2
2025-02-10 17:13:51,829 [INFO] ThirdParty:1030 - CMSIS Pack Vendor :STMicroelectronics X-CUBE-ALS 1.0.2
2025-02-10 17:13:51,829 [INFO] ThirdParty:1030 - CMSIS Pack Vendor :emotas I-CUBE-CANOPEN 1.3.0
2025-02-10 17:13:51,829 [INFO] ThirdParty:1030 - CMSIS Pack Vendor :STMicroelectronics X-CUBE-FREERTOS 1.3.0
2025-02-10 17:13:51,829 [INFO] ThirdParty:1030 - CMSIS Pack Vendor :STMicroelectronics X-CUBE-NFC7 1.0.1
2025-02-10 17:13:51,829 [INFO] ThirdParty:1030 - CMSIS Pack Vendor :STMicroelectronics MBEDTLS 2.14.1
2025-02-10 17:13:51,829 [INFO] ThirdParty:1030 - CMSIS Pack Vendor :STMicroelectronics X-CUBE-TOUCHGFX 4.24.0
2025-02-10 17:13:51,829 [INFO] ThirdParty:1030 - CMSIS Pack Vendor :ITTIA_DB I-CUBE-ITTIADB 8.9.0
2025-02-10 17:13:51,829 [INFO] ThirdParty:1030 - CMSIS Pack Vendor :STMicroelectronics X-CUBE-TOUCHGFX 4.24.2
2025-02-10 17:13:51,829 [INFO] ThirdParty:1030 - CMSIS Pack Vendor :STMicroelectronics X-CUBE-TOUCHGFX 4.24.1
2025-02-10 17:13:51,829 [INFO] ThirdParty:1030 - CMSIS Pack Vendor :wolfSSL I-CUBE-wolfTPM 3.4.0
2025-02-10 17:13:51,829 [INFO] ThirdParty:1030 - CMSIS Pack Vendor :portGmbH I-Cube-SoM-uGOAL 1.1.0
2025-02-10 17:13:51,829 [INFO] ThirdParty:1030 - CMSIS Pack Vendor :STMicroelectronics X-CUBE-BLEMGR 3.1.0
2025-02-10 17:13:51,829 [INFO] ThirdParty:1030 - CMSIS Pack Vendor :STMicroelectronics X-CUBE-AI 10.0.0
2025-02-10 17:13:51,829 [INFO] ThirdParty:1030 - CMSIS Pack Vendor :STMicroelectronics ThreadX 1.0.0
2025-02-10 17:13:51,829 [INFO] ThirdParty:1030 - CMSIS Pack Vendor :STMicroelectronics FP-SNS-SMARTAG2 1.2.0
2025-02-10 17:13:51,830 [INFO] ThirdParty:1030 - CMSIS Pack Vendor :STMicroelectronics X-CUBE-MEMS1 11.1.0
2025-02-10 17:13:51,830 [INFO] ThirdParty:1030 - CMSIS Pack Vendor :STMicroelectronics X-CUBE-AZRTOS-WL 2.0.0
2025-02-10 17:13:51,830 [INFO] ThirdParty:1030 - CMSIS Pack Vendor :SEGGER I-CUBE-embOS 1.3.1
2025-02-10 17:13:51,830 [INFO] ThirdParty:1030 - CMSIS Pack Vendor :STMicroelectronics X-CUBE-ALGOBUILD 1.4.0
2025-02-10 17:13:51,830 [INFO] ThirdParty:1030 - CMSIS Pack Vendor :STMicroelectronics FP-SNS-MOTENV1 5.0.0
2025-02-10 17:13:51,830 [INFO] ThirdParty:1030 - CMSIS Pack Vendor :STMicroelectronics USB_DEVICE 1.0.0
2025-02-10 17:13:51,830 [INFO] ThirdParty:1030 - CMSIS Pack Vendor :STMicroelectronics X-CUBE-AZRTOS-H7RS 1.0.0
2025-02-10 17:13:51,830 [INFO] ThirdParty:1030 - CMSIS Pack Vendor :wolfSSL I-CUBE-wolfMQTT 1.19.0
2025-02-10 17:13:51,830 [INFO] ThirdParty:1030 - CMSIS Pack Vendor :STMicroelectronics X-CUBE-AZRTOS-L4 2.0.0
2025-02-10 17:13:51,830 [INFO] ThirdParty:1030 - CMSIS Pack Vendor :STMicroelectronics ThreadX 0.0.2
2025-02-10 17:13:51,830 [INFO] ThirdParty:1030 - CMSIS Pack Vendor :WES I-CUBE-Cesium 1.3.0
2025-02-10 17:13:51,830 [INFO] ThirdParty:1030 - CMSIS Pack Vendor :STMicroelectronics FP-ATR-ASTRA1 2.0.0
2025-02-10 17:13:51,830 [INFO] ThirdParty:1030 - CMSIS Pack Vendor :STMicroelectronics lwIP 2.1.2
2025-02-10 17:13:51,830 [INFO] ThirdParty:1030 - CMSIS Pack Vendor :STMicroelectronics X-CUBE-SFXS2LP1 4.0.0
2025-02-10 17:13:51,830 [INFO] ThirdParty:1030 - CMSIS Pack Vendor :STMicroelectronics X-CUBE-BLE2 3.3.0
2025-02-10 17:13:51,830 [INFO] ThirdParty:1030 - CMSIS Pack Vendor :STMicroelectronics X-CUBE-TOF1 3.4.2
2025-02-10 17:13:51,830 [INFO] ThirdParty:1030 - CMSIS Pack Vendor :STMicroelectronics X-CUBE-AI 9.1.0
2025-02-10 17:13:51,830 [INFO] ThirdParty:1030 - CMSIS Pack Vendor :Infineon AIROC-Wi-Fi-Bluetooth-STM32 1.6.1
2025-02-10 17:13:51,830 [INFO] ThirdParty:1030 - CMSIS Pack Vendor :STMicroelectronics PDM2PCM 3.2.0
2025-02-10 17:13:51,830 [INFO] ThirdParty:1030 - CMSIS Pack Vendor :wolfSSL I-CUBE-wolfSSH 1.4.17
2025-02-10 17:13:51,830 [INFO] ThirdParty:841 - exiting critical section [change project]
2025-02-10 17:13:51,957 [INFO] PinOutPanel:1561 - setPackage(No Configuration,No Configuration)
2025-02-10 17:13:51,957 [INFO] PinOutPanel:1561 - setPackage(STM32F412RETx,LQFP64)
2025-02-10 17:13:52,104 [INFO] UtilMem:75 - Before build in PCC Used Memory: 874746456 Bytes (1073741824)
2025-02-10 17:13:52,217 [INFO] UtilMem:75 - After build in PCC Used Memory: 921406040 Bytes (1073741824)
2025-02-10 17:13:52,229 [INFO] IPUIPlugin:80 - create IPUIPlugin
2025-02-10 17:13:52,229 [INFO] IPUIPlugin:80 - create IPUIPlugin
2025-02-10 17:13:52,229 [INFO] IPUIPlugin:80 - create IPUIPlugin
2025-02-10 17:13:52,229 [INFO] IPUIPlugin:80 - create IPUIPlugin
2025-02-10 17:13:52,229 [INFO] IPUIPlugin:80 - create IPUIPlugin
2025-02-10 17:13:52,230 [INFO] IPUIPlugin:80 - create IPUIPlugin
2025-02-10 17:13:52,230 [INFO] IPUIPlugin:80 - create IPUIPlugin
2025-02-10 17:13:52,230 [INFO] IPUIPlugin:80 - create IPUIPlugin
2025-02-10 17:13:52,230 [INFO] IPUIPlugin:80 - create IPUIPlugin
2025-02-10 17:13:52,230 [INFO] IPUIPlugin:80 - create IPUIPlugin
2025-02-10 17:13:52,230 [INFO] IPUIPlugin:80 - create IPUIPlugin
2025-02-10 17:13:52,230 [INFO] IPUIPlugin:80 - create IPUIPlugin
2025-02-10 17:13:52,230 [INFO] IPUIPlugin:80 - create IPUIPlugin
2025-02-10 17:13:52,230 [INFO] IPUIPlugin:80 - create IPUIPlugin
2025-02-10 17:13:52,230 [INFO] IPUIPlugin:80 - create IPUIPlugin
2025-02-10 17:13:52,230 [INFO] IPUIPlugin:80 - create IPUIPlugin
2025-02-10 17:13:52,230 [INFO] IPUIPlugin:80 - create IPUIPlugin
2025-02-10 17:13:52,230 [INFO] IPUIPlugin:80 - create IPUIPlugin
2025-02-10 17:13:52,230 [INFO] IPUIPlugin:80 - create IPUIPlugin
2025-02-10 17:13:52,230 [INFO] IPUIPlugin:80 - create IPUIPlugin
2025-02-10 17:13:52,230 [INFO] IPUIPlugin:80 - create IPUIPlugin
2025-02-10 17:13:52,230 [INFO] IPUIPlugin:80 - create IPUIPlugin
2025-02-10 17:13:52,230 [INFO] IPUIPlugin:80 - create IPUIPlugin
2025-02-10 17:13:52,231 [INFO] IPUIPlugin:80 - create IPUIPlugin
2025-02-10 17:13:52,231 [INFO] IPUIPlugin:80 - create IPUIPlugin
2025-02-10 17:13:52,231 [INFO] IPUIPlugin:80 - create IPUIPlugin
2025-02-10 17:13:52,231 [INFO] IPUIPlugin:80 - create IPUIPlugin
2025-02-10 17:13:52,231 [INFO] IPUIPlugin:80 - create IPUIPlugin
2025-02-10 17:13:52,231 [INFO] IPUIPlugin:80 - create IPUIPlugin
2025-02-10 17:13:52,231 [INFO] IPUIPlugin:80 - create IPUIPlugin
2025-02-10 17:13:52,231 [INFO] IPUIPlugin:80 - create IPUIPlugin
2025-02-10 17:13:52,231 [INFO] IPUIPlugin:80 - create IPUIPlugin
2025-02-10 17:13:52,231 [INFO] IPUIPlugin:80 - create IPUIPlugin
2025-02-10 17:13:52,231 [INFO] IPUIPlugin:80 - create IPUIPlugin
2025-02-10 17:13:52,232 [INFO] IPUIPlugin:80 - create IPUIPlugin
2025-02-10 17:13:52,232 [INFO] IPUIPlugin:80 - create IPUIPlugin
2025-02-10 17:13:52,232 [INFO] IPUIPlugin:80 - create IPUIPlugin
2025-02-10 17:13:52,232 [INFO] IPUIPlugin:80 - create IPUIPlugin
2025-02-10 17:13:52,232 [INFO] IPUIPlugin:80 - create IPUIPlugin
2025-02-10 17:13:52,232 [INFO] IPUIPlugin:80 - create IPUIPlugin
2025-02-10 17:13:52,232 [INFO] IPUIPlugin:80 - create IPUIPlugin
2025-02-10 17:13:52,232 [INFO] IPUIPlugin:80 - create IPUIPlugin
2025-02-10 17:13:52,233 [INFO] IPUIPlugin:80 - create IPUIPlugin
2025-02-10 17:13:52,233 [INFO] IPUIPlugin:80 - create IPUIPlugin
2025-02-10 17:13:52,233 [INFO] IPUIPlugin:80 - create IPUIPlugin
2025-02-10 17:13:52,233 [INFO] IPUIPlugin:80 - create IPUIPlugin
2025-02-10 17:13:52,233 [INFO] IPUIPlugin:80 - create IPUIPlugin
2025-02-10 17:13:52,233 [INFO] IPUIPlugin:80 - create IPUIPlugin
2025-02-10 17:13:52,233 [INFO] IPUIPlugin:80 - create IPUIPlugin
2025-02-10 17:13:52,234 [INFO] IPUIPlugin:80 - create IPUIPlugin
2025-02-10 17:13:52,234 [INFO] IPUIPlugin:80 - create IPUIPlugin
2025-02-10 17:13:52,234 [INFO] IPUIPlugin:80 - create IPUIPlugin
2025-02-10 17:13:52,234 [INFO] IPUIPlugin:80 - create IPUIPlugin
2025-02-10 17:13:52,238 [INFO] IPUIPlugin:80 - create IPUIPlugin
2025-02-10 17:13:52,239 [INFO] IPUIPlugin:80 - create IPUIPlugin
2025-02-10 17:13:52,239 [INFO] IPUIPlugin:80 - create IPUIPlugin
2025-02-10 17:13:52,239 [INFO] IPUIPlugin:80 - create IPUIPlugin
2025-02-10 17:13:52,241 [INFO] ApiDbMcu:508 - Load IP Config File for PDM2PCM
2025-02-10 17:13:52,241 [WARN] IP:2191 - I2C_Coeff_DF not found: check if there is a RefParameter without a condition.
2025-02-10 17:13:52,241 [WARN] IP:2191 - Analog_Filter not found: check if there is a RefParameter without a condition.
2025-02-10 17:13:52,242 [WARN] IP:2191 - I2C_Coeff_DF not found: check if there is a RefParameter without a condition.
2025-02-10 17:13:52,242 [WARN] IP:2191 - Analog_Filter not found: check if there is a RefParameter without a condition.
2025-02-10 17:13:52,277 [INFO] CADModel:165 - CPN selected for project levelSTM32F412RET6
2025-02-10 17:13:52,277 [INFO] CADModel:114 - Register for checkConnection events
2025-02-10 17:13:52,331 [INFO] OpenFileManager:363 - Restore cursor
2025-02-10 17:13:52,462 [WARN] IP:2191 - I2C_Coeff_DF not found: check if there is a RefParameter without a condition.
2025-02-10 17:13:52,463 [WARN] IP:2191 - Analog_Filter not found: check if there is a RefParameter without a condition.
2025-02-10 17:13:52,463 [WARN] IP:2191 - I2C_Coeff_DF not found: check if there is a RefParameter without a condition.
2025-02-10 17:13:52,463 [WARN] IP:2191 - Analog_Filter not found: check if there is a RefParameter without a condition.
2025-02-10 17:13:52,465 [WARN] IP:2191 - I2C_Coeff_DF not found: check if there is a RefParameter without a condition.
2025-02-10 17:13:52,465 [WARN] IP:2191 - Analog_Filter not found: check if there is a RefParameter without a condition.
2025-02-10 17:13:52,465 [WARN] IP:2191 - I2C_Coeff_DF not found: check if there is a RefParameter without a condition.
2025-02-10 17:13:52,465 [WARN] IP:2191 - Analog_Filter not found: check if there is a RefParameter without a condition.
2025-02-10 17:14:20,756 [INFO] Gpio:277 - dependency for GPIO [I2C1, I2C3, RCC, SYS, TIM2, USART1]
2025-02-10 21:45:15,522 [INFO] WebApp:189 - Connection lost
2025-02-10 21:45:15,628 [INFO] WebApp:186 - Connection restablished
2025-02-10 22:06:01,763 [INFO] WebApp:189 - Connection lost
2025-02-10 22:06:02,139 [INFO] WebApp:186 - Connection restablished
2025-02-10 22:11:29,692 [INFO] WebApp:189 - Connection lost
2025-02-10 22:11:29,787 [INFO] WebApp:186 - Connection restablished
2025-02-10 22:21:33,089 [INFO] WebApp:189 - Connection lost
2025-02-10 22:21:33,183 [INFO] WebApp:186 - Connection restablished
2025-02-10 22:47:59,744 [INFO] WebApp:189 - Connection lost
2025-02-10 22:47:59,879 [INFO] WebApp:186 - Connection restablished
2025-02-10 22:48:03,571 [INFO] WebApp:189 - Connection lost
2025-02-10 22:48:03,661 [INFO] WebApp:186 - Connection restablished
2025-02-10 22:49:24,053 [INFO] WebApp:189 - Connection lost
2025-02-10 22:49:24,173 [INFO] WebApp:186 - Connection restablished
2025-02-10 23:09:07,598 [INFO] WebApp:189 - Connection lost
2025-02-10 23:09:07,816 [INFO] WebApp:186 - Connection restablished
2025-02-10 23:13:06,670 [INFO] WebApp:189 - Connection lost
2025-02-10 23:13:06,763 [INFO] WebApp:186 - Connection restablished
2025-02-10 23:18:09,548 [INFO] WebApp:189 - Connection lost
2025-02-10 23:18:09,638 [INFO] WebApp:186 - Connection restablished
2025-02-10 23:23:08,044 [INFO] WebApp:189 - Connection lost
2025-02-10 23:23:08,159 [INFO] WebApp:186 - Connection restablished
2025-02-10 23:28:06,567 [INFO] WebApp:189 - Connection lost
2025-02-10 23:28:06,667 [INFO] WebApp:186 - Connection restablished
2025-02-10 23:30:06,536 [INFO] WebApp:189 - Connection lost
2025-02-10 23:30:06,664 [INFO] WebApp:186 - Connection restablished
2025-02-10 23:33:27,717 [ERROR] LogOutputStream:75 - [STDERR_REDIRECT] Exception in thread "AWT-EventQueue-0" java.awt.IllegalComponentStateException: Native resources unavailable
2025-02-10 23:33:27,718 [ERROR] LogOutputStream:75 - [STDERR_REDIRECT] 	at java.desktop/sun.awt.windows.WWindowPeer.getScreenImOn(Native Method)
2025-02-10 23:33:27,718 [ERROR] LogOutputStream:75 - [STDERR_REDIRECT] 	at java.desktop/sun.awt.windows.WWindowPeer.updateGC(WWindowPeer.java:566)
2025-02-10 23:33:27,719 [ERROR] LogOutputStream:75 - [STDERR_REDIRECT] 	at java.desktop/java.awt.event.InvocationEvent.dispatch(InvocationEvent.java:318)
2025-02-10 23:33:27,720 [ERROR] LogOutputStream:75 - [STDERR_REDIRECT] 	at java.desktop/java.awt.EventQueue.dispatchEventImpl(EventQueue.java:773)
2025-02-10 23:33:27,720 [ERROR] LogOutputStream:75 - [STDERR_REDIRECT] 	at java.desktop/java.awt.EventQueue$4.run(EventQueue.java:720)
2025-02-10 23:33:27,721 [ERROR] LogOutputStream:75 - [STDERR_REDIRECT] 	at java.desktop/java.awt.EventQueue$4.run(EventQueue.java:714)
2025-02-10 23:33:27,722 [ERROR] LogOutputStream:75 - [STDERR_REDIRECT] 	at java.base/java.security.AccessController.doPrivileged(AccessController.java:399)
2025-02-10 23:33:27,723 [ERROR] LogOutputStream:75 - [STDERR_REDIRECT] 	at java.base/java.security.ProtectionDomain$JavaSecurityAccessImpl.doIntersectionPrivilege(ProtectionDomain.java:86)
2025-02-10 23:33:27,724 [ERROR] LogOutputStream:75 - [STDERR_REDIRECT] 	at java.base/java.security.ProtectionDomain$JavaSecurityAccessImpl.doIntersectionPrivilege(ProtectionDomain.java:97)
2025-02-10 23:33:27,725 [ERROR] LogOutputStream:75 - [STDERR_REDIRECT] 	at java.desktop/java.awt.EventQueue$5.run(EventQueue.java:747)
2025-02-10 23:33:27,725 [ERROR] LogOutputStream:75 - [STDERR_REDIRECT] 	at java.desktop/java.awt.EventQueue$5.run(EventQueue.java:745)
2025-02-10 23:33:27,726 [ERROR] LogOutputStream:75 - [STDERR_REDIRECT] 	at java.base/java.security.AccessController.doPrivileged(AccessController.java:399)
2025-02-10 23:33:27,727 [ERROR] LogOutputStream:75 - [STDERR_REDIRECT] 	at java.base/java.security.ProtectionDomain$JavaSecurityAccessImpl.doIntersectionPrivilege(ProtectionDomain.java:86)
2025-02-10 23:33:27,728 [ERROR] LogOutputStream:75 - [STDERR_REDIRECT] 	at java.desktop/java.awt.EventQueue.dispatchEvent(EventQueue.java:744)
2025-02-10 23:33:27,729 [ERROR] LogOutputStream:75 - [STDERR_REDIRECT] 	at java.desktop/java.awt.EventDispatchThread.pumpOneEventForFilters(EventDispatchThread.java:203)
2025-02-10 23:33:27,730 [ERROR] LogOutputStream:75 - [STDERR_REDIRECT] 	at java.desktop/java.awt.EventDispatchThread.pumpEventsForFilter(EventDispatchThread.java:124)
2025-02-10 23:33:27,731 [ERROR] LogOutputStream:75 - [STDERR_REDIRECT] 	at java.desktop/java.awt.EventDispatchThread.pumpEventsForHierarchy(EventDispatchThread.java:113)
2025-02-10 23:33:27,731 [ERROR] LogOutputStream:75 - [STDERR_REDIRECT] 	at java.desktop/java.awt.EventDispatchThread.pumpEvents(EventDispatchThread.java:109)
2025-02-10 23:33:27,732 [ERROR] LogOutputStream:75 - [STDERR_REDIRECT] 	at java.desktop/java.awt.EventDispatchThread.pumpEvents(EventDispatchThread.java:101)
2025-02-10 23:33:27,733 [ERROR] LogOutputStream:75 - [STDERR_REDIRECT] 	at java.desktop/java.awt.EventDispatchThread.run(EventDispatchThread.java:90)
2025-02-10 23:33:30,071 [ERROR] LogOutputStream:75 - [STDERR_REDIRECT] 
2025-02-10 23:33:30,072 [ERROR] LogOutputStream:75 - [STDERR_REDIRECT] 
