2025-05-02 11:53:34,515 [INFO] Activator:176 - 


2025-05-02 11:53:34,523 [INFO] Activator:177 - !SESSION log4j initialized
2025-05-02 11:53:43,733 [INFO] LogOutputStream:77 - [STDOUT_REDIRECT] 
2025-05-02 11:53:45,948 [INFO] ApplicationProperties:184 - Using Application install path: C:\ST\STM32CubeIDE_1.16.0\STM32CubeIDE\plugins\com.st.stm32cube.common.mx_6.12.0.202406281431
2025-05-02 11:53:45,975 [INFO] DbMcusXml:78 - Set database path to: C:\ST\STM32CubeIDE_1.16.0\STM32CubeIDE\plugins\com.st.stm32cube.common.mx_6.12.0.202406281431\\db\/mcu/
2025-05-02 11:53:45,975 [INFO] ApiDb:274 - Set plugin database path to: C:\ST\STM32CubeIDE_1.16.0\STM32CubeIDE\plugins\com.st.stm32cube.common.mx_6.12.0.202406281431\\db\/plugins/boardmanager/
2025-05-02 11:53:45,984 [WARN] ApiDb:259 - Overriding images path with different value:  => C:\ST\STM32CubeIDE_1.16.0\STM32CubeIDE\plugins\com.st.stm32cube.common.mx_6.12.0.202406281431\\db\/plugins/mcufinder/images/
2025-05-02 11:53:45,994 [INFO] ApiDb:250 - Set database path to: C:\Users\brady\.stmcufinder\plugins\mcufinder//mcu/
2025-05-02 11:53:45,996 [INFO] DbMcusAds:125 - Set database path to: C:\Users\brady\.stmcufinder\plugins\mcufinder//mcu/
2025-05-02 11:53:46,000 [INFO] CrossReferenceDbSqlite:203 - Set database path to: C:\Users\brady\.stmcufinder\plugins\mcufinder//mcu/cs/
2025-05-02 11:53:46,222 [INFO] RulesReader:64 - Compatibility file has been processed (297 Rules)
2025-05-02 11:53:46,410 [INFO] DbMcusXml:78 - Set database path to: C:\ST\STM32CubeIDE_1.16.0\STM32CubeIDE\plugins\com.st.stm32cube.common.mx_6.12.0.202406281431\\db\/mcu/
2025-05-02 11:53:46,410 [INFO] ApiDb:274 - Set plugin database path to: C:\ST\STM32CubeIDE_1.16.0\STM32CubeIDE\plugins\com.st.stm32cube.common.mx_6.12.0.202406281431\\db\/plugins/boardmanager/
2025-05-02 11:53:46,410 [INFO] ApiDb:261 - Set plugin images path to: C:\ST\STM32CubeIDE_1.16.0\STM32CubeIDE\plugins\com.st.stm32cube.common.mx_6.12.0.202406281431\\db\/plugins/mcufinder/images/
2025-05-02 11:53:46,412 [WARN] DbFile:41 - Overriding database path with different value: C:\Users\brady\.stmcufinder\plugins\mcufinder/ => C:\Users\brady\.stmcufinder\plugins\mcufinder
2025-05-02 11:53:46,412 [INFO] ApiDb:250 - Set database path to: C:\Users\brady\.stmcufinder\plugins\mcufinder//mcu/
2025-05-02 11:53:46,412 [WARN] DbFile:41 - Overriding database path with different value: C:\Users\brady\.stmcufinder\plugins\mcufinder/ => C:\Users\brady\.stmcufinder\plugins\mcufinder
2025-05-02 11:53:46,412 [INFO] DbMcusAds:125 - Set database path to: C:\Users\brady\.stmcufinder\plugins\mcufinder//mcu/
2025-05-02 11:53:46,412 [WARN] DbFile:41 - Overriding database path with different value: C:\Users\brady\.stmcufinder\plugins\mcufinder/ => C:\Users\brady\.stmcufinder\plugins\mcufinder
2025-05-02 11:53:46,412 [WARN] DbFile:41 - Overriding database path with different value: C:\Users\brady\.stmcufinder\plugins\mcufinder/ => C:\Users\brady\.stmcufinder\plugins\mcufinder
2025-05-02 11:53:46,412 [INFO] CrossReferenceDbSqlite:203 - Set database path to: C:\Users\brady\.stmcufinder\plugins\mcufinder//mcu/cs/
2025-05-02 11:53:46,575 [INFO] MainPanel:268 - HeapMemory: 268435456
2025-05-02 11:53:46,709 [INFO] DbMcusXml:78 - Set database path to: C:\ST\STM32CubeIDE_1.16.0\STM32CubeIDE\plugins\com.st.stm32cube.common.mx_6.12.0.202406281431\\db\/mcu/
2025-05-02 11:53:46,709 [INFO] ApiDb:274 - Set plugin database path to: C:\ST\STM32CubeIDE_1.16.0\STM32CubeIDE\plugins\com.st.stm32cube.common.mx_6.12.0.202406281431\\db\/plugins/boardmanager/
2025-05-02 11:53:46,709 [INFO] ApiDb:261 - Set plugin images path to: C:\ST\STM32CubeIDE_1.16.0\STM32CubeIDE\plugins\com.st.stm32cube.common.mx_6.12.0.202406281431\\db\/plugins/mcufinder/images/
2025-05-02 11:53:46,710 [WARN] DbFile:41 - Overriding database path with different value: C:\Users\brady\.stmcufinder\plugins\mcufinder/ => C:\Users\brady\.stmcufinder\plugins\mcufinder
2025-05-02 11:53:46,710 [INFO] ApiDb:250 - Set database path to: C:\Users\brady\.stmcufinder\plugins\mcufinder//mcu/
2025-05-02 11:53:46,710 [WARN] DbFile:41 - Overriding database path with different value: C:\Users\brady\.stmcufinder\plugins\mcufinder/ => C:\Users\brady\.stmcufinder\plugins\mcufinder
2025-05-02 11:53:46,710 [INFO] DbMcusAds:125 - Set database path to: C:\Users\brady\.stmcufinder\plugins\mcufinder//mcu/
2025-05-02 11:53:46,711 [WARN] DbFile:41 - Overriding database path with different value: C:\Users\brady\.stmcufinder\plugins\mcufinder/ => C:\Users\brady\.stmcufinder\plugins\mcufinder
2025-05-02 11:53:46,711 [WARN] DbFile:41 - Overriding database path with different value: C:\Users\brady\.stmcufinder\plugins\mcufinder/ => C:\Users\brady\.stmcufinder\plugins\mcufinder
2025-05-02 11:53:46,711 [INFO] CrossReferenceDbSqlite:203 - Set database path to: C:\Users\brady\.stmcufinder\plugins\mcufinder//mcu/cs/
2025-05-02 11:53:46,758 [INFO] ApplicationProperties:184 - Using Application install path: C:\ST\STM32CubeIDE_1.16.0\STM32CubeIDE\plugins\com.st.stm32cube.common.mx_6.12.0.202406281431
2025-05-02 11:53:46,760 [INFO] PluginManage:196 - Search for loadable plugins [exclusion list=, ]
2025-05-02 11:53:46,761 [INFO] PluginManage:310 - Check plugin analytics
2025-05-02 11:53:47,159 [INFO] AnalyticsPlugin:253 - Accepted Software Licenses: STM32CubeMX.6.12.1
2025-05-02 11:53:47,159 [INFO] AnalyticsPlugin:255 - Accepted CMSIS Pack Licenses: 
2025-05-02 11:53:47,160 [INFO] AnalyticsPlugin:257 - Accepted Firmware Licenses: FW.F4.1.28.0
2025-05-02 11:53:47,168 [INFO] PluginManage:359 - Loaded plugin analytics (category:tool,tabindex:-1)
2025-05-02 11:53:47,169 [INFO] PluginManage:310 - Check plugin cadmodel
2025-05-02 11:53:47,176 [INFO] CADModel:105 - Init CAD model plugin
2025-05-02 11:53:47,176 [INFO] PluginManage:359 - Loaded plugin cadmodel (category:power,tabindex:5)
2025-05-02 11:53:47,177 [INFO] PluginManage:310 - Check plugin clock
2025-05-02 11:53:47,189 [INFO] PluginManage:359 - Loaded plugin clock (category:base,tabindex:2)
2025-05-02 11:53:47,189 [INFO] PluginManage:310 - Check plugin ddr
2025-05-02 11:53:47,192 [INFO] PluginManage:359 - Loaded plugin ddr (category:tool,tabindex:6)
2025-05-02 11:53:47,192 [INFO] PluginManage:310 - Check plugin filemanager
2025-05-02 11:53:47,440 [INFO] PluginManage:359 - Loaded plugin filemanager (category:base,tabindex:10)
2025-05-02 11:53:47,440 [INFO] PluginManage:310 - Check plugin ipmanager
2025-05-02 11:53:47,452 [INFO] PluginManage:359 - Loaded plugin ipmanager (category:base,tabindex:5)
2025-05-02 11:53:47,452 [INFO] PluginManage:310 - Check plugin lpbam
2025-05-02 11:53:47,506 [INFO] PluginManage:359 - Loaded plugin lpbam (category:base,tabindex:0)
2025-05-02 11:53:47,506 [INFO] PluginManage:310 - Check plugin memorymap
2025-05-02 11:53:47,543 [INFO] PluginManage:359 - Loaded plugin memorymap (category:base,tabindex:4)
2025-05-02 11:53:47,543 [INFO] PluginManage:310 - Check plugin pinoutandconfiguration
2025-05-02 11:53:47,553 [INFO] PluginManage:359 - Loaded plugin pinoutandconfiguration (category:base,tabindex:1)
2025-05-02 11:53:47,553 [INFO] PluginManage:310 - Check plugin pinoutconfig
2025-05-02 11:53:47,695 [WARN] SupportedApi:132 - Cannot load RTOS API schema: s4s-elt-must-match.1: The content of 'definitions' must match (annotation?, (simpleType | complexType)?, (unique | key | keyref)*)). A problem was found starting at: attribute.
2025-05-02 11:53:47,885 [INFO] PluginManage:359 - Loaded plugin pinoutconfig (category:base,tabindex:0)
2025-05-02 11:53:47,886 [INFO] PluginManage:310 - Check plugin power
2025-05-02 11:53:47,911 [INFO] PluginManage:359 - Loaded plugin power (category:power,tabindex:4)
2025-05-02 11:53:47,911 [INFO] PluginManage:310 - Check plugin projectmanager
2025-05-02 11:53:47,948 [INFO] PluginManage:359 - Loaded plugin projectmanager (category:projectmanager,tabindex:4)
2025-05-02 11:53:47,948 [INFO] PluginManage:310 - Check plugin rif
2025-05-02 11:53:47,960 [INFO] PluginManage:359 - Loaded plugin rif (category:base,tabindex:3)
2025-05-02 11:53:47,961 [INFO] PluginManage:310 - Check plugin thirdparty
2025-05-02 11:53:48,251 [WARN] IntegrityCheckThread:84 - waiting for thirdparty lock release [integrity check]
2025-05-02 11:53:48,252 [INFO] IntegrityCheckThread:86 - entering critical section [integrity check]
2025-05-02 11:53:48,253 [INFO] PluginManage:359 - Loaded plugin thirdparty (category:base,tabindex:-1)
2025-05-02 11:53:48,253 [INFO] PluginManage:310 - Check plugin tools
2025-05-02 11:53:48,254 [INFO] ThirdPartyUpdaterWithRetryManager:70 - Updater plugin not ready yet. [1/15]
2025-05-02 11:53:48,260 [INFO] PluginManage:359 - Loaded plugin tools (category:base,tabindex:7)
2025-05-02 11:53:48,261 [INFO] PluginManage:310 - Check plugin tutovideos
2025-05-02 11:53:48,571 [INFO] PluginManage:359 - Loaded plugin tutovideos (category:base,tabindex:-1)
2025-05-02 11:53:48,572 [INFO] PluginManage:310 - Check plugin updater
2025-05-02 11:53:48,652 [INFO] PluginManage:359 - Loaded plugin updater (category:base,tabindex:12)
2025-05-02 11:53:48,653 [INFO] PluginManage:310 - Check plugin userauth
2025-05-02 11:53:48,661 [INFO] UserAuth:113 - Init User Auth plugin
2025-05-02 11:53:48,662 [INFO] PluginManage:359 - Loaded plugin userauth (category:base,tabindex:14)
2025-05-02 11:53:48,662 [INFO] PluginManage:283 - PluginManage : Loaded plugins [18]
2025-05-02 11:53:49,075 [INFO] PinOutPanel:1561 - setPackage(No Configuration,No Configuration)
2025-05-02 11:53:49,230 [INFO] CADModel:165 - CPN selected for project level
2025-05-02 11:53:49,230 [INFO] CADModel:114 - Register for checkConnection events
2025-05-02 11:53:49,259 [INFO] IPUIPlugin:80 - create IPUIPlugin
2025-05-02 11:53:49,259 [INFO] PluginManager:220 - loadIPPluginJar : add adc
2025-05-02 11:53:49,265 [INFO] IPUIPlugin:80 - create IPUIPlugin
2025-05-02 11:53:49,265 [INFO] PluginManager:220 - loadIPPluginJar : add aes
2025-05-02 11:53:49,270 [INFO] IPUIPlugin:80 - create IPUIPlugin
2025-05-02 11:53:49,271 [INFO] PluginManager:220 - loadIPPluginJar : add can
2025-05-02 11:53:49,274 [INFO] IPUIPlugin:80 - create IPUIPlugin
2025-05-02 11:53:49,275 [INFO] PluginManager:220 - loadIPPluginJar : add comp
2025-05-02 11:53:49,279 [INFO] IPUIPlugin:80 - create IPUIPlugin
2025-05-02 11:53:49,279 [INFO] PluginManager:220 - loadIPPluginJar : add cryp
2025-05-02 11:53:49,284 [INFO] IPUIPlugin:80 - create IPUIPlugin
2025-05-02 11:53:49,284 [INFO] PluginManager:220 - loadIPPluginJar : add ddr_ctrl_phy
2025-05-02 11:53:49,288 [INFO] IPUIPlugin:80 - create IPUIPlugin
2025-05-02 11:53:49,288 [INFO] PluginManager:220 - loadIPPluginJar : add dfsdm
2025-05-02 11:53:49,296 [INFO] IPUIPlugin:80 - create IPUIPlugin
2025-05-02 11:53:49,297 [INFO] PluginManager:220 - loadIPPluginJar : add dma
2025-05-02 11:53:49,301 [INFO] IPUIPlugin:80 - create IPUIPlugin
2025-05-02 11:53:49,301 [INFO] PluginManager:220 - loadIPPluginJar : add dma3
2025-05-02 11:53:49,305 [INFO] IPUIPlugin:80 - create IPUIPlugin
2025-05-02 11:53:49,305 [INFO] PluginManager:220 - loadIPPluginJar : add extmemmanager
2025-05-02 11:53:49,307 [INFO] IPUIPlugin:80 - create IPUIPlugin
2025-05-02 11:53:49,307 [INFO] PluginManager:220 - loadIPPluginJar : add fatfs
2025-05-02 11:53:49,314 [INFO] IPUIPlugin:80 - create IPUIPlugin
2025-05-02 11:53:49,314 [INFO] PluginManager:220 - loadIPPluginJar : add fmc
2025-05-02 11:53:49,322 [INFO] IPUIPlugin:80 - create IPUIPlugin
2025-05-02 11:53:49,322 [INFO] PluginManager:220 - loadIPPluginJar : add freertos
2025-05-02 11:53:49,324 [INFO] IPUIPlugin:80 - create IPUIPlugin
2025-05-02 11:53:49,324 [INFO] PluginManager:220 - loadIPPluginJar : add genericplugin
2025-05-02 11:53:49,326 [INFO] IPUIPlugin:80 - create IPUIPlugin
2025-05-02 11:53:49,327 [INFO] PluginManager:220 - loadIPPluginJar : add gfxmmu
2025-05-02 11:53:49,332 [INFO] IPUIPlugin:80 - create IPUIPlugin
2025-05-02 11:53:49,333 [INFO] PluginManager:220 - loadIPPluginJar : add gic
2025-05-02 11:53:49,338 [INFO] IPUIPlugin:80 - create IPUIPlugin
2025-05-02 11:53:49,338 [INFO] PluginManager:220 - loadIPPluginJar : add gpio
2025-05-02 11:53:49,342 [INFO] IPUIPlugin:80 - create IPUIPlugin
2025-05-02 11:53:49,343 [INFO] PluginManager:220 - loadIPPluginJar : add gtzc
2025-05-02 11:53:49,347 [INFO] IPUIPlugin:80 - create IPUIPlugin
2025-05-02 11:53:49,348 [INFO] PluginManager:220 - loadIPPluginJar : add hash
2025-05-02 11:53:49,353 [INFO] IPUIPlugin:80 - create IPUIPlugin
2025-05-02 11:53:49,354 [INFO] PluginManager:220 - loadIPPluginJar : add i2c
2025-05-02 11:53:49,358 [INFO] IPUIPlugin:80 - create IPUIPlugin
2025-05-02 11:53:49,359 [INFO] PluginManager:220 - loadIPPluginJar : add i2s
2025-05-02 11:53:49,364 [INFO] IPUIPlugin:80 - create IPUIPlugin
2025-05-02 11:53:49,364 [INFO] PluginManager:220 - loadIPPluginJar : add i3c
2025-05-02 11:53:49,371 [INFO] IPUIPlugin:80 - create IPUIPlugin
2025-05-02 11:53:49,372 [INFO] PluginManager:220 - loadIPPluginJar : add ipddr
2025-05-02 11:53:49,388 [INFO] IPUIPlugin:80 - create IPUIPlugin
2025-05-02 11:53:49,390 [INFO] PluginManager:220 - loadIPPluginJar : add linkedlist
2025-05-02 11:53:49,396 [INFO] IPUIPlugin:80 - create IPUIPlugin
2025-05-02 11:53:49,396 [INFO] PluginManager:220 - loadIPPluginJar : add lorawan
2025-05-02 11:53:49,398 [INFO] IPUIPlugin:80 - create IPUIPlugin
2025-05-02 11:53:49,399 [INFO] PluginManager:220 - loadIPPluginJar : add ltdc
2025-05-02 11:53:49,408 [INFO] IPUIPlugin:80 - create IPUIPlugin
2025-05-02 11:53:49,409 [INFO] PluginManager:220 - loadIPPluginJar : add mdma
2025-05-02 11:53:49,414 [INFO] IPUIPlugin:80 - create IPUIPlugin
2025-05-02 11:53:49,414 [INFO] PluginManager:220 - loadIPPluginJar : add nvic
2025-05-02 11:53:49,419 [INFO] IPUIPlugin:80 - create IPUIPlugin
2025-05-02 11:53:49,419 [INFO] PluginManager:220 - loadIPPluginJar : add opamp
2025-05-02 11:53:49,424 [INFO] IPUIPlugin:80 - create IPUIPlugin
2025-05-02 11:53:49,425 [INFO] PluginManager:220 - loadIPPluginJar : add openamp
2025-05-02 11:53:49,429 [INFO] IPUIPlugin:80 - create IPUIPlugin
2025-05-02 11:53:49,429 [INFO] PluginManager:220 - loadIPPluginJar : add pdm2pcm
2025-05-02 11:53:49,439 [INFO] IPUIPlugin:80 - create IPUIPlugin
2025-05-02 11:53:49,442 [INFO] PluginManager:220 - loadIPPluginJar : add plateformsettings
2025-05-02 11:53:49,444 [INFO] IPUIPlugin:80 - create IPUIPlugin
2025-05-02 11:53:49,444 [INFO] PluginManager:220 - loadIPPluginJar : add quadspi
2025-05-02 11:53:49,447 [INFO] IPUIPlugin:80 - create IPUIPlugin
2025-05-02 11:53:49,448 [INFO] PluginManager:220 - loadIPPluginJar : add radio
2025-05-02 11:53:49,452 [INFO] IPUIPlugin:80 - create IPUIPlugin
2025-05-02 11:53:49,453 [INFO] PluginManager:220 - loadIPPluginJar : add resmgrutility
2025-05-02 11:53:49,457 [INFO] IPUIPlugin:80 - create IPUIPlugin
2025-05-02 11:53:49,457 [INFO] PluginManager:220 - loadIPPluginJar : add sai
2025-05-02 11:53:49,461 [INFO] IPUIPlugin:80 - create IPUIPlugin
2025-05-02 11:53:49,461 [INFO] PluginManager:220 - loadIPPluginJar : add spi
2025-05-02 11:53:49,467 [INFO] IPUIPlugin:80 - create IPUIPlugin
2025-05-02 11:53:49,468 [INFO] PluginManager:220 - loadIPPluginJar : add stm32_wpan
2025-05-02 11:53:49,471 [INFO] IPUIPlugin:80 - create IPUIPlugin
2025-05-02 11:53:49,471 [INFO] PluginManager:220 - loadIPPluginJar : add tim
2025-05-02 11:53:49,476 [INFO] IPUIPlugin:80 - create IPUIPlugin
2025-05-02 11:53:49,476 [INFO] PluginManager:220 - loadIPPluginJar : add touchsensing
2025-05-02 11:53:49,478 [INFO] IPUIPlugin:80 - create IPUIPlugin
2025-05-02 11:53:49,478 [INFO] PluginManager:220 - loadIPPluginJar : add tracer_emb
2025-05-02 11:53:49,481 [INFO] IPUIPlugin:80 - create IPUIPlugin
2025-05-02 11:53:49,482 [INFO] PluginManager:220 - loadIPPluginJar : add ts
2025-05-02 11:53:49,485 [INFO] IPUIPlugin:80 - create IPUIPlugin
2025-05-02 11:53:49,485 [INFO] PluginManager:220 - loadIPPluginJar : add tsc
2025-05-02 11:53:49,495 [INFO] IPUIPlugin:80 - create IPUIPlugin
2025-05-02 11:53:49,496 [INFO] PluginManager:220 - loadIPPluginJar : add ucpd
2025-05-02 11:53:49,510 [INFO] IPUIPlugin:80 - create IPUIPlugin
2025-05-02 11:53:49,511 [INFO] PluginManager:220 - loadIPPluginJar : add usart
2025-05-02 11:53:49,514 [INFO] IPUIPlugin:80 - create IPUIPlugin
2025-05-02 11:53:49,514 [INFO] PluginManager:220 - loadIPPluginJar : add usbx
2025-05-02 11:53:49,712 [INFO] CADModel:165 - CPN selected for project level
2025-05-02 11:53:49,712 [INFO] CADModel:114 - Register for checkConnection events
2025-05-02 11:53:49,713 [FATAL] Updater:334 - Updater called before beeing initialized
2025-05-02 11:53:49,713 [ERROR] CADModel:125 - Updater not yet initialized, retry later 
2025-05-02 11:53:49,997 [INFO] CADModel:165 - CPN selected for project level
2025-05-02 11:53:49,997 [INFO] CADModel:114 - Register for checkConnection events
2025-05-02 11:53:49,997 [FATAL] Updater:334 - Updater called before beeing initialized
2025-05-02 11:53:49,998 [ERROR] CADModel:125 - Updater not yet initialized, retry later 
2025-05-02 11:53:50,004 [FATAL] Updater:334 - Updater called before beeing initialized
2025-05-02 11:53:50,205 [FATAL] Updater:334 - Updater called before beeing initialized
2025-05-02 11:53:50,211 [INFO] DbMcusAds:53 - JSON generation date=Tue Dec 17 08:01:15 PST 2024 (1734451275189)
2025-05-02 11:53:50,212 [FATAL] Updater:334 - Updater called before beeing initialized
2025-05-02 11:53:50,267 [WARN] DetailPanel:346 - Failed to get advertising image, set to default
2025-05-02 11:53:50,430 [FATAL] Updater:334 - Updater called before beeing initialized
2025-05-02 11:53:50,432 [FATAL] Updater:334 - Updater called before beeing initialized
2025-05-02 11:53:50,433 [FATAL] Updater:334 - Updater called before beeing initialized
2025-05-02 11:53:50,433 [WARN] DetailPanel:346 - Failed to get advertising image, set to default
2025-05-02 11:53:50,434 [FATAL] Updater:334 - Updater called before beeing initialized
2025-05-02 11:53:50,514 [ERROR] Updater:1164 - MainUpdater not yet initialized. External WinMGr cannot be set.
2025-05-02 11:53:50,517 [INFO] Updater:1100 - Updater Version found : 6.12.0
2025-05-02 11:53:50,551 [INFO] ApplicationProperties:184 - Using Application install path: C:\ST\STM32CubeIDE_1.16.0\STM32CubeIDE\plugins\com.st.stm32cube.common.mx_6.12.0.202406281431
2025-05-02 11:53:51,256 [INFO] ThirdPartyUpdaterWithRetryManager:70 - Updater plugin not ready yet. [2/15]
2025-05-02 11:53:52,138 [ERROR] LogOutputStream:75 - [STDERR_REDIRECT] May 02, 2025 11:53:52 AM java.util.prefs.WindowsPreferences <init>
2025-05-02 11:53:52,141 [ERROR] LogOutputStream:75 - [STDERR_REDIRECT] WARNING: Could not open/create prefs root node Software\JavaSoft\Prefs at root 0xffffffff80000002. Windows RegCreateKeyEx(...) returned error code 5.
2025-05-02 11:53:52,141 [ERROR] LogOutputStream:75 - [STDERR_REDIRECT] 
2025-05-02 11:53:52,812 [INFO] MainUpdater:2873 - connection check result : 10
2025-05-02 11:53:52,813 [INFO] MainUpdater:290 - Updater Check For Update Now.
2025-05-02 11:53:52,814 [INFO] MicroXplorer:498 - Change Database Version : DB.6.0.120
2025-05-02 11:53:52,849 [INFO] McuFinderGlobals:63 - Set McuFinder mode to 2 (CubeIDE integrated)
2025-05-02 11:53:52,849 [INFO] UserAuth:179 - activating auth plugin
2025-05-02 11:53:52,860 [INFO] UserAuth:417 - Internet connection configuration mode: 1
2025-05-02 11:53:52,914 [INFO] JxBrowserEngine:152 - Initiate JxBrowser Engine with user profile folder
2025-05-02 11:53:53,138 [INFO] CheckServerUpdateThread:120 - End of CheckServer Thread
2025-05-02 11:53:54,693 [WARN] PackLoader:240 - Cannot read IP mode file for STMicroelectronics.FP-SNS-MOTENVWB1.1.4.0
2025-05-02 11:53:54,708 [WARN] PackLoader:240 - Cannot read IP mode file for STMicroelectronics.FP-ATR-ASTRA1.2.0.2
2025-05-02 11:53:54,715 [WARN] PackLoader:240 - Cannot read IP mode file for STMicroelectronics.FP-ATR-ASTRA1.2.0.1
2025-05-02 11:53:54,730 [WARN] PackLoader:240 - Cannot read IP mode file for STMicroelectronics.X-CUBE-SMBUS.2.1.0
2025-05-02 11:53:54,747 [WARN] PackLoader:240 - Cannot read IP mode file for STMicroelectronics.X-CUBE-WB05N.1.1.0
2025-05-02 11:53:54,808 [WARN] PackLoader:240 - Cannot read IP mode file for STMicroelectronics.X-CUBE-AZRTOS-F7.1.1.0
2025-05-02 11:53:54,921 [WARN] PackLoader:240 - Cannot read IP mode file for STMicroelectronics.X-CUBE-MEMS1.11.0.0
2025-05-02 11:53:55,201 [WARN] PackLoader:240 - Cannot read IP mode file for STMicroelectronics.FP-SNS-FLIGHT1.5.0.2
2025-05-02 11:53:55,220 [WARN] PackLoader:240 - Cannot read IP mode file for STMicroelectronics.X-CUBE-DISPLAY.3.0.0
2025-05-02 11:53:55,235 [WARN] PackLoader:240 - Cannot read IP mode file for STMicroelectronics.X-CUBE-BLE1.7.0.0
2025-05-02 11:53:55,248 [WARN] PackLoader:240 - Cannot read IP mode file for STMicroelectronics.X-CUBE-NFC10.1.0.0
2025-05-02 11:53:55,268 [WARN] PackLoader:240 - Cannot read IP mode file for STMicroelectronics.X-CUBE-BLEMGR.4.0.0
2025-05-02 11:53:55,288 [WARN] PackLoader:240 - Cannot read IP mode file for emotas.I-CUBE-CANOPEN.1.3.0
2025-05-02 11:53:55,301 [WARN] PackLoader:240 - Cannot read IP mode file for STMicroelectronics.X-CUBE-BLEMGR.3.1.0
2025-05-02 11:53:55,311 [WARN] PackLoader:240 - Cannot read IP mode file for STMicroelectronics.X-CUBE-AI.10.0.0
2025-05-02 11:53:55,320 [WARN] PackLoader:240 - Cannot read IP mode file for STMicroelectronics.FP-SNS-SMARTAG2.1.2.0
2025-05-02 11:53:55,330 [ERROR] Engine:466 - C:\Users\brady\.stm32cubemx\thirdparties\pdsc\STMicroelectronics.FP-SNS-FLIGHT1.5.1.0.pdsc: PDSC version is not supported
2025-05-02 11:53:55,502 [WARN] PackLoader:240 - Cannot read IP mode file for STMicroelectronics.X-CUBE-MEMS1.11.1.0
2025-05-02 11:53:55,729 [INFO] LogOutputStream:77 - [STDOUT_REDIRECT] 1 : Invalid condition id : UX_CORESTACK_Condition cause : null
2025-05-02 11:53:55,732 [INFO] LogOutputStream:77 - [STDOUT_REDIRECT] 1 : Invalid condition id : UX_CORESTACK_Condition cause : null
2025-05-02 11:53:55,737 [INFO] LogOutputStream:77 - [STDOUT_REDIRECT] 1 : Invalid condition id : UX_CORESTACK_Condition cause : null
2025-05-02 11:53:55,741 [INFO] LogOutputStream:77 - [STDOUT_REDIRECT] 1 : Invalid condition id : UX_CORESTACK_Condition cause : null
2025-05-02 11:53:55,744 [INFO] LogOutputStream:77 - [STDOUT_REDIRECT] 1 : Invalid condition id : UX_CORESTACK_Condition cause : null
2025-05-02 11:53:55,754 [WARN] PackLoader:240 - Cannot read IP mode file for STMicroelectronics.X-CUBE-AZRTOS-WL.2.0.0
2025-05-02 11:53:55,763 [WARN] PackLoader:240 - Cannot read IP mode file for STMicroelectronics.FP-SNS-MOTENV1.5.0.0
2025-05-02 11:53:55,773 [WARN] PackLoader:240 - Cannot read IP mode file for wolfSSL.I-CUBE-wolfMQTT.1.19.0
2025-05-02 11:53:55,794 [WARN] PackLoader:240 - Cannot read IP mode file for WES.I-CUBE-Cesium.1.3.0
2025-05-02 11:53:55,803 [WARN] PackLoader:240 - Cannot read IP mode file for STMicroelectronics.X-CUBE-BLE2.3.3.0
2025-05-02 11:53:55,813 [WARN] PackLoader:240 - Cannot read IP mode file for STMicroelectronics.X-CUBE-NFC9.1.0.0
2025-05-02 11:53:55,821 [WARN] PackLoader:240 - Cannot read IP mode file for STMicroelectronics.X-CUBE-BLE1.7.1.0
2025-05-02 11:53:55,836 [WARN] PackLoader:240 - Cannot read IP mode file for STMicroelectronics.X-CUBE-TCPP.4.1.0
2025-05-02 11:53:55,902 [WARN] PackLoader:240 - Cannot read IP mode file for STMicroelectronics.X-CUBE-MEMS1.11.2.0
2025-05-02 11:53:56,080 [WARN] PackLoader:240 - Cannot read IP mode file for STMicroelectronics.X-CUBE-AZRTOS-G0.1.1.0
2025-05-02 11:53:56,095 [WARN] PackLoader:240 - Cannot read IP mode file for STMicroelectronics.X-CUBE-SAFEA1.1.2.2
2025-05-02 11:53:56,106 [WARN] PackLoader:240 - Cannot read IP mode file for STMicroelectronics.X-CUBE-NFC4.3.0.0
2025-05-02 11:53:56,124 [WARN] PackLoader:240 - Cannot read IP mode file for EmbeddedOffice.I-CUBE-FS-RTOS.1.0.1
2025-05-02 11:53:56,124 [ERROR] ConditionMgr:805 - Attr not supported : Dmpu
2025-05-02 11:53:56,124 [ERROR] ConditionMgr:805 - Attr not supported : Dmpu
2025-05-02 11:53:56,125 [ERROR] ConditionMgr:805 - Attr not supported : Dmpu
2025-05-02 11:53:56,141 [ERROR] ConditionMgr:805 - Attr not supported : Dmpu
2025-05-02 11:53:56,141 [ERROR] ConditionMgr:805 - Attr not supported : Dmpu
2025-05-02 11:53:56,142 [ERROR] ConditionMgr:805 - Attr not supported : Dmpu
2025-05-02 11:53:56,142 [ERROR] ConditionMgr:805 - Attr not supported : Dmpu
2025-05-02 11:53:56,142 [ERROR] ConditionMgr:805 - Attr not supported : Dmpu
2025-05-02 11:53:56,142 [ERROR] ConditionMgr:805 - Attr not supported : Dmpu
2025-05-02 11:53:56,142 [ERROR] ConditionMgr:805 - Attr not supported : Dmpu
2025-05-02 11:53:56,143 [ERROR] ConditionMgr:805 - Attr not supported : Dmpu
2025-05-02 11:53:56,143 [ERROR] ConditionMgr:805 - Attr not supported : Dmpu
2025-05-02 11:53:56,143 [ERROR] ConditionMgr:805 - Attr not supported : Dmpu
2025-05-02 11:53:56,143 [ERROR] ConditionMgr:805 - Attr not supported : Dmpu
2025-05-02 11:53:56,144 [ERROR] ConditionMgr:805 - Attr not supported : Dmpu
2025-05-02 11:53:56,144 [ERROR] ConditionMgr:805 - Attr not supported : Dmpu
2025-05-02 11:53:56,144 [ERROR] ConditionMgr:805 - Attr not supported : Dmpu
2025-05-02 11:53:56,144 [ERROR] ConditionMgr:805 - Attr not supported : Dmpu
2025-05-02 11:53:56,144 [ERROR] ConditionMgr:805 - Attr not supported : Dmpu
2025-05-02 11:53:56,144 [ERROR] ConditionMgr:805 - Attr not supported : Dmpu
2025-05-02 11:53:56,144 [ERROR] ConditionMgr:805 - Attr not supported : Dmpu
2025-05-02 11:53:56,144 [ERROR] ConditionMgr:805 - Attr not supported : Dmpu
2025-05-02 11:53:56,144 [ERROR] ConditionMgr:805 - Attr not supported : Dmpu
2025-05-02 11:53:56,145 [ERROR] ConditionMgr:805 - Attr not supported : Dmpu
2025-05-02 11:53:56,145 [ERROR] ConditionMgr:805 - Attr not supported : Dmpu
2025-05-02 11:53:56,145 [ERROR] ConditionMgr:805 - Attr not supported : Dmpu
2025-05-02 11:53:56,145 [ERROR] ConditionMgr:805 - Attr not supported : Dmpu
2025-05-02 11:53:56,145 [ERROR] ConditionMgr:805 - Attr not supported : Dmpu
2025-05-02 11:53:56,145 [ERROR] ConditionMgr:805 - Attr not supported : Dmpu
2025-05-02 11:53:56,145 [ERROR] ConditionMgr:805 - Attr not supported : Dmpu
2025-05-02 11:53:56,145 [ERROR] ConditionMgr:805 - Attr not supported : Dmpu
2025-05-02 11:53:56,146 [ERROR] ConditionMgr:805 - Attr not supported : Dmpu
2025-05-02 11:53:56,146 [ERROR] ConditionMgr:805 - Attr not supported : Dmpu
2025-05-02 11:53:56,146 [ERROR] ConditionMgr:805 - Attr not supported : Dmpu
2025-05-02 11:53:56,146 [ERROR] ConditionMgr:805 - Attr not supported : Dmpu
2025-05-02 11:53:56,146 [ERROR] ConditionMgr:805 - Attr not supported : Dmpu
2025-05-02 11:53:56,146 [ERROR] ConditionMgr:805 - Attr not supported : Dmpu
2025-05-02 11:53:56,147 [ERROR] ConditionMgr:805 - Attr not supported : Dmpu
2025-05-02 11:53:56,147 [ERROR] ConditionMgr:805 - Attr not supported : Dmpu
2025-05-02 11:53:56,147 [ERROR] ConditionMgr:805 - Attr not supported : Dmpu
2025-05-02 11:53:56,147 [ERROR] ConditionMgr:805 - Attr not supported : Dmpu
2025-05-02 11:53:56,147 [ERROR] ConditionMgr:805 - Attr not supported : Dmpu
2025-05-02 11:53:56,147 [ERROR] ConditionMgr:805 - Attr not supported : Dmpu
2025-05-02 11:53:56,147 [ERROR] ConditionMgr:805 - Attr not supported : Dmpu
2025-05-02 11:53:56,147 [ERROR] ConditionMgr:805 - Attr not supported : Dmpu
2025-05-02 11:53:56,147 [ERROR] ConditionMgr:805 - Attr not supported : Dmpu
2025-05-02 11:53:56,147 [ERROR] ConditionMgr:805 - Attr not supported : Dmpu
2025-05-02 11:53:56,148 [ERROR] ConditionMgr:805 - Attr not supported : Dmpu
2025-05-02 11:53:56,148 [ERROR] ConditionMgr:805 - Attr not supported : Dmpu
2025-05-02 11:53:56,148 [ERROR] ConditionMgr:805 - Attr not supported : Dmpu
2025-05-02 11:53:56,148 [ERROR] ConditionMgr:805 - Attr not supported : Dmpu
2025-05-02 11:53:56,148 [ERROR] ConditionMgr:805 - Attr not supported : Dmpu
2025-05-02 11:53:56,148 [ERROR] ConditionMgr:805 - Attr not supported : Dmpu
2025-05-02 11:53:56,148 [ERROR] ConditionMgr:805 - Attr not supported : Dmpu
2025-05-02 11:53:56,148 [ERROR] ConditionMgr:805 - Attr not supported : Dmpu
2025-05-02 11:53:56,148 [ERROR] ConditionMgr:805 - Attr not supported : Dmpu
2025-05-02 11:53:56,149 [ERROR] ConditionMgr:805 - Attr not supported : Dmpu
2025-05-02 11:53:56,149 [ERROR] ConditionMgr:805 - Attr not supported : Dmpu
2025-05-02 11:53:56,149 [ERROR] ConditionMgr:805 - Attr not supported : Dmpu
2025-05-02 11:53:56,149 [ERROR] ConditionMgr:805 - Attr not supported : Dmpu
2025-05-02 11:53:56,149 [ERROR] ConditionMgr:805 - Attr not supported : Dmpu
2025-05-02 11:53:56,149 [ERROR] ConditionMgr:805 - Attr not supported : Dmpu
2025-05-02 11:53:56,149 [ERROR] ConditionMgr:805 - Attr not supported : Dmpu
2025-05-02 11:53:56,149 [ERROR] ConditionMgr:805 - Attr not supported : Dmpu
2025-05-02 11:53:56,158 [WARN] PackLoader:240 - Cannot read IP mode file for STMicroelectronics.X-CUBE-WB05N.2.0.0
2025-05-02 11:53:56,166 [ERROR] Engine:466 - C:\Users\brady\.stm32cubemx\thirdparties\pdsc\STMicroelectronics.X-CUBE-TCPP.4.2.0.pdsc: PDSC version is not supported
2025-05-02 11:53:56,175 [WARN] PackLoader:240 - Cannot read IP mode file for RealThread.X-CUBE-RT-Thread_Nano.4.1.1
2025-05-02 11:53:56,183 [WARN] PackLoader:240 - Cannot read IP mode file for STMicroelectronics.FP-ATR-SIGFOX1.3.2.0
2025-05-02 11:53:56,190 [WARN] PackLoader:240 - Cannot read IP mode file for wolfSSL.I-CUBE-wolfSSL.5.7.2
2025-05-02 11:53:56,197 [WARN] ConditionMgr:438 - getConditionDescription Invalid condition id : Cortex-A Device cause : null
2025-05-02 11:53:56,243 [WARN] ConditionMgr:1039 - genDependencies : Invalid condition id : Cortex-A Device cause : null
2025-05-02 11:53:56,243 [WARN] ConditionMgr:1039 - genDependencies : Invalid condition id : Cortex-A Device cause : null
2025-05-02 11:53:56,243 [WARN] ConditionMgr:1039 - genDependencies : Invalid condition id : Cortex-A Device cause : null
2025-05-02 11:53:56,251 [WARN] PackLoader:240 - Cannot read IP mode file for STMicroelectronics.X-CUBE-EEPRMA1.5.1.0
2025-05-02 11:53:56,261 [WARN] PackLoader:240 - Cannot read IP mode file for ITTIA_DB.I-CUBE-ITTIADB.8.9.0
2025-05-02 11:53:56,302 [WARN] PackLoader:240 - Cannot read IP mode file for SEGGER.I-CUBE-embOS.1.3.1
2025-05-02 11:53:56,384 [WARN] PackLoader:240 - Cannot read IP mode file for STMicroelectronics.X-CUBE-ALGOBUILD.1.4.0
2025-05-02 11:53:56,390 [WARN] PackLoader:240 - Cannot read IP mode file for STMicroelectronics.X-CUBE-AI.9.1.0
2025-05-02 11:53:56,399 [WARN] PackLoader:240 - Cannot read IP mode file for STMicroelectronics.X-CUBE-GNSS1.6.0.0
2025-05-02 11:53:56,431 [WARN] PackLoader:240 - Cannot read IP mode file for STMicroelectronics.X-CUBE-AZRTOS-F4.1.1.0
2025-05-02 11:53:56,438 [ERROR] Engine:466 - C:\Users\brady\.stm32cubemx\thirdparties\pdsc\Avnet-IotConnect.X-CUBE-IoTC-DA16k-PMOD.1.0.0.pdsc: PDSC version is not supported
2025-05-02 11:53:56,444 [WARN] PackLoader:240 - Cannot read IP mode file for STMicroelectronics.X-CUBE-ISPU.2.1.0
2025-05-02 11:53:56,452 [WARN] PackLoader:240 - Cannot read IP mode file for STMicroelectronics.X-CUBE-FREERTOS.1.2.0
2025-05-02 11:53:56,482 [WARN] PackLoader:240 - Cannot read IP mode file for STMicroelectronics.X-CUBE-AZRTOS-L5.2.0.0
2025-05-02 11:53:56,500 [WARN] PackLoader:240 - Cannot read IP mode file for STMicroelectronics.X-CUBE-NFC6.3.1.0
2025-05-02 11:53:56,513 [WARN] PackLoader:240 - Cannot read IP mode file for STMicroelectronics.X-CUBE-DPower.1.2.0
2025-05-02 11:53:56,519 [WARN] PackLoader:240 - Cannot read IP mode file for STMicroelectronics.X-CUBE-AI.9.0.0
2025-05-02 11:53:56,528 [WARN] PackLoader:240 - Cannot read IP mode file for STMicroelectronics.X-CUBE-FREERTOS.1.3.0
2025-05-02 11:53:56,536 [WARN] PackLoader:240 - Cannot read IP mode file for STMicroelectronics.X-CUBE-NFC7.1.0.1
2025-05-02 11:53:56,545 [WARN] PackLoader:240 - Cannot read IP mode file for STMicroelectronics.X-CUBE-DPower.1.3.0
2025-05-02 11:53:56,579 [WARN] ConditionMgr:438 - getConditionDescription Invalid condition id : LAN8742 Phy interface Condition cause : null
2025-05-02 11:53:56,580 [WARN] PackLoader:240 - Cannot read IP mode file for STMicroelectronics.X-CUBE-AZRTOS-L4.2.0.0
2025-05-02 11:53:56,583 [WARN] ConditionMgr:1039 - genDependencies : Invalid condition id : LAN8742 Phy interface Condition cause : null
2025-05-02 11:53:56,583 [WARN] ConditionMgr:1039 - genDependencies : Invalid condition id : LAN8742 Phy interface Condition cause : null
2025-05-02 11:53:56,584 [WARN] ConditionMgr:1039 - genDependencies : Invalid condition id : LAN8742 Phy interface Condition cause : null
2025-05-02 11:53:56,594 [WARN] PackLoader:240 - Cannot read IP mode file for STMicroelectronics.X-CUBE-SFXS2LP1.4.0.0
2025-05-02 11:53:56,622 [WARN] PackLoader:240 - Cannot read IP mode file for STMicroelectronics.X-CUBE-AZRTOS-H7.3.3.0
2025-05-02 11:53:56,645 [WARN] PackLoader:240 - Cannot read IP mode file for STMicroelectronics.X-CUBE-IPS.3.0.0
2025-05-02 11:53:56,669 [WARN] ConditionMgr:438 - getConditionDescription Invalid condition id : UX DEVICE CLASS RTOS Condition cause : null
2025-05-02 11:53:56,670 [WARN] ConditionMgr:438 - getConditionDescription Invalid condition id : UX DEVICE CLASS RTOS Condition cause : null
2025-05-02 11:53:56,672 [WARN] PackLoader:240 - Cannot read IP mode file for STMicroelectronics.X-CUBE-AZRTOS-WB.2.0.0
2025-05-02 11:53:56,672 [WARN] ConditionMgr:1039 - genDependencies : Invalid condition id : UX DEVICE CLASS RTOS Condition cause : null
2025-05-02 11:53:56,672 [WARN] ConditionMgr:1039 - genDependencies : Invalid condition id : UX DEVICE CLASS RTOS Condition cause : null
2025-05-02 11:53:56,672 [WARN] ConditionMgr:1039 - genDependencies : Invalid condition id : UX DEVICE CLASS RTOS Condition cause : null
2025-05-02 11:53:56,674 [WARN] ConditionMgr:1039 - genDependencies : Invalid condition id : UX DEVICE CLASS RTOS Condition cause : null
2025-05-02 11:53:56,674 [WARN] ConditionMgr:1039 - genDependencies : Invalid condition id : UX DEVICE CLASS RTOS Condition cause : null
2025-05-02 11:53:56,681 [WARN] PackLoader:240 - Cannot read IP mode file for STMicroelectronics.X-CUBE-GNSS1.7.0.0
2025-05-02 11:53:56,689 [WARN] PackLoader:240 - Cannot read IP mode file for STMicroelectronics.X-CUBE-GNSS1.7.0.1
2025-05-02 11:53:56,702 [WARN] PackLoader:240 - Cannot read IP mode file for STMicroelectronics.X-CUBE-TOUCHGFX.4.25.0
2025-05-02 11:53:56,712 [WARN] PackLoader:240 - Cannot read IP mode file for STMicroelectronics.FP-SNS-STBOX1.2.0.0
2025-05-02 11:53:56,735 [WARN] PackLoader:240 - Cannot read IP mode file for STMicroelectronics.X-CUBE-SUBG2.5.0.0
2025-05-02 11:53:56,774 [WARN] PackLoader:240 - Cannot read IP mode file for STMicroelectronics.X-CUBE-AZRTOS-H7RS.1.1.0
2025-05-02 11:53:56,785 [WARN] PackLoader:240 - Cannot read IP mode file for Cesanta.I-CUBE-Mongoose.7.13.0
2025-05-02 11:53:56,817 [WARN] PackLoader:240 - Cannot read IP mode file for STMicroelectronics.X-CUBE-AZRTOS-G4.2.0.0
2025-05-02 11:53:56,825 [WARN] PackLoader:240 - Cannot read IP mode file for STMicroelectronics.X-CUBE-ISPU.2.0.0
2025-05-02 11:53:56,833 [ERROR] Engine:466 - C:\Users\brady\.stm32cubemx\thirdparties\pdsc\STMicroelectronics.X-CUBE-IPS.3.1.0.pdsc: PDSC version is not supported
2025-05-02 11:53:56,839 [WARN] PackLoader:240 - Cannot read IP mode file for STMicroelectronics.X-CUBE-ALS.1.0.2
2025-05-02 11:53:56,845 [WARN] PackLoader:240 - Cannot read IP mode file for STMicroelectronics.X-CUBE-TOUCHGFX.4.24.0
2025-05-02 11:53:56,851 [WARN] PackLoader:240 - Cannot read IP mode file for STMicroelectronics.X-CUBE-TOUCHGFX.4.24.2
2025-05-02 11:53:56,857 [WARN] PackLoader:240 - Cannot read IP mode file for STMicroelectronics.X-CUBE-TOUCHGFX.4.24.1
2025-05-02 11:53:56,863 [WARN] PackLoader:240 - Cannot read IP mode file for wolfSSL.I-CUBE-wolfTPM.3.4.0
2025-05-02 11:53:56,874 [WARN] PackLoader:240 - Cannot read IP mode file for portGmbH.I-Cube-SoM-uGOAL.1.1.0
2025-05-02 11:53:56,914 [WARN] PackLoader:240 - Cannot read IP mode file for STMicroelectronics.X-CUBE-AZRTOS-H7RS.1.0.0
2025-05-02 11:53:56,925 [WARN] PackLoader:240 - Cannot read IP mode file for STMicroelectronics.FP-ATR-ASTRA1.2.0.0
2025-05-02 11:53:56,943 [WARN] PackLoader:240 - Cannot read IP mode file for STMicroelectronics.X-CUBE-TOF1.3.4.2
2025-05-02 11:53:56,967 [ERROR] Engine:466 - C:\Users\brady\.stm32cubemx\thirdparties\pdsc\STMicroelectronics.X-CUBE-TOF1.3.4.3.pdsc: PDSC version is not supported
2025-05-02 11:53:56,998 [WARN] PackLoader:240 - Cannot read IP mode file for Infineon.AIROC-Wi-Fi-Bluetooth-STM32.1.6.1
2025-05-02 11:53:57,017 [WARN] PackLoader:240 - Cannot read IP mode file for wolfSSL.I-CUBE-wolfSSH.1.4.17
2025-05-02 11:53:57,019 [INFO] ThirdParty:978 - Integrity check success = true
2025-05-02 11:53:57,020 [INFO] IntegrityCheckThread:100 - exiting critical section [integrity check]
2025-05-02 11:53:57,020 [INFO] IntegrityCheckThread:103 - End integrity checks thread
2025-05-02 11:53:58,541 [INFO] WebApp:167 - Instantiating new browser for Auth
2025-05-02 11:53:59,818 [INFO] WebApp:448 - Apply proxy settings
2025-05-02 11:53:59,818 [INFO] WebApp:533 - Chromium requires no authentication
2025-05-02 11:53:59,846 [INFO] WebApp:476 - Direct internet connection detected
2025-05-02 11:53:59,916 [INFO] WebApp:869 - Register for checkConnection events
2025-05-02 11:53:59,916 [INFO] WebApp:448 - Apply proxy settings
2025-05-02 11:53:59,916 [INFO] WebApp:533 - Chromium requires no authentication
2025-05-02 11:53:59,917 [INFO] WebApp:476 - Direct internet connection detected
2025-05-02 11:54:00,045 [INFO] WebApp:186 - Connection restablished
2025-05-02 11:54:00,259 [INFO] WebApp:220 - Starting web application
2025-05-02 11:54:00,260 [INFO] WebApp:578 - Web application path used C:\ST\STM32CubeIDE_1.16.0\STM32CubeIDE\plugins\com.st.stm32cube.common.mx_6.12.0.202406281431\db\plugins\mcufinder\reactClient1\index.html
2025-05-02 12:03:45,567 [INFO] WebApp:189 - Connection lost
2025-05-02 12:03:45,728 [INFO] WebApp:186 - Connection restablished
2025-05-02 12:04:17,686 [INFO] WebApp:189 - Connection lost
2025-05-02 12:04:17,852 [INFO] WebApp:186 - Connection restablished
2025-05-02 12:17:57,352 [INFO] WebApp:189 - Connection lost
2025-05-02 12:17:57,631 [INFO] WebApp:186 - Connection restablished
2025-05-02 12:42:27,773 [INFO] WebApp:189 - Connection lost
2025-05-02 12:42:27,893 [INFO] WebApp:186 - Connection restablished
2025-05-02 12:47:16,824 [INFO] WebApp:189 - Connection lost
2025-05-02 12:47:17,285 [INFO] WebApp:186 - Connection restablished
2025-05-02 12:47:20,048 [INFO] WebApp:189 - Connection lost
2025-05-02 12:47:20,370 [INFO] WebApp:186 - Connection restablished
2025-05-02 13:17:43,275 [INFO] WebApp:189 - Connection lost
2025-05-02 13:17:43,669 [INFO] WebApp:186 - Connection restablished
2025-05-02 13:46:27,285 [INFO] WebApp:189 - Connection lost
2025-05-02 13:46:27,376 [INFO] WebApp:186 - Connection restablished
2025-05-02 13:49:18,787 [INFO] WebApp:189 - Connection lost
2025-05-02 13:49:18,908 [INFO] WebApp:186 - Connection restablished
2025-05-02 14:00:10,744 [ERROR] LogOutputStream:75 - [STDERR_REDIRECT] 
