2024-11-13 00:04:25,640 [INFO] WebApp:189 - Connection lost
2024-11-13 00:04:25,747 [INFO] WebApp:186 - Connection restablished
2024-11-13 00:14:26,122 [INFO] WebApp:189 - Connection lost
2024-11-13 00:14:26,231 [INFO] WebApp:186 - Connection restablished
2024-11-13 02:25:42,638 [INFO] WebApp:189 - Connection lost
2024-11-13 02:25:42,793 [INFO] WebApp:186 - Connection restablished
2024-11-13 02:28:48,117 [INFO] WebApp:189 - Connection lost
2024-11-13 02:28:48,225 [INFO] WebApp:186 - Connection restablished
2024-11-13 06:58:24,740 [INFO] WebApp:189 - Connection lost
2024-11-13 06:58:24,849 [INFO] WebApp:186 - Connection restablished
2024-11-13 07:09:28,223 [INFO] WebApp:189 - Connection lost
2024-11-13 07:09:28,333 [INFO] WebApp:186 - Connection restablished
2024-11-13 09:53:58,269 [INFO] WebApp:189 - Connection lost
2024-11-13 09:54:01,191 [INFO] WebApp:186 - Connection restablished
2024-11-13 09:54:04,661 [INFO] WebApp:189 - Connection lost
2024-11-13 09:54:04,855 [INFO] WebApp:186 - Connection restablished
2024-11-13 09:54:28,237 [INFO] WebApp:189 - Connection lost
2024-11-13 09:54:28,352 [INFO] WebApp:186 - Connection restablished
2024-11-13 09:58:25,217 [INFO] WebApp:189 - Connection lost
2024-11-13 09:58:25,349 [INFO] WebApp:186 - Connection restablished
2024-11-13 09:58:37,752 [INFO] WebApp:189 - Connection lost
2024-11-13 09:58:37,871 [INFO] WebApp:186 - Connection restablished
2024-11-13 10:05:55,784 [INFO] WebApp:189 - Connection lost
2024-11-13 10:05:55,915 [INFO] WebApp:186 - Connection restablished
2024-11-13 10:06:53,258 [INFO] WebApp:189 - Connection lost
2024-11-13 10:06:53,384 [INFO] WebApp:186 - Connection restablished
2024-11-13 10:55:57,362 [INFO] WebApp:189 - Connection lost
2024-11-13 10:55:57,920 [INFO] WebApp:186 - Connection restablished
2024-11-13 10:56:02,170 [INFO] WebApp:189 - Connection lost
2024-11-13 10:56:02,321 [INFO] WebApp:186 - Connection restablished
2024-11-13 11:04:08,385 [INFO] WebApp:189 - Connection lost
2024-11-13 11:04:08,481 [INFO] WebApp:186 - Connection restablished
2024-11-13 11:05:18,775 [INFO] WebApp:189 - Connection lost
2024-11-13 11:05:18,908 [INFO] WebApp:186 - Connection restablished
2024-11-13 11:07:20,252 [INFO] WebApp:189 - Connection lost
2024-11-13 11:07:20,366 [INFO] WebApp:186 - Connection restablished
2024-11-13 11:11:45,749 [INFO] WebApp:189 - Connection lost
2024-11-13 11:11:45,886 [INFO] WebApp:186 - Connection restablished
2024-11-13 11:14:47,762 [INFO] WebApp:189 - Connection lost
2024-11-13 11:14:47,884 [INFO] WebApp:186 - Connection restablished
2024-11-13 11:14:57,717 [INFO] WebApp:189 - Connection lost
2024-11-13 11:14:57,824 [INFO] WebApp:186 - Connection restablished
2024-11-13 11:15:42,762 [INFO] WebApp:189 - Connection lost
2024-11-13 11:15:42,871 [INFO] WebApp:186 - Connection restablished
2024-11-13 11:16:50,281 [INFO] WebApp:189 - Connection lost
2024-11-13 11:16:50,408 [INFO] WebApp:186 - Connection restablished
2024-11-13 11:20:10,715 [INFO] WebApp:189 - Connection lost
2024-11-13 11:20:10,889 [INFO] WebApp:186 - Connection restablished
2024-11-13 13:28:05,123 [INFO] WebApp:189 - Connection lost
2024-11-13 13:28:05,413 [INFO] WebApp:186 - Connection restablished
2024-11-13 13:28:11,662 [INFO] WebApp:189 - Connection lost
2024-11-13 13:28:11,766 [INFO] WebApp:186 - Connection restablished
2024-11-13 13:30:07,672 [INFO] WebApp:189 - Connection lost
2024-11-13 13:30:07,811 [INFO] WebApp:186 - Connection restablished
2024-11-13 13:30:20,677 [INFO] WebApp:189 - Connection lost
2024-11-13 13:30:20,765 [INFO] WebApp:186 - Connection restablished
2024-11-13 14:01:00,678 [INFO] WebApp:189 - Connection lost
2024-11-13 14:01:00,791 [INFO] WebApp:186 - Connection restablished
2024-11-13 14:07:37,163 [INFO] WebApp:189 - Connection lost
2024-11-13 14:07:37,263 [INFO] WebApp:186 - Connection restablished
2024-11-13 15:12:05,304 [INFO] UtilMem:75 - End SaveConfig() Used Memory: 814067472 Bytes (1073741824)
2024-11-13 15:12:05,380 [INFO] UtilMem:75 - End SaveConfig() Used Memory: 838145736 Bytes (1073741824)
2024-11-13 15:12:05,726 [INFO] UtilMem:75 - End SaveConfig() Used Memory: 876459792 Bytes (1073741824)
2024-11-13 15:12:05,843 [INFO] BlockDiagram:2766 - set Specific Code input for plugin: TIM1_8
2024-11-13 15:12:05,843 [INFO] BlockDiagram:2766 - set Specific Code input for plugin: TIM1_8
2024-11-13 15:12:05,843 [INFO] BlockDiagram:2766 - set Specific Code input for plugin: TIM1_8
2024-11-13 15:12:05,843 [INFO] BlockDiagram:2766 - set Specific Code input for plugin: SYS
2024-11-13 15:12:05,843 [INFO] BlockDiagram:2766 - set Specific Code input for plugin: RCC
2024-11-13 15:12:05,843 [INFO] BlockDiagram:2766 - set Specific Code input for plugin: I2C
2024-11-13 15:12:05,843 [INFO] BlockDiagram:2766 - set Specific Code input for plugin: USB_OTG_FS
2024-11-13 15:12:05,843 [INFO] BlockDiagram:2766 - set Specific Code input for plugin: NVIC
2024-11-13 15:12:05,843 [INFO] BlockDiagram:2766 - set Specific Code input for plugin: USART
2024-11-13 15:12:05,843 [INFO] BlockDiagram:2766 - set Specific Code input for plugin: USART
2024-11-13 15:12:05,843 [INFO] BlockDiagram:2766 - set Specific Code input for plugin: GPIO
2024-11-13 15:12:05,844 [INFO] CodeGenerator:807 - code generatio: config db path: C:\ST\STM32CubeIDE_1.16.0\STM32CubeIDE\plugins\com.st.stm32cube.common.mx_6.12.0.202406281431\\db\
2024-11-13 15:12:05,845 [WARN] IP:2191 - I2C_Coeff_DF not found: check if there is a RefParameter without a condition.
2024-11-13 15:12:05,845 [WARN] IP:2191 - Analog_Filter not found: check if there is a RefParameter without a condition.
2024-11-13 15:12:05,945 [INFO] CodeEngine:255 - oldGeneratedFile, C:\Users\brady\repos\UCI-CanSat-24-25\In-Flight-Software\Nucleo_Flight_Software\MXTmpFiles\license.tmp_save
2024-11-13 15:12:05,999 [INFO] CodeEngine:279 - Generated code: C:\Users\brady\repos\UCI-CanSat-24-25\In-Flight-Software\Nucleo_Flight_Software\MXTmpFiles\license.tmp
2024-11-13 15:12:06,051 [INFO] CodeEngine:255 - oldGeneratedFile, C:\Users\brady\repos\UCI-CanSat-24-25\In-Flight-Software\Nucleo_Flight_Software\MXTmpFiles\gpio.tmp_save
2024-11-13 15:12:06,115 [INFO] CodeEngine:279 - Generated code: C:\Users\brady\repos\UCI-CanSat-24-25\In-Flight-Software\Nucleo_Flight_Software\MXTmpFiles\gpio.tmp
2024-11-13 15:12:06,264 [WARN] IPConfigManager:3005 - Warning: the RefConfig PWREx_EnableUSBVoltageDetector is not available in your config.xml file
2024-11-13 15:12:06,287 [INFO] CodeEngine:255 - oldGeneratedFile, C:\Users\brady\repos\UCI-CanSat-24-25\In-Flight-Software\Nucleo_Flight_Software\Core\Src\stm32f4xx_it.c_save
2024-11-13 15:12:06,403 [INFO] CodeEngine:279 - Generated code: C:\Users\brady\repos\UCI-CanSat-24-25\In-Flight-Software\Nucleo_Flight_Software\Core\Src\stm32f4xx_it.c
2024-11-13 15:12:06,419 [INFO] CodeEngine:255 - oldGeneratedFile, C:\Users\brady\repos\UCI-CanSat-24-25\In-Flight-Software\Nucleo_Flight_Software\Core\Inc\stm32f4xx_it.h_save
2024-11-13 15:12:06,478 [INFO] CodeEngine:279 - Generated code: C:\Users\brady\repos\UCI-CanSat-24-25\In-Flight-Software\Nucleo_Flight_Software\Core\Inc\stm32f4xx_it.h
2024-11-13 15:12:06,500 [INFO] CodeEngine:255 - oldGeneratedFile, C:\Users\brady\repos\UCI-CanSat-24-25\In-Flight-Software\Nucleo_Flight_Software\Core\Src\stm32f4xx_hal_msp.c_save
2024-11-13 15:12:06,593 [INFO] CodeEngine:279 - Generated code: C:\Users\brady\repos\UCI-CanSat-24-25\In-Flight-Software\Nucleo_Flight_Software\Core\Src\stm32f4xx_hal_msp.c
2024-11-13 15:12:06,609 [INFO] CodeEngine:255 - oldGeneratedFile, C:\Users\brady\repos\UCI-CanSat-24-25\In-Flight-Software\Nucleo_Flight_Software\MXTmpFiles\system.tmp_save
2024-11-13 15:12:06,644 [INFO] CodeEngine:279 - Generated code: C:\Users\brady\repos\UCI-CanSat-24-25\In-Flight-Software\Nucleo_Flight_Software\MXTmpFiles\system.tmp
2024-11-13 15:12:06,661 [INFO] CodeEngine:311 - oldGeneratedFile, C:\Users\brady\repos\UCI-CanSat-24-25\In-Flight-Software\Nucleo_Flight_Software\Core\Inc\stm32f4xx_hal_conf.h_save
2024-11-13 15:12:06,713 [INFO] CodeEngine:335 - Generated code: C:\Users\brady\repos\UCI-CanSat-24-25\In-Flight-Software\Nucleo_Flight_Software\Core\Inc\stm32f4xx_hal_conf.h
2024-11-13 15:12:06,730 [WARN] IPConfigManager:3554 - IP not found : TIM
2024-11-13 15:12:06,730 [WARN] IPConfigManager:3554 - IP not found : USB_OTG
2024-11-13 15:12:06,730 [WARN] CodeGenerator:4002 - IP not found : null
2024-11-13 15:12:06,730 [WARN] CodeGenerator:4002 - IP not found : null
2024-11-13 15:12:06,748 [INFO] CodeEngine:255 - oldGeneratedFile, C:\Users\brady\repos\UCI-CanSat-24-25\In-Flight-Software\Nucleo_Flight_Software\Core\Inc\main.h_save
2024-11-13 15:12:06,799 [INFO] CodeEngine:279 - Generated code: C:\Users\brady\repos\UCI-CanSat-24-25\In-Flight-Software\Nucleo_Flight_Software\Core\Inc\main.h
2024-11-13 15:12:06,815 [INFO] CodeEngine:255 - oldGeneratedFile, C:\Users\brady\repos\UCI-CanSat-24-25\In-Flight-Software\Nucleo_Flight_Software\Core\Src\main.c_save
2024-11-13 15:12:06,951 [INFO] CodeEngine:279 - Generated code: C:\Users\brady\repos\UCI-CanSat-24-25\In-Flight-Software\Nucleo_Flight_Software\Core\Src\main.c
2024-11-13 15:12:07,252 [INFO] ProjectBuilder:3249 - Time for Copy HAL[1] : 168mS.
2024-11-13 15:12:07,254 [INFO] ProjectBuilder:4828 - Project Generator version: 4.4.0-B60
2024-11-13 15:12:07,298 [INFO] ConfigFileManager:1531 - The Die is : DIE441
2024-11-13 15:12:07,739 [INFO] ProjectBuilder:5097 - Time for Generating toolchain IDE Files: 485mS.
2024-11-13 15:12:07,740 [INFO] ProjectBuilder:3107 - Time for Copy CMSIS : 0mS.
2024-11-13 15:12:07,742 [INFO] ProjectBuilder:3107 - Time for Copy CMSIS : 0mS.
2024-11-13 15:16:08,705 [INFO] UtilMem:75 - End SaveConfig() Used Memory: 852774136 Bytes (1073741824)
2024-11-13 15:16:08,767 [INFO] UtilMem:75 - End SaveConfig() Used Memory: 876503704 Bytes (1073741824)
2024-11-13 15:16:09,109 [INFO] UtilMem:75 - End SaveConfig() Used Memory: 914777848 Bytes (1073741824)
2024-11-13 15:16:09,250 [INFO] BlockDiagram:2766 - set Specific Code input for plugin: TIM1_8
2024-11-13 15:16:09,250 [INFO] BlockDiagram:2766 - set Specific Code input for plugin: TIM1_8
2024-11-13 15:16:09,250 [INFO] BlockDiagram:2766 - set Specific Code input for plugin: TIM1_8
2024-11-13 15:16:09,250 [INFO] BlockDiagram:2766 - set Specific Code input for plugin: SYS
2024-11-13 15:16:09,250 [INFO] BlockDiagram:2766 - set Specific Code input for plugin: RCC
2024-11-13 15:16:09,250 [INFO] BlockDiagram:2766 - set Specific Code input for plugin: I2C
2024-11-13 15:16:09,250 [INFO] BlockDiagram:2766 - set Specific Code input for plugin: USB_OTG_FS
2024-11-13 15:16:09,250 [INFO] BlockDiagram:2766 - set Specific Code input for plugin: NVIC
2024-11-13 15:16:09,250 [INFO] BlockDiagram:2766 - set Specific Code input for plugin: USART
2024-11-13 15:16:09,250 [INFO] BlockDiagram:2766 - set Specific Code input for plugin: USART
2024-11-13 15:16:09,251 [INFO] BlockDiagram:2766 - set Specific Code input for plugin: GPIO
2024-11-13 15:16:09,251 [INFO] CodeGenerator:807 - code generatio: config db path: C:\ST\STM32CubeIDE_1.16.0\STM32CubeIDE\plugins\com.st.stm32cube.common.mx_6.12.0.202406281431\\db\
2024-11-13 15:16:09,252 [WARN] IP:2191 - I2C_Coeff_DF not found: check if there is a RefParameter without a condition.
2024-11-13 15:16:09,252 [WARN] IP:2191 - Analog_Filter not found: check if there is a RefParameter without a condition.
2024-11-13 15:16:09,310 [INFO] CodeEngine:255 - oldGeneratedFile, C:\Users\brady\repos\UCI-CanSat-24-25\In-Flight-Software\Nucleo_Flight_Software\MXTmpFiles\license.tmp_save
2024-11-13 15:16:09,366 [INFO] CodeEngine:279 - Generated code: C:\Users\brady\repos\UCI-CanSat-24-25\In-Flight-Software\Nucleo_Flight_Software\MXTmpFiles\license.tmp
2024-11-13 15:16:09,386 [INFO] CodeEngine:255 - oldGeneratedFile, C:\Users\brady\repos\UCI-CanSat-24-25\In-Flight-Software\Nucleo_Flight_Software\MXTmpFiles\gpio.tmp_save
2024-11-13 15:16:09,455 [INFO] CodeEngine:279 - Generated code: C:\Users\brady\repos\UCI-CanSat-24-25\In-Flight-Software\Nucleo_Flight_Software\MXTmpFiles\gpio.tmp
2024-11-13 15:16:09,574 [WARN] IPConfigManager:3005 - Warning: the RefConfig PWREx_EnableUSBVoltageDetector is not available in your config.xml file
2024-11-13 15:16:09,593 [INFO] CodeEngine:255 - oldGeneratedFile, C:\Users\brady\repos\UCI-CanSat-24-25\In-Flight-Software\Nucleo_Flight_Software\Core\Src\stm32f4xx_it.c_save
2024-11-13 15:16:09,640 [INFO] CodeEngine:279 - Generated code: C:\Users\brady\repos\UCI-CanSat-24-25\In-Flight-Software\Nucleo_Flight_Software\Core\Src\stm32f4xx_it.c
2024-11-13 15:16:09,644 [INFO] CodeEngine:255 - oldGeneratedFile, C:\Users\brady\repos\UCI-CanSat-24-25\In-Flight-Software\Nucleo_Flight_Software\Core\Inc\stm32f4xx_it.h_save
2024-11-13 15:16:09,683 [INFO] CodeEngine:279 - Generated code: C:\Users\brady\repos\UCI-CanSat-24-25\In-Flight-Software\Nucleo_Flight_Software\Core\Inc\stm32f4xx_it.h
2024-11-13 15:16:09,701 [INFO] CodeEngine:255 - oldGeneratedFile, C:\Users\brady\repos\UCI-CanSat-24-25\In-Flight-Software\Nucleo_Flight_Software\Core\Src\stm32f4xx_hal_msp.c_save
2024-11-13 15:16:09,767 [INFO] CodeEngine:279 - Generated code: C:\Users\brady\repos\UCI-CanSat-24-25\In-Flight-Software\Nucleo_Flight_Software\Core\Src\stm32f4xx_hal_msp.c
2024-11-13 15:16:09,771 [INFO] CodeEngine:255 - oldGeneratedFile, C:\Users\brady\repos\UCI-CanSat-24-25\In-Flight-Software\Nucleo_Flight_Software\MXTmpFiles\system.tmp_save
2024-11-13 15:16:09,804 [INFO] CodeEngine:279 - Generated code: C:\Users\brady\repos\UCI-CanSat-24-25\In-Flight-Software\Nucleo_Flight_Software\MXTmpFiles\system.tmp
2024-11-13 15:16:09,816 [INFO] CodeEngine:311 - oldGeneratedFile, C:\Users\brady\repos\UCI-CanSat-24-25\In-Flight-Software\Nucleo_Flight_Software\Core\Inc\stm32f4xx_hal_conf.h_save
2024-11-13 15:16:09,875 [INFO] CodeEngine:335 - Generated code: C:\Users\brady\repos\UCI-CanSat-24-25\In-Flight-Software\Nucleo_Flight_Software\Core\Inc\stm32f4xx_hal_conf.h
2024-11-13 15:16:09,890 [WARN] IPConfigManager:3554 - IP not found : TIM
2024-11-13 15:16:09,890 [WARN] IPConfigManager:3554 - IP not found : USB_OTG
2024-11-13 15:16:09,890 [WARN] CodeGenerator:4002 - IP not found : null
2024-11-13 15:16:09,890 [WARN] CodeGenerator:4002 - IP not found : null
2024-11-13 15:16:09,903 [INFO] CodeEngine:255 - oldGeneratedFile, C:\Users\brady\repos\UCI-CanSat-24-25\In-Flight-Software\Nucleo_Flight_Software\Core\Inc\main.h_save
2024-11-13 15:16:09,943 [INFO] CodeEngine:279 - Generated code: C:\Users\brady\repos\UCI-CanSat-24-25\In-Flight-Software\Nucleo_Flight_Software\Core\Inc\main.h
2024-11-13 15:16:09,953 [INFO] CodeEngine:255 - oldGeneratedFile, C:\Users\brady\repos\UCI-CanSat-24-25\In-Flight-Software\Nucleo_Flight_Software\Core\Src\main.c_save
2024-11-13 15:16:10,062 [INFO] CodeEngine:279 - Generated code: C:\Users\brady\repos\UCI-CanSat-24-25\In-Flight-Software\Nucleo_Flight_Software\Core\Src\main.c
2024-11-13 15:16:10,327 [INFO] ProjectBuilder:3249 - Time for Copy HAL[1] : 161mS.
2024-11-13 15:16:10,329 [INFO] ProjectBuilder:4828 - Project Generator version: 4.4.0-B60
2024-11-13 15:16:10,369 [INFO] ConfigFileManager:1531 - The Die is : DIE441
2024-11-13 15:16:10,771 [INFO] ProjectBuilder:5097 - Time for Generating toolchain IDE Files: 442mS.
2024-11-13 15:16:10,772 [INFO] ProjectBuilder:3107 - Time for Copy CMSIS : 1mS.
2024-11-13 15:16:10,775 [INFO] ProjectBuilder:3107 - Time for Copy CMSIS : 1mS.
2024-11-13 15:20:28,529 [WARN] IP:2191 - I2C_Coeff_DF not found: check if there is a RefParameter without a condition.
2024-11-13 15:20:28,529 [WARN] IP:2191 - Analog_Filter not found: check if there is a RefParameter without a condition.
2024-11-13 15:20:28,529 [WARN] IP:2191 - I2C_Coeff_DF not found: check if there is a RefParameter without a condition.
2024-11-13 15:20:28,529 [WARN] IP:2191 - Analog_Filter not found: check if there is a RefParameter without a condition.
2024-11-13 15:20:28,603 [WARN] IP:2191 - I2C_Coeff_DF not found: check if there is a RefParameter without a condition.
2024-11-13 15:20:28,604 [WARN] IP:2191 - Analog_Filter not found: check if there is a RefParameter without a condition.
2024-11-13 15:20:28,604 [WARN] IP:2191 - I2C_Coeff_DF not found: check if there is a RefParameter without a condition.
2024-11-13 15:20:28,604 [WARN] IP:2191 - Analog_Filter not found: check if there is a RefParameter without a condition.
2024-11-13 15:20:50,207 [WARN] IP:2191 - I2C_Coeff_DF not found: check if there is a RefParameter without a condition.
2024-11-13 15:20:50,207 [WARN] IP:2191 - Analog_Filter not found: check if there is a RefParameter without a condition.
2024-11-13 15:20:50,207 [WARN] IP:2191 - I2C_Coeff_DF not found: check if there is a RefParameter without a condition.
2024-11-13 15:20:50,207 [WARN] IP:2191 - Analog_Filter not found: check if there is a RefParameter without a condition.
2024-11-13 15:20:50,272 [WARN] IP:2191 - I2C_Coeff_DF not found: check if there is a RefParameter without a condition.
2024-11-13 15:20:50,272 [WARN] IP:2191 - Analog_Filter not found: check if there is a RefParameter without a condition.
2024-11-13 15:20:50,272 [WARN] IP:2191 - I2C_Coeff_DF not found: check if there is a RefParameter without a condition.
2024-11-13 15:20:50,272 [WARN] IP:2191 - Analog_Filter not found: check if there is a RefParameter without a condition.
2024-11-13 15:20:52,831 [INFO] UtilMem:75 - End SaveConfig() Used Memory: 714583264 Bytes (1073741824)
2024-11-13 15:20:52,893 [INFO] UtilMem:75 - End SaveConfig() Used Memory: 738178272 Bytes (1073741824)
2024-11-13 15:20:53,201 [INFO] UtilMem:75 - End SaveConfig() Used Memory: 777497824 Bytes (1073741824)
2024-11-13 15:20:53,332 [INFO] BlockDiagram:2766 - set Specific Code input for plugin: TIM1_8
2024-11-13 15:20:53,332 [INFO] BlockDiagram:2766 - set Specific Code input for plugin: TIM1_8
2024-11-13 15:20:53,332 [INFO] BlockDiagram:2766 - set Specific Code input for plugin: TIM1_8
2024-11-13 15:20:53,332 [INFO] BlockDiagram:2766 - set Specific Code input for plugin: SYS
2024-11-13 15:20:53,332 [INFO] BlockDiagram:2766 - set Specific Code input for plugin: RCC
2024-11-13 15:20:53,332 [INFO] BlockDiagram:2766 - set Specific Code input for plugin: I2C
2024-11-13 15:20:53,332 [INFO] BlockDiagram:2766 - set Specific Code input for plugin: USB_OTG_FS
2024-11-13 15:20:53,332 [INFO] BlockDiagram:2766 - set Specific Code input for plugin: NVIC
2024-11-13 15:20:53,332 [INFO] BlockDiagram:2766 - set Specific Code input for plugin: USART
2024-11-13 15:20:53,332 [INFO] BlockDiagram:2766 - set Specific Code input for plugin: USART
2024-11-13 15:20:53,334 [INFO] BlockDiagram:2766 - set Specific Code input for plugin: GPIO
2024-11-13 15:20:53,334 [INFO] CodeGenerator:807 - code generatio: config db path: C:\ST\STM32CubeIDE_1.16.0\STM32CubeIDE\plugins\com.st.stm32cube.common.mx_6.12.0.202406281431\\db\
2024-11-13 15:20:53,335 [WARN] IP:2191 - I2C_Coeff_DF not found: check if there is a RefParameter without a condition.
2024-11-13 15:20:53,335 [WARN] IP:2191 - Analog_Filter not found: check if there is a RefParameter without a condition.
2024-11-13 15:20:53,380 [INFO] CodeEngine:255 - oldGeneratedFile, C:\Users\brady\repos\UCI-CanSat-24-25\In-Flight-Software\Nucleo_Flight_Software\MXTmpFiles\license.tmp_save
2024-11-13 15:20:53,427 [INFO] CodeEngine:279 - Generated code: C:\Users\brady\repos\UCI-CanSat-24-25\In-Flight-Software\Nucleo_Flight_Software\MXTmpFiles\license.tmp
2024-11-13 15:20:53,443 [INFO] CodeEngine:255 - oldGeneratedFile, C:\Users\brady\repos\UCI-CanSat-24-25\In-Flight-Software\Nucleo_Flight_Software\MXTmpFiles\gpio.tmp_save
2024-11-13 15:20:53,486 [INFO] CodeEngine:279 - Generated code: C:\Users\brady\repos\UCI-CanSat-24-25\In-Flight-Software\Nucleo_Flight_Software\MXTmpFiles\gpio.tmp
2024-11-13 15:20:53,592 [WARN] IPConfigManager:3005 - Warning: the RefConfig PWREx_EnableUSBVoltageDetector is not available in your config.xml file
2024-11-13 15:20:53,612 [INFO] CodeEngine:255 - oldGeneratedFile, C:\Users\brady\repos\UCI-CanSat-24-25\In-Flight-Software\Nucleo_Flight_Software\Core\Src\stm32f4xx_it.c_save
2024-11-13 15:20:53,669 [INFO] CodeEngine:279 - Generated code: C:\Users\brady\repos\UCI-CanSat-24-25\In-Flight-Software\Nucleo_Flight_Software\Core\Src\stm32f4xx_it.c
2024-11-13 15:20:53,674 [INFO] CodeEngine:255 - oldGeneratedFile, C:\Users\brady\repos\UCI-CanSat-24-25\In-Flight-Software\Nucleo_Flight_Software\Core\Inc\stm32f4xx_it.h_save
2024-11-13 15:20:53,714 [INFO] CodeEngine:279 - Generated code: C:\Users\brady\repos\UCI-CanSat-24-25\In-Flight-Software\Nucleo_Flight_Software\Core\Inc\stm32f4xx_it.h
2024-11-13 15:20:53,729 [INFO] CodeEngine:255 - oldGeneratedFile, C:\Users\brady\repos\UCI-CanSat-24-25\In-Flight-Software\Nucleo_Flight_Software\Core\Src\stm32f4xx_hal_msp.c_save
2024-11-13 15:20:53,795 [INFO] CodeEngine:279 - Generated code: C:\Users\brady\repos\UCI-CanSat-24-25\In-Flight-Software\Nucleo_Flight_Software\Core\Src\stm32f4xx_hal_msp.c
2024-11-13 15:20:53,798 [INFO] CodeEngine:255 - oldGeneratedFile, C:\Users\brady\repos\UCI-CanSat-24-25\In-Flight-Software\Nucleo_Flight_Software\MXTmpFiles\system.tmp_save
2024-11-13 15:20:53,829 [INFO] CodeEngine:279 - Generated code: C:\Users\brady\repos\UCI-CanSat-24-25\In-Flight-Software\Nucleo_Flight_Software\MXTmpFiles\system.tmp
2024-11-13 15:20:53,842 [INFO] CodeEngine:311 - oldGeneratedFile, C:\Users\brady\repos\UCI-CanSat-24-25\In-Flight-Software\Nucleo_Flight_Software\Core\Inc\stm32f4xx_hal_conf.h_save
2024-11-13 15:20:53,896 [INFO] CodeEngine:335 - Generated code: C:\Users\brady\repos\UCI-CanSat-24-25\In-Flight-Software\Nucleo_Flight_Software\Core\Inc\stm32f4xx_hal_conf.h
2024-11-13 15:20:53,911 [WARN] IPConfigManager:3554 - IP not found : TIM
2024-11-13 15:20:53,911 [WARN] IPConfigManager:3554 - IP not found : USB_OTG
2024-11-13 15:20:53,913 [WARN] CodeGenerator:4002 - IP not found : null
2024-11-13 15:20:53,913 [WARN] CodeGenerator:4002 - IP not found : null
2024-11-13 15:20:53,926 [INFO] CodeEngine:255 - oldGeneratedFile, C:\Users\brady\repos\UCI-CanSat-24-25\In-Flight-Software\Nucleo_Flight_Software\Core\Inc\main.h_save
2024-11-13 15:20:53,964 [INFO] CodeEngine:279 - Generated code: C:\Users\brady\repos\UCI-CanSat-24-25\In-Flight-Software\Nucleo_Flight_Software\Core\Inc\main.h
2024-11-13 15:20:53,974 [INFO] CodeEngine:255 - oldGeneratedFile, C:\Users\brady\repos\UCI-CanSat-24-25\In-Flight-Software\Nucleo_Flight_Software\Core\Src\main.c_save
2024-11-13 15:20:54,082 [INFO] CodeEngine:279 - Generated code: C:\Users\brady\repos\UCI-CanSat-24-25\In-Flight-Software\Nucleo_Flight_Software\Core\Src\main.c
2024-11-13 15:20:54,367 [INFO] ProjectBuilder:3249 - Time for Copy HAL[1] : 131mS.
2024-11-13 15:20:54,369 [INFO] ProjectBuilder:4828 - Project Generator version: 4.4.0-B60
2024-11-13 15:20:54,405 [INFO] ConfigFileManager:1531 - The Die is : DIE441
2024-11-13 15:20:54,814 [INFO] ProjectBuilder:5097 - Time for Generating toolchain IDE Files: 445mS.
2024-11-13 15:20:54,815 [INFO] ProjectBuilder:3107 - Time for Copy CMSIS : 1mS.
2024-11-13 15:20:54,817 [INFO] ProjectBuilder:3107 - Time for Copy CMSIS : 0mS.
2024-11-13 15:24:21,952 [INFO] NvicIntPanel:101 - NVIC parent = com.st.microxplorer.plugins.ip.nvic.MultiNvicIntPanel[,0,0,0x0,invalid,layout=javax.swing.BoxLayout,alignmentX=0.0,alignmentY=0.0,border=,flags=9,maximumSize=,minimumSize=,preferredSize=]
2024-11-13 15:54:33,364 [INFO] UtilMem:75 - End SaveConfig() Used Memory: 692619368 Bytes (1073741824)
2024-11-13 15:54:33,417 [INFO] UtilMem:75 - End SaveConfig() Used Memory: 716631760 Bytes (1073741824)
2024-11-13 15:54:33,750 [INFO] UtilMem:75 - End SaveConfig() Used Memory: 754485352 Bytes (1073741824)
2024-11-13 15:54:33,864 [INFO] BlockDiagram:2766 - set Specific Code input for plugin: TIM1_8
2024-11-13 15:54:33,864 [INFO] BlockDiagram:2766 - set Specific Code input for plugin: TIM1_8
2024-11-13 15:54:33,864 [INFO] BlockDiagram:2766 - set Specific Code input for plugin: SYS
2024-11-13 15:54:33,864 [INFO] BlockDiagram:2766 - set Specific Code input for plugin: RCC
2024-11-13 15:54:33,864 [INFO] BlockDiagram:2766 - set Specific Code input for plugin: I2C
2024-11-13 15:54:33,864 [INFO] BlockDiagram:2766 - set Specific Code input for plugin: USB_OTG_FS
2024-11-13 15:54:33,864 [INFO] BlockDiagram:2766 - set Specific Code input for plugin: NVIC
2024-11-13 15:54:33,864 [INFO] BlockDiagram:2766 - set Specific Code input for plugin: USART
2024-11-13 15:54:33,864 [INFO] BlockDiagram:2766 - set Specific Code input for plugin: USART
2024-11-13 15:54:33,865 [INFO] BlockDiagram:2766 - set Specific Code input for plugin: GPIO
2024-11-13 15:54:33,865 [INFO] CodeGenerator:807 - code generatio: config db path: C:\ST\STM32CubeIDE_1.16.0\STM32CubeIDE\plugins\com.st.stm32cube.common.mx_6.12.0.202406281431\\db\
2024-11-13 15:54:33,866 [WARN] IP:2191 - I2C_Coeff_DF not found: check if there is a RefParameter without a condition.
2024-11-13 15:54:33,866 [WARN] IP:2191 - Analog_Filter not found: check if there is a RefParameter without a condition.
2024-11-13 15:54:33,909 [INFO] CodeEngine:255 - oldGeneratedFile, C:\Users\brady\repos\UCI-CanSat-24-25\In-Flight-Software\Nucleo_Flight_Software\MXTmpFiles\license.tmp_save
2024-11-13 15:54:33,950 [INFO] CodeEngine:279 - Generated code: C:\Users\brady\repos\UCI-CanSat-24-25\In-Flight-Software\Nucleo_Flight_Software\MXTmpFiles\license.tmp
2024-11-13 15:54:33,966 [INFO] CodeEngine:255 - oldGeneratedFile, C:\Users\brady\repos\UCI-CanSat-24-25\In-Flight-Software\Nucleo_Flight_Software\MXTmpFiles\gpio.tmp_save
2024-11-13 15:54:34,015 [INFO] CodeEngine:279 - Generated code: C:\Users\brady\repos\UCI-CanSat-24-25\In-Flight-Software\Nucleo_Flight_Software\MXTmpFiles\gpio.tmp
2024-11-13 15:54:34,114 [WARN] IPConfigManager:3005 - Warning: the RefConfig PWREx_EnableUSBVoltageDetector is not available in your config.xml file
2024-11-13 15:54:34,133 [INFO] CodeEngine:255 - oldGeneratedFile, C:\Users\brady\repos\UCI-CanSat-24-25\In-Flight-Software\Nucleo_Flight_Software\Core\Src\stm32f4xx_it.c_save
2024-11-13 15:54:34,222 [INFO] CodeEngine:279 - Generated code: C:\Users\brady\repos\UCI-CanSat-24-25\In-Flight-Software\Nucleo_Flight_Software\Core\Src\stm32f4xx_it.c
2024-11-13 15:54:34,227 [INFO] CodeEngine:255 - oldGeneratedFile, C:\Users\brady\repos\UCI-CanSat-24-25\In-Flight-Software\Nucleo_Flight_Software\Core\Inc\stm32f4xx_it.h_save
2024-11-13 15:54:34,261 [INFO] CodeEngine:279 - Generated code: C:\Users\brady\repos\UCI-CanSat-24-25\In-Flight-Software\Nucleo_Flight_Software\Core\Inc\stm32f4xx_it.h
2024-11-13 15:54:34,289 [INFO] CodeEngine:255 - oldGeneratedFile, C:\Users\brady\repos\UCI-CanSat-24-25\In-Flight-Software\Nucleo_Flight_Software\Core\Src\stm32f4xx_hal_msp.c_save
2024-11-13 15:54:34,374 [INFO] CodeEngine:279 - Generated code: C:\Users\brady\repos\UCI-CanSat-24-25\In-Flight-Software\Nucleo_Flight_Software\Core\Src\stm32f4xx_hal_msp.c
2024-11-13 15:54:34,383 [INFO] CodeEngine:255 - oldGeneratedFile, C:\Users\brady\repos\UCI-CanSat-24-25\In-Flight-Software\Nucleo_Flight_Software\MXTmpFiles\system.tmp_save
2024-11-13 15:54:34,419 [INFO] CodeEngine:279 - Generated code: C:\Users\brady\repos\UCI-CanSat-24-25\In-Flight-Software\Nucleo_Flight_Software\MXTmpFiles\system.tmp
2024-11-13 15:54:34,432 [INFO] CodeEngine:311 - oldGeneratedFile, C:\Users\brady\repos\UCI-CanSat-24-25\In-Flight-Software\Nucleo_Flight_Software\Core\Inc\stm32f4xx_hal_conf.h_save
2024-11-13 15:54:34,482 [INFO] CodeEngine:335 - Generated code: C:\Users\brady\repos\UCI-CanSat-24-25\In-Flight-Software\Nucleo_Flight_Software\Core\Inc\stm32f4xx_hal_conf.h
2024-11-13 15:54:34,497 [WARN] IPConfigManager:3554 - IP not found : TIM
2024-11-13 15:54:34,497 [WARN] IPConfigManager:3554 - IP not found : USB_OTG
2024-11-13 15:54:34,498 [WARN] CodeGenerator:4002 - IP not found : null
2024-11-13 15:54:34,498 [WARN] CodeGenerator:4002 - IP not found : null
2024-11-13 15:54:34,509 [INFO] CodeEngine:255 - oldGeneratedFile, C:\Users\brady\repos\UCI-CanSat-24-25\In-Flight-Software\Nucleo_Flight_Software\Core\Inc\main.h_save
2024-11-13 15:54:34,547 [INFO] CodeEngine:279 - Generated code: C:\Users\brady\repos\UCI-CanSat-24-25\In-Flight-Software\Nucleo_Flight_Software\Core\Inc\main.h
2024-11-13 15:54:34,557 [INFO] CodeEngine:255 - oldGeneratedFile, C:\Users\brady\repos\UCI-CanSat-24-25\In-Flight-Software\Nucleo_Flight_Software\Core\Src\main.c_save
2024-11-13 15:54:34,694 [INFO] CodeEngine:279 - Generated code: C:\Users\brady\repos\UCI-CanSat-24-25\In-Flight-Software\Nucleo_Flight_Software\Core\Src\main.c
2024-11-13 15:54:34,956 [INFO] ProjectBuilder:3249 - Time for Copy HAL[1] : 138mS.
2024-11-13 15:54:34,958 [INFO] ProjectBuilder:4828 - Project Generator version: 4.4.0-B60
2024-11-13 15:54:34,994 [INFO] ConfigFileManager:1531 - The Die is : DIE441
2024-11-13 15:54:35,420 [INFO] ProjectBuilder:5097 - Time for Generating toolchain IDE Files: 462mS.
2024-11-13 15:54:35,420 [INFO] ProjectBuilder:3107 - Time for Copy CMSIS : 0mS.
2024-11-13 15:54:35,423 [INFO] ProjectBuilder:3107 - Time for Copy CMSIS : 0mS.
