2024-11-18 10:01:12,849 [INFO] Activator:176 - 


2024-11-18 10:01:12,857 [INFO] Activator:177 - !SESSION log4j initialized
2024-11-18 10:01:22,911 [INFO] LogOutputStream:77 - [STDOUT_REDIRECT] 
2024-11-18 10:01:27,986 [INFO] ApplicationProperties:184 - Using Application install path: C:\ST\STM32CubeIDE_1.16.0\STM32CubeIDE\plugins\com.st.stm32cube.common.mx_6.12.0.202406281431
2024-11-18 10:01:28,036 [INFO] DbMcusXml:78 - Set database path to: C:\ST\STM32CubeIDE_1.16.0\STM32CubeIDE\plugins\com.st.stm32cube.common.mx_6.12.0.202406281431\\db\/mcu/
2024-11-18 10:01:28,036 [INFO] ApiDb:274 - Set plugin database path to: C:\ST\STM32CubeIDE_1.16.0\STM32CubeIDE\plugins\com.st.stm32cube.common.mx_6.12.0.202406281431\\db\/plugins/boardmanager/
2024-11-18 10:01:28,038 [WARN] ApiDb:259 - Overriding images path with different value:  => C:\ST\STM32CubeIDE_1.16.0\STM32CubeIDE\plugins\com.st.stm32cube.common.mx_6.12.0.202406281431\\db\/plugins/mcufinder/images/
2024-11-18 10:01:28,054 [INFO] ApiDb:250 - Set database path to: C:\Users\brady\.stmcufinder\plugins\mcufinder//mcu/
2024-11-18 10:01:28,054 [INFO] DbMcusAds:125 - Set database path to: C:\Users\brady\.stmcufinder\plugins\mcufinder//mcu/
2024-11-18 10:01:28,062 [INFO] CrossReferenceDbSqlite:203 - Set database path to: C:\Users\brady\.stmcufinder\plugins\mcufinder//mcu/cs/
2024-11-18 10:01:28,322 [INFO] RulesReader:64 - Compatibility file has been processed (297 Rules)
2024-11-18 10:01:28,502 [INFO] DbMcusXml:78 - Set database path to: C:\ST\STM32CubeIDE_1.16.0\STM32CubeIDE\plugins\com.st.stm32cube.common.mx_6.12.0.202406281431\\db\/mcu/
2024-11-18 10:01:28,502 [INFO] ApiDb:274 - Set plugin database path to: C:\ST\STM32CubeIDE_1.16.0\STM32CubeIDE\plugins\com.st.stm32cube.common.mx_6.12.0.202406281431\\db\/plugins/boardmanager/
2024-11-18 10:01:28,502 [INFO] ApiDb:261 - Set plugin images path to: C:\ST\STM32CubeIDE_1.16.0\STM32CubeIDE\plugins\com.st.stm32cube.common.mx_6.12.0.202406281431\\db\/plugins/mcufinder/images/
2024-11-18 10:01:28,502 [WARN] DbFile:41 - Overriding database path with different value: C:\Users\brady\.stmcufinder\plugins\mcufinder/ => C:\Users\brady\.stmcufinder\plugins\mcufinder
2024-11-18 10:01:28,502 [INFO] ApiDb:250 - Set database path to: C:\Users\brady\.stmcufinder\plugins\mcufinder//mcu/
2024-11-18 10:01:28,502 [WARN] DbFile:41 - Overriding database path with different value: C:\Users\brady\.stmcufinder\plugins\mcufinder/ => C:\Users\brady\.stmcufinder\plugins\mcufinder
2024-11-18 10:01:28,506 [INFO] DbMcusAds:125 - Set database path to: C:\Users\brady\.stmcufinder\plugins\mcufinder//mcu/
2024-11-18 10:01:28,506 [WARN] DbFile:41 - Overriding database path with different value: C:\Users\brady\.stmcufinder\plugins\mcufinder/ => C:\Users\brady\.stmcufinder\plugins\mcufinder
2024-11-18 10:01:28,506 [WARN] DbFile:41 - Overriding database path with different value: C:\Users\brady\.stmcufinder\plugins\mcufinder/ => C:\Users\brady\.stmcufinder\plugins\mcufinder
2024-11-18 10:01:28,506 [INFO] CrossReferenceDbSqlite:203 - Set database path to: C:\Users\brady\.stmcufinder\plugins\mcufinder//mcu/cs/
2024-11-18 10:01:28,686 [INFO] MainPanel:268 - HeapMemory: 268435456
2024-11-18 10:01:28,857 [INFO] DbMcusXml:78 - Set database path to: C:\ST\STM32CubeIDE_1.16.0\STM32CubeIDE\plugins\com.st.stm32cube.common.mx_6.12.0.202406281431\\db\/mcu/
2024-11-18 10:01:28,857 [INFO] ApiDb:274 - Set plugin database path to: C:\ST\STM32CubeIDE_1.16.0\STM32CubeIDE\plugins\com.st.stm32cube.common.mx_6.12.0.202406281431\\db\/plugins/boardmanager/
2024-11-18 10:01:28,857 [INFO] ApiDb:261 - Set plugin images path to: C:\ST\STM32CubeIDE_1.16.0\STM32CubeIDE\plugins\com.st.stm32cube.common.mx_6.12.0.202406281431\\db\/plugins/mcufinder/images/
2024-11-18 10:01:28,857 [WARN] DbFile:41 - Overriding database path with different value: C:\Users\brady\.stmcufinder\plugins\mcufinder/ => C:\Users\brady\.stmcufinder\plugins\mcufinder
2024-11-18 10:01:28,857 [INFO] ApiDb:250 - Set database path to: C:\Users\brady\.stmcufinder\plugins\mcufinder//mcu/
2024-11-18 10:01:28,857 [WARN] DbFile:41 - Overriding database path with different value: C:\Users\brady\.stmcufinder\plugins\mcufinder/ => C:\Users\brady\.stmcufinder\plugins\mcufinder
2024-11-18 10:01:28,866 [INFO] DbMcusAds:125 - Set database path to: C:\Users\brady\.stmcufinder\plugins\mcufinder//mcu/
2024-11-18 10:01:28,866 [WARN] DbFile:41 - Overriding database path with different value: C:\Users\brady\.stmcufinder\plugins\mcufinder/ => C:\Users\brady\.stmcufinder\plugins\mcufinder
2024-11-18 10:01:28,866 [WARN] DbFile:41 - Overriding database path with different value: C:\Users\brady\.stmcufinder\plugins\mcufinder/ => C:\Users\brady\.stmcufinder\plugins\mcufinder
2024-11-18 10:01:28,866 [INFO] CrossReferenceDbSqlite:203 - Set database path to: C:\Users\brady\.stmcufinder\plugins\mcufinder//mcu/cs/
2024-11-18 10:01:28,915 [INFO] ApplicationProperties:184 - Using Application install path: C:\ST\STM32CubeIDE_1.16.0\STM32CubeIDE\plugins\com.st.stm32cube.common.mx_6.12.0.202406281431
2024-11-18 10:01:28,920 [INFO] PluginManage:196 - Search for loadable plugins [exclusion list=, ]
2024-11-18 10:01:28,922 [INFO] PluginManage:310 - Check plugin analytics
2024-11-18 10:01:29,430 [INFO] AnalyticsPlugin:253 - Accepted Software Licenses: STM32CubeMX.6.12.1
2024-11-18 10:01:29,430 [INFO] AnalyticsPlugin:255 - Accepted CMSIS Pack Licenses: 
2024-11-18 10:01:29,430 [INFO] AnalyticsPlugin:257 - Accepted Firmware Licenses: FW.F4.1.28.0
2024-11-18 10:01:29,438 [INFO] PluginManage:359 - Loaded plugin analytics (category:tool,tabindex:-1)
2024-11-18 10:01:29,438 [INFO] PluginManage:310 - Check plugin cadmodel
2024-11-18 10:01:29,470 [INFO] CADModel:105 - Init CAD model plugin
2024-11-18 10:01:29,470 [INFO] PluginManage:359 - Loaded plugin cadmodel (category:power,tabindex:5)
2024-11-18 10:01:29,470 [INFO] PluginManage:310 - Check plugin clock
2024-11-18 10:01:29,511 [INFO] PluginManage:359 - Loaded plugin clock (category:base,tabindex:2)
2024-11-18 10:01:29,511 [INFO] PluginManage:310 - Check plugin ddr
2024-11-18 10:01:29,519 [INFO] PluginManage:359 - Loaded plugin ddr (category:tool,tabindex:6)
2024-11-18 10:01:29,519 [INFO] PluginManage:310 - Check plugin filemanager
2024-11-18 10:01:29,863 [INFO] PluginManage:359 - Loaded plugin filemanager (category:base,tabindex:10)
2024-11-18 10:01:29,863 [INFO] PluginManage:310 - Check plugin ipmanager
2024-11-18 10:01:29,880 [INFO] PluginManage:359 - Loaded plugin ipmanager (category:base,tabindex:5)
2024-11-18 10:01:29,880 [INFO] PluginManage:310 - Check plugin lpbam
2024-11-18 10:01:29,915 [INFO] PluginManage:359 - Loaded plugin lpbam (category:base,tabindex:0)
2024-11-18 10:01:29,915 [INFO] PluginManage:310 - Check plugin memorymap
2024-11-18 10:01:29,954 [INFO] PluginManage:359 - Loaded plugin memorymap (category:base,tabindex:4)
2024-11-18 10:01:29,954 [INFO] PluginManage:310 - Check plugin pinoutandconfiguration
2024-11-18 10:01:29,987 [INFO] PluginManage:359 - Loaded plugin pinoutandconfiguration (category:base,tabindex:1)
2024-11-18 10:01:29,987 [INFO] PluginManage:310 - Check plugin pinoutconfig
2024-11-18 10:01:30,312 [WARN] SupportedApi:132 - Cannot load RTOS API schema: s4s-elt-must-match.1: The content of 'definitions' must match (annotation?, (simpleType | complexType)?, (unique | key | keyref)*)). A problem was found starting at: attribute.
2024-11-18 10:01:30,600 [INFO] PluginManage:359 - Loaded plugin pinoutconfig (category:base,tabindex:0)
2024-11-18 10:01:30,600 [INFO] PluginManage:310 - Check plugin power
2024-11-18 10:01:30,656 [INFO] PluginManage:359 - Loaded plugin power (category:power,tabindex:4)
2024-11-18 10:01:30,656 [INFO] PluginManage:310 - Check plugin projectmanager
2024-11-18 10:01:30,695 [INFO] PluginManage:359 - Loaded plugin projectmanager (category:projectmanager,tabindex:4)
2024-11-18 10:01:30,695 [INFO] PluginManage:310 - Check plugin rif
2024-11-18 10:01:30,728 [INFO] PluginManage:359 - Loaded plugin rif (category:base,tabindex:3)
2024-11-18 10:01:30,736 [INFO] PluginManage:310 - Check plugin thirdparty
2024-11-18 10:01:31,305 [INFO] PluginManage:359 - Loaded plugin thirdparty (category:base,tabindex:-1)
2024-11-18 10:01:31,305 [WARN] IntegrityCheckThread:84 - waiting for thirdparty lock release [integrity check]
2024-11-18 10:01:31,305 [INFO] PluginManage:310 - Check plugin tools
2024-11-18 10:01:31,305 [INFO] IntegrityCheckThread:86 - entering critical section [integrity check]
2024-11-18 10:01:31,322 [INFO] ThirdPartyUpdaterWithRetryManager:70 - Updater plugin not ready yet. [1/15]
2024-11-18 10:01:31,379 [INFO] PluginManage:359 - Loaded plugin tools (category:base,tabindex:7)
2024-11-18 10:01:31,379 [INFO] PluginManage:310 - Check plugin tutovideos
2024-11-18 10:01:31,762 [INFO] PluginManage:359 - Loaded plugin tutovideos (category:base,tabindex:-1)
2024-11-18 10:01:31,762 [INFO] PluginManage:310 - Check plugin updater
2024-11-18 10:01:31,802 [INFO] PluginManage:359 - Loaded plugin updater (category:base,tabindex:12)
2024-11-18 10:01:31,802 [INFO] PluginManage:310 - Check plugin userauth
2024-11-18 10:01:31,818 [INFO] UserAuth:113 - Init User Auth plugin
2024-11-18 10:01:31,818 [INFO] PluginManage:359 - Loaded plugin userauth (category:base,tabindex:14)
2024-11-18 10:01:31,818 [INFO] PluginManage:283 - PluginManage : Loaded plugins [18]
2024-11-18 10:01:32,323 [INFO] PinOutPanel:1561 - setPackage(No Configuration,No Configuration)
2024-11-18 10:01:32,626 [INFO] CADModel:165 - CPN selected for project level
2024-11-18 10:01:32,626 [INFO] CADModel:114 - Register for checkConnection events
2024-11-18 10:01:32,750 [INFO] IPUIPlugin:80 - create IPUIPlugin
2024-11-18 10:01:32,755 [INFO] PluginManager:220 - loadIPPluginJar : add adc
2024-11-18 10:01:32,831 [INFO] IPUIPlugin:80 - create IPUIPlugin
2024-11-18 10:01:32,831 [INFO] PluginManager:220 - loadIPPluginJar : add aes
2024-11-18 10:01:32,929 [INFO] IPUIPlugin:80 - create IPUIPlugin
2024-11-18 10:01:32,937 [INFO] PluginManager:220 - loadIPPluginJar : add can
2024-11-18 10:01:32,987 [INFO] IPUIPlugin:80 - create IPUIPlugin
2024-11-18 10:01:32,987 [INFO] PluginManager:220 - loadIPPluginJar : add comp
2024-11-18 10:01:33,045 [INFO] IPUIPlugin:80 - create IPUIPlugin
2024-11-18 10:01:33,045 [INFO] PluginManager:220 - loadIPPluginJar : add cryp
2024-11-18 10:01:33,085 [INFO] IPUIPlugin:80 - create IPUIPlugin
2024-11-18 10:01:33,085 [INFO] PluginManager:220 - loadIPPluginJar : add ddr_ctrl_phy
2024-11-18 10:01:33,159 [INFO] IPUIPlugin:80 - create IPUIPlugin
2024-11-18 10:01:33,159 [INFO] PluginManager:220 - loadIPPluginJar : add dfsdm
2024-11-18 10:01:33,192 [INFO] IPUIPlugin:80 - create IPUIPlugin
2024-11-18 10:01:33,192 [INFO] PluginManager:220 - loadIPPluginJar : add dma
2024-11-18 10:01:33,283 [INFO] IPUIPlugin:80 - create IPUIPlugin
2024-11-18 10:01:33,283 [INFO] PluginManager:220 - loadIPPluginJar : add dma3
2024-11-18 10:01:33,381 [INFO] IPUIPlugin:80 - create IPUIPlugin
2024-11-18 10:01:33,381 [INFO] PluginManager:220 - loadIPPluginJar : add extmemmanager
2024-11-18 10:01:33,423 [INFO] IPUIPlugin:80 - create IPUIPlugin
2024-11-18 10:01:33,423 [INFO] PluginManager:220 - loadIPPluginJar : add fatfs
2024-11-18 10:01:33,537 [INFO] IPUIPlugin:80 - create IPUIPlugin
2024-11-18 10:01:33,537 [INFO] PluginManager:220 - loadIPPluginJar : add fmc
2024-11-18 10:01:33,577 [INFO] IPUIPlugin:80 - create IPUIPlugin
2024-11-18 10:01:33,577 [INFO] PluginManager:220 - loadIPPluginJar : add freertos
2024-11-18 10:01:33,626 [INFO] IPUIPlugin:80 - create IPUIPlugin
2024-11-18 10:01:33,626 [INFO] PluginManager:220 - loadIPPluginJar : add genericplugin
2024-11-18 10:01:33,869 [INFO] IPUIPlugin:80 - create IPUIPlugin
2024-11-18 10:01:33,869 [INFO] PluginManager:220 - loadIPPluginJar : add gfxmmu
2024-11-18 10:01:34,193 [INFO] IPUIPlugin:80 - create IPUIPlugin
2024-11-18 10:01:34,193 [INFO] PluginManager:220 - loadIPPluginJar : add gic
2024-11-18 10:01:34,233 [INFO] IPUIPlugin:80 - create IPUIPlugin
2024-11-18 10:01:34,236 [INFO] PluginManager:220 - loadIPPluginJar : add gpio
2024-11-18 10:01:34,330 [INFO] ThirdPartyUpdaterWithRetryManager:70 - Updater plugin not ready yet. [2/15]
2024-11-18 10:01:34,404 [INFO] IPUIPlugin:80 - create IPUIPlugin
2024-11-18 10:01:34,404 [INFO] PluginManager:220 - loadIPPluginJar : add gtzc
2024-11-18 10:01:34,468 [INFO] IPUIPlugin:80 - create IPUIPlugin
2024-11-18 10:01:34,468 [INFO] PluginManager:220 - loadIPPluginJar : add hash
2024-11-18 10:01:34,599 [INFO] IPUIPlugin:80 - create IPUIPlugin
2024-11-18 10:01:34,599 [INFO] PluginManager:220 - loadIPPluginJar : add i2c
2024-11-18 10:01:34,681 [INFO] IPUIPlugin:80 - create IPUIPlugin
2024-11-18 10:01:34,681 [INFO] PluginManager:220 - loadIPPluginJar : add i2s
2024-11-18 10:01:34,822 [INFO] IPUIPlugin:80 - create IPUIPlugin
2024-11-18 10:01:34,826 [INFO] PluginManager:220 - loadIPPluginJar : add i3c
2024-11-18 10:01:35,026 [INFO] IPUIPlugin:80 - create IPUIPlugin
2024-11-18 10:01:35,026 [INFO] PluginManager:220 - loadIPPluginJar : add ipddr
2024-11-18 10:01:35,235 [INFO] IPUIPlugin:80 - create IPUIPlugin
2024-11-18 10:01:35,235 [INFO] PluginManager:220 - loadIPPluginJar : add linkedlist
2024-11-18 10:01:35,317 [INFO] IPUIPlugin:80 - create IPUIPlugin
2024-11-18 10:01:35,317 [INFO] PluginManager:220 - loadIPPluginJar : add lorawan
2024-11-18 10:01:35,398 [INFO] IPUIPlugin:80 - create IPUIPlugin
2024-11-18 10:01:35,398 [INFO] PluginManager:220 - loadIPPluginJar : add ltdc
2024-11-18 10:01:35,447 [INFO] IPUIPlugin:80 - create IPUIPlugin
2024-11-18 10:01:35,447 [INFO] PluginManager:220 - loadIPPluginJar : add mdma
2024-11-18 10:01:35,471 [INFO] IPUIPlugin:80 - create IPUIPlugin
2024-11-18 10:01:35,471 [INFO] PluginManager:220 - loadIPPluginJar : add nvic
2024-11-18 10:01:35,625 [INFO] IPUIPlugin:80 - create IPUIPlugin
2024-11-18 10:01:35,625 [INFO] PluginManager:220 - loadIPPluginJar : add opamp
2024-11-18 10:01:35,795 [INFO] IPUIPlugin:80 - create IPUIPlugin
2024-11-18 10:01:35,795 [INFO] PluginManager:220 - loadIPPluginJar : add openamp
2024-11-18 10:01:35,947 [INFO] IPUIPlugin:80 - create IPUIPlugin
2024-11-18 10:01:35,947 [INFO] PluginManager:220 - loadIPPluginJar : add pdm2pcm
2024-11-18 10:01:35,975 [INFO] IPUIPlugin:80 - create IPUIPlugin
2024-11-18 10:01:35,975 [INFO] PluginManager:220 - loadIPPluginJar : add plateformsettings
2024-11-18 10:01:36,032 [INFO] IPUIPlugin:80 - create IPUIPlugin
2024-11-18 10:01:36,032 [INFO] PluginManager:220 - loadIPPluginJar : add quadspi
2024-11-18 10:01:36,089 [INFO] IPUIPlugin:80 - create IPUIPlugin
2024-11-18 10:01:36,097 [INFO] PluginManager:220 - loadIPPluginJar : add radio
2024-11-18 10:01:36,113 [INFO] IPUIPlugin:80 - create IPUIPlugin
2024-11-18 10:01:36,113 [INFO] PluginManager:220 - loadIPPluginJar : add resmgrutility
2024-11-18 10:01:36,235 [INFO] IPUIPlugin:80 - create IPUIPlugin
2024-11-18 10:01:36,235 [INFO] PluginManager:220 - loadIPPluginJar : add sai
2024-11-18 10:01:36,316 [INFO] IPUIPlugin:80 - create IPUIPlugin
2024-11-18 10:01:36,316 [INFO] PluginManager:220 - loadIPPluginJar : add spi
2024-11-18 10:01:36,470 [INFO] IPUIPlugin:80 - create IPUIPlugin
2024-11-18 10:01:36,470 [INFO] PluginManager:220 - loadIPPluginJar : add stm32_wpan
2024-11-18 10:01:36,518 [INFO] IPUIPlugin:80 - create IPUIPlugin
2024-11-18 10:01:36,518 [INFO] PluginManager:220 - loadIPPluginJar : add tim
2024-11-18 10:01:36,652 [INFO] IPUIPlugin:80 - create IPUIPlugin
2024-11-18 10:01:36,652 [INFO] PluginManager:220 - loadIPPluginJar : add touchsensing
2024-11-18 10:01:36,701 [INFO] IPUIPlugin:80 - create IPUIPlugin
2024-11-18 10:01:36,701 [INFO] PluginManager:220 - loadIPPluginJar : add tracer_emb
2024-11-18 10:01:36,756 [INFO] IPUIPlugin:80 - create IPUIPlugin
2024-11-18 10:01:36,756 [INFO] PluginManager:220 - loadIPPluginJar : add ts
2024-11-18 10:01:36,805 [INFO] IPUIPlugin:80 - create IPUIPlugin
2024-11-18 10:01:36,805 [INFO] PluginManager:220 - loadIPPluginJar : add tsc
2024-11-18 10:01:36,868 [INFO] IPUIPlugin:80 - create IPUIPlugin
2024-11-18 10:01:36,868 [INFO] PluginManager:220 - loadIPPluginJar : add ucpd
2024-11-18 10:01:36,985 [INFO] IPUIPlugin:80 - create IPUIPlugin
2024-11-18 10:01:36,985 [INFO] PluginManager:220 - loadIPPluginJar : add usart
2024-11-18 10:01:37,076 [INFO] IPUIPlugin:80 - create IPUIPlugin
2024-11-18 10:01:37,076 [INFO] PluginManager:220 - loadIPPluginJar : add usbx
2024-11-18 10:01:37,276 [INFO] CADModel:165 - CPN selected for project level
2024-11-18 10:01:37,276 [INFO] CADModel:114 - Register for checkConnection events
2024-11-18 10:01:37,276 [FATAL] Updater:334 - Updater called before beeing initialized
2024-11-18 10:01:37,276 [ERROR] CADModel:125 - Updater not yet initialized, retry later 
2024-11-18 10:01:37,348 [INFO] ThirdPartyUpdaterWithRetryManager:70 - Updater plugin not ready yet. [3/15]
2024-11-18 10:01:37,526 [INFO] CADModel:165 - CPN selected for project level
2024-11-18 10:01:37,526 [INFO] CADModel:114 - Register for checkConnection events
2024-11-18 10:01:37,526 [FATAL] Updater:334 - Updater called before beeing initialized
2024-11-18 10:01:37,526 [ERROR] CADModel:125 - Updater not yet initialized, retry later 
2024-11-18 10:01:37,534 [FATAL] Updater:334 - Updater called before beeing initialized
2024-11-18 10:01:37,794 [FATAL] Updater:334 - Updater called before beeing initialized
2024-11-18 10:01:37,819 [INFO] DbMcusAds:53 - JSON generation date=Fri Sep 20 06:04:23 PDT 2024 (1726837463113)
2024-11-18 10:01:37,819 [FATAL] Updater:334 - Updater called before beeing initialized
2024-11-18 10:01:37,902 [WARN] DetailPanel:346 - Failed to get advertising image, set to default
2024-11-18 10:01:38,253 [FATAL] Updater:334 - Updater called before beeing initialized
2024-11-18 10:01:38,253 [FATAL] Updater:334 - Updater called before beeing initialized
2024-11-18 10:01:38,253 [FATAL] Updater:334 - Updater called before beeing initialized
2024-11-18 10:01:38,253 [WARN] DetailPanel:346 - Failed to get advertising image, set to default
2024-11-18 10:01:38,261 [FATAL] Updater:334 - Updater called before beeing initialized
2024-11-18 10:01:38,393 [ERROR] Updater:1164 - MainUpdater not yet initialized. External WinMGr cannot be set.
2024-11-18 10:01:38,409 [INFO] Updater:1100 - Updater Version found : 6.12.0
2024-11-18 10:01:38,434 [INFO] ApplicationProperties:184 - Using Application install path: C:\ST\STM32CubeIDE_1.16.0\STM32CubeIDE\plugins\com.st.stm32cube.common.mx_6.12.0.202406281431
2024-11-18 10:01:40,063 [ERROR] LogOutputStream:75 - [STDERR_REDIRECT] Nov 18, 2024 10:01:40 AM java.util.prefs.WindowsPreferences <init>
2024-11-18 10:01:40,071 [ERROR] LogOutputStream:75 - [STDERR_REDIRECT] WARNING: Could not open/create prefs root node Software\JavaSoft\Prefs at root 0xffffffff80000002. Windows RegCreateKeyEx(...) returned error code 5.
2024-11-18 10:01:40,071 [ERROR] LogOutputStream:75 - [STDERR_REDIRECT] 
2024-11-18 10:01:40,351 [FATAL] Updater:334 - Updater called before beeing initialized
2024-11-18 10:01:40,351 [ERROR] IntegrityCheckThread:130 - Cannot retrieve database content from updater: error 21
2024-11-18 10:01:40,351 [INFO] ThirdParty:978 - Integrity check success = false
2024-11-18 10:01:40,351 [INFO] IntegrityCheckThread:100 - exiting critical section [integrity check]
2024-11-18 10:01:40,351 [INFO] IntegrityCheckThread:103 - End integrity checks thread
2024-11-18 10:01:40,769 [INFO] MainUpdater:2873 - connection check result : 10
2024-11-18 10:01:40,769 [INFO] MainUpdater:3567 - Updater definition file requires update
2024-11-18 10:01:40,773 [INFO] MainUpdater:290 - Updater Check For Update Now.
2024-11-18 10:01:40,773 [INFO] MicroXplorer:498 - Change Database Version : DB.6.0.120
2024-11-18 10:01:40,794 [INFO] McuFinderGlobals:63 - Set McuFinder mode to 2 (CubeIDE integrated)
2024-11-18 10:01:40,794 [INFO] UserAuth:179 - activating auth plugin
2024-11-18 10:01:40,794 [INFO] UserAuth:417 - Internet connection configuration mode: 1
2024-11-18 10:01:40,820 [INFO] ServerAccessManage:473 - Download File updaters.zip
2024-11-18 10:01:40,855 [INFO] JxBrowserEngine:152 - Initiate JxBrowser Engine with user profile folder
2024-11-18 10:01:40,976 [INFO] FileExtend:240 - Unzip File : updaters.zip
2024-11-18 10:01:40,976 [INFO] FileExtend:255 - Standard Zip Deflate
2024-11-18 10:01:41,915 [INFO] ServerAccessManage:473 - Download File PacksControlFlags.xml
2024-11-18 10:01:42,071 [INFO] ServerAccessManage:473 - Download File cubemx.pidx
2024-11-18 10:01:42,298 [INFO] LoadServerUpdatesThread:375 - End of LoadServerUpdate Thread
2024-11-18 10:01:42,630 [INFO] CheckServerUpdateThread:120 - End of CheckServer Thread
2024-11-18 10:01:53,436 [INFO] WebApp:167 - Instantiating new browser for Auth
2024-11-18 10:01:54,495 [INFO] WebApp:448 - Apply proxy settings
2024-11-18 10:01:54,495 [INFO] WebApp:533 - Chromium requires no authentication
2024-11-18 10:01:54,511 [INFO] WebApp:476 - Direct internet connection detected
2024-11-18 10:01:54,560 [INFO] WebApp:869 - Register for checkConnection events
2024-11-18 10:01:54,560 [INFO] WebApp:448 - Apply proxy settings
2024-11-18 10:01:54,560 [INFO] WebApp:533 - Chromium requires no authentication
2024-11-18 10:01:54,560 [INFO] WebApp:476 - Direct internet connection detected
2024-11-18 10:01:54,857 [INFO] WebApp:186 - Connection restablished
2024-11-18 10:01:55,005 [INFO] WebApp:220 - Starting web application
2024-11-18 10:01:55,005 [INFO] WebApp:578 - Web application path used C:\ST\STM32CubeIDE_1.16.0\STM32CubeIDE\plugins\com.st.stm32cube.common.mx_6.12.0.202406281431\db\plugins\mcufinder\reactClient1\index.html
2024-11-18 10:03:12,831 [ERROR] LogOutputStream:75 - [STDERR_REDIRECT] 
2024-11-18 22:06:22,156 [INFO] Activator:176 - 


2024-11-18 22:06:22,158 [INFO] Activator:177 - !SESSION log4j initialized
2024-11-18 22:06:27,943 [INFO] LogOutputStream:77 - [STDOUT_REDIRECT] 
2024-11-18 22:06:29,140 [INFO] ApplicationProperties:184 - Using Application install path: C:\ST\STM32CubeIDE_1.16.0\STM32CubeIDE\plugins\com.st.stm32cube.common.mx_6.12.0.202406281431
2024-11-18 22:06:29,165 [INFO] DbMcusXml:78 - Set database path to: C:\ST\STM32CubeIDE_1.16.0\STM32CubeIDE\plugins\com.st.stm32cube.common.mx_6.12.0.202406281431\\db\/mcu/
2024-11-18 22:06:29,165 [INFO] ApiDb:274 - Set plugin database path to: C:\ST\STM32CubeIDE_1.16.0\STM32CubeIDE\plugins\com.st.stm32cube.common.mx_6.12.0.202406281431\\db\/plugins/boardmanager/
2024-11-18 22:06:29,165 [WARN] ApiDb:259 - Overriding images path with different value:  => C:\ST\STM32CubeIDE_1.16.0\STM32CubeIDE\plugins\com.st.stm32cube.common.mx_6.12.0.202406281431\\db\/plugins/mcufinder/images/
2024-11-18 22:06:29,172 [INFO] ApiDb:250 - Set database path to: C:\Users\brady\.stmcufinder\plugins\mcufinder//mcu/
2024-11-18 22:06:29,173 [INFO] DbMcusAds:125 - Set database path to: C:\Users\brady\.stmcufinder\plugins\mcufinder//mcu/
2024-11-18 22:06:29,176 [INFO] CrossReferenceDbSqlite:203 - Set database path to: C:\Users\brady\.stmcufinder\plugins\mcufinder//mcu/cs/
2024-11-18 22:06:29,285 [INFO] RulesReader:64 - Compatibility file has been processed (297 Rules)
2024-11-18 22:06:29,382 [INFO] DbMcusXml:78 - Set database path to: C:\ST\STM32CubeIDE_1.16.0\STM32CubeIDE\plugins\com.st.stm32cube.common.mx_6.12.0.202406281431\\db\/mcu/
2024-11-18 22:06:29,383 [INFO] ApiDb:274 - Set plugin database path to: C:\ST\STM32CubeIDE_1.16.0\STM32CubeIDE\plugins\com.st.stm32cube.common.mx_6.12.0.202406281431\\db\/plugins/boardmanager/
2024-11-18 22:06:29,383 [INFO] ApiDb:261 - Set plugin images path to: C:\ST\STM32CubeIDE_1.16.0\STM32CubeIDE\plugins\com.st.stm32cube.common.mx_6.12.0.202406281431\\db\/plugins/mcufinder/images/
2024-11-18 22:06:29,383 [WARN] DbFile:41 - Overriding database path with different value: C:\Users\brady\.stmcufinder\plugins\mcufinder/ => C:\Users\brady\.stmcufinder\plugins\mcufinder
2024-11-18 22:06:29,383 [INFO] ApiDb:250 - Set database path to: C:\Users\brady\.stmcufinder\plugins\mcufinder//mcu/
2024-11-18 22:06:29,383 [WARN] DbFile:41 - Overriding database path with different value: C:\Users\brady\.stmcufinder\plugins\mcufinder/ => C:\Users\brady\.stmcufinder\plugins\mcufinder
2024-11-18 22:06:29,383 [INFO] DbMcusAds:125 - Set database path to: C:\Users\brady\.stmcufinder\plugins\mcufinder//mcu/
2024-11-18 22:06:29,383 [WARN] DbFile:41 - Overriding database path with different value: C:\Users\brady\.stmcufinder\plugins\mcufinder/ => C:\Users\brady\.stmcufinder\plugins\mcufinder
2024-11-18 22:06:29,383 [WARN] DbFile:41 - Overriding database path with different value: C:\Users\brady\.stmcufinder\plugins\mcufinder/ => C:\Users\brady\.stmcufinder\plugins\mcufinder
2024-11-18 22:06:29,384 [INFO] CrossReferenceDbSqlite:203 - Set database path to: C:\Users\brady\.stmcufinder\plugins\mcufinder//mcu/cs/
2024-11-18 22:06:29,473 [INFO] MainPanel:268 - HeapMemory: 268435456
2024-11-18 22:06:29,592 [INFO] DbMcusXml:78 - Set database path to: C:\ST\STM32CubeIDE_1.16.0\STM32CubeIDE\plugins\com.st.stm32cube.common.mx_6.12.0.202406281431\\db\/mcu/
2024-11-18 22:06:29,592 [INFO] ApiDb:274 - Set plugin database path to: C:\ST\STM32CubeIDE_1.16.0\STM32CubeIDE\plugins\com.st.stm32cube.common.mx_6.12.0.202406281431\\db\/plugins/boardmanager/
2024-11-18 22:06:29,592 [INFO] ApiDb:261 - Set plugin images path to: C:\ST\STM32CubeIDE_1.16.0\STM32CubeIDE\plugins\com.st.stm32cube.common.mx_6.12.0.202406281431\\db\/plugins/mcufinder/images/
2024-11-18 22:06:29,592 [WARN] DbFile:41 - Overriding database path with different value: C:\Users\brady\.stmcufinder\plugins\mcufinder/ => C:\Users\brady\.stmcufinder\plugins\mcufinder
2024-11-18 22:06:29,593 [INFO] ApiDb:250 - Set database path to: C:\Users\brady\.stmcufinder\plugins\mcufinder//mcu/
2024-11-18 22:06:29,593 [WARN] DbFile:41 - Overriding database path with different value: C:\Users\brady\.stmcufinder\plugins\mcufinder/ => C:\Users\brady\.stmcufinder\plugins\mcufinder
2024-11-18 22:06:29,593 [INFO] DbMcusAds:125 - Set database path to: C:\Users\brady\.stmcufinder\plugins\mcufinder//mcu/
2024-11-18 22:06:29,593 [WARN] DbFile:41 - Overriding database path with different value: C:\Users\brady\.stmcufinder\plugins\mcufinder/ => C:\Users\brady\.stmcufinder\plugins\mcufinder
2024-11-18 22:06:29,593 [WARN] DbFile:41 - Overriding database path with different value: C:\Users\brady\.stmcufinder\plugins\mcufinder/ => C:\Users\brady\.stmcufinder\plugins\mcufinder
2024-11-18 22:06:29,593 [INFO] CrossReferenceDbSqlite:203 - Set database path to: C:\Users\brady\.stmcufinder\plugins\mcufinder//mcu/cs/
2024-11-18 22:06:29,612 [INFO] ApplicationProperties:184 - Using Application install path: C:\ST\STM32CubeIDE_1.16.0\STM32CubeIDE\plugins\com.st.stm32cube.common.mx_6.12.0.202406281431
2024-11-18 22:06:29,613 [INFO] PluginManage:196 - Search for loadable plugins [exclusion list=, ]
2024-11-18 22:06:29,614 [INFO] PluginManage:310 - Check plugin analytics
2024-11-18 22:06:29,805 [INFO] AnalyticsPlugin:253 - Accepted Software Licenses: STM32CubeMX.6.12.1
2024-11-18 22:06:29,805 [INFO] AnalyticsPlugin:255 - Accepted CMSIS Pack Licenses: 
2024-11-18 22:06:29,806 [INFO] AnalyticsPlugin:257 - Accepted Firmware Licenses: FW.F4.1.28.0
2024-11-18 22:06:29,809 [INFO] PluginManage:359 - Loaded plugin analytics (category:tool,tabindex:-1)
2024-11-18 22:06:29,810 [INFO] PluginManage:310 - Check plugin cadmodel
2024-11-18 22:06:29,817 [INFO] CADModel:105 - Init CAD model plugin
2024-11-18 22:06:29,817 [INFO] PluginManage:359 - Loaded plugin cadmodel (category:power,tabindex:5)
2024-11-18 22:06:29,817 [INFO] PluginManage:310 - Check plugin clock
2024-11-18 22:06:29,828 [INFO] PluginManage:359 - Loaded plugin clock (category:base,tabindex:2)
2024-11-18 22:06:29,828 [INFO] PluginManage:310 - Check plugin ddr
2024-11-18 22:06:29,831 [INFO] PluginManage:359 - Loaded plugin ddr (category:tool,tabindex:6)
2024-11-18 22:06:29,831 [INFO] PluginManage:310 - Check plugin filemanager
2024-11-18 22:06:29,971 [INFO] PluginManage:359 - Loaded plugin filemanager (category:base,tabindex:10)
2024-11-18 22:06:29,972 [INFO] PluginManage:310 - Check plugin ipmanager
2024-11-18 22:06:29,979 [INFO] PluginManage:359 - Loaded plugin ipmanager (category:base,tabindex:5)
2024-11-18 22:06:29,980 [INFO] PluginManage:310 - Check plugin lpbam
2024-11-18 22:06:29,988 [INFO] PluginManage:359 - Loaded plugin lpbam (category:base,tabindex:0)
2024-11-18 22:06:29,988 [INFO] PluginManage:310 - Check plugin memorymap
2024-11-18 22:06:30,006 [INFO] PluginManage:359 - Loaded plugin memorymap (category:base,tabindex:4)
2024-11-18 22:06:30,007 [INFO] PluginManage:310 - Check plugin pinoutandconfiguration
2024-11-18 22:06:30,016 [INFO] PluginManage:359 - Loaded plugin pinoutandconfiguration (category:base,tabindex:1)
2024-11-18 22:06:30,016 [INFO] PluginManage:310 - Check plugin pinoutconfig
2024-11-18 22:06:30,115 [WARN] SupportedApi:132 - Cannot load RTOS API schema: s4s-elt-must-match.1: The content of 'definitions' must match (annotation?, (simpleType | complexType)?, (unique | key | keyref)*)). A problem was found starting at: attribute.
2024-11-18 22:06:30,262 [INFO] PluginManage:359 - Loaded plugin pinoutconfig (category:base,tabindex:0)
2024-11-18 22:06:30,262 [INFO] PluginManage:310 - Check plugin power
2024-11-18 22:06:30,272 [INFO] PluginManage:359 - Loaded plugin power (category:power,tabindex:4)
2024-11-18 22:06:30,272 [INFO] PluginManage:310 - Check plugin projectmanager
2024-11-18 22:06:30,292 [INFO] PluginManage:359 - Loaded plugin projectmanager (category:projectmanager,tabindex:4)
2024-11-18 22:06:30,293 [INFO] PluginManage:310 - Check plugin rif
2024-11-18 22:06:30,301 [INFO] PluginManage:359 - Loaded plugin rif (category:base,tabindex:3)
2024-11-18 22:06:30,301 [INFO] PluginManage:310 - Check plugin thirdparty
2024-11-18 22:06:30,457 [WARN] IntegrityCheckThread:84 - waiting for thirdparty lock release [integrity check]
2024-11-18 22:06:30,457 [INFO] IntegrityCheckThread:86 - entering critical section [integrity check]
2024-11-18 22:06:30,457 [INFO] PluginManage:359 - Loaded plugin thirdparty (category:base,tabindex:-1)
2024-11-18 22:06:30,458 [INFO] PluginManage:310 - Check plugin tools
2024-11-18 22:06:30,458 [INFO] ThirdPartyUpdaterWithRetryManager:70 - Updater plugin not ready yet. [1/15]
2024-11-18 22:06:30,461 [INFO] PluginManage:359 - Loaded plugin tools (category:base,tabindex:7)
2024-11-18 22:06:30,461 [INFO] PluginManage:310 - Check plugin tutovideos
2024-11-18 22:06:30,671 [INFO] PluginManage:359 - Loaded plugin tutovideos (category:base,tabindex:-1)
2024-11-18 22:06:30,671 [INFO] PluginManage:310 - Check plugin updater
2024-11-18 22:06:30,692 [INFO] PluginManage:359 - Loaded plugin updater (category:base,tabindex:12)
2024-11-18 22:06:30,692 [INFO] PluginManage:310 - Check plugin userauth
2024-11-18 22:06:30,698 [INFO] UserAuth:113 - Init User Auth plugin
2024-11-18 22:06:30,698 [INFO] PluginManage:359 - Loaded plugin userauth (category:base,tabindex:14)
2024-11-18 22:06:30,699 [INFO] PluginManage:283 - PluginManage : Loaded plugins [18]
2024-11-18 22:06:30,904 [INFO] PinOutPanel:1561 - setPackage(No Configuration,No Configuration)
2024-11-18 22:06:30,992 [INFO] CADModel:165 - CPN selected for project level
2024-11-18 22:06:30,992 [INFO] CADModel:114 - Register for checkConnection events
2024-11-18 22:06:31,011 [INFO] IPUIPlugin:80 - create IPUIPlugin
2024-11-18 22:06:31,011 [INFO] PluginManager:220 - loadIPPluginJar : add adc
2024-11-18 22:06:31,015 [INFO] IPUIPlugin:80 - create IPUIPlugin
2024-11-18 22:06:31,015 [INFO] PluginManager:220 - loadIPPluginJar : add aes
2024-11-18 22:06:31,017 [INFO] IPUIPlugin:80 - create IPUIPlugin
2024-11-18 22:06:31,018 [INFO] PluginManager:220 - loadIPPluginJar : add can
2024-11-18 22:06:31,019 [INFO] IPUIPlugin:80 - create IPUIPlugin
2024-11-18 22:06:31,019 [INFO] PluginManager:220 - loadIPPluginJar : add comp
2024-11-18 22:06:31,022 [INFO] IPUIPlugin:80 - create IPUIPlugin
2024-11-18 22:06:31,022 [INFO] PluginManager:220 - loadIPPluginJar : add cryp
2024-11-18 22:06:31,026 [INFO] IPUIPlugin:80 - create IPUIPlugin
2024-11-18 22:06:31,026 [INFO] PluginManager:220 - loadIPPluginJar : add ddr_ctrl_phy
2024-11-18 22:06:31,028 [INFO] IPUIPlugin:80 - create IPUIPlugin
2024-11-18 22:06:31,028 [INFO] PluginManager:220 - loadIPPluginJar : add dfsdm
2024-11-18 22:06:31,032 [INFO] IPUIPlugin:80 - create IPUIPlugin
2024-11-18 22:06:31,034 [INFO] PluginManager:220 - loadIPPluginJar : add dma
2024-11-18 22:06:31,036 [INFO] IPUIPlugin:80 - create IPUIPlugin
2024-11-18 22:06:31,036 [INFO] PluginManager:220 - loadIPPluginJar : add dma3
2024-11-18 22:06:31,038 [INFO] IPUIPlugin:80 - create IPUIPlugin
2024-11-18 22:06:31,038 [INFO] PluginManager:220 - loadIPPluginJar : add extmemmanager
2024-11-18 22:06:31,041 [INFO] IPUIPlugin:80 - create IPUIPlugin
2024-11-18 22:06:31,041 [INFO] PluginManager:220 - loadIPPluginJar : add fatfs
2024-11-18 22:06:31,045 [INFO] IPUIPlugin:80 - create IPUIPlugin
2024-11-18 22:06:31,045 [INFO] PluginManager:220 - loadIPPluginJar : add fmc
2024-11-18 22:06:31,051 [INFO] IPUIPlugin:80 - create IPUIPlugin
2024-11-18 22:06:31,051 [INFO] PluginManager:220 - loadIPPluginJar : add freertos
2024-11-18 22:06:31,052 [INFO] IPUIPlugin:80 - create IPUIPlugin
2024-11-18 22:06:31,052 [INFO] PluginManager:220 - loadIPPluginJar : add genericplugin
2024-11-18 22:06:31,054 [INFO] IPUIPlugin:80 - create IPUIPlugin
2024-11-18 22:06:31,055 [INFO] PluginManager:220 - loadIPPluginJar : add gfxmmu
2024-11-18 22:06:31,059 [INFO] IPUIPlugin:80 - create IPUIPlugin
2024-11-18 22:06:31,059 [INFO] PluginManager:220 - loadIPPluginJar : add gic
2024-11-18 22:06:31,063 [INFO] IPUIPlugin:80 - create IPUIPlugin
2024-11-18 22:06:31,063 [INFO] PluginManager:220 - loadIPPluginJar : add gpio
2024-11-18 22:06:31,065 [INFO] IPUIPlugin:80 - create IPUIPlugin
2024-11-18 22:06:31,065 [INFO] PluginManager:220 - loadIPPluginJar : add gtzc
2024-11-18 22:06:31,067 [INFO] IPUIPlugin:80 - create IPUIPlugin
2024-11-18 22:06:31,067 [INFO] PluginManager:220 - loadIPPluginJar : add hash
2024-11-18 22:06:31,070 [INFO] IPUIPlugin:80 - create IPUIPlugin
2024-11-18 22:06:31,070 [INFO] PluginManager:220 - loadIPPluginJar : add i2c
2024-11-18 22:06:31,072 [INFO] IPUIPlugin:80 - create IPUIPlugin
2024-11-18 22:06:31,073 [INFO] PluginManager:220 - loadIPPluginJar : add i2s
2024-11-18 22:06:31,075 [INFO] IPUIPlugin:80 - create IPUIPlugin
2024-11-18 22:06:31,075 [INFO] PluginManager:220 - loadIPPluginJar : add i3c
2024-11-18 22:06:31,078 [INFO] IPUIPlugin:80 - create IPUIPlugin
2024-11-18 22:06:31,078 [INFO] PluginManager:220 - loadIPPluginJar : add ipddr
2024-11-18 22:06:31,085 [INFO] IPUIPlugin:80 - create IPUIPlugin
2024-11-18 22:06:31,086 [INFO] PluginManager:220 - loadIPPluginJar : add linkedlist
2024-11-18 22:06:31,089 [INFO] IPUIPlugin:80 - create IPUIPlugin
2024-11-18 22:06:31,089 [INFO] PluginManager:220 - loadIPPluginJar : add lorawan
2024-11-18 22:06:31,090 [INFO] IPUIPlugin:80 - create IPUIPlugin
2024-11-18 22:06:31,090 [INFO] PluginManager:220 - loadIPPluginJar : add ltdc
2024-11-18 22:06:31,096 [INFO] IPUIPlugin:80 - create IPUIPlugin
2024-11-18 22:06:31,097 [INFO] PluginManager:220 - loadIPPluginJar : add mdma
2024-11-18 22:06:31,103 [INFO] IPUIPlugin:80 - create IPUIPlugin
2024-11-18 22:06:31,103 [INFO] PluginManager:220 - loadIPPluginJar : add nvic
2024-11-18 22:06:31,106 [INFO] IPUIPlugin:80 - create IPUIPlugin
2024-11-18 22:06:31,106 [INFO] PluginManager:220 - loadIPPluginJar : add opamp
2024-11-18 22:06:31,109 [INFO] IPUIPlugin:80 - create IPUIPlugin
2024-11-18 22:06:31,109 [INFO] PluginManager:220 - loadIPPluginJar : add openamp
2024-11-18 22:06:31,112 [INFO] IPUIPlugin:80 - create IPUIPlugin
2024-11-18 22:06:31,112 [INFO] PluginManager:220 - loadIPPluginJar : add pdm2pcm
2024-11-18 22:06:31,119 [INFO] IPUIPlugin:80 - create IPUIPlugin
2024-11-18 22:06:31,121 [INFO] PluginManager:220 - loadIPPluginJar : add plateformsettings
2024-11-18 22:06:31,122 [INFO] IPUIPlugin:80 - create IPUIPlugin
2024-11-18 22:06:31,122 [INFO] PluginManager:220 - loadIPPluginJar : add quadspi
2024-11-18 22:06:31,124 [INFO] IPUIPlugin:80 - create IPUIPlugin
2024-11-18 22:06:31,125 [INFO] PluginManager:220 - loadIPPluginJar : add radio
2024-11-18 22:06:31,129 [INFO] IPUIPlugin:80 - create IPUIPlugin
2024-11-18 22:06:31,129 [INFO] PluginManager:220 - loadIPPluginJar : add resmgrutility
2024-11-18 22:06:31,132 [INFO] IPUIPlugin:80 - create IPUIPlugin
2024-11-18 22:06:31,132 [INFO] PluginManager:220 - loadIPPluginJar : add sai
2024-11-18 22:06:31,134 [INFO] IPUIPlugin:80 - create IPUIPlugin
2024-11-18 22:06:31,134 [INFO] PluginManager:220 - loadIPPluginJar : add spi
2024-11-18 22:06:31,140 [INFO] IPUIPlugin:80 - create IPUIPlugin
2024-11-18 22:06:31,140 [INFO] PluginManager:220 - loadIPPluginJar : add stm32_wpan
2024-11-18 22:06:31,141 [INFO] IPUIPlugin:80 - create IPUIPlugin
2024-11-18 22:06:31,141 [INFO] PluginManager:220 - loadIPPluginJar : add tim
2024-11-18 22:06:31,144 [INFO] IPUIPlugin:80 - create IPUIPlugin
2024-11-18 22:06:31,145 [INFO] PluginManager:220 - loadIPPluginJar : add touchsensing
2024-11-18 22:06:31,145 [INFO] IPUIPlugin:80 - create IPUIPlugin
2024-11-18 22:06:31,146 [INFO] PluginManager:220 - loadIPPluginJar : add tracer_emb
2024-11-18 22:06:31,148 [INFO] IPUIPlugin:80 - create IPUIPlugin
2024-11-18 22:06:31,148 [INFO] PluginManager:220 - loadIPPluginJar : add ts
2024-11-18 22:06:31,150 [INFO] IPUIPlugin:80 - create IPUIPlugin
2024-11-18 22:06:31,151 [INFO] PluginManager:220 - loadIPPluginJar : add tsc
2024-11-18 22:06:31,153 [INFO] IPUIPlugin:80 - create IPUIPlugin
2024-11-18 22:06:31,153 [INFO] PluginManager:220 - loadIPPluginJar : add ucpd
2024-11-18 22:06:31,156 [INFO] IPUIPlugin:80 - create IPUIPlugin
2024-11-18 22:06:31,156 [INFO] PluginManager:220 - loadIPPluginJar : add usart
2024-11-18 22:06:31,159 [INFO] IPUIPlugin:80 - create IPUIPlugin
2024-11-18 22:06:31,159 [INFO] PluginManager:220 - loadIPPluginJar : add usbx
2024-11-18 22:06:31,297 [INFO] CADModel:165 - CPN selected for project level
2024-11-18 22:06:31,297 [INFO] CADModel:114 - Register for checkConnection events
2024-11-18 22:06:31,297 [FATAL] Updater:334 - Updater called before beeing initialized
2024-11-18 22:06:31,297 [ERROR] CADModel:125 - Updater not yet initialized, retry later 
2024-11-18 22:06:31,446 [INFO] CADModel:165 - CPN selected for project level
2024-11-18 22:06:31,446 [INFO] CADModel:114 - Register for checkConnection events
2024-11-18 22:06:31,446 [FATAL] Updater:334 - Updater called before beeing initialized
2024-11-18 22:06:31,446 [ERROR] CADModel:125 - Updater not yet initialized, retry later 
2024-11-18 22:06:31,450 [FATAL] Updater:334 - Updater called before beeing initialized
2024-11-18 22:06:31,565 [FATAL] Updater:334 - Updater called before beeing initialized
2024-11-18 22:06:31,570 [INFO] DbMcusAds:53 - JSON generation date=Fri Sep 20 06:04:23 PDT 2024 (1726837463113)
2024-11-18 22:06:31,570 [FATAL] Updater:334 - Updater called before beeing initialized
2024-11-18 22:06:31,608 [WARN] DetailPanel:346 - Failed to get advertising image, set to default
2024-11-18 22:06:31,689 [FATAL] Updater:334 - Updater called before beeing initialized
2024-11-18 22:06:31,691 [FATAL] Updater:334 - Updater called before beeing initialized
2024-11-18 22:06:31,692 [FATAL] Updater:334 - Updater called before beeing initialized
2024-11-18 22:06:31,692 [WARN] DetailPanel:346 - Failed to get advertising image, set to default
2024-11-18 22:06:31,693 [FATAL] Updater:334 - Updater called before beeing initialized
2024-11-18 22:06:31,746 [ERROR] Updater:1164 - MainUpdater not yet initialized. External WinMGr cannot be set.
2024-11-18 22:06:31,748 [INFO] Updater:1100 - Updater Version found : 6.12.0
2024-11-18 22:06:31,772 [INFO] ApplicationProperties:184 - Using Application install path: C:\ST\STM32CubeIDE_1.16.0\STM32CubeIDE\plugins\com.st.stm32cube.common.mx_6.12.0.202406281431
2024-11-18 22:06:33,356 [ERROR] LogOutputStream:75 - [STDERR_REDIRECT] Nov 18, 2024 10:06:33 PM java.util.prefs.WindowsPreferences <init>
2024-11-18 22:06:33,358 [ERROR] LogOutputStream:75 - [STDERR_REDIRECT] WARNING: Could not open/create prefs root node Software\JavaSoft\Prefs at root 0xffffffff80000002. Windows RegCreateKeyEx(...) returned error code 5.
2024-11-18 22:06:33,358 [ERROR] LogOutputStream:75 - [STDERR_REDIRECT] 
2024-11-18 22:06:33,459 [INFO] ThirdPartyUpdaterWithRetryManager:70 - Updater plugin not ready yet. [2/15]
2024-11-18 22:06:33,752 [INFO] MainUpdater:2873 - connection check result : 10
2024-11-18 22:06:33,753 [INFO] MainUpdater:290 - Updater Check For Update Now.
2024-11-18 22:06:33,753 [INFO] MicroXplorer:498 - Change Database Version : DB.6.0.120
2024-11-18 22:06:33,779 [INFO] McuFinderGlobals:63 - Set McuFinder mode to 2 (CubeIDE integrated)
2024-11-18 22:06:33,780 [INFO] UserAuth:179 - activating auth plugin
2024-11-18 22:06:33,784 [INFO] UserAuth:417 - Internet connection configuration mode: 1
2024-11-18 22:06:33,844 [INFO] JxBrowserEngine:152 - Initiate JxBrowser Engine with user profile folder
2024-11-18 22:06:33,984 [INFO] CheckServerUpdateThread:120 - End of CheckServer Thread
2024-11-18 22:06:36,670 [WARN] PackLoader:240 - Cannot read IP mode file for STMicroelectronics.FP-SNS-MOTENVWB1.1.4.0
2024-11-18 22:06:36,686 [WARN] PackLoader:240 - Cannot read IP mode file for STMicroelectronics.FP-ATR-ASTRA1.2.0.1
2024-11-18 22:06:36,700 [WARN] PackLoader:240 - Cannot read IP mode file for STMicroelectronics.X-CUBE-SMBUS.2.1.0
2024-11-18 22:06:36,718 [WARN] PackLoader:240 - Cannot read IP mode file for STMicroelectronics.X-CUBE-WB05N.1.1.0
2024-11-18 22:06:36,764 [WARN] PackLoader:240 - Cannot read IP mode file for STMicroelectronics.X-CUBE-AZRTOS-F7.1.1.0
2024-11-18 22:06:36,855 [WARN] PackLoader:240 - Cannot read IP mode file for STMicroelectronics.X-CUBE-MEMS1.11.0.0
2024-11-18 22:06:37,017 [WARN] PackLoader:240 - Cannot read IP mode file for STMicroelectronics.FP-SNS-FLIGHT1.5.0.2
2024-11-18 22:06:37,036 [WARN] PackLoader:240 - Cannot read IP mode file for STMicroelectronics.X-CUBE-DISPLAY.3.0.0
2024-11-18 22:06:37,058 [WARN] PackLoader:240 - Cannot read IP mode file for STMicroelectronics.X-CUBE-BLE1.7.0.0
2024-11-18 22:06:37,081 [WARN] PackLoader:240 - Cannot read IP mode file for STMicroelectronics.X-CUBE-NFC10.1.0.0
2024-11-18 22:06:37,101 [WARN] PackLoader:240 - Cannot read IP mode file for emotas.I-CUBE-CANOPEN.1.3.0
2024-11-18 22:06:37,119 [WARN] PackLoader:240 - Cannot read IP mode file for STMicroelectronics.X-CUBE-BLEMGR.3.1.0
2024-11-18 22:06:37,140 [WARN] PackLoader:240 - Cannot read IP mode file for STMicroelectronics.FP-SNS-SMARTAG2.1.2.0
2024-11-18 22:06:37,166 [INFO] LogOutputStream:77 - [STDOUT_REDIRECT] 1 : Invalid condition id : UX_CORESTACK_Condition cause : null
2024-11-18 22:06:37,167 [INFO] LogOutputStream:77 - [STDOUT_REDIRECT] 1 : Invalid condition id : UX_CORESTACK_Condition cause : null
2024-11-18 22:06:37,168 [INFO] LogOutputStream:77 - [STDOUT_REDIRECT] 1 : Invalid condition id : UX_CORESTACK_Condition cause : null
2024-11-18 22:06:37,170 [INFO] LogOutputStream:77 - [STDOUT_REDIRECT] 1 : Invalid condition id : UX_CORESTACK_Condition cause : null
2024-11-18 22:06:37,172 [INFO] LogOutputStream:77 - [STDOUT_REDIRECT] 1 : Invalid condition id : UX_CORESTACK_Condition cause : null
2024-11-18 22:06:37,173 [WARN] PackLoader:240 - Cannot read IP mode file for STMicroelectronics.X-CUBE-AZRTOS-WL.2.0.0
2024-11-18 22:06:37,196 [WARN] PackLoader:240 - Cannot read IP mode file for STMicroelectronics.FP-SNS-MOTENV1.5.0.0
2024-11-18 22:06:37,229 [WARN] PackLoader:240 - Cannot read IP mode file for wolfSSL.I-CUBE-wolfMQTT.1.19.0
2024-11-18 22:06:37,254 [WARN] PackLoader:240 - Cannot read IP mode file for WES.I-CUBE-Cesium.1.3.0
2024-11-18 22:06:37,268 [WARN] PackLoader:240 - Cannot read IP mode file for STMicroelectronics.X-CUBE-BLE2.3.3.0
2024-11-18 22:06:37,283 [WARN] PackLoader:240 - Cannot read IP mode file for STMicroelectronics.X-CUBE-NFC9.1.0.0
2024-11-18 22:06:37,297 [WARN] PackLoader:240 - Cannot read IP mode file for STMicroelectronics.X-CUBE-TCPP.4.1.0
2024-11-18 22:06:37,331 [WARN] PackLoader:240 - Cannot read IP mode file for STMicroelectronics.X-CUBE-AZRTOS-G0.1.1.0
2024-11-18 22:06:37,351 [WARN] PackLoader:240 - Cannot read IP mode file for STMicroelectronics.X-CUBE-SAFEA1.1.2.2
2024-11-18 22:06:37,368 [WARN] PackLoader:240 - Cannot read IP mode file for STMicroelectronics.X-CUBE-NFC4.3.0.0
2024-11-18 22:06:37,397 [WARN] PackLoader:240 - Cannot read IP mode file for EmbeddedOffice.I-CUBE-FS-RTOS.1.0.1
2024-11-18 22:06:37,398 [ERROR] ConditionMgr:805 - Attr not supported : Dmpu
2024-11-18 22:06:37,398 [ERROR] ConditionMgr:805 - Attr not supported : Dmpu
2024-11-18 22:06:37,398 [ERROR] ConditionMgr:805 - Attr not supported : Dmpu
2024-11-18 22:06:37,398 [ERROR] ConditionMgr:805 - Attr not supported : Dmpu
2024-11-18 22:06:37,398 [ERROR] ConditionMgr:805 - Attr not supported : Dmpu
2024-11-18 22:06:37,398 [ERROR] ConditionMgr:805 - Attr not supported : Dmpu
2024-11-18 22:06:37,399 [ERROR] ConditionMgr:805 - Attr not supported : Dmpu
2024-11-18 22:06:37,399 [ERROR] ConditionMgr:805 - Attr not supported : Dmpu
2024-11-18 22:06:37,399 [ERROR] ConditionMgr:805 - Attr not supported : Dmpu
2024-11-18 22:06:37,399 [ERROR] ConditionMgr:805 - Attr not supported : Dmpu
2024-11-18 22:06:37,399 [ERROR] ConditionMgr:805 - Attr not supported : Dmpu
2024-11-18 22:06:37,399 [ERROR] ConditionMgr:805 - Attr not supported : Dmpu
2024-11-18 22:06:37,400 [ERROR] ConditionMgr:805 - Attr not supported : Dmpu
2024-11-18 22:06:37,400 [ERROR] ConditionMgr:805 - Attr not supported : Dmpu
2024-11-18 22:06:37,400 [ERROR] ConditionMgr:805 - Attr not supported : Dmpu
2024-11-18 22:06:37,400 [ERROR] ConditionMgr:805 - Attr not supported : Dmpu
2024-11-18 22:06:37,400 [ERROR] ConditionMgr:805 - Attr not supported : Dmpu
2024-11-18 22:06:37,400 [ERROR] ConditionMgr:805 - Attr not supported : Dmpu
2024-11-18 22:06:37,401 [ERROR] ConditionMgr:805 - Attr not supported : Dmpu
2024-11-18 22:06:37,401 [ERROR] ConditionMgr:805 - Attr not supported : Dmpu
2024-11-18 22:06:37,401 [ERROR] ConditionMgr:805 - Attr not supported : Dmpu
2024-11-18 22:06:37,401 [ERROR] ConditionMgr:805 - Attr not supported : Dmpu
2024-11-18 22:06:37,401 [ERROR] ConditionMgr:805 - Attr not supported : Dmpu
2024-11-18 22:06:37,401 [ERROR] ConditionMgr:805 - Attr not supported : Dmpu
2024-11-18 22:06:37,402 [ERROR] ConditionMgr:805 - Attr not supported : Dmpu
2024-11-18 22:06:37,402 [ERROR] ConditionMgr:805 - Attr not supported : Dmpu
2024-11-18 22:06:37,402 [ERROR] ConditionMgr:805 - Attr not supported : Dmpu
2024-11-18 22:06:37,402 [ERROR] ConditionMgr:805 - Attr not supported : Dmpu
2024-11-18 22:06:37,402 [ERROR] ConditionMgr:805 - Attr not supported : Dmpu
2024-11-18 22:06:37,402 [ERROR] ConditionMgr:805 - Attr not supported : Dmpu
2024-11-18 22:06:37,402 [ERROR] ConditionMgr:805 - Attr not supported : Dmpu
2024-11-18 22:06:37,403 [ERROR] ConditionMgr:805 - Attr not supported : Dmpu
2024-11-18 22:06:37,403 [ERROR] ConditionMgr:805 - Attr not supported : Dmpu
2024-11-18 22:06:37,403 [ERROR] ConditionMgr:805 - Attr not supported : Dmpu
2024-11-18 22:06:37,403 [ERROR] ConditionMgr:805 - Attr not supported : Dmpu
2024-11-18 22:06:37,403 [ERROR] ConditionMgr:805 - Attr not supported : Dmpu
2024-11-18 22:06:37,403 [ERROR] ConditionMgr:805 - Attr not supported : Dmpu
2024-11-18 22:06:37,404 [ERROR] ConditionMgr:805 - Attr not supported : Dmpu
2024-11-18 22:06:37,404 [ERROR] ConditionMgr:805 - Attr not supported : Dmpu
2024-11-18 22:06:37,404 [ERROR] ConditionMgr:805 - Attr not supported : Dmpu
2024-11-18 22:06:37,404 [ERROR] ConditionMgr:805 - Attr not supported : Dmpu
2024-11-18 22:06:37,404 [ERROR] ConditionMgr:805 - Attr not supported : Dmpu
2024-11-18 22:06:37,405 [ERROR] ConditionMgr:805 - Attr not supported : Dmpu
2024-11-18 22:06:37,405 [ERROR] ConditionMgr:805 - Attr not supported : Dmpu
2024-11-18 22:06:37,405 [ERROR] ConditionMgr:805 - Attr not supported : Dmpu
2024-11-18 22:06:37,405 [ERROR] ConditionMgr:805 - Attr not supported : Dmpu
2024-11-18 22:06:37,405 [ERROR] ConditionMgr:805 - Attr not supported : Dmpu
2024-11-18 22:06:37,405 [ERROR] ConditionMgr:805 - Attr not supported : Dmpu
2024-11-18 22:06:37,405 [ERROR] ConditionMgr:805 - Attr not supported : Dmpu
2024-11-18 22:06:37,405 [ERROR] ConditionMgr:805 - Attr not supported : Dmpu
2024-11-18 22:06:37,406 [ERROR] ConditionMgr:805 - Attr not supported : Dmpu
2024-11-18 22:06:37,406 [ERROR] ConditionMgr:805 - Attr not supported : Dmpu
2024-11-18 22:06:37,406 [ERROR] ConditionMgr:805 - Attr not supported : Dmpu
2024-11-18 22:06:37,406 [ERROR] ConditionMgr:805 - Attr not supported : Dmpu
2024-11-18 22:06:37,406 [ERROR] ConditionMgr:805 - Attr not supported : Dmpu
2024-11-18 22:06:37,406 [ERROR] ConditionMgr:805 - Attr not supported : Dmpu
2024-11-18 22:06:37,406 [ERROR] ConditionMgr:805 - Attr not supported : Dmpu
2024-11-18 22:06:37,406 [ERROR] ConditionMgr:805 - Attr not supported : Dmpu
2024-11-18 22:06:37,407 [ERROR] ConditionMgr:805 - Attr not supported : Dmpu
2024-11-18 22:06:37,407 [ERROR] ConditionMgr:805 - Attr not supported : Dmpu
2024-11-18 22:06:37,407 [ERROR] ConditionMgr:805 - Attr not supported : Dmpu
2024-11-18 22:06:37,407 [ERROR] ConditionMgr:805 - Attr not supported : Dmpu
2024-11-18 22:06:37,407 [ERROR] ConditionMgr:805 - Attr not supported : Dmpu
2024-11-18 22:06:37,407 [ERROR] ConditionMgr:805 - Attr not supported : Dmpu
2024-11-18 22:06:37,428 [WARN] PackLoader:240 - Cannot read IP mode file for RealThread.X-CUBE-RT-Thread_Nano.4.1.1
2024-11-18 22:06:37,440 [WARN] PackLoader:240 - Cannot read IP mode file for STMicroelectronics.FP-ATR-SIGFOX1.3.2.0
2024-11-18 22:06:37,451 [WARN] PackLoader:240 - Cannot read IP mode file for wolfSSL.I-CUBE-wolfSSL.5.7.2
2024-11-18 22:06:37,465 [WARN] ConditionMgr:438 - getConditionDescription Invalid condition id : Cortex-A Device cause : null
2024-11-18 22:06:37,488 [WARN] ConditionMgr:1039 - genDependencies : Invalid condition id : Cortex-A Device cause : null
2024-11-18 22:06:37,489 [WARN] ConditionMgr:1039 - genDependencies : Invalid condition id : Cortex-A Device cause : null
2024-11-18 22:06:37,489 [WARN] ConditionMgr:1039 - genDependencies : Invalid condition id : Cortex-A Device cause : null
2024-11-18 22:06:37,507 [WARN] PackLoader:240 - Cannot read IP mode file for STMicroelectronics.X-CUBE-EEPRMA1.5.1.0
2024-11-18 22:06:37,524 [WARN] PackLoader:240 - Cannot read IP mode file for ITTIA_DB.I-CUBE-ITTIADB.8.9.0
2024-11-18 22:06:37,557 [WARN] PackLoader:240 - Cannot read IP mode file for SEGGER.I-CUBE-embOS.1.3.1
2024-11-18 22:06:37,591 [WARN] PackLoader:240 - Cannot read IP mode file for STMicroelectronics.X-CUBE-ALGOBUILD.1.4.0
2024-11-18 22:06:37,608 [WARN] PackLoader:240 - Cannot read IP mode file for STMicroelectronics.X-CUBE-AI.9.1.0
2024-11-18 22:06:37,625 [WARN] PackLoader:240 - Cannot read IP mode file for STMicroelectronics.X-CUBE-GNSS1.6.0.0
2024-11-18 22:06:37,649 [WARN] PackLoader:240 - Cannot read IP mode file for STMicroelectronics.X-CUBE-AZRTOS-F4.1.1.0
2024-11-18 22:06:37,664 [WARN] PackLoader:240 - Cannot read IP mode file for STMicroelectronics.X-CUBE-ISPU.2.1.0
2024-11-18 22:06:37,680 [WARN] PackLoader:240 - Cannot read IP mode file for STMicroelectronics.X-CUBE-FREERTOS.1.2.0
2024-11-18 22:06:37,707 [WARN] PackLoader:240 - Cannot read IP mode file for STMicroelectronics.X-CUBE-AZRTOS-L5.2.0.0
2024-11-18 22:06:37,724 [WARN] PackLoader:240 - Cannot read IP mode file for STMicroelectronics.X-CUBE-NFC6.3.1.0
2024-11-18 22:06:37,738 [WARN] PackLoader:240 - Cannot read IP mode file for STMicroelectronics.X-CUBE-DPower.1.2.0
2024-11-18 22:06:37,750 [WARN] PackLoader:240 - Cannot read IP mode file for STMicroelectronics.X-CUBE-AI.9.0.0
2024-11-18 22:06:37,764 [WARN] PackLoader:240 - Cannot read IP mode file for STMicroelectronics.X-CUBE-NFC7.1.0.1
2024-11-18 22:06:37,800 [WARN] ConditionMgr:438 - getConditionDescription Invalid condition id : LAN8742 Phy interface Condition cause : null
2024-11-18 22:06:37,800 [WARN] PackLoader:240 - Cannot read IP mode file for STMicroelectronics.X-CUBE-AZRTOS-L4.2.0.0
2024-11-18 22:06:37,802 [WARN] ConditionMgr:1039 - genDependencies : Invalid condition id : LAN8742 Phy interface Condition cause : null
2024-11-18 22:06:37,803 [WARN] ConditionMgr:1039 - genDependencies : Invalid condition id : LAN8742 Phy interface Condition cause : null
2024-11-18 22:06:37,803 [WARN] ConditionMgr:1039 - genDependencies : Invalid condition id : LAN8742 Phy interface Condition cause : null
2024-11-18 22:06:37,837 [WARN] PackLoader:240 - Cannot read IP mode file for STMicroelectronics.X-CUBE-SFXS2LP1.4.0.0
2024-11-18 22:06:37,871 [WARN] PackLoader:240 - Cannot read IP mode file for STMicroelectronics.X-CUBE-AZRTOS-H7.3.3.0
2024-11-18 22:06:37,895 [WARN] PackLoader:240 - Cannot read IP mode file for STMicroelectronics.X-CUBE-IPS.3.0.0
2024-11-18 22:06:37,915 [WARN] ConditionMgr:438 - getConditionDescription Invalid condition id : UX DEVICE CLASS RTOS Condition cause : null
2024-11-18 22:06:37,915 [WARN] ConditionMgr:438 - getConditionDescription Invalid condition id : UX DEVICE CLASS RTOS Condition cause : null
2024-11-18 22:06:37,916 [WARN] PackLoader:240 - Cannot read IP mode file for STMicroelectronics.X-CUBE-AZRTOS-WB.2.0.0
2024-11-18 22:06:37,917 [WARN] ConditionMgr:1039 - genDependencies : Invalid condition id : UX DEVICE CLASS RTOS Condition cause : null
2024-11-18 22:06:37,917 [WARN] ConditionMgr:1039 - genDependencies : Invalid condition id : UX DEVICE CLASS RTOS Condition cause : null
2024-11-18 22:06:37,917 [WARN] ConditionMgr:1039 - genDependencies : Invalid condition id : UX DEVICE CLASS RTOS Condition cause : null
2024-11-18 22:06:37,917 [WARN] ConditionMgr:1039 - genDependencies : Invalid condition id : UX DEVICE CLASS RTOS Condition cause : null
2024-11-18 22:06:37,917 [WARN] ConditionMgr:1039 - genDependencies : Invalid condition id : UX DEVICE CLASS RTOS Condition cause : null
2024-11-18 22:06:37,932 [WARN] PackLoader:240 - Cannot read IP mode file for STMicroelectronics.X-CUBE-GNSS1.7.0.0
2024-11-18 22:06:37,952 [WARN] PackLoader:240 - Cannot read IP mode file for STMicroelectronics.FP-SNS-STBOX1.2.0.0
2024-11-18 22:06:37,975 [WARN] PackLoader:240 - Cannot read IP mode file for STMicroelectronics.X-CUBE-SUBG2.5.0.0
2024-11-18 22:06:37,989 [WARN] PackLoader:240 - Cannot read IP mode file for Cesanta.I-CUBE-Mongoose.7.13.0
2024-11-18 22:06:38,009 [WARN] PackLoader:240 - Cannot read IP mode file for STMicroelectronics.X-CUBE-AZRTOS-G4.2.0.0
2024-11-18 22:06:38,027 [WARN] PackLoader:240 - Cannot read IP mode file for STMicroelectronics.X-CUBE-ISPU.2.0.0
2024-11-18 22:06:38,039 [WARN] PackLoader:240 - Cannot read IP mode file for STMicroelectronics.X-CUBE-ALS.1.0.2
2024-11-18 22:06:38,056 [WARN] PackLoader:240 - Cannot read IP mode file for STMicroelectronics.X-CUBE-TOUCHGFX.4.24.0
2024-11-18 22:06:38,070 [WARN] PackLoader:240 - Cannot read IP mode file for STMicroelectronics.X-CUBE-TOUCHGFX.4.24.1
2024-11-18 22:06:38,083 [WARN] PackLoader:240 - Cannot read IP mode file for wolfSSL.I-CUBE-wolfTPM.3.4.0
2024-11-18 22:06:38,096 [WARN] PackLoader:240 - Cannot read IP mode file for portGmbH.I-Cube-SoM-uGOAL.1.1.0
2024-11-18 22:06:38,119 [WARN] PackLoader:240 - Cannot read IP mode file for STMicroelectronics.X-CUBE-AZRTOS-H7RS.1.0.0
2024-11-18 22:06:38,131 [WARN] PackLoader:240 - Cannot read IP mode file for STMicroelectronics.FP-ATR-ASTRA1.2.0.0
2024-11-18 22:06:38,148 [WARN] PackLoader:240 - Cannot read IP mode file for STMicroelectronics.X-CUBE-TOF1.3.4.2
2024-11-18 22:06:38,185 [WARN] PackLoader:240 - Cannot read IP mode file for Infineon.AIROC-Wi-Fi-Bluetooth-STM32.1.6.1
2024-11-18 22:06:38,200 [WARN] PackLoader:240 - Cannot read IP mode file for wolfSSL.I-CUBE-wolfSSH.1.4.17
2024-11-18 22:06:38,200 [INFO] ThirdParty:978 - Integrity check success = true
2024-11-18 22:06:38,200 [INFO] IntegrityCheckThread:100 - exiting critical section [integrity check]
2024-11-18 22:06:38,200 [INFO] IntegrityCheckThread:103 - End integrity checks thread
2024-11-18 22:06:39,139 [INFO] WebApp:167 - Instantiating new browser for Auth
2024-11-18 22:06:39,946 [INFO] WebApp:448 - Apply proxy settings
2024-11-18 22:06:39,946 [INFO] WebApp:533 - Chromium requires no authentication
2024-11-18 22:06:39,957 [INFO] WebApp:476 - Direct internet connection detected
2024-11-18 22:06:39,982 [INFO] WebApp:869 - Register for checkConnection events
2024-11-18 22:06:39,982 [INFO] WebApp:448 - Apply proxy settings
2024-11-18 22:06:39,983 [INFO] WebApp:533 - Chromium requires no authentication
2024-11-18 22:06:39,983 [INFO] WebApp:476 - Direct internet connection detected
2024-11-18 22:06:40,194 [INFO] WebApp:220 - Starting web application
2024-11-18 22:06:40,194 [INFO] WebApp:578 - Web application path used C:\ST\STM32CubeIDE_1.16.0\STM32CubeIDE\plugins\com.st.stm32cube.common.mx_6.12.0.202406281431\db\plugins\mcufinder\reactClient1\index.html
2024-11-18 22:06:40,441 [INFO] WebApp:186 - Connection restablished
2024-11-18 22:25:19,313 [ERROR] LogOutputStream:75 - [STDERR_REDIRECT] 
2024-11-18 22:25:19,314 [ERROR] LogOutputStream:75 - [STDERR_REDIRECT] 
