2025-04-10 13:17:27,357 [INFO] Activator:176 - 


2025-04-10 13:17:27,367 [INFO] Activator:177 - !SESSION log4j initialized
2025-04-10 13:17:37,979 [INFO] LogOutputStream:77 - [STDOUT_REDIRECT] 
2025-04-10 13:17:43,222 [INFO] ApplicationProperties:184 - Using Application install path: C:\ST\STM32CubeIDE_1.16.0\STM32CubeIDE\plugins\com.st.stm32cube.common.mx_6.12.0.202406281431
2025-04-10 13:17:43,248 [INFO] DbMcusXml:78 - Set database path to: C:\ST\STM32CubeIDE_1.16.0\STM32CubeIDE\plugins\com.st.stm32cube.common.mx_6.12.0.202406281431\\db\/mcu/
2025-04-10 13:17:43,248 [INFO] ApiDb:274 - Set plugin database path to: C:\ST\STM32CubeIDE_1.16.0\STM32CubeIDE\plugins\com.st.stm32cube.common.mx_6.12.0.202406281431\\db\/plugins/boardmanager/
2025-04-10 13:17:43,249 [WARN] ApiDb:259 - Overriding images path with different value:  => C:\ST\STM32CubeIDE_1.16.0\STM32CubeIDE\plugins\com.st.stm32cube.common.mx_6.12.0.202406281431\\db\/plugins/mcufinder/images/
2025-04-10 13:17:43,273 [INFO] ApiDb:250 - Set database path to: C:\Users\brady\.stmcufinder\plugins\mcufinder//mcu/
2025-04-10 13:17:43,274 [INFO] DbMcusAds:125 - Set database path to: C:\Users\brady\.stmcufinder\plugins\mcufinder//mcu/
2025-04-10 13:17:43,278 [INFO] CrossReferenceDbSqlite:203 - Set database path to: C:\Users\brady\.stmcufinder\plugins\mcufinder//mcu/cs/
2025-04-10 13:17:43,487 [INFO] RulesReader:64 - Compatibility file has been processed (297 Rules)
2025-04-10 13:17:43,636 [INFO] DbMcusXml:78 - Set database path to: C:\ST\STM32CubeIDE_1.16.0\STM32CubeIDE\plugins\com.st.stm32cube.common.mx_6.12.0.202406281431\\db\/mcu/
2025-04-10 13:17:43,636 [INFO] ApiDb:274 - Set plugin database path to: C:\ST\STM32CubeIDE_1.16.0\STM32CubeIDE\plugins\com.st.stm32cube.common.mx_6.12.0.202406281431\\db\/plugins/boardmanager/
2025-04-10 13:17:43,636 [INFO] ApiDb:261 - Set plugin images path to: C:\ST\STM32CubeIDE_1.16.0\STM32CubeIDE\plugins\com.st.stm32cube.common.mx_6.12.0.202406281431\\db\/plugins/mcufinder/images/
2025-04-10 13:17:43,637 [WARN] DbFile:41 - Overriding database path with different value: C:\Users\brady\.stmcufinder\plugins\mcufinder/ => C:\Users\brady\.stmcufinder\plugins\mcufinder
2025-04-10 13:17:43,637 [INFO] ApiDb:250 - Set database path to: C:\Users\brady\.stmcufinder\plugins\mcufinder//mcu/
2025-04-10 13:17:43,637 [WARN] DbFile:41 - Overriding database path with different value: C:\Users\brady\.stmcufinder\plugins\mcufinder/ => C:\Users\brady\.stmcufinder\plugins\mcufinder
2025-04-10 13:17:43,637 [INFO] DbMcusAds:125 - Set database path to: C:\Users\brady\.stmcufinder\plugins\mcufinder//mcu/
2025-04-10 13:17:43,637 [WARN] DbFile:41 - Overriding database path with different value: C:\Users\brady\.stmcufinder\plugins\mcufinder/ => C:\Users\brady\.stmcufinder\plugins\mcufinder
2025-04-10 13:17:43,637 [WARN] DbFile:41 - Overriding database path with different value: C:\Users\brady\.stmcufinder\plugins\mcufinder/ => C:\Users\brady\.stmcufinder\plugins\mcufinder
2025-04-10 13:17:43,637 [INFO] CrossReferenceDbSqlite:203 - Set database path to: C:\Users\brady\.stmcufinder\plugins\mcufinder//mcu/cs/
2025-04-10 13:17:43,807 [INFO] MainPanel:268 - HeapMemory: 268435456
2025-04-10 13:17:43,948 [INFO] DbMcusXml:78 - Set database path to: C:\ST\STM32CubeIDE_1.16.0\STM32CubeIDE\plugins\com.st.stm32cube.common.mx_6.12.0.202406281431\\db\/mcu/
2025-04-10 13:17:43,949 [INFO] ApiDb:274 - Set plugin database path to: C:\ST\STM32CubeIDE_1.16.0\STM32CubeIDE\plugins\com.st.stm32cube.common.mx_6.12.0.202406281431\\db\/plugins/boardmanager/
2025-04-10 13:17:43,949 [INFO] ApiDb:261 - Set plugin images path to: C:\ST\STM32CubeIDE_1.16.0\STM32CubeIDE\plugins\com.st.stm32cube.common.mx_6.12.0.202406281431\\db\/plugins/mcufinder/images/
2025-04-10 13:17:43,949 [WARN] DbFile:41 - Overriding database path with different value: C:\Users\brady\.stmcufinder\plugins\mcufinder/ => C:\Users\brady\.stmcufinder\plugins\mcufinder
2025-04-10 13:17:43,949 [INFO] ApiDb:250 - Set database path to: C:\Users\brady\.stmcufinder\plugins\mcufinder//mcu/
2025-04-10 13:17:43,949 [WARN] DbFile:41 - Overriding database path with different value: C:\Users\brady\.stmcufinder\plugins\mcufinder/ => C:\Users\brady\.stmcufinder\plugins\mcufinder
2025-04-10 13:17:43,949 [INFO] DbMcusAds:125 - Set database path to: C:\Users\brady\.stmcufinder\plugins\mcufinder//mcu/
2025-04-10 13:17:43,949 [WARN] DbFile:41 - Overriding database path with different value: C:\Users\brady\.stmcufinder\plugins\mcufinder/ => C:\Users\brady\.stmcufinder\plugins\mcufinder
2025-04-10 13:17:43,950 [WARN] DbFile:41 - Overriding database path with different value: C:\Users\brady\.stmcufinder\plugins\mcufinder/ => C:\Users\brady\.stmcufinder\plugins\mcufinder
2025-04-10 13:17:43,950 [INFO] CrossReferenceDbSqlite:203 - Set database path to: C:\Users\brady\.stmcufinder\plugins\mcufinder//mcu/cs/
2025-04-10 13:17:43,971 [INFO] ApplicationProperties:184 - Using Application install path: C:\ST\STM32CubeIDE_1.16.0\STM32CubeIDE\plugins\com.st.stm32cube.common.mx_6.12.0.202406281431
2025-04-10 13:17:43,973 [INFO] PluginManage:196 - Search for loadable plugins [exclusion list=, ]
2025-04-10 13:17:43,975 [INFO] PluginManage:310 - Check plugin analytics
2025-04-10 13:17:44,253 [INFO] AnalyticsPlugin:253 - Accepted Software Licenses: STM32CubeMX.6.12.1
2025-04-10 13:17:44,254 [INFO] AnalyticsPlugin:255 - Accepted CMSIS Pack Licenses: 
2025-04-10 13:17:44,254 [INFO] AnalyticsPlugin:257 - Accepted Firmware Licenses: FW.F4.1.28.0
2025-04-10 13:17:44,258 [INFO] PluginManage:359 - Loaded plugin analytics (category:tool,tabindex:-1)
2025-04-10 13:17:44,259 [INFO] PluginManage:310 - Check plugin cadmodel
2025-04-10 13:17:44,282 [INFO] CADModel:105 - Init CAD model plugin
2025-04-10 13:17:44,282 [INFO] PluginManage:359 - Loaded plugin cadmodel (category:power,tabindex:5)
2025-04-10 13:17:44,283 [INFO] PluginManage:310 - Check plugin clock
2025-04-10 13:17:44,309 [INFO] PluginManage:359 - Loaded plugin clock (category:base,tabindex:2)
2025-04-10 13:17:44,309 [INFO] PluginManage:310 - Check plugin ddr
2025-04-10 13:17:44,313 [INFO] PluginManage:359 - Loaded plugin ddr (category:tool,tabindex:6)
2025-04-10 13:17:44,313 [INFO] PluginManage:310 - Check plugin filemanager
2025-04-10 13:17:44,495 [INFO] PluginManage:359 - Loaded plugin filemanager (category:base,tabindex:10)
2025-04-10 13:17:44,495 [INFO] PluginManage:310 - Check plugin ipmanager
2025-04-10 13:17:44,504 [INFO] PluginManage:359 - Loaded plugin ipmanager (category:base,tabindex:5)
2025-04-10 13:17:44,505 [INFO] PluginManage:310 - Check plugin lpbam
2025-04-10 13:17:44,533 [INFO] PluginManage:359 - Loaded plugin lpbam (category:base,tabindex:0)
2025-04-10 13:17:44,533 [INFO] PluginManage:310 - Check plugin memorymap
2025-04-10 13:17:44,563 [INFO] PluginManage:359 - Loaded plugin memorymap (category:base,tabindex:4)
2025-04-10 13:17:44,564 [INFO] PluginManage:310 - Check plugin pinoutandconfiguration
2025-04-10 13:17:44,588 [INFO] PluginManage:359 - Loaded plugin pinoutandconfiguration (category:base,tabindex:1)
2025-04-10 13:17:44,588 [INFO] PluginManage:310 - Check plugin pinoutconfig
2025-04-10 13:17:44,772 [WARN] SupportedApi:132 - Cannot load RTOS API schema: s4s-elt-must-match.1: The content of 'definitions' must match (annotation?, (simpleType | complexType)?, (unique | key | keyref)*)). A problem was found starting at: attribute.
2025-04-10 13:17:44,988 [INFO] PluginManage:359 - Loaded plugin pinoutconfig (category:base,tabindex:0)
2025-04-10 13:17:44,988 [INFO] PluginManage:310 - Check plugin power
2025-04-10 13:17:45,017 [INFO] PluginManage:359 - Loaded plugin power (category:power,tabindex:4)
2025-04-10 13:17:45,017 [INFO] PluginManage:310 - Check plugin projectmanager
2025-04-10 13:17:45,041 [INFO] PluginManage:359 - Loaded plugin projectmanager (category:projectmanager,tabindex:4)
2025-04-10 13:17:45,041 [INFO] PluginManage:310 - Check plugin rif
2025-04-10 13:17:45,065 [INFO] PluginManage:359 - Loaded plugin rif (category:base,tabindex:3)
2025-04-10 13:17:45,065 [INFO] PluginManage:310 - Check plugin thirdparty
2025-04-10 13:17:45,522 [WARN] IntegrityCheckThread:84 - waiting for thirdparty lock release [integrity check]
2025-04-10 13:17:45,522 [INFO] PluginManage:359 - Loaded plugin thirdparty (category:base,tabindex:-1)
2025-04-10 13:17:45,523 [INFO] IntegrityCheckThread:86 - entering critical section [integrity check]
2025-04-10 13:17:45,523 [INFO] PluginManage:310 - Check plugin tools
2025-04-10 13:17:45,523 [INFO] ThirdPartyUpdaterWithRetryManager:70 - Updater plugin not ready yet. [1/15]
2025-04-10 13:17:45,574 [INFO] PluginManage:359 - Loaded plugin tools (category:base,tabindex:7)
2025-04-10 13:17:45,574 [INFO] PluginManage:310 - Check plugin tutovideos
2025-04-10 13:17:45,821 [INFO] PluginManage:359 - Loaded plugin tutovideos (category:base,tabindex:-1)
2025-04-10 13:17:45,822 [INFO] PluginManage:310 - Check plugin updater
2025-04-10 13:17:45,859 [INFO] PluginManage:359 - Loaded plugin updater (category:base,tabindex:12)
2025-04-10 13:17:45,859 [INFO] PluginManage:310 - Check plugin userauth
2025-04-10 13:17:45,867 [INFO] UserAuth:113 - Init User Auth plugin
2025-04-10 13:17:45,867 [INFO] PluginManage:359 - Loaded plugin userauth (category:base,tabindex:14)
2025-04-10 13:17:45,867 [INFO] PluginManage:283 - PluginManage : Loaded plugins [18]
2025-04-10 13:17:46,180 [INFO] PinOutPanel:1561 - setPackage(No Configuration,No Configuration)
2025-04-10 13:17:46,293 [INFO] CADModel:165 - CPN selected for project level
2025-04-10 13:17:46,293 [INFO] CADModel:114 - Register for checkConnection events
2025-04-10 13:17:46,327 [INFO] IPUIPlugin:80 - create IPUIPlugin
2025-04-10 13:17:46,328 [INFO] PluginManager:220 - loadIPPluginJar : add adc
2025-04-10 13:17:46,372 [INFO] IPUIPlugin:80 - create IPUIPlugin
2025-04-10 13:17:46,372 [INFO] PluginManager:220 - loadIPPluginJar : add aes
2025-04-10 13:17:46,425 [INFO] IPUIPlugin:80 - create IPUIPlugin
2025-04-10 13:17:46,426 [INFO] PluginManager:220 - loadIPPluginJar : add can
2025-04-10 13:17:46,456 [INFO] IPUIPlugin:80 - create IPUIPlugin
2025-04-10 13:17:46,456 [INFO] PluginManager:220 - loadIPPluginJar : add comp
2025-04-10 13:17:46,499 [INFO] IPUIPlugin:80 - create IPUIPlugin
2025-04-10 13:17:46,499 [INFO] PluginManager:220 - loadIPPluginJar : add cryp
2025-04-10 13:17:46,519 [INFO] IPUIPlugin:80 - create IPUIPlugin
2025-04-10 13:17:46,519 [INFO] PluginManager:220 - loadIPPluginJar : add ddr_ctrl_phy
2025-04-10 13:17:46,577 [INFO] IPUIPlugin:80 - create IPUIPlugin
2025-04-10 13:17:46,577 [INFO] PluginManager:220 - loadIPPluginJar : add dfsdm
2025-04-10 13:17:46,596 [INFO] IPUIPlugin:80 - create IPUIPlugin
2025-04-10 13:17:46,597 [INFO] PluginManager:220 - loadIPPluginJar : add dma
2025-04-10 13:17:46,676 [INFO] IPUIPlugin:80 - create IPUIPlugin
2025-04-10 13:17:46,676 [INFO] PluginManager:220 - loadIPPluginJar : add dma3
2025-04-10 13:17:46,772 [INFO] IPUIPlugin:80 - create IPUIPlugin
2025-04-10 13:17:46,772 [INFO] PluginManager:220 - loadIPPluginJar : add extmemmanager
2025-04-10 13:17:46,825 [INFO] IPUIPlugin:80 - create IPUIPlugin
2025-04-10 13:17:46,825 [INFO] PluginManager:220 - loadIPPluginJar : add fatfs
2025-04-10 13:17:46,889 [INFO] IPUIPlugin:80 - create IPUIPlugin
2025-04-10 13:17:46,889 [INFO] PluginManager:220 - loadIPPluginJar : add fmc
2025-04-10 13:17:46,918 [INFO] IPUIPlugin:80 - create IPUIPlugin
2025-04-10 13:17:46,919 [INFO] PluginManager:220 - loadIPPluginJar : add freertos
2025-04-10 13:17:46,952 [INFO] IPUIPlugin:80 - create IPUIPlugin
2025-04-10 13:17:46,953 [INFO] PluginManager:220 - loadIPPluginJar : add genericplugin
2025-04-10 13:17:47,080 [INFO] IPUIPlugin:80 - create IPUIPlugin
2025-04-10 13:17:47,080 [INFO] PluginManager:220 - loadIPPluginJar : add gfxmmu
2025-04-10 13:17:47,260 [INFO] IPUIPlugin:80 - create IPUIPlugin
2025-04-10 13:17:47,260 [INFO] PluginManager:220 - loadIPPluginJar : add gic
2025-04-10 13:17:47,286 [INFO] IPUIPlugin:80 - create IPUIPlugin
2025-04-10 13:17:47,287 [INFO] PluginManager:220 - loadIPPluginJar : add gpio
2025-04-10 13:17:47,404 [INFO] IPUIPlugin:80 - create IPUIPlugin
2025-04-10 13:17:47,404 [INFO] PluginManager:220 - loadIPPluginJar : add gtzc
2025-04-10 13:17:47,465 [INFO] IPUIPlugin:80 - create IPUIPlugin
2025-04-10 13:17:47,465 [INFO] PluginManager:220 - loadIPPluginJar : add hash
2025-04-10 13:17:47,532 [INFO] IPUIPlugin:80 - create IPUIPlugin
2025-04-10 13:17:47,532 [INFO] PluginManager:220 - loadIPPluginJar : add i2c
2025-04-10 13:17:47,601 [INFO] IPUIPlugin:80 - create IPUIPlugin
2025-04-10 13:17:47,601 [INFO] PluginManager:220 - loadIPPluginJar : add i2s
2025-04-10 13:17:47,653 [INFO] IPUIPlugin:80 - create IPUIPlugin
2025-04-10 13:17:47,653 [INFO] PluginManager:220 - loadIPPluginJar : add i3c
2025-04-10 13:17:47,774 [INFO] IPUIPlugin:80 - create IPUIPlugin
2025-04-10 13:17:47,775 [INFO] PluginManager:220 - loadIPPluginJar : add ipddr
2025-04-10 13:17:47,906 [INFO] IPUIPlugin:80 - create IPUIPlugin
2025-04-10 13:17:47,907 [INFO] PluginManager:220 - loadIPPluginJar : add linkedlist
2025-04-10 13:17:47,966 [INFO] IPUIPlugin:80 - create IPUIPlugin
2025-04-10 13:17:47,967 [INFO] PluginManager:220 - loadIPPluginJar : add lorawan
2025-04-10 13:17:48,048 [INFO] IPUIPlugin:80 - create IPUIPlugin
2025-04-10 13:17:48,048 [INFO] PluginManager:220 - loadIPPluginJar : add ltdc
2025-04-10 13:17:48,080 [INFO] IPUIPlugin:80 - create IPUIPlugin
2025-04-10 13:17:48,081 [INFO] PluginManager:220 - loadIPPluginJar : add mdma
2025-04-10 13:17:48,100 [INFO] IPUIPlugin:80 - create IPUIPlugin
2025-04-10 13:17:48,100 [INFO] PluginManager:220 - loadIPPluginJar : add nvic
2025-04-10 13:17:48,148 [INFO] IPUIPlugin:80 - create IPUIPlugin
2025-04-10 13:17:48,148 [INFO] PluginManager:220 - loadIPPluginJar : add opamp
2025-04-10 13:17:48,248 [INFO] IPUIPlugin:80 - create IPUIPlugin
2025-04-10 13:17:48,248 [INFO] PluginManager:220 - loadIPPluginJar : add openamp
2025-04-10 13:17:48,315 [INFO] IPUIPlugin:80 - create IPUIPlugin
2025-04-10 13:17:48,316 [INFO] PluginManager:220 - loadIPPluginJar : add pdm2pcm
2025-04-10 13:17:48,348 [INFO] IPUIPlugin:80 - create IPUIPlugin
2025-04-10 13:17:48,355 [INFO] PluginManager:220 - loadIPPluginJar : add plateformsettings
2025-04-10 13:17:48,393 [INFO] IPUIPlugin:80 - create IPUIPlugin
2025-04-10 13:17:48,393 [INFO] PluginManager:220 - loadIPPluginJar : add quadspi
2025-04-10 13:17:48,427 [INFO] IPUIPlugin:80 - create IPUIPlugin
2025-04-10 13:17:48,427 [INFO] PluginManager:220 - loadIPPluginJar : add radio
2025-04-10 13:17:48,445 [INFO] IPUIPlugin:80 - create IPUIPlugin
2025-04-10 13:17:48,445 [INFO] PluginManager:220 - loadIPPluginJar : add resmgrutility
2025-04-10 13:17:48,502 [INFO] IPUIPlugin:80 - create IPUIPlugin
2025-04-10 13:17:48,502 [INFO] PluginManager:220 - loadIPPluginJar : add sai
2025-04-10 13:17:48,524 [INFO] ThirdPartyUpdaterWithRetryManager:70 - Updater plugin not ready yet. [2/15]
2025-04-10 13:17:48,550 [INFO] IPUIPlugin:80 - create IPUIPlugin
2025-04-10 13:17:48,550 [INFO] PluginManager:220 - loadIPPluginJar : add spi
2025-04-10 13:17:48,634 [INFO] IPUIPlugin:80 - create IPUIPlugin
2025-04-10 13:17:48,635 [INFO] PluginManager:220 - loadIPPluginJar : add stm32_wpan
2025-04-10 13:17:48,686 [INFO] IPUIPlugin:80 - create IPUIPlugin
2025-04-10 13:17:48,686 [INFO] PluginManager:220 - loadIPPluginJar : add tim
2025-04-10 13:17:48,760 [INFO] IPUIPlugin:80 - create IPUIPlugin
2025-04-10 13:17:48,760 [INFO] PluginManager:220 - loadIPPluginJar : add touchsensing
2025-04-10 13:17:48,811 [INFO] IPUIPlugin:80 - create IPUIPlugin
2025-04-10 13:17:48,811 [INFO] PluginManager:220 - loadIPPluginJar : add tracer_emb
2025-04-10 13:17:48,845 [INFO] IPUIPlugin:80 - create IPUIPlugin
2025-04-10 13:17:48,845 [INFO] PluginManager:220 - loadIPPluginJar : add ts
2025-04-10 13:17:48,875 [INFO] IPUIPlugin:80 - create IPUIPlugin
2025-04-10 13:17:48,876 [INFO] PluginManager:220 - loadIPPluginJar : add tsc
2025-04-10 13:17:48,910 [INFO] IPUIPlugin:80 - create IPUIPlugin
2025-04-10 13:17:48,910 [INFO] PluginManager:220 - loadIPPluginJar : add ucpd
2025-04-10 13:17:48,964 [INFO] IPUIPlugin:80 - create IPUIPlugin
2025-04-10 13:17:48,964 [INFO] PluginManager:220 - loadIPPluginJar : add usart
2025-04-10 13:17:49,017 [INFO] IPUIPlugin:80 - create IPUIPlugin
2025-04-10 13:17:49,017 [INFO] PluginManager:220 - loadIPPluginJar : add usbx
2025-04-10 13:17:49,192 [INFO] CADModel:165 - CPN selected for project level
2025-04-10 13:17:49,192 [INFO] CADModel:114 - Register for checkConnection events
2025-04-10 13:17:49,192 [FATAL] Updater:334 - Updater called before beeing initialized
2025-04-10 13:17:49,193 [ERROR] CADModel:125 - Updater not yet initialized, retry later 
2025-04-10 13:17:49,397 [INFO] CADModel:165 - CPN selected for project level
2025-04-10 13:17:49,397 [INFO] CADModel:114 - Register for checkConnection events
2025-04-10 13:17:49,397 [FATAL] Updater:334 - Updater called before beeing initialized
2025-04-10 13:17:49,397 [ERROR] CADModel:125 - Updater not yet initialized, retry later 
2025-04-10 13:17:49,401 [FATAL] Updater:334 - Updater called before beeing initialized
2025-04-10 13:17:49,552 [FATAL] Updater:334 - Updater called before beeing initialized
2025-04-10 13:17:49,564 [INFO] DbMcusAds:53 - JSON generation date=Tue Dec 17 08:01:15 PST 2024 (1734451275189)
2025-04-10 13:17:49,564 [FATAL] Updater:334 - Updater called before beeing initialized
2025-04-10 13:17:49,615 [WARN] DetailPanel:346 - Failed to get advertising image, set to default
2025-04-10 13:17:49,721 [FATAL] Updater:334 - Updater called before beeing initialized
2025-04-10 13:17:49,723 [FATAL] Updater:334 - Updater called before beeing initialized
2025-04-10 13:17:49,723 [FATAL] Updater:334 - Updater called before beeing initialized
2025-04-10 13:17:49,724 [WARN] DetailPanel:346 - Failed to get advertising image, set to default
2025-04-10 13:17:49,725 [FATAL] Updater:334 - Updater called before beeing initialized
2025-04-10 13:17:49,840 [ERROR] Updater:1164 - MainUpdater not yet initialized. External WinMGr cannot be set.
2025-04-10 13:17:49,855 [INFO] Updater:1100 - Updater Version found : 6.12.0
2025-04-10 13:17:49,878 [INFO] ApplicationProperties:184 - Using Application install path: C:\ST\STM32CubeIDE_1.16.0\STM32CubeIDE\plugins\com.st.stm32cube.common.mx_6.12.0.202406281431
2025-04-10 13:17:51,485 [ERROR] LogOutputStream:75 - [STDERR_REDIRECT] Apr 10, 2025 1:17:51 PM java.util.prefs.WindowsPreferences <init>
2025-04-10 13:17:51,489 [ERROR] LogOutputStream:75 - [STDERR_REDIRECT] WARNING: Could not open/create prefs root node Software\JavaSoft\Prefs at root 0xffffffff80000002. Windows RegCreateKeyEx(...) returned error code 5.
2025-04-10 13:17:51,489 [ERROR] LogOutputStream:75 - [STDERR_REDIRECT] 
2025-04-10 13:17:51,524 [INFO] ThirdPartyUpdaterWithRetryManager:70 - Updater plugin not ready yet. [3/15]
2025-04-10 13:17:52,091 [INFO] MainUpdater:2873 - connection check result : 10
2025-04-10 13:17:52,091 [INFO] MainUpdater:290 - Updater Check For Update Now.
2025-04-10 13:17:52,092 [INFO] MicroXplorer:498 - Change Database Version : DB.6.0.120
2025-04-10 13:17:52,126 [INFO] McuFinderGlobals:63 - Set McuFinder mode to 2 (CubeIDE integrated)
2025-04-10 13:17:52,127 [INFO] UserAuth:179 - activating auth plugin
2025-04-10 13:17:52,132 [INFO] UserAuth:417 - Internet connection configuration mode: 1
2025-04-10 13:17:52,173 [INFO] JxBrowserEngine:152 - Initiate JxBrowser Engine with user profile folder
2025-04-10 13:17:52,407 [INFO] CheckServerUpdateThread:120 - End of CheckServer Thread
2025-04-10 13:17:54,870 [WARN] PackLoader:240 - Cannot read IP mode file for STMicroelectronics.FP-SNS-MOTENVWB1.1.4.0
2025-04-10 13:17:54,891 [WARN] PackLoader:240 - Cannot read IP mode file for STMicroelectronics.FP-ATR-ASTRA1.2.0.2
2025-04-10 13:17:54,905 [WARN] PackLoader:240 - Cannot read IP mode file for STMicroelectronics.FP-ATR-ASTRA1.2.0.1
2025-04-10 13:17:54,925 [WARN] PackLoader:240 - Cannot read IP mode file for STMicroelectronics.X-CUBE-SMBUS.2.1.0
2025-04-10 13:17:54,944 [WARN] PackLoader:240 - Cannot read IP mode file for STMicroelectronics.X-CUBE-WB05N.1.1.0
2025-04-10 13:17:54,997 [WARN] PackLoader:240 - Cannot read IP mode file for STMicroelectronics.X-CUBE-AZRTOS-F7.1.1.0
2025-04-10 13:17:55,142 [WARN] PackLoader:240 - Cannot read IP mode file for STMicroelectronics.X-CUBE-MEMS1.11.0.0
2025-04-10 13:17:55,473 [WARN] PackLoader:240 - Cannot read IP mode file for STMicroelectronics.FP-SNS-FLIGHT1.5.0.2
2025-04-10 13:17:55,502 [WARN] PackLoader:240 - Cannot read IP mode file for STMicroelectronics.X-CUBE-DISPLAY.3.0.0
2025-04-10 13:17:56,242 [WARN] PackLoader:240 - Cannot read IP mode file for STMicroelectronics.X-CUBE-BLE1.7.0.0
2025-04-10 13:17:56,284 [WARN] PackLoader:240 - Cannot read IP mode file for STMicroelectronics.X-CUBE-NFC10.1.0.0
2025-04-10 13:17:56,327 [WARN] PackLoader:240 - Cannot read IP mode file for STMicroelectronics.X-CUBE-BLEMGR.4.0.0
2025-04-10 13:17:56,358 [WARN] PackLoader:240 - Cannot read IP mode file for emotas.I-CUBE-CANOPEN.1.3.0
2025-04-10 13:17:56,381 [WARN] PackLoader:240 - Cannot read IP mode file for STMicroelectronics.X-CUBE-BLEMGR.3.1.0
2025-04-10 13:17:56,404 [WARN] PackLoader:240 - Cannot read IP mode file for STMicroelectronics.X-CUBE-AI.10.0.0
2025-04-10 13:17:56,429 [WARN] PackLoader:240 - Cannot read IP mode file for STMicroelectronics.FP-SNS-SMARTAG2.1.2.0
2025-04-10 13:17:56,449 [ERROR] Engine:466 - C:\Users\brady\.stm32cubemx\thirdparties\pdsc\STMicroelectronics.FP-SNS-FLIGHT1.5.1.0.pdsc: PDSC version is not supported
2025-04-10 13:17:56,552 [WARN] PackLoader:240 - Cannot read IP mode file for STMicroelectronics.X-CUBE-MEMS1.11.1.0
2025-04-10 13:17:56,736 [INFO] LogOutputStream:77 - [STDOUT_REDIRECT] 1 : Invalid condition id : UX_CORESTACK_Condition cause : null
2025-04-10 13:17:56,738 [INFO] LogOutputStream:77 - [STDOUT_REDIRECT] 1 : Invalid condition id : UX_CORESTACK_Condition cause : null
2025-04-10 13:17:56,740 [INFO] LogOutputStream:77 - [STDOUT_REDIRECT] 1 : Invalid condition id : UX_CORESTACK_Condition cause : null
2025-04-10 13:17:56,742 [INFO] LogOutputStream:77 - [STDOUT_REDIRECT] 1 : Invalid condition id : UX_CORESTACK_Condition cause : null
2025-04-10 13:17:56,744 [INFO] LogOutputStream:77 - [STDOUT_REDIRECT] 1 : Invalid condition id : UX_CORESTACK_Condition cause : null
2025-04-10 13:17:56,748 [WARN] PackLoader:240 - Cannot read IP mode file for STMicroelectronics.X-CUBE-AZRTOS-WL.2.0.0
2025-04-10 13:17:56,773 [WARN] PackLoader:240 - Cannot read IP mode file for STMicroelectronics.FP-SNS-MOTENV1.5.0.0
2025-04-10 13:17:56,796 [WARN] PackLoader:240 - Cannot read IP mode file for wolfSSL.I-CUBE-wolfMQTT.1.19.0
2025-04-10 13:17:56,824 [WARN] PackLoader:240 - Cannot read IP mode file for WES.I-CUBE-Cesium.1.3.0
2025-04-10 13:17:56,842 [WARN] PackLoader:240 - Cannot read IP mode file for STMicroelectronics.X-CUBE-BLE2.3.3.0
2025-04-10 13:17:56,864 [WARN] PackLoader:240 - Cannot read IP mode file for STMicroelectronics.X-CUBE-NFC9.1.0.0
2025-04-10 13:17:56,885 [WARN] PackLoader:240 - Cannot read IP mode file for STMicroelectronics.X-CUBE-BLE1.7.1.0
2025-04-10 13:17:56,906 [WARN] PackLoader:240 - Cannot read IP mode file for STMicroelectronics.X-CUBE-TCPP.4.1.0
2025-04-10 13:17:56,970 [WARN] PackLoader:240 - Cannot read IP mode file for STMicroelectronics.X-CUBE-AZRTOS-G0.1.1.0
2025-04-10 13:17:57,020 [WARN] PackLoader:240 - Cannot read IP mode file for STMicroelectronics.X-CUBE-SAFEA1.1.2.2
2025-04-10 13:17:57,052 [WARN] PackLoader:240 - Cannot read IP mode file for STMicroelectronics.X-CUBE-NFC4.3.0.0
2025-04-10 13:17:57,076 [WARN] PackLoader:240 - Cannot read IP mode file for EmbeddedOffice.I-CUBE-FS-RTOS.1.0.1
2025-04-10 13:17:57,076 [ERROR] ConditionMgr:805 - Attr not supported : Dmpu
2025-04-10 13:17:57,077 [ERROR] ConditionMgr:805 - Attr not supported : Dmpu
2025-04-10 13:17:57,077 [ERROR] ConditionMgr:805 - Attr not supported : Dmpu
2025-04-10 13:17:57,077 [ERROR] ConditionMgr:805 - Attr not supported : Dmpu
2025-04-10 13:17:57,077 [ERROR] ConditionMgr:805 - Attr not supported : Dmpu
2025-04-10 13:17:57,077 [ERROR] ConditionMgr:805 - Attr not supported : Dmpu
2025-04-10 13:17:57,077 [ERROR] ConditionMgr:805 - Attr not supported : Dmpu
2025-04-10 13:17:57,077 [ERROR] ConditionMgr:805 - Attr not supported : Dmpu
2025-04-10 13:17:57,077 [ERROR] ConditionMgr:805 - Attr not supported : Dmpu
2025-04-10 13:17:57,077 [ERROR] ConditionMgr:805 - Attr not supported : Dmpu
2025-04-10 13:17:57,077 [ERROR] ConditionMgr:805 - Attr not supported : Dmpu
2025-04-10 13:17:57,077 [ERROR] ConditionMgr:805 - Attr not supported : Dmpu
2025-04-10 13:17:57,078 [ERROR] ConditionMgr:805 - Attr not supported : Dmpu
2025-04-10 13:17:57,078 [ERROR] ConditionMgr:805 - Attr not supported : Dmpu
2025-04-10 13:17:57,078 [ERROR] ConditionMgr:805 - Attr not supported : Dmpu
2025-04-10 13:17:57,078 [ERROR] ConditionMgr:805 - Attr not supported : Dmpu
2025-04-10 13:17:57,078 [ERROR] ConditionMgr:805 - Attr not supported : Dmpu
2025-04-10 13:17:57,078 [ERROR] ConditionMgr:805 - Attr not supported : Dmpu
2025-04-10 13:17:57,078 [ERROR] ConditionMgr:805 - Attr not supported : Dmpu
2025-04-10 13:17:57,078 [ERROR] ConditionMgr:805 - Attr not supported : Dmpu
2025-04-10 13:17:57,078 [ERROR] ConditionMgr:805 - Attr not supported : Dmpu
2025-04-10 13:17:57,078 [ERROR] ConditionMgr:805 - Attr not supported : Dmpu
2025-04-10 13:17:57,078 [ERROR] ConditionMgr:805 - Attr not supported : Dmpu
2025-04-10 13:17:57,078 [ERROR] ConditionMgr:805 - Attr not supported : Dmpu
2025-04-10 13:17:57,079 [ERROR] ConditionMgr:805 - Attr not supported : Dmpu
2025-04-10 13:17:57,079 [ERROR] ConditionMgr:805 - Attr not supported : Dmpu
2025-04-10 13:17:57,079 [ERROR] ConditionMgr:805 - Attr not supported : Dmpu
2025-04-10 13:17:57,079 [ERROR] ConditionMgr:805 - Attr not supported : Dmpu
2025-04-10 13:17:57,079 [ERROR] ConditionMgr:805 - Attr not supported : Dmpu
2025-04-10 13:17:57,079 [ERROR] ConditionMgr:805 - Attr not supported : Dmpu
2025-04-10 13:17:57,079 [ERROR] ConditionMgr:805 - Attr not supported : Dmpu
2025-04-10 13:17:57,079 [ERROR] ConditionMgr:805 - Attr not supported : Dmpu
2025-04-10 13:17:57,079 [ERROR] ConditionMgr:805 - Attr not supported : Dmpu
2025-04-10 13:17:57,079 [ERROR] ConditionMgr:805 - Attr not supported : Dmpu
2025-04-10 13:17:57,079 [ERROR] ConditionMgr:805 - Attr not supported : Dmpu
2025-04-10 13:17:57,079 [ERROR] ConditionMgr:805 - Attr not supported : Dmpu
2025-04-10 13:17:57,079 [ERROR] ConditionMgr:805 - Attr not supported : Dmpu
2025-04-10 13:17:57,079 [ERROR] ConditionMgr:805 - Attr not supported : Dmpu
2025-04-10 13:17:57,079 [ERROR] ConditionMgr:805 - Attr not supported : Dmpu
2025-04-10 13:17:57,079 [ERROR] ConditionMgr:805 - Attr not supported : Dmpu
2025-04-10 13:17:57,079 [ERROR] ConditionMgr:805 - Attr not supported : Dmpu
2025-04-10 13:17:57,079 [ERROR] ConditionMgr:805 - Attr not supported : Dmpu
2025-04-10 13:17:57,080 [ERROR] ConditionMgr:805 - Attr not supported : Dmpu
2025-04-10 13:17:57,080 [ERROR] ConditionMgr:805 - Attr not supported : Dmpu
2025-04-10 13:17:57,080 [ERROR] ConditionMgr:805 - Attr not supported : Dmpu
2025-04-10 13:17:57,080 [ERROR] ConditionMgr:805 - Attr not supported : Dmpu
2025-04-10 13:17:57,080 [ERROR] ConditionMgr:805 - Attr not supported : Dmpu
2025-04-10 13:17:57,080 [ERROR] ConditionMgr:805 - Attr not supported : Dmpu
2025-04-10 13:17:57,080 [ERROR] ConditionMgr:805 - Attr not supported : Dmpu
2025-04-10 13:17:57,080 [ERROR] ConditionMgr:805 - Attr not supported : Dmpu
2025-04-10 13:17:57,080 [ERROR] ConditionMgr:805 - Attr not supported : Dmpu
2025-04-10 13:17:57,080 [ERROR] ConditionMgr:805 - Attr not supported : Dmpu
2025-04-10 13:17:57,080 [ERROR] ConditionMgr:805 - Attr not supported : Dmpu
2025-04-10 13:17:57,080 [ERROR] ConditionMgr:805 - Attr not supported : Dmpu
2025-04-10 13:17:57,080 [ERROR] ConditionMgr:805 - Attr not supported : Dmpu
2025-04-10 13:17:57,081 [ERROR] ConditionMgr:805 - Attr not supported : Dmpu
2025-04-10 13:17:57,081 [ERROR] ConditionMgr:805 - Attr not supported : Dmpu
2025-04-10 13:17:57,081 [ERROR] ConditionMgr:805 - Attr not supported : Dmpu
2025-04-10 13:17:57,081 [ERROR] ConditionMgr:805 - Attr not supported : Dmpu
2025-04-10 13:17:57,081 [ERROR] ConditionMgr:805 - Attr not supported : Dmpu
2025-04-10 13:17:57,081 [ERROR] ConditionMgr:805 - Attr not supported : Dmpu
2025-04-10 13:17:57,081 [ERROR] ConditionMgr:805 - Attr not supported : Dmpu
2025-04-10 13:17:57,081 [ERROR] ConditionMgr:805 - Attr not supported : Dmpu
2025-04-10 13:17:57,081 [ERROR] ConditionMgr:805 - Attr not supported : Dmpu
2025-04-10 13:17:57,099 [ERROR] Engine:466 - C:\Users\brady\.stm32cubemx\thirdparties\pdsc\STMicroelectronics.X-CUBE-TCPP.4.2.0.pdsc: PDSC version is not supported
2025-04-10 13:17:57,118 [WARN] PackLoader:240 - Cannot read IP mode file for RealThread.X-CUBE-RT-Thread_Nano.4.1.1
2025-04-10 13:17:57,137 [WARN] PackLoader:240 - Cannot read IP mode file for STMicroelectronics.FP-ATR-SIGFOX1.3.2.0
2025-04-10 13:17:57,155 [WARN] PackLoader:240 - Cannot read IP mode file for wolfSSL.I-CUBE-wolfSSL.5.7.2
2025-04-10 13:17:57,174 [WARN] ConditionMgr:438 - getConditionDescription Invalid condition id : Cortex-A Device cause : null
2025-04-10 13:17:57,214 [WARN] ConditionMgr:1039 - genDependencies : Invalid condition id : Cortex-A Device cause : null
2025-04-10 13:17:57,215 [WARN] ConditionMgr:1039 - genDependencies : Invalid condition id : Cortex-A Device cause : null
2025-04-10 13:17:57,215 [WARN] ConditionMgr:1039 - genDependencies : Invalid condition id : Cortex-A Device cause : null
2025-04-10 13:17:57,236 [WARN] PackLoader:240 - Cannot read IP mode file for STMicroelectronics.X-CUBE-EEPRMA1.5.1.0
2025-04-10 13:17:57,257 [WARN] PackLoader:240 - Cannot read IP mode file for ITTIA_DB.I-CUBE-ITTIADB.8.9.0
2025-04-10 13:17:57,295 [WARN] PackLoader:240 - Cannot read IP mode file for SEGGER.I-CUBE-embOS.1.3.1
2025-04-10 13:17:57,368 [WARN] PackLoader:240 - Cannot read IP mode file for STMicroelectronics.X-CUBE-ALGOBUILD.1.4.0
2025-04-10 13:17:57,386 [WARN] PackLoader:240 - Cannot read IP mode file for STMicroelectronics.X-CUBE-AI.9.1.0
2025-04-10 13:17:57,409 [WARN] PackLoader:240 - Cannot read IP mode file for STMicroelectronics.X-CUBE-GNSS1.6.0.0
2025-04-10 13:17:57,455 [WARN] PackLoader:240 - Cannot read IP mode file for STMicroelectronics.X-CUBE-AZRTOS-F4.1.1.0
2025-04-10 13:17:57,476 [WARN] PackLoader:240 - Cannot read IP mode file for STMicroelectronics.X-CUBE-ISPU.2.1.0
2025-04-10 13:17:57,500 [WARN] PackLoader:240 - Cannot read IP mode file for STMicroelectronics.X-CUBE-FREERTOS.1.2.0
2025-04-10 13:17:57,536 [WARN] PackLoader:240 - Cannot read IP mode file for STMicroelectronics.X-CUBE-AZRTOS-L5.2.0.0
2025-04-10 13:17:57,560 [WARN] PackLoader:240 - Cannot read IP mode file for STMicroelectronics.X-CUBE-NFC6.3.1.0
2025-04-10 13:17:57,581 [WARN] PackLoader:240 - Cannot read IP mode file for STMicroelectronics.X-CUBE-DPower.1.2.0
2025-04-10 13:17:57,599 [WARN] PackLoader:240 - Cannot read IP mode file for STMicroelectronics.X-CUBE-AI.9.0.0
2025-04-10 13:17:57,616 [WARN] PackLoader:240 - Cannot read IP mode file for STMicroelectronics.X-CUBE-FREERTOS.1.3.0
2025-04-10 13:17:57,636 [WARN] PackLoader:240 - Cannot read IP mode file for STMicroelectronics.X-CUBE-NFC7.1.0.1
2025-04-10 13:17:57,651 [WARN] PackLoader:240 - Cannot read IP mode file for STMicroelectronics.X-CUBE-DPower.1.3.0
2025-04-10 13:17:57,683 [WARN] ConditionMgr:438 - getConditionDescription Invalid condition id : LAN8742 Phy interface Condition cause : null
2025-04-10 13:17:57,684 [WARN] PackLoader:240 - Cannot read IP mode file for STMicroelectronics.X-CUBE-AZRTOS-L4.2.0.0
2025-04-10 13:17:57,685 [WARN] ConditionMgr:1039 - genDependencies : Invalid condition id : LAN8742 Phy interface Condition cause : null
2025-04-10 13:17:57,685 [WARN] ConditionMgr:1039 - genDependencies : Invalid condition id : LAN8742 Phy interface Condition cause : null
2025-04-10 13:17:57,686 [WARN] ConditionMgr:1039 - genDependencies : Invalid condition id : LAN8742 Phy interface Condition cause : null
2025-04-10 13:17:57,707 [WARN] PackLoader:240 - Cannot read IP mode file for STMicroelectronics.X-CUBE-SFXS2LP1.4.0.0
2025-04-10 13:17:57,744 [WARN] PackLoader:240 - Cannot read IP mode file for STMicroelectronics.X-CUBE-AZRTOS-H7.3.3.0
2025-04-10 13:17:57,768 [WARN] PackLoader:240 - Cannot read IP mode file for STMicroelectronics.X-CUBE-IPS.3.0.0
2025-04-10 13:17:57,806 [WARN] ConditionMgr:438 - getConditionDescription Invalid condition id : UX DEVICE CLASS RTOS Condition cause : null
2025-04-10 13:17:57,806 [WARN] ConditionMgr:438 - getConditionDescription Invalid condition id : UX DEVICE CLASS RTOS Condition cause : null
2025-04-10 13:17:57,808 [WARN] PackLoader:240 - Cannot read IP mode file for STMicroelectronics.X-CUBE-AZRTOS-WB.2.0.0
2025-04-10 13:17:57,809 [WARN] ConditionMgr:1039 - genDependencies : Invalid condition id : UX DEVICE CLASS RTOS Condition cause : null
2025-04-10 13:17:57,809 [WARN] ConditionMgr:1039 - genDependencies : Invalid condition id : UX DEVICE CLASS RTOS Condition cause : null
2025-04-10 13:17:57,809 [WARN] ConditionMgr:1039 - genDependencies : Invalid condition id : UX DEVICE CLASS RTOS Condition cause : null
2025-04-10 13:17:57,810 [WARN] ConditionMgr:1039 - genDependencies : Invalid condition id : UX DEVICE CLASS RTOS Condition cause : null
2025-04-10 13:17:57,810 [WARN] ConditionMgr:1039 - genDependencies : Invalid condition id : UX DEVICE CLASS RTOS Condition cause : null
2025-04-10 13:17:57,828 [WARN] PackLoader:240 - Cannot read IP mode file for STMicroelectronics.X-CUBE-GNSS1.7.0.0
2025-04-10 13:17:57,850 [INFO] WebApp:167 - Instantiating new browser for Auth
2025-04-10 13:17:57,851 [WARN] PackLoader:240 - Cannot read IP mode file for STMicroelectronics.X-CUBE-GNSS1.7.0.1
2025-04-10 13:17:57,875 [WARN] PackLoader:240 - Cannot read IP mode file for STMicroelectronics.X-CUBE-TOUCHGFX.4.25.0
2025-04-10 13:17:57,917 [WARN] PackLoader:240 - Cannot read IP mode file for STMicroelectronics.FP-SNS-STBOX1.2.0.0
2025-04-10 13:17:57,952 [WARN] PackLoader:240 - Cannot read IP mode file for STMicroelectronics.X-CUBE-SUBG2.5.0.0
2025-04-10 13:17:58,004 [WARN] PackLoader:240 - Cannot read IP mode file for STMicroelectronics.X-CUBE-AZRTOS-H7RS.1.1.0
2025-04-10 13:17:58,032 [WARN] PackLoader:240 - Cannot read IP mode file for Cesanta.I-CUBE-Mongoose.7.13.0
2025-04-10 13:17:58,081 [WARN] PackLoader:240 - Cannot read IP mode file for STMicroelectronics.X-CUBE-AZRTOS-G4.2.0.0
2025-04-10 13:17:58,103 [WARN] PackLoader:240 - Cannot read IP mode file for STMicroelectronics.X-CUBE-ISPU.2.0.0
2025-04-10 13:17:58,124 [ERROR] Engine:466 - C:\Users\brady\.stm32cubemx\thirdparties\pdsc\STMicroelectronics.X-CUBE-IPS.3.1.0.pdsc: PDSC version is not supported
2025-04-10 13:17:58,145 [WARN] PackLoader:240 - Cannot read IP mode file for STMicroelectronics.X-CUBE-ALS.1.0.2
2025-04-10 13:17:58,167 [WARN] PackLoader:240 - Cannot read IP mode file for STMicroelectronics.X-CUBE-TOUCHGFX.4.24.0
2025-04-10 13:17:58,191 [WARN] PackLoader:240 - Cannot read IP mode file for STMicroelectronics.X-CUBE-TOUCHGFX.4.24.2
2025-04-10 13:17:58,212 [WARN] PackLoader:240 - Cannot read IP mode file for STMicroelectronics.X-CUBE-TOUCHGFX.4.24.1
2025-04-10 13:17:58,233 [WARN] PackLoader:240 - Cannot read IP mode file for wolfSSL.I-CUBE-wolfTPM.3.4.0
2025-04-10 13:17:58,253 [WARN] PackLoader:240 - Cannot read IP mode file for portGmbH.I-Cube-SoM-uGOAL.1.1.0
2025-04-10 13:17:58,288 [WARN] PackLoader:240 - Cannot read IP mode file for STMicroelectronics.X-CUBE-AZRTOS-H7RS.1.0.0
2025-04-10 13:17:58,306 [WARN] PackLoader:240 - Cannot read IP mode file for STMicroelectronics.FP-ATR-ASTRA1.2.0.0
2025-04-10 13:17:58,330 [WARN] PackLoader:240 - Cannot read IP mode file for STMicroelectronics.X-CUBE-TOF1.3.4.2
2025-04-10 13:17:58,372 [WARN] PackLoader:240 - Cannot read IP mode file for Infineon.AIROC-Wi-Fi-Bluetooth-STM32.1.6.1
2025-04-10 13:17:58,395 [WARN] PackLoader:240 - Cannot read IP mode file for wolfSSL.I-CUBE-wolfSSH.1.4.17
2025-04-10 13:17:58,396 [INFO] ThirdParty:978 - Integrity check success = true
2025-04-10 13:17:58,396 [INFO] IntegrityCheckThread:100 - exiting critical section [integrity check]
2025-04-10 13:17:58,396 [INFO] IntegrityCheckThread:103 - End integrity checks thread
2025-04-10 13:17:59,369 [INFO] WebApp:448 - Apply proxy settings
2025-04-10 13:17:59,369 [INFO] WebApp:533 - Chromium requires no authentication
2025-04-10 13:17:59,384 [INFO] WebApp:476 - Direct internet connection detected
2025-04-10 13:17:59,420 [INFO] WebApp:869 - Register for checkConnection events
2025-04-10 13:17:59,420 [INFO] WebApp:448 - Apply proxy settings
2025-04-10 13:17:59,420 [INFO] WebApp:533 - Chromium requires no authentication
2025-04-10 13:17:59,421 [INFO] WebApp:476 - Direct internet connection detected
2025-04-10 13:17:59,552 [INFO] WebApp:186 - Connection restablished
2025-04-10 13:17:59,697 [INFO] WebApp:220 - Starting web application
2025-04-10 13:17:59,697 [INFO] WebApp:578 - Web application path used C:\ST\STM32CubeIDE_1.16.0\STM32CubeIDE\plugins\com.st.stm32cube.common.mx_6.12.0.202406281431\db\plugins\mcufinder\reactClient1\index.html
2025-04-10 13:26:16,739 [INFO] WebApp:189 - Connection lost
2025-04-10 13:26:16,893 [INFO] WebApp:186 - Connection restablished
2025-04-10 13:29:20,217 [INFO] WebApp:189 - Connection lost
2025-04-10 13:29:20,341 [INFO] WebApp:186 - Connection restablished
2025-04-10 13:30:22,238 [INFO] WebApp:189 - Connection lost
2025-04-10 13:30:22,341 [INFO] WebApp:186 - Connection restablished
2025-04-10 14:23:55,990 [INFO] WebApp:189 - Connection lost
2025-04-10 14:26:48,336 [INFO] WebApp:186 - Connection restablished
2025-04-10 14:26:50,346 [INFO] WebApp:189 - Connection lost
2025-04-10 14:26:50,442 [INFO] WebApp:186 - Connection restablished
2025-04-10 14:35:19,497 [INFO] WebApp:189 - Connection lost
2025-04-10 14:35:19,696 [INFO] WebApp:186 - Connection restablished
2025-04-10 14:35:22,631 [INFO] WebApp:189 - Connection lost
2025-04-10 14:35:22,755 [INFO] WebApp:186 - Connection restablished
2025-04-10 14:43:06,754 [INFO] WebApp:189 - Connection lost
2025-04-10 14:43:06,911 [INFO] WebApp:186 - Connection restablished
2025-04-10 14:53:42,774 [INFO] WebApp:189 - Connection lost
2025-04-10 14:53:42,877 [INFO] WebApp:186 - Connection restablished
2025-04-10 15:09:44,791 [INFO] WebApp:189 - Connection lost
2025-04-10 15:09:44,947 [INFO] WebApp:186 - Connection restablished
2025-04-10 15:23:27,227 [INFO] WebApp:189 - Connection lost
2025-04-10 15:23:27,327 [INFO] WebApp:186 - Connection restablished
2025-04-10 15:44:23,680 [INFO] WebApp:189 - Connection lost
2025-04-10 15:44:23,785 [INFO] WebApp:186 - Connection restablished
2025-04-10 15:44:25,719 [INFO] WebApp:189 - Connection lost
2025-04-10 15:44:25,813 [INFO] WebApp:186 - Connection restablished
2025-04-10 15:44:29,716 [INFO] WebApp:189 - Connection lost
2025-04-10 15:44:29,802 [INFO] WebApp:186 - Connection restablished
2025-04-10 15:48:59,231 [INFO] WebApp:189 - Connection lost
2025-04-10 15:48:59,331 [INFO] WebApp:186 - Connection restablished
2025-04-10 15:49:02,737 [ERROR] LogOutputStream:75 - [STDERR_REDIRECT] 
2025-04-10 15:49:02,739 [ERROR] LogOutputStream:75 - [STDERR_REDIRECT] 
