2025-04-14 16:10:45,368 [INFO] Activator:176 - 


2025-04-14 16:10:45,372 [INFO] Activator:177 - !SESSION log4j initialized
2025-04-14 16:10:50,784 [INFO] LogOutputStream:77 - [STDOUT_REDIRECT] 
2025-04-14 16:10:52,517 [INFO] ApplicationProperties:184 - Using Application install path: C:\ST\STM32CubeIDE_1.16.0\STM32CubeIDE\plugins\com.st.stm32cube.common.mx_6.12.0.202406281431
2025-04-14 16:10:52,529 [INFO] DbMcusXml:78 - Set database path to: C:\ST\STM32CubeIDE_1.16.0\STM32CubeIDE\plugins\com.st.stm32cube.common.mx_6.12.0.202406281431\\db\/mcu/
2025-04-14 16:10:52,529 [INFO] ApiDb:274 - Set plugin database path to: C:\ST\STM32CubeIDE_1.16.0\STM32CubeIDE\plugins\com.st.stm32cube.common.mx_6.12.0.202406281431\\db\/plugins/boardmanager/
2025-04-14 16:10:52,530 [WARN] ApiDb:259 - Overriding images path with different value:  => C:\ST\STM32CubeIDE_1.16.0\STM32CubeIDE\plugins\com.st.stm32cube.common.mx_6.12.0.202406281431\\db\/plugins/mcufinder/images/
2025-04-14 16:10:52,539 [INFO] ApiDb:250 - Set database path to: C:\Users\brady\.stmcufinder\plugins\mcufinder//mcu/
2025-04-14 16:10:52,540 [INFO] DbMcusAds:125 - Set database path to: C:\Users\brady\.stmcufinder\plugins\mcufinder//mcu/
2025-04-14 16:10:52,542 [INFO] CrossReferenceDbSqlite:203 - Set database path to: C:\Users\brady\.stmcufinder\plugins\mcufinder//mcu/cs/
2025-04-14 16:10:52,628 [INFO] RulesReader:64 - Compatibility file has been processed (297 Rules)
2025-04-14 16:10:52,690 [INFO] DbMcusXml:78 - Set database path to: C:\ST\STM32CubeIDE_1.16.0\STM32CubeIDE\plugins\com.st.stm32cube.common.mx_6.12.0.202406281431\\db\/mcu/
2025-04-14 16:10:52,690 [INFO] ApiDb:274 - Set plugin database path to: C:\ST\STM32CubeIDE_1.16.0\STM32CubeIDE\plugins\com.st.stm32cube.common.mx_6.12.0.202406281431\\db\/plugins/boardmanager/
2025-04-14 16:10:52,690 [INFO] ApiDb:261 - Set plugin images path to: C:\ST\STM32CubeIDE_1.16.0\STM32CubeIDE\plugins\com.st.stm32cube.common.mx_6.12.0.202406281431\\db\/plugins/mcufinder/images/
2025-04-14 16:10:52,690 [WARN] DbFile:41 - Overriding database path with different value: C:\Users\brady\.stmcufinder\plugins\mcufinder/ => C:\Users\brady\.stmcufinder\plugins\mcufinder
2025-04-14 16:10:52,690 [INFO] ApiDb:250 - Set database path to: C:\Users\brady\.stmcufinder\plugins\mcufinder//mcu/
2025-04-14 16:10:52,690 [WARN] DbFile:41 - Overriding database path with different value: C:\Users\brady\.stmcufinder\plugins\mcufinder/ => C:\Users\brady\.stmcufinder\plugins\mcufinder
2025-04-14 16:10:52,690 [INFO] DbMcusAds:125 - Set database path to: C:\Users\brady\.stmcufinder\plugins\mcufinder//mcu/
2025-04-14 16:10:52,690 [WARN] DbFile:41 - Overriding database path with different value: C:\Users\brady\.stmcufinder\plugins\mcufinder/ => C:\Users\brady\.stmcufinder\plugins\mcufinder
2025-04-14 16:10:52,690 [WARN] DbFile:41 - Overriding database path with different value: C:\Users\brady\.stmcufinder\plugins\mcufinder/ => C:\Users\brady\.stmcufinder\plugins\mcufinder
2025-04-14 16:10:52,691 [INFO] CrossReferenceDbSqlite:203 - Set database path to: C:\Users\brady\.stmcufinder\plugins\mcufinder//mcu/cs/
2025-04-14 16:10:52,744 [INFO] MainPanel:268 - HeapMemory: 268435456
2025-04-14 16:10:52,814 [INFO] DbMcusXml:78 - Set database path to: C:\ST\STM32CubeIDE_1.16.0\STM32CubeIDE\plugins\com.st.stm32cube.common.mx_6.12.0.202406281431\\db\/mcu/
2025-04-14 16:10:52,815 [INFO] ApiDb:274 - Set plugin database path to: C:\ST\STM32CubeIDE_1.16.0\STM32CubeIDE\plugins\com.st.stm32cube.common.mx_6.12.0.202406281431\\db\/plugins/boardmanager/
2025-04-14 16:10:52,815 [INFO] ApiDb:261 - Set plugin images path to: C:\ST\STM32CubeIDE_1.16.0\STM32CubeIDE\plugins\com.st.stm32cube.common.mx_6.12.0.202406281431\\db\/plugins/mcufinder/images/
2025-04-14 16:10:52,815 [WARN] DbFile:41 - Overriding database path with different value: C:\Users\brady\.stmcufinder\plugins\mcufinder/ => C:\Users\brady\.stmcufinder\plugins\mcufinder
2025-04-14 16:10:52,815 [INFO] ApiDb:250 - Set database path to: C:\Users\brady\.stmcufinder\plugins\mcufinder//mcu/
2025-04-14 16:10:52,815 [WARN] DbFile:41 - Overriding database path with different value: C:\Users\brady\.stmcufinder\plugins\mcufinder/ => C:\Users\brady\.stmcufinder\plugins\mcufinder
2025-04-14 16:10:52,815 [INFO] DbMcusAds:125 - Set database path to: C:\Users\brady\.stmcufinder\plugins\mcufinder//mcu/
2025-04-14 16:10:52,815 [WARN] DbFile:41 - Overriding database path with different value: C:\Users\brady\.stmcufinder\plugins\mcufinder/ => C:\Users\brady\.stmcufinder\plugins\mcufinder
2025-04-14 16:10:52,815 [WARN] DbFile:41 - Overriding database path with different value: C:\Users\brady\.stmcufinder\plugins\mcufinder/ => C:\Users\brady\.stmcufinder\plugins\mcufinder
2025-04-14 16:10:52,815 [INFO] CrossReferenceDbSqlite:203 - Set database path to: C:\Users\brady\.stmcufinder\plugins\mcufinder//mcu/cs/
2025-04-14 16:10:52,827 [INFO] ApplicationProperties:184 - Using Application install path: C:\ST\STM32CubeIDE_1.16.0\STM32CubeIDE\plugins\com.st.stm32cube.common.mx_6.12.0.202406281431
2025-04-14 16:10:52,827 [INFO] PluginManage:196 - Search for loadable plugins [exclusion list=, ]
2025-04-14 16:10:52,828 [INFO] PluginManage:310 - Check plugin analytics
2025-04-14 16:10:52,959 [INFO] AnalyticsPlugin:253 - Accepted Software Licenses: STM32CubeMX.6.12.1
2025-04-14 16:10:52,959 [INFO] AnalyticsPlugin:255 - Accepted CMSIS Pack Licenses: 
2025-04-14 16:10:52,959 [INFO] AnalyticsPlugin:257 - Accepted Firmware Licenses: FW.F4.1.28.0
2025-04-14 16:10:52,961 [INFO] PluginManage:359 - Loaded plugin analytics (category:tool,tabindex:-1)
2025-04-14 16:10:52,962 [INFO] PluginManage:310 - Check plugin cadmodel
2025-04-14 16:10:52,977 [INFO] CADModel:105 - Init CAD model plugin
2025-04-14 16:10:52,977 [INFO] PluginManage:359 - Loaded plugin cadmodel (category:power,tabindex:5)
2025-04-14 16:10:52,977 [INFO] PluginManage:310 - Check plugin clock
2025-04-14 16:10:52,993 [INFO] PluginManage:359 - Loaded plugin clock (category:base,tabindex:2)
2025-04-14 16:10:52,993 [INFO] PluginManage:310 - Check plugin ddr
2025-04-14 16:10:52,995 [INFO] PluginManage:359 - Loaded plugin ddr (category:tool,tabindex:6)
2025-04-14 16:10:52,995 [INFO] PluginManage:310 - Check plugin filemanager
2025-04-14 16:10:53,083 [INFO] PluginManage:359 - Loaded plugin filemanager (category:base,tabindex:10)
2025-04-14 16:10:53,083 [INFO] PluginManage:310 - Check plugin ipmanager
2025-04-14 16:10:53,093 [INFO] PluginManage:359 - Loaded plugin ipmanager (category:base,tabindex:5)
2025-04-14 16:10:53,093 [INFO] PluginManage:310 - Check plugin lpbam
2025-04-14 16:10:53,106 [INFO] PluginManage:359 - Loaded plugin lpbam (category:base,tabindex:0)
2025-04-14 16:10:53,106 [INFO] PluginManage:310 - Check plugin memorymap
2025-04-14 16:10:53,121 [INFO] PluginManage:359 - Loaded plugin memorymap (category:base,tabindex:4)
2025-04-14 16:10:53,121 [INFO] PluginManage:310 - Check plugin pinoutandconfiguration
2025-04-14 16:10:53,135 [INFO] PluginManage:359 - Loaded plugin pinoutandconfiguration (category:base,tabindex:1)
2025-04-14 16:10:53,135 [INFO] PluginManage:310 - Check plugin pinoutconfig
2025-04-14 16:10:53,194 [WARN] SupportedApi:132 - Cannot load RTOS API schema: s4s-elt-must-match.1: The content of 'definitions' must match (annotation?, (simpleType | complexType)?, (unique | key | keyref)*)). A problem was found starting at: attribute.
2025-04-14 16:10:53,280 [INFO] PluginManage:359 - Loaded plugin pinoutconfig (category:base,tabindex:0)
2025-04-14 16:10:53,280 [INFO] PluginManage:310 - Check plugin power
2025-04-14 16:10:53,296 [INFO] PluginManage:359 - Loaded plugin power (category:power,tabindex:4)
2025-04-14 16:10:53,296 [INFO] PluginManage:310 - Check plugin projectmanager
2025-04-14 16:10:53,308 [INFO] PluginManage:359 - Loaded plugin projectmanager (category:projectmanager,tabindex:4)
2025-04-14 16:10:53,308 [INFO] PluginManage:310 - Check plugin rif
2025-04-14 16:10:53,321 [INFO] PluginManage:359 - Loaded plugin rif (category:base,tabindex:3)
2025-04-14 16:10:53,321 [INFO] PluginManage:310 - Check plugin thirdparty
2025-04-14 16:10:53,528 [INFO] PluginManage:359 - Loaded plugin thirdparty (category:base,tabindex:-1)
2025-04-14 16:10:53,528 [INFO] PluginManage:310 - Check plugin tools
2025-04-14 16:10:53,528 [WARN] IntegrityCheckThread:84 - waiting for thirdparty lock release [integrity check]
2025-04-14 16:10:53,528 [INFO] IntegrityCheckThread:86 - entering critical section [integrity check]
2025-04-14 16:10:53,529 [INFO] ThirdPartyUpdaterWithRetryManager:70 - Updater plugin not ready yet. [1/15]
2025-04-14 16:10:53,554 [INFO] PluginManage:359 - Loaded plugin tools (category:base,tabindex:7)
2025-04-14 16:10:53,554 [INFO] PluginManage:310 - Check plugin tutovideos
2025-04-14 16:10:53,680 [INFO] PluginManage:359 - Loaded plugin tutovideos (category:base,tabindex:-1)
2025-04-14 16:10:53,680 [INFO] PluginManage:310 - Check plugin updater
2025-04-14 16:10:53,693 [INFO] PluginManage:359 - Loaded plugin updater (category:base,tabindex:12)
2025-04-14 16:10:53,693 [INFO] PluginManage:310 - Check plugin userauth
2025-04-14 16:10:53,696 [INFO] UserAuth:113 - Init User Auth plugin
2025-04-14 16:10:53,697 [INFO] PluginManage:359 - Loaded plugin userauth (category:base,tabindex:14)
2025-04-14 16:10:53,697 [INFO] PluginManage:283 - PluginManage : Loaded plugins [18]
2025-04-14 16:10:53,838 [INFO] PinOutPanel:1561 - setPackage(No Configuration,No Configuration)
2025-04-14 16:10:53,893 [INFO] CADModel:165 - CPN selected for project level
2025-04-14 16:10:53,894 [INFO] CADModel:114 - Register for checkConnection events
2025-04-14 16:10:53,912 [INFO] IPUIPlugin:80 - create IPUIPlugin
2025-04-14 16:10:53,913 [INFO] PluginManager:220 - loadIPPluginJar : add adc
2025-04-14 16:10:53,939 [INFO] IPUIPlugin:80 - create IPUIPlugin
2025-04-14 16:10:53,939 [INFO] PluginManager:220 - loadIPPluginJar : add aes
2025-04-14 16:10:53,965 [INFO] IPUIPlugin:80 - create IPUIPlugin
2025-04-14 16:10:53,965 [INFO] PluginManager:220 - loadIPPluginJar : add can
2025-04-14 16:10:53,983 [INFO] IPUIPlugin:80 - create IPUIPlugin
2025-04-14 16:10:53,983 [INFO] PluginManager:220 - loadIPPluginJar : add comp
2025-04-14 16:10:54,005 [INFO] IPUIPlugin:80 - create IPUIPlugin
2025-04-14 16:10:54,006 [INFO] PluginManager:220 - loadIPPluginJar : add cryp
2025-04-14 16:10:54,014 [INFO] IPUIPlugin:80 - create IPUIPlugin
2025-04-14 16:10:54,014 [INFO] PluginManager:220 - loadIPPluginJar : add ddr_ctrl_phy
2025-04-14 16:10:54,035 [INFO] IPUIPlugin:80 - create IPUIPlugin
2025-04-14 16:10:54,035 [INFO] PluginManager:220 - loadIPPluginJar : add dfsdm
2025-04-14 16:10:54,045 [INFO] IPUIPlugin:80 - create IPUIPlugin
2025-04-14 16:10:54,045 [INFO] PluginManager:220 - loadIPPluginJar : add dma
2025-04-14 16:10:54,073 [INFO] IPUIPlugin:80 - create IPUIPlugin
2025-04-14 16:10:54,073 [INFO] PluginManager:220 - loadIPPluginJar : add dma3
2025-04-14 16:10:54,102 [INFO] IPUIPlugin:80 - create IPUIPlugin
2025-04-14 16:10:54,103 [INFO] PluginManager:220 - loadIPPluginJar : add extmemmanager
2025-04-14 16:10:54,118 [INFO] IPUIPlugin:80 - create IPUIPlugin
2025-04-14 16:10:54,118 [INFO] PluginManager:220 - loadIPPluginJar : add fatfs
2025-04-14 16:10:54,149 [INFO] IPUIPlugin:80 - create IPUIPlugin
2025-04-14 16:10:54,149 [INFO] PluginManager:220 - loadIPPluginJar : add fmc
2025-04-14 16:10:54,160 [INFO] IPUIPlugin:80 - create IPUIPlugin
2025-04-14 16:10:54,160 [INFO] PluginManager:220 - loadIPPluginJar : add freertos
2025-04-14 16:10:54,175 [INFO] IPUIPlugin:80 - create IPUIPlugin
2025-04-14 16:10:54,175 [INFO] PluginManager:220 - loadIPPluginJar : add genericplugin
2025-04-14 16:10:54,234 [INFO] IPUIPlugin:80 - create IPUIPlugin
2025-04-14 16:10:54,234 [INFO] PluginManager:220 - loadIPPluginJar : add gfxmmu
2025-04-14 16:10:54,316 [INFO] IPUIPlugin:80 - create IPUIPlugin
2025-04-14 16:10:54,316 [INFO] PluginManager:220 - loadIPPluginJar : add gic
2025-04-14 16:10:54,335 [INFO] IPUIPlugin:80 - create IPUIPlugin
2025-04-14 16:10:54,335 [INFO] PluginManager:220 - loadIPPluginJar : add gpio
2025-04-14 16:10:54,393 [INFO] IPUIPlugin:80 - create IPUIPlugin
2025-04-14 16:10:54,393 [INFO] PluginManager:220 - loadIPPluginJar : add gtzc
2025-04-14 16:10:54,416 [INFO] IPUIPlugin:80 - create IPUIPlugin
2025-04-14 16:10:54,416 [INFO] PluginManager:220 - loadIPPluginJar : add hash
2025-04-14 16:10:54,450 [INFO] IPUIPlugin:80 - create IPUIPlugin
2025-04-14 16:10:54,450 [INFO] PluginManager:220 - loadIPPluginJar : add i2c
2025-04-14 16:10:54,478 [INFO] IPUIPlugin:80 - create IPUIPlugin
2025-04-14 16:10:54,478 [INFO] PluginManager:220 - loadIPPluginJar : add i2s
2025-04-14 16:10:54,512 [INFO] IPUIPlugin:80 - create IPUIPlugin
2025-04-14 16:10:54,512 [INFO] PluginManager:220 - loadIPPluginJar : add i3c
2025-04-14 16:10:54,579 [INFO] IPUIPlugin:80 - create IPUIPlugin
2025-04-14 16:10:54,580 [INFO] PluginManager:220 - loadIPPluginJar : add ipddr
2025-04-14 16:10:54,646 [INFO] IPUIPlugin:80 - create IPUIPlugin
2025-04-14 16:10:54,647 [INFO] PluginManager:220 - loadIPPluginJar : add linkedlist
2025-04-14 16:10:54,673 [INFO] IPUIPlugin:80 - create IPUIPlugin
2025-04-14 16:10:54,673 [INFO] PluginManager:220 - loadIPPluginJar : add lorawan
2025-04-14 16:10:54,699 [INFO] IPUIPlugin:80 - create IPUIPlugin
2025-04-14 16:10:54,700 [INFO] PluginManager:220 - loadIPPluginJar : add ltdc
2025-04-14 16:10:54,710 [INFO] IPUIPlugin:80 - create IPUIPlugin
2025-04-14 16:10:54,710 [INFO] PluginManager:220 - loadIPPluginJar : add mdma
2025-04-14 16:10:54,718 [INFO] IPUIPlugin:80 - create IPUIPlugin
2025-04-14 16:10:54,718 [INFO] PluginManager:220 - loadIPPluginJar : add nvic
2025-04-14 16:10:54,742 [INFO] IPUIPlugin:80 - create IPUIPlugin
2025-04-14 16:10:54,742 [INFO] PluginManager:220 - loadIPPluginJar : add opamp
2025-04-14 16:10:54,783 [INFO] IPUIPlugin:80 - create IPUIPlugin
2025-04-14 16:10:54,783 [INFO] PluginManager:220 - loadIPPluginJar : add openamp
2025-04-14 16:10:54,811 [INFO] IPUIPlugin:80 - create IPUIPlugin
2025-04-14 16:10:54,811 [INFO] PluginManager:220 - loadIPPluginJar : add pdm2pcm
2025-04-14 16:10:54,821 [INFO] IPUIPlugin:80 - create IPUIPlugin
2025-04-14 16:10:54,823 [INFO] PluginManager:220 - loadIPPluginJar : add plateformsettings
2025-04-14 16:10:54,841 [INFO] IPUIPlugin:80 - create IPUIPlugin
2025-04-14 16:10:54,841 [INFO] PluginManager:220 - loadIPPluginJar : add quadspi
2025-04-14 16:10:54,858 [INFO] IPUIPlugin:80 - create IPUIPlugin
2025-04-14 16:10:54,858 [INFO] PluginManager:220 - loadIPPluginJar : add radio
2025-04-14 16:10:54,869 [INFO] IPUIPlugin:80 - create IPUIPlugin
2025-04-14 16:10:54,869 [INFO] PluginManager:220 - loadIPPluginJar : add resmgrutility
2025-04-14 16:10:54,900 [INFO] IPUIPlugin:80 - create IPUIPlugin
2025-04-14 16:10:54,900 [INFO] PluginManager:220 - loadIPPluginJar : add sai
2025-04-14 16:10:54,925 [INFO] IPUIPlugin:80 - create IPUIPlugin
2025-04-14 16:10:54,925 [INFO] PluginManager:220 - loadIPPluginJar : add spi
2025-04-14 16:10:54,972 [INFO] IPUIPlugin:80 - create IPUIPlugin
2025-04-14 16:10:54,972 [INFO] PluginManager:220 - loadIPPluginJar : add stm32_wpan
2025-04-14 16:10:54,990 [INFO] IPUIPlugin:80 - create IPUIPlugin
2025-04-14 16:10:54,990 [INFO] PluginManager:220 - loadIPPluginJar : add tim
2025-04-14 16:10:55,030 [INFO] IPUIPlugin:80 - create IPUIPlugin
2025-04-14 16:10:55,030 [INFO] PluginManager:220 - loadIPPluginJar : add touchsensing
2025-04-14 16:10:55,048 [INFO] IPUIPlugin:80 - create IPUIPlugin
2025-04-14 16:10:55,048 [INFO] PluginManager:220 - loadIPPluginJar : add tracer_emb
2025-04-14 16:10:55,066 [INFO] IPUIPlugin:80 - create IPUIPlugin
2025-04-14 16:10:55,066 [INFO] PluginManager:220 - loadIPPluginJar : add ts
2025-04-14 16:10:55,083 [INFO] IPUIPlugin:80 - create IPUIPlugin
2025-04-14 16:10:55,084 [INFO] PluginManager:220 - loadIPPluginJar : add tsc
2025-04-14 16:10:55,101 [INFO] IPUIPlugin:80 - create IPUIPlugin
2025-04-14 16:10:55,102 [INFO] PluginManager:220 - loadIPPluginJar : add ucpd
2025-04-14 16:10:55,133 [INFO] IPUIPlugin:80 - create IPUIPlugin
2025-04-14 16:10:55,133 [INFO] PluginManager:220 - loadIPPluginJar : add usart
2025-04-14 16:10:55,163 [INFO] IPUIPlugin:80 - create IPUIPlugin
2025-04-14 16:10:55,163 [INFO] PluginManager:220 - loadIPPluginJar : add usbx
2025-04-14 16:10:55,267 [INFO] CADModel:165 - CPN selected for project level
2025-04-14 16:10:55,267 [INFO] CADModel:114 - Register for checkConnection events
2025-04-14 16:10:55,267 [FATAL] Updater:334 - Updater called before beeing initialized
2025-04-14 16:10:55,268 [ERROR] CADModel:125 - Updater not yet initialized, retry later 
2025-04-14 16:10:55,367 [INFO] CADModel:165 - CPN selected for project level
2025-04-14 16:10:55,367 [INFO] CADModel:114 - Register for checkConnection events
2025-04-14 16:10:55,367 [FATAL] Updater:334 - Updater called before beeing initialized
2025-04-14 16:10:55,367 [ERROR] CADModel:125 - Updater not yet initialized, retry later 
2025-04-14 16:10:55,369 [FATAL] Updater:334 - Updater called before beeing initialized
2025-04-14 16:10:55,433 [FATAL] Updater:334 - Updater called before beeing initialized
2025-04-14 16:10:55,442 [INFO] DbMcusAds:53 - JSON generation date=Tue Dec 17 08:01:15 PST 2024 (1734451275189)
2025-04-14 16:10:55,442 [FATAL] Updater:334 - Updater called before beeing initialized
2025-04-14 16:10:55,467 [WARN] DetailPanel:346 - Failed to get advertising image, set to default
2025-04-14 16:10:55,539 [FATAL] Updater:334 - Updater called before beeing initialized
2025-04-14 16:10:55,541 [FATAL] Updater:334 - Updater called before beeing initialized
2025-04-14 16:10:55,541 [FATAL] Updater:334 - Updater called before beeing initialized
2025-04-14 16:10:55,542 [WARN] DetailPanel:346 - Failed to get advertising image, set to default
2025-04-14 16:10:55,543 [FATAL] Updater:334 - Updater called before beeing initialized
2025-04-14 16:10:55,582 [ERROR] Updater:1164 - MainUpdater not yet initialized. External WinMGr cannot be set.
2025-04-14 16:10:55,597 [INFO] Updater:1100 - Updater Version found : 6.12.0
2025-04-14 16:10:55,610 [INFO] ApplicationProperties:184 - Using Application install path: C:\ST\STM32CubeIDE_1.16.0\STM32CubeIDE\plugins\com.st.stm32cube.common.mx_6.12.0.202406281431
2025-04-14 16:10:56,529 [INFO] ThirdPartyUpdaterWithRetryManager:70 - Updater plugin not ready yet. [2/15]
2025-04-14 16:10:57,187 [ERROR] LogOutputStream:75 - [STDERR_REDIRECT] Apr 14, 2025 4:10:57 PM java.util.prefs.WindowsPreferences <init>
2025-04-14 16:10:57,188 [ERROR] LogOutputStream:75 - [STDERR_REDIRECT] WARNING: Could not open/create prefs root node Software\JavaSoft\Prefs at root 0xffffffff80000002. Windows RegCreateKeyEx(...) returned error code 5.
2025-04-14 16:10:57,188 [ERROR] LogOutputStream:75 - [STDERR_REDIRECT] 
2025-04-14 16:10:57,507 [INFO] MainUpdater:2873 - connection check result : 10
2025-04-14 16:10:57,507 [INFO] MainUpdater:290 - Updater Check For Update Now.
2025-04-14 16:10:57,507 [INFO] MicroXplorer:498 - Change Database Version : DB.6.0.120
2025-04-14 16:10:57,522 [INFO] McuFinderGlobals:63 - Set McuFinder mode to 2 (CubeIDE integrated)
2025-04-14 16:10:57,522 [INFO] UserAuth:179 - activating auth plugin
2025-04-14 16:10:57,524 [INFO] UserAuth:417 - Internet connection configuration mode: 1
2025-04-14 16:10:57,546 [INFO] JxBrowserEngine:152 - Initiate JxBrowser Engine with user profile folder
2025-04-14 16:10:57,691 [INFO] CheckServerUpdateThread:120 - End of CheckServer Thread
2025-04-14 16:11:00,209 [WARN] PackLoader:240 - Cannot read IP mode file for STMicroelectronics.FP-SNS-MOTENVWB1.1.4.0
2025-04-14 16:11:00,225 [WARN] PackLoader:240 - Cannot read IP mode file for STMicroelectronics.FP-ATR-ASTRA1.2.0.2
2025-04-14 16:11:00,235 [WARN] PackLoader:240 - Cannot read IP mode file for STMicroelectronics.FP-ATR-ASTRA1.2.0.1
2025-04-14 16:11:00,248 [WARN] PackLoader:240 - Cannot read IP mode file for STMicroelectronics.X-CUBE-SMBUS.2.1.0
2025-04-14 16:11:00,259 [WARN] PackLoader:240 - Cannot read IP mode file for STMicroelectronics.X-CUBE-WB05N.1.1.0
2025-04-14 16:11:00,282 [WARN] PackLoader:240 - Cannot read IP mode file for STMicroelectronics.X-CUBE-AZRTOS-F7.1.1.0
2025-04-14 16:11:00,343 [WARN] PackLoader:240 - Cannot read IP mode file for STMicroelectronics.X-CUBE-MEMS1.11.0.0
2025-04-14 16:11:00,418 [WARN] PackLoader:240 - Cannot read IP mode file for STMicroelectronics.FP-SNS-FLIGHT1.5.0.2
2025-04-14 16:11:00,445 [WARN] PackLoader:240 - Cannot read IP mode file for STMicroelectronics.X-CUBE-DISPLAY.3.0.0
2025-04-14 16:11:00,458 [WARN] PackLoader:240 - Cannot read IP mode file for STMicroelectronics.X-CUBE-BLE1.7.0.0
2025-04-14 16:11:00,469 [WARN] PackLoader:240 - Cannot read IP mode file for STMicroelectronics.X-CUBE-NFC10.1.0.0
2025-04-14 16:11:00,482 [WARN] PackLoader:240 - Cannot read IP mode file for STMicroelectronics.X-CUBE-BLEMGR.4.0.0
2025-04-14 16:11:00,494 [WARN] PackLoader:240 - Cannot read IP mode file for emotas.I-CUBE-CANOPEN.1.3.0
2025-04-14 16:11:00,506 [WARN] PackLoader:240 - Cannot read IP mode file for STMicroelectronics.X-CUBE-BLEMGR.3.1.0
2025-04-14 16:11:00,517 [WARN] PackLoader:240 - Cannot read IP mode file for STMicroelectronics.X-CUBE-AI.10.0.0
2025-04-14 16:11:00,527 [WARN] PackLoader:240 - Cannot read IP mode file for STMicroelectronics.FP-SNS-SMARTAG2.1.2.0
2025-04-14 16:11:00,537 [ERROR] Engine:466 - C:\Users\brady\.stm32cubemx\thirdparties\pdsc\STMicroelectronics.FP-SNS-FLIGHT1.5.1.0.pdsc: PDSC version is not supported
2025-04-14 16:11:00,567 [WARN] PackLoader:240 - Cannot read IP mode file for STMicroelectronics.X-CUBE-MEMS1.11.1.0
2025-04-14 16:11:00,644 [INFO] LogOutputStream:77 - [STDOUT_REDIRECT] 1 : Invalid condition id : UX_CORESTACK_Condition cause : null
2025-04-14 16:11:00,645 [INFO] LogOutputStream:77 - [STDOUT_REDIRECT] 1 : Invalid condition id : UX_CORESTACK_Condition cause : null
2025-04-14 16:11:00,646 [INFO] LogOutputStream:77 - [STDOUT_REDIRECT] 1 : Invalid condition id : UX_CORESTACK_Condition cause : null
2025-04-14 16:11:00,647 [INFO] LogOutputStream:77 - [STDOUT_REDIRECT] 1 : Invalid condition id : UX_CORESTACK_Condition cause : null
2025-04-14 16:11:00,647 [INFO] LogOutputStream:77 - [STDOUT_REDIRECT] 1 : Invalid condition id : UX_CORESTACK_Condition cause : null
2025-04-14 16:11:00,649 [WARN] PackLoader:240 - Cannot read IP mode file for STMicroelectronics.X-CUBE-AZRTOS-WL.2.0.0
2025-04-14 16:11:00,667 [WARN] PackLoader:240 - Cannot read IP mode file for STMicroelectronics.FP-SNS-MOTENV1.5.0.0
2025-04-14 16:11:00,679 [WARN] PackLoader:240 - Cannot read IP mode file for wolfSSL.I-CUBE-wolfMQTT.1.19.0
2025-04-14 16:11:00,693 [WARN] PackLoader:240 - Cannot read IP mode file for WES.I-CUBE-Cesium.1.3.0
2025-04-14 16:11:00,705 [WARN] PackLoader:240 - Cannot read IP mode file for STMicroelectronics.X-CUBE-BLE2.3.3.0
2025-04-14 16:11:00,721 [WARN] PackLoader:240 - Cannot read IP mode file for STMicroelectronics.X-CUBE-NFC9.1.0.0
2025-04-14 16:11:00,740 [WARN] PackLoader:240 - Cannot read IP mode file for STMicroelectronics.X-CUBE-BLE1.7.1.0
2025-04-14 16:11:00,771 [WARN] PackLoader:240 - Cannot read IP mode file for STMicroelectronics.X-CUBE-TCPP.4.1.0
2025-04-14 16:11:00,790 [WARN] PackLoader:240 - Cannot read IP mode file for STMicroelectronics.X-CUBE-AZRTOS-G0.1.1.0
2025-04-14 16:11:00,802 [WARN] PackLoader:240 - Cannot read IP mode file for STMicroelectronics.X-CUBE-SAFEA1.1.2.2
2025-04-14 16:11:00,813 [WARN] PackLoader:240 - Cannot read IP mode file for STMicroelectronics.X-CUBE-NFC4.3.0.0
2025-04-14 16:11:00,825 [WARN] PackLoader:240 - Cannot read IP mode file for EmbeddedOffice.I-CUBE-FS-RTOS.1.0.1
2025-04-14 16:11:00,826 [ERROR] ConditionMgr:805 - Attr not supported : Dmpu
2025-04-14 16:11:00,826 [ERROR] ConditionMgr:805 - Attr not supported : Dmpu
2025-04-14 16:11:00,826 [ERROR] ConditionMgr:805 - Attr not supported : Dmpu
2025-04-14 16:11:00,826 [ERROR] ConditionMgr:805 - Attr not supported : Dmpu
2025-04-14 16:11:00,826 [ERROR] ConditionMgr:805 - Attr not supported : Dmpu
2025-04-14 16:11:00,826 [ERROR] ConditionMgr:805 - Attr not supported : Dmpu
2025-04-14 16:11:00,826 [ERROR] ConditionMgr:805 - Attr not supported : Dmpu
2025-04-14 16:11:00,826 [ERROR] ConditionMgr:805 - Attr not supported : Dmpu
2025-04-14 16:11:00,826 [ERROR] ConditionMgr:805 - Attr not supported : Dmpu
2025-04-14 16:11:00,826 [ERROR] ConditionMgr:805 - Attr not supported : Dmpu
2025-04-14 16:11:00,826 [ERROR] ConditionMgr:805 - Attr not supported : Dmpu
2025-04-14 16:11:00,826 [ERROR] ConditionMgr:805 - Attr not supported : Dmpu
2025-04-14 16:11:00,826 [ERROR] ConditionMgr:805 - Attr not supported : Dmpu
2025-04-14 16:11:00,826 [ERROR] ConditionMgr:805 - Attr not supported : Dmpu
2025-04-14 16:11:00,826 [ERROR] ConditionMgr:805 - Attr not supported : Dmpu
2025-04-14 16:11:00,826 [ERROR] ConditionMgr:805 - Attr not supported : Dmpu
2025-04-14 16:11:00,826 [ERROR] ConditionMgr:805 - Attr not supported : Dmpu
2025-04-14 16:11:00,826 [ERROR] ConditionMgr:805 - Attr not supported : Dmpu
2025-04-14 16:11:00,826 [ERROR] ConditionMgr:805 - Attr not supported : Dmpu
2025-04-14 16:11:00,826 [ERROR] ConditionMgr:805 - Attr not supported : Dmpu
2025-04-14 16:11:00,826 [ERROR] ConditionMgr:805 - Attr not supported : Dmpu
2025-04-14 16:11:00,826 [ERROR] ConditionMgr:805 - Attr not supported : Dmpu
2025-04-14 16:11:00,826 [ERROR] ConditionMgr:805 - Attr not supported : Dmpu
2025-04-14 16:11:00,826 [ERROR] ConditionMgr:805 - Attr not supported : Dmpu
2025-04-14 16:11:00,827 [ERROR] ConditionMgr:805 - Attr not supported : Dmpu
2025-04-14 16:11:00,827 [ERROR] ConditionMgr:805 - Attr not supported : Dmpu
2025-04-14 16:11:00,827 [ERROR] ConditionMgr:805 - Attr not supported : Dmpu
2025-04-14 16:11:00,827 [ERROR] ConditionMgr:805 - Attr not supported : Dmpu
2025-04-14 16:11:00,827 [ERROR] ConditionMgr:805 - Attr not supported : Dmpu
2025-04-14 16:11:00,827 [ERROR] ConditionMgr:805 - Attr not supported : Dmpu
2025-04-14 16:11:00,827 [ERROR] ConditionMgr:805 - Attr not supported : Dmpu
2025-04-14 16:11:00,827 [ERROR] ConditionMgr:805 - Attr not supported : Dmpu
2025-04-14 16:11:00,827 [ERROR] ConditionMgr:805 - Attr not supported : Dmpu
2025-04-14 16:11:00,827 [ERROR] ConditionMgr:805 - Attr not supported : Dmpu
2025-04-14 16:11:00,827 [ERROR] ConditionMgr:805 - Attr not supported : Dmpu
2025-04-14 16:11:00,827 [ERROR] ConditionMgr:805 - Attr not supported : Dmpu
2025-04-14 16:11:00,827 [ERROR] ConditionMgr:805 - Attr not supported : Dmpu
2025-04-14 16:11:00,827 [ERROR] ConditionMgr:805 - Attr not supported : Dmpu
2025-04-14 16:11:00,827 [ERROR] ConditionMgr:805 - Attr not supported : Dmpu
2025-04-14 16:11:00,827 [ERROR] ConditionMgr:805 - Attr not supported : Dmpu
2025-04-14 16:11:00,827 [ERROR] ConditionMgr:805 - Attr not supported : Dmpu
2025-04-14 16:11:00,827 [ERROR] ConditionMgr:805 - Attr not supported : Dmpu
2025-04-14 16:11:00,827 [ERROR] ConditionMgr:805 - Attr not supported : Dmpu
2025-04-14 16:11:00,827 [ERROR] ConditionMgr:805 - Attr not supported : Dmpu
2025-04-14 16:11:00,827 [ERROR] ConditionMgr:805 - Attr not supported : Dmpu
2025-04-14 16:11:00,827 [ERROR] ConditionMgr:805 - Attr not supported : Dmpu
2025-04-14 16:11:00,827 [ERROR] ConditionMgr:805 - Attr not supported : Dmpu
2025-04-14 16:11:00,827 [ERROR] ConditionMgr:805 - Attr not supported : Dmpu
2025-04-14 16:11:00,827 [ERROR] ConditionMgr:805 - Attr not supported : Dmpu
2025-04-14 16:11:00,827 [ERROR] ConditionMgr:805 - Attr not supported : Dmpu
2025-04-14 16:11:00,827 [ERROR] ConditionMgr:805 - Attr not supported : Dmpu
2025-04-14 16:11:00,827 [ERROR] ConditionMgr:805 - Attr not supported : Dmpu
2025-04-14 16:11:00,827 [ERROR] ConditionMgr:805 - Attr not supported : Dmpu
2025-04-14 16:11:00,827 [ERROR] ConditionMgr:805 - Attr not supported : Dmpu
2025-04-14 16:11:00,827 [ERROR] ConditionMgr:805 - Attr not supported : Dmpu
2025-04-14 16:11:00,827 [ERROR] ConditionMgr:805 - Attr not supported : Dmpu
2025-04-14 16:11:00,827 [ERROR] ConditionMgr:805 - Attr not supported : Dmpu
2025-04-14 16:11:00,827 [ERROR] ConditionMgr:805 - Attr not supported : Dmpu
2025-04-14 16:11:00,827 [ERROR] ConditionMgr:805 - Attr not supported : Dmpu
2025-04-14 16:11:00,827 [ERROR] ConditionMgr:805 - Attr not supported : Dmpu
2025-04-14 16:11:00,827 [ERROR] ConditionMgr:805 - Attr not supported : Dmpu
2025-04-14 16:11:00,827 [ERROR] ConditionMgr:805 - Attr not supported : Dmpu
2025-04-14 16:11:00,827 [ERROR] ConditionMgr:805 - Attr not supported : Dmpu
2025-04-14 16:11:00,827 [ERROR] ConditionMgr:805 - Attr not supported : Dmpu
2025-04-14 16:11:00,832 [INFO] WebApp:167 - Instantiating new browser for Auth
2025-04-14 16:11:00,836 [ERROR] Engine:466 - C:\Users\brady\.stm32cubemx\thirdparties\pdsc\STMicroelectronics.X-CUBE-TCPP.4.2.0.pdsc: PDSC version is not supported
2025-04-14 16:11:00,846 [WARN] PackLoader:240 - Cannot read IP mode file for RealThread.X-CUBE-RT-Thread_Nano.4.1.1
2025-04-14 16:11:00,865 [WARN] PackLoader:240 - Cannot read IP mode file for STMicroelectronics.FP-ATR-SIGFOX1.3.2.0
2025-04-14 16:11:00,882 [WARN] PackLoader:240 - Cannot read IP mode file for wolfSSL.I-CUBE-wolfSSL.5.7.2
2025-04-14 16:11:00,898 [WARN] ConditionMgr:438 - getConditionDescription Invalid condition id : Cortex-A Device cause : null
2025-04-14 16:11:00,922 [WARN] ConditionMgr:1039 - genDependencies : Invalid condition id : Cortex-A Device cause : null
2025-04-14 16:11:00,923 [WARN] ConditionMgr:1039 - genDependencies : Invalid condition id : Cortex-A Device cause : null
2025-04-14 16:11:00,923 [WARN] ConditionMgr:1039 - genDependencies : Invalid condition id : Cortex-A Device cause : null
2025-04-14 16:11:00,937 [WARN] PackLoader:240 - Cannot read IP mode file for STMicroelectronics.X-CUBE-EEPRMA1.5.1.0
2025-04-14 16:11:00,950 [WARN] PackLoader:240 - Cannot read IP mode file for ITTIA_DB.I-CUBE-ITTIADB.8.9.0
2025-04-14 16:11:00,976 [WARN] PackLoader:240 - Cannot read IP mode file for SEGGER.I-CUBE-embOS.1.3.1
2025-04-14 16:11:01,023 [WARN] PackLoader:240 - Cannot read IP mode file for STMicroelectronics.X-CUBE-ALGOBUILD.1.4.0
2025-04-14 16:11:01,034 [WARN] PackLoader:240 - Cannot read IP mode file for STMicroelectronics.X-CUBE-AI.9.1.0
2025-04-14 16:11:01,044 [WARN] PackLoader:240 - Cannot read IP mode file for STMicroelectronics.X-CUBE-GNSS1.6.0.0
2025-04-14 16:11:01,063 [WARN] PackLoader:240 - Cannot read IP mode file for STMicroelectronics.X-CUBE-AZRTOS-F4.1.1.0
2025-04-14 16:11:01,074 [WARN] PackLoader:240 - Cannot read IP mode file for STMicroelectronics.X-CUBE-ISPU.2.1.0
2025-04-14 16:11:01,084 [WARN] PackLoader:240 - Cannot read IP mode file for STMicroelectronics.X-CUBE-FREERTOS.1.2.0
2025-04-14 16:11:01,107 [WARN] PackLoader:240 - Cannot read IP mode file for STMicroelectronics.X-CUBE-AZRTOS-L5.2.0.0
2025-04-14 16:11:01,122 [WARN] PackLoader:240 - Cannot read IP mode file for STMicroelectronics.X-CUBE-NFC6.3.1.0
2025-04-14 16:11:01,141 [WARN] PackLoader:240 - Cannot read IP mode file for STMicroelectronics.X-CUBE-DPower.1.2.0
2025-04-14 16:11:01,154 [WARN] PackLoader:240 - Cannot read IP mode file for STMicroelectronics.X-CUBE-AI.9.0.0
2025-04-14 16:11:01,163 [WARN] PackLoader:240 - Cannot read IP mode file for STMicroelectronics.X-CUBE-FREERTOS.1.3.0
2025-04-14 16:11:01,175 [WARN] PackLoader:240 - Cannot read IP mode file for STMicroelectronics.X-CUBE-NFC7.1.0.1
2025-04-14 16:11:01,185 [WARN] PackLoader:240 - Cannot read IP mode file for STMicroelectronics.X-CUBE-DPower.1.3.0
2025-04-14 16:11:01,204 [WARN] ConditionMgr:438 - getConditionDescription Invalid condition id : LAN8742 Phy interface Condition cause : null
2025-04-14 16:11:01,204 [WARN] PackLoader:240 - Cannot read IP mode file for STMicroelectronics.X-CUBE-AZRTOS-L4.2.0.0
2025-04-14 16:11:01,205 [WARN] ConditionMgr:1039 - genDependencies : Invalid condition id : LAN8742 Phy interface Condition cause : null
2025-04-14 16:11:01,205 [WARN] ConditionMgr:1039 - genDependencies : Invalid condition id : LAN8742 Phy interface Condition cause : null
2025-04-14 16:11:01,205 [WARN] ConditionMgr:1039 - genDependencies : Invalid condition id : LAN8742 Phy interface Condition cause : null
2025-04-14 16:11:01,216 [WARN] PackLoader:240 - Cannot read IP mode file for STMicroelectronics.X-CUBE-SFXS2LP1.4.0.0
2025-04-14 16:11:01,238 [WARN] PackLoader:240 - Cannot read IP mode file for STMicroelectronics.X-CUBE-AZRTOS-H7.3.3.0
2025-04-14 16:11:01,260 [WARN] PackLoader:240 - Cannot read IP mode file for STMicroelectronics.X-CUBE-IPS.3.0.0
2025-04-14 16:11:01,277 [WARN] ConditionMgr:438 - getConditionDescription Invalid condition id : UX DEVICE CLASS RTOS Condition cause : null
2025-04-14 16:11:01,277 [WARN] ConditionMgr:438 - getConditionDescription Invalid condition id : UX DEVICE CLASS RTOS Condition cause : null
2025-04-14 16:11:01,278 [WARN] PackLoader:240 - Cannot read IP mode file for STMicroelectronics.X-CUBE-AZRTOS-WB.2.0.0
2025-04-14 16:11:01,278 [WARN] ConditionMgr:1039 - genDependencies : Invalid condition id : UX DEVICE CLASS RTOS Condition cause : null
2025-04-14 16:11:01,278 [WARN] ConditionMgr:1039 - genDependencies : Invalid condition id : UX DEVICE CLASS RTOS Condition cause : null
2025-04-14 16:11:01,278 [WARN] ConditionMgr:1039 - genDependencies : Invalid condition id : UX DEVICE CLASS RTOS Condition cause : null
2025-04-14 16:11:01,278 [WARN] ConditionMgr:1039 - genDependencies : Invalid condition id : UX DEVICE CLASS RTOS Condition cause : null
2025-04-14 16:11:01,278 [WARN] ConditionMgr:1039 - genDependencies : Invalid condition id : UX DEVICE CLASS RTOS Condition cause : null
2025-04-14 16:11:01,289 [WARN] PackLoader:240 - Cannot read IP mode file for STMicroelectronics.X-CUBE-GNSS1.7.0.0
2025-04-14 16:11:01,299 [WARN] PackLoader:240 - Cannot read IP mode file for STMicroelectronics.X-CUBE-GNSS1.7.0.1
2025-04-14 16:11:01,313 [WARN] PackLoader:240 - Cannot read IP mode file for STMicroelectronics.X-CUBE-TOUCHGFX.4.25.0
2025-04-14 16:11:01,324 [WARN] PackLoader:240 - Cannot read IP mode file for STMicroelectronics.FP-SNS-STBOX1.2.0.0
2025-04-14 16:11:01,338 [WARN] PackLoader:240 - Cannot read IP mode file for STMicroelectronics.X-CUBE-SUBG2.5.0.0
2025-04-14 16:11:01,358 [WARN] PackLoader:240 - Cannot read IP mode file for STMicroelectronics.X-CUBE-AZRTOS-H7RS.1.1.0
2025-04-14 16:11:01,370 [WARN] PackLoader:240 - Cannot read IP mode file for Cesanta.I-CUBE-Mongoose.7.13.0
2025-04-14 16:11:01,387 [WARN] PackLoader:240 - Cannot read IP mode file for STMicroelectronics.X-CUBE-AZRTOS-G4.2.0.0
2025-04-14 16:11:01,397 [WARN] PackLoader:240 - Cannot read IP mode file for STMicroelectronics.X-CUBE-ISPU.2.0.0
2025-04-14 16:11:01,408 [ERROR] Engine:466 - C:\Users\brady\.stm32cubemx\thirdparties\pdsc\STMicroelectronics.X-CUBE-IPS.3.1.0.pdsc: PDSC version is not supported
2025-04-14 16:11:01,418 [WARN] PackLoader:240 - Cannot read IP mode file for STMicroelectronics.X-CUBE-ALS.1.0.2
2025-04-14 16:11:01,428 [WARN] PackLoader:240 - Cannot read IP mode file for STMicroelectronics.X-CUBE-TOUCHGFX.4.24.0
2025-04-14 16:11:01,437 [WARN] PackLoader:240 - Cannot read IP mode file for STMicroelectronics.X-CUBE-TOUCHGFX.4.24.2
2025-04-14 16:11:01,447 [WARN] PackLoader:240 - Cannot read IP mode file for STMicroelectronics.X-CUBE-TOUCHGFX.4.24.1
2025-04-14 16:11:01,458 [WARN] PackLoader:240 - Cannot read IP mode file for wolfSSL.I-CUBE-wolfTPM.3.4.0
2025-04-14 16:11:01,468 [WARN] PackLoader:240 - Cannot read IP mode file for portGmbH.I-Cube-SoM-uGOAL.1.1.0
2025-04-14 16:11:01,485 [WARN] PackLoader:240 - Cannot read IP mode file for STMicroelectronics.X-CUBE-AZRTOS-H7RS.1.0.0
2025-04-14 16:11:01,496 [WARN] PackLoader:240 - Cannot read IP mode file for STMicroelectronics.FP-ATR-ASTRA1.2.0.0
2025-04-14 16:11:01,512 [WARN] PackLoader:240 - Cannot read IP mode file for STMicroelectronics.X-CUBE-TOF1.3.4.2
2025-04-14 16:11:01,535 [WARN] PackLoader:240 - Cannot read IP mode file for Infineon.AIROC-Wi-Fi-Bluetooth-STM32.1.6.1
2025-04-14 16:11:01,545 [WARN] PackLoader:240 - Cannot read IP mode file for wolfSSL.I-CUBE-wolfSSH.1.4.17
2025-04-14 16:11:01,546 [INFO] ThirdParty:978 - Integrity check success = true
2025-04-14 16:11:01,546 [INFO] IntegrityCheckThread:100 - exiting critical section [integrity check]
2025-04-14 16:11:01,546 [INFO] IntegrityCheckThread:103 - End integrity checks thread
2025-04-14 16:11:01,991 [INFO] WebApp:448 - Apply proxy settings
2025-04-14 16:11:01,992 [INFO] WebApp:533 - Chromium requires no authentication
2025-04-14 16:11:01,998 [INFO] WebApp:476 - Direct internet connection detected
2025-04-14 16:11:02,013 [INFO] WebApp:869 - Register for checkConnection events
2025-04-14 16:11:02,013 [INFO] WebApp:448 - Apply proxy settings
2025-04-14 16:11:02,013 [INFO] WebApp:533 - Chromium requires no authentication
2025-04-14 16:11:02,013 [INFO] WebApp:476 - Direct internet connection detected
2025-04-14 16:11:02,122 [INFO] WebApp:186 - Connection restablished
2025-04-14 16:11:02,126 [INFO] WebApp:220 - Starting web application
2025-04-14 16:11:02,126 [INFO] WebApp:578 - Web application path used C:\ST\STM32CubeIDE_1.16.0\STM32CubeIDE\plugins\com.st.stm32cube.common.mx_6.12.0.202406281431\db\plugins\mcufinder\reactClient1\index.html
2025-04-14 16:48:00,307 [INFO] WebApp:189 - Connection lost
2025-04-14 16:48:00,404 [INFO] WebApp:186 - Connection restablished
2025-04-14 16:49:04,828 [INFO] WebApp:189 - Connection lost
2025-04-14 16:49:04,934 [INFO] WebApp:186 - Connection restablished
2025-04-14 16:49:40,324 [INFO] WebApp:189 - Connection lost
2025-04-14 16:49:40,425 [INFO] WebApp:186 - Connection restablished
2025-04-14 16:50:11,327 [INFO] WebApp:189 - Connection lost
2025-04-14 16:50:11,451 [INFO] WebApp:186 - Connection restablished
2025-04-14 16:59:13,805 [INFO] WebApp:189 - Connection lost
2025-04-14 16:59:13,919 [INFO] WebApp:186 - Connection restablished
2025-04-14 17:36:20,818 [INFO] WebApp:189 - Connection lost
2025-04-14 17:36:20,934 [INFO] WebApp:186 - Connection restablished
2025-04-14 17:46:34,824 [INFO] WebApp:189 - Connection lost
2025-04-14 17:46:34,930 [INFO] WebApp:186 - Connection restablished
2025-04-14 17:55:56,315 [INFO] WebApp:189 - Connection lost
2025-04-14 17:55:56,418 [INFO] WebApp:186 - Connection restablished
2025-04-14 17:58:16,808 [INFO] WebApp:189 - Connection lost
2025-04-14 17:58:16,916 [INFO] WebApp:186 - Connection restablished
2025-04-14 17:58:37,819 [INFO] WebApp:189 - Connection lost
2025-04-14 17:58:37,909 [INFO] WebApp:186 - Connection restablished
2025-04-14 17:59:47,315 [INFO] WebApp:189 - Connection lost
2025-04-14 17:59:47,406 [INFO] WebApp:186 - Connection restablished
2025-04-14 18:04:52,813 [INFO] WebApp:189 - Connection lost
2025-04-14 18:04:52,913 [INFO] WebApp:186 - Connection restablished
2025-04-14 18:07:26,312 [INFO] WebApp:189 - Connection lost
2025-04-14 18:07:26,421 [INFO] WebApp:186 - Connection restablished
2025-04-14 18:08:51,820 [INFO] WebApp:189 - Connection lost
2025-04-14 18:08:51,975 [INFO] WebApp:186 - Connection restablished
2025-04-14 18:28:10,300 [INFO] WebApp:189 - Connection lost
2025-04-14 18:28:10,403 [INFO] WebApp:186 - Connection restablished
2025-04-14 18:36:53,816 [INFO] WebApp:189 - Connection lost
2025-04-14 18:36:53,919 [INFO] WebApp:186 - Connection restablished
2025-04-14 18:38:34,815 [INFO] WebApp:189 - Connection lost
2025-04-14 18:38:34,951 [INFO] WebApp:186 - Connection restablished
2025-04-14 18:44:28,795 [INFO] WebApp:189 - Connection lost
2025-04-14 18:44:28,896 [INFO] WebApp:186 - Connection restablished
2025-04-14 18:52:26,987 [INFO] WebApp:189 - Connection lost
2025-04-14 18:52:27,148 [INFO] WebApp:186 - Connection restablished
2025-04-14 18:55:32,795 [INFO] WebApp:189 - Connection lost
2025-04-14 18:55:32,898 [INFO] WebApp:186 - Connection restablished
2025-04-14 18:55:39,306 [INFO] WebApp:189 - Connection lost
2025-04-14 18:55:39,386 [INFO] WebApp:186 - Connection restablished
2025-04-14 19:16:37,037 [INFO] WebApp:189 - Connection lost
2025-04-14 19:16:37,136 [INFO] WebApp:186 - Connection restablished
2025-04-14 19:16:58,308 [INFO] WebApp:189 - Connection lost
2025-04-14 19:16:58,402 [INFO] WebApp:186 - Connection restablished
2025-04-14 19:20:03,302 [INFO] WebApp:189 - Connection lost
2025-04-14 19:20:03,483 [INFO] WebApp:186 - Connection restablished
2025-04-14 19:23:05,810 [INFO] WebApp:189 - Connection lost
2025-04-14 19:23:06,055 [INFO] WebApp:186 - Connection restablished
2025-04-14 19:26:08,801 [INFO] WebApp:189 - Connection lost
2025-04-14 19:26:08,938 [INFO] WebApp:186 - Connection restablished
2025-04-14 19:32:07,308 [INFO] WebApp:189 - Connection lost
2025-04-14 19:32:07,407 [INFO] WebApp:186 - Connection restablished
2025-04-14 19:42:04,823 [INFO] WebApp:189 - Connection lost
2025-04-14 19:42:04,944 [INFO] WebApp:186 - Connection restablished
2025-04-14 20:07:18,320 [INFO] WebApp:189 - Connection lost
2025-04-14 20:07:18,415 [INFO] WebApp:186 - Connection restablished
2025-04-14 20:10:23,317 [INFO] WebApp:189 - Connection lost
2025-04-14 20:10:23,433 [INFO] WebApp:186 - Connection restablished
2025-04-14 20:13:49,808 [INFO] WebApp:189 - Connection lost
2025-04-14 20:13:49,964 [INFO] WebApp:186 - Connection restablished
2025-04-14 20:14:10,822 [INFO] WebApp:189 - Connection lost
2025-04-14 20:14:10,905 [INFO] WebApp:186 - Connection restablished
2025-04-14 20:19:19,301 [INFO] WebApp:189 - Connection lost
2025-04-14 20:19:19,394 [INFO] WebApp:186 - Connection restablished
2025-04-14 20:32:21,327 [INFO] WebApp:189 - Connection lost
2025-04-14 20:32:21,432 [INFO] WebApp:186 - Connection restablished
2025-04-14 20:57:19,809 [INFO] WebApp:189 - Connection lost
2025-04-14 20:57:19,958 [INFO] WebApp:186 - Connection restablished
2025-04-14 21:00:23,806 [INFO] WebApp:189 - Connection lost
2025-04-14 21:00:23,908 [INFO] WebApp:186 - Connection restablished
2025-04-14 21:03:26,803 [INFO] WebApp:189 - Connection lost
2025-04-14 21:03:26,900 [INFO] WebApp:186 - Connection restablished
2025-04-14 21:17:34,305 [INFO] WebApp:189 - Connection lost
2025-04-14 21:17:34,397 [INFO] WebApp:186 - Connection restablished
2025-04-14 21:19:54,305 [INFO] WebApp:189 - Connection lost
2025-04-14 21:19:54,415 [INFO] WebApp:186 - Connection restablished
2025-04-14 21:36:01,327 [INFO] WebApp:189 - Connection lost
2025-04-14 21:36:01,418 [INFO] WebApp:186 - Connection restablished
