2025-03-14 16:53:37,891 [INFO] Activator:176 - 


2025-03-14 16:53:37,895 [INFO] Activator:177 - !SESSION log4j initialized
2025-03-14 16:53:43,458 [INFO] LogOutputStream:77 - [STDOUT_REDIRECT] 
2025-03-14 16:53:45,741 [INFO] ApplicationProperties:184 - Using Application install path: C:\ST\STM32CubeIDE_1.16.0\STM32CubeIDE\plugins\com.st.stm32cube.common.mx_6.12.0.202406281431
2025-03-14 16:53:45,754 [INFO] DbMcusXml:78 - Set database path to: C:\ST\STM32CubeIDE_1.16.0\STM32CubeIDE\plugins\com.st.stm32cube.common.mx_6.12.0.202406281431\\db\/mcu/
2025-03-14 16:53:45,754 [INFO] ApiDb:274 - Set plugin database path to: C:\ST\STM32CubeIDE_1.16.0\STM32CubeIDE\plugins\com.st.stm32cube.common.mx_6.12.0.202406281431\\db\/plugins/boardmanager/
2025-03-14 16:53:45,755 [WARN] ApiDb:259 - Overriding images path with different value:  => C:\ST\STM32CubeIDE_1.16.0\STM32CubeIDE\plugins\com.st.stm32cube.common.mx_6.12.0.202406281431\\db\/plugins/mcufinder/images/
2025-03-14 16:53:45,769 [INFO] ApiDb:250 - Set database path to: C:\Users\brady\.stmcufinder\plugins\mcufinder//mcu/
2025-03-14 16:53:45,769 [INFO] DbMcusAds:125 - Set database path to: C:\Users\brady\.stmcufinder\plugins\mcufinder//mcu/
2025-03-14 16:53:45,771 [INFO] CrossReferenceDbSqlite:203 - Set database path to: C:\Users\brady\.stmcufinder\plugins\mcufinder//mcu/cs/
2025-03-14 16:53:45,846 [INFO] RulesReader:64 - Compatibility file has been processed (297 Rules)
2025-03-14 16:53:45,901 [INFO] DbMcusXml:78 - Set database path to: C:\ST\STM32CubeIDE_1.16.0\STM32CubeIDE\plugins\com.st.stm32cube.common.mx_6.12.0.202406281431\\db\/mcu/
2025-03-14 16:53:45,901 [INFO] ApiDb:274 - Set plugin database path to: C:\ST\STM32CubeIDE_1.16.0\STM32CubeIDE\plugins\com.st.stm32cube.common.mx_6.12.0.202406281431\\db\/plugins/boardmanager/
2025-03-14 16:53:45,901 [INFO] ApiDb:261 - Set plugin images path to: C:\ST\STM32CubeIDE_1.16.0\STM32CubeIDE\plugins\com.st.stm32cube.common.mx_6.12.0.202406281431\\db\/plugins/mcufinder/images/
2025-03-14 16:53:45,901 [WARN] DbFile:41 - Overriding database path with different value: C:\Users\brady\.stmcufinder\plugins\mcufinder/ => C:\Users\brady\.stmcufinder\plugins\mcufinder
2025-03-14 16:53:45,902 [INFO] ApiDb:250 - Set database path to: C:\Users\brady\.stmcufinder\plugins\mcufinder//mcu/
2025-03-14 16:53:45,902 [WARN] DbFile:41 - Overriding database path with different value: C:\Users\brady\.stmcufinder\plugins\mcufinder/ => C:\Users\brady\.stmcufinder\plugins\mcufinder
2025-03-14 16:53:45,902 [INFO] DbMcusAds:125 - Set database path to: C:\Users\brady\.stmcufinder\plugins\mcufinder//mcu/
2025-03-14 16:53:45,902 [WARN] DbFile:41 - Overriding database path with different value: C:\Users\brady\.stmcufinder\plugins\mcufinder/ => C:\Users\brady\.stmcufinder\plugins\mcufinder
2025-03-14 16:53:45,902 [WARN] DbFile:41 - Overriding database path with different value: C:\Users\brady\.stmcufinder\plugins\mcufinder/ => C:\Users\brady\.stmcufinder\plugins\mcufinder
2025-03-14 16:53:45,902 [INFO] CrossReferenceDbSqlite:203 - Set database path to: C:\Users\brady\.stmcufinder\plugins\mcufinder//mcu/cs/
2025-03-14 16:53:45,955 [INFO] MainPanel:268 - HeapMemory: 268435456
2025-03-14 16:53:46,029 [INFO] DbMcusXml:78 - Set database path to: C:\ST\STM32CubeIDE_1.16.0\STM32CubeIDE\plugins\com.st.stm32cube.common.mx_6.12.0.202406281431\\db\/mcu/
2025-03-14 16:53:46,029 [INFO] ApiDb:274 - Set plugin database path to: C:\ST\STM32CubeIDE_1.16.0\STM32CubeIDE\plugins\com.st.stm32cube.common.mx_6.12.0.202406281431\\db\/plugins/boardmanager/
2025-03-14 16:53:46,029 [INFO] ApiDb:261 - Set plugin images path to: C:\ST\STM32CubeIDE_1.16.0\STM32CubeIDE\plugins\com.st.stm32cube.common.mx_6.12.0.202406281431\\db\/plugins/mcufinder/images/
2025-03-14 16:53:46,029 [WARN] DbFile:41 - Overriding database path with different value: C:\Users\brady\.stmcufinder\plugins\mcufinder/ => C:\Users\brady\.stmcufinder\plugins\mcufinder
2025-03-14 16:53:46,029 [INFO] ApiDb:250 - Set database path to: C:\Users\brady\.stmcufinder\plugins\mcufinder//mcu/
2025-03-14 16:53:46,029 [WARN] DbFile:41 - Overriding database path with different value: C:\Users\brady\.stmcufinder\plugins\mcufinder/ => C:\Users\brady\.stmcufinder\plugins\mcufinder
2025-03-14 16:53:46,029 [INFO] DbMcusAds:125 - Set database path to: C:\Users\brady\.stmcufinder\plugins\mcufinder//mcu/
2025-03-14 16:53:46,030 [WARN] DbFile:41 - Overriding database path with different value: C:\Users\brady\.stmcufinder\plugins\mcufinder/ => C:\Users\brady\.stmcufinder\plugins\mcufinder
2025-03-14 16:53:46,030 [WARN] DbFile:41 - Overriding database path with different value: C:\Users\brady\.stmcufinder\plugins\mcufinder/ => C:\Users\brady\.stmcufinder\plugins\mcufinder
2025-03-14 16:53:46,030 [INFO] CrossReferenceDbSqlite:203 - Set database path to: C:\Users\brady\.stmcufinder\plugins\mcufinder//mcu/cs/
2025-03-14 16:53:46,043 [INFO] ApplicationProperties:184 - Using Application install path: C:\ST\STM32CubeIDE_1.16.0\STM32CubeIDE\plugins\com.st.stm32cube.common.mx_6.12.0.202406281431
2025-03-14 16:53:46,044 [INFO] PluginManage:196 - Search for loadable plugins [exclusion list=, ]
2025-03-14 16:53:46,046 [INFO] PluginManage:310 - Check plugin analytics
2025-03-14 16:53:46,184 [INFO] AnalyticsPlugin:253 - Accepted Software Licenses: STM32CubeMX.6.12.1
2025-03-14 16:53:46,184 [INFO] AnalyticsPlugin:255 - Accepted CMSIS Pack Licenses: 
2025-03-14 16:53:46,184 [INFO] AnalyticsPlugin:257 - Accepted Firmware Licenses: FW.F4.1.28.0
2025-03-14 16:53:46,186 [INFO] PluginManage:359 - Loaded plugin analytics (category:tool,tabindex:-1)
2025-03-14 16:53:46,186 [INFO] PluginManage:310 - Check plugin cadmodel
2025-03-14 16:53:46,199 [INFO] CADModel:105 - Init CAD model plugin
2025-03-14 16:53:46,199 [INFO] PluginManage:359 - Loaded plugin cadmodel (category:power,tabindex:5)
2025-03-14 16:53:46,199 [INFO] PluginManage:310 - Check plugin clock
2025-03-14 16:53:46,215 [INFO] PluginManage:359 - Loaded plugin clock (category:base,tabindex:2)
2025-03-14 16:53:46,215 [INFO] PluginManage:310 - Check plugin ddr
2025-03-14 16:53:46,216 [INFO] PluginManage:359 - Loaded plugin ddr (category:tool,tabindex:6)
2025-03-14 16:53:46,217 [INFO] PluginManage:310 - Check plugin filemanager
2025-03-14 16:53:46,312 [INFO] PluginManage:359 - Loaded plugin filemanager (category:base,tabindex:10)
2025-03-14 16:53:46,312 [INFO] PluginManage:310 - Check plugin ipmanager
2025-03-14 16:53:46,317 [INFO] PluginManage:359 - Loaded plugin ipmanager (category:base,tabindex:5)
2025-03-14 16:53:46,317 [INFO] PluginManage:310 - Check plugin lpbam
2025-03-14 16:53:46,330 [INFO] PluginManage:359 - Loaded plugin lpbam (category:base,tabindex:0)
2025-03-14 16:53:46,330 [INFO] PluginManage:310 - Check plugin memorymap
2025-03-14 16:53:46,349 [INFO] PluginManage:359 - Loaded plugin memorymap (category:base,tabindex:4)
2025-03-14 16:53:46,349 [INFO] PluginManage:310 - Check plugin pinoutandconfiguration
2025-03-14 16:53:46,362 [INFO] PluginManage:359 - Loaded plugin pinoutandconfiguration (category:base,tabindex:1)
2025-03-14 16:53:46,362 [INFO] PluginManage:310 - Check plugin pinoutconfig
2025-03-14 16:53:46,425 [WARN] SupportedApi:132 - Cannot load RTOS API schema: s4s-elt-must-match.1: The content of 'definitions' must match (annotation?, (simpleType | complexType)?, (unique | key | keyref)*)). A problem was found starting at: attribute.
2025-03-14 16:53:46,504 [INFO] PluginManage:359 - Loaded plugin pinoutconfig (category:base,tabindex:0)
2025-03-14 16:53:46,504 [INFO] PluginManage:310 - Check plugin power
2025-03-14 16:53:46,523 [INFO] PluginManage:359 - Loaded plugin power (category:power,tabindex:4)
2025-03-14 16:53:46,523 [INFO] PluginManage:310 - Check plugin projectmanager
2025-03-14 16:53:46,541 [INFO] PluginManage:359 - Loaded plugin projectmanager (category:projectmanager,tabindex:4)
2025-03-14 16:53:46,541 [INFO] PluginManage:310 - Check plugin rif
2025-03-14 16:53:46,549 [INFO] PluginManage:359 - Loaded plugin rif (category:base,tabindex:3)
2025-03-14 16:53:46,549 [INFO] PluginManage:310 - Check plugin thirdparty
2025-03-14 16:53:46,753 [INFO] PluginManage:359 - Loaded plugin thirdparty (category:base,tabindex:-1)
2025-03-14 16:53:46,753 [WARN] IntegrityCheckThread:84 - waiting for thirdparty lock release [integrity check]
2025-03-14 16:53:46,753 [INFO] PluginManage:310 - Check plugin tools
2025-03-14 16:53:46,753 [INFO] IntegrityCheckThread:86 - entering critical section [integrity check]
2025-03-14 16:53:46,753 [INFO] ThirdPartyUpdaterWithRetryManager:70 - Updater plugin not ready yet. [1/15]
2025-03-14 16:53:46,781 [INFO] PluginManage:359 - Loaded plugin tools (category:base,tabindex:7)
2025-03-14 16:53:46,781 [INFO] PluginManage:310 - Check plugin tutovideos
2025-03-14 16:53:46,906 [INFO] PluginManage:359 - Loaded plugin tutovideos (category:base,tabindex:-1)
2025-03-14 16:53:46,906 [INFO] PluginManage:310 - Check plugin updater
2025-03-14 16:53:46,922 [INFO] PluginManage:359 - Loaded plugin updater (category:base,tabindex:12)
2025-03-14 16:53:46,922 [INFO] PluginManage:310 - Check plugin userauth
2025-03-14 16:53:46,922 [INFO] UserAuth:113 - Init User Auth plugin
2025-03-14 16:53:46,922 [INFO] PluginManage:359 - Loaded plugin userauth (category:base,tabindex:14)
2025-03-14 16:53:46,922 [INFO] PluginManage:283 - PluginManage : Loaded plugins [18]
2025-03-14 16:53:47,081 [INFO] PinOutPanel:1561 - setPackage(No Configuration,No Configuration)
2025-03-14 16:53:47,132 [INFO] CADModel:165 - CPN selected for project level
2025-03-14 16:53:47,132 [INFO] CADModel:114 - Register for checkConnection events
2025-03-14 16:53:47,160 [INFO] IPUIPlugin:80 - create IPUIPlugin
2025-03-14 16:53:47,160 [INFO] PluginManager:220 - loadIPPluginJar : add adc
2025-03-14 16:53:47,188 [INFO] IPUIPlugin:80 - create IPUIPlugin
2025-03-14 16:53:47,188 [INFO] PluginManager:220 - loadIPPluginJar : add aes
2025-03-14 16:53:47,210 [INFO] IPUIPlugin:80 - create IPUIPlugin
2025-03-14 16:53:47,210 [INFO] PluginManager:220 - loadIPPluginJar : add can
2025-03-14 16:53:47,233 [INFO] IPUIPlugin:80 - create IPUIPlugin
2025-03-14 16:53:47,233 [INFO] PluginManager:220 - loadIPPluginJar : add comp
2025-03-14 16:53:47,255 [INFO] IPUIPlugin:80 - create IPUIPlugin
2025-03-14 16:53:47,263 [INFO] PluginManager:220 - loadIPPluginJar : add cryp
2025-03-14 16:53:47,287 [INFO] IPUIPlugin:80 - create IPUIPlugin
2025-03-14 16:53:47,287 [INFO] PluginManager:220 - loadIPPluginJar : add ddr_ctrl_phy
2025-03-14 16:53:47,319 [INFO] IPUIPlugin:80 - create IPUIPlugin
2025-03-14 16:53:47,319 [INFO] PluginManager:220 - loadIPPluginJar : add dfsdm
2025-03-14 16:53:47,329 [INFO] IPUIPlugin:80 - create IPUIPlugin
2025-03-14 16:53:47,331 [INFO] PluginManager:220 - loadIPPluginJar : add dma
2025-03-14 16:53:47,350 [INFO] IPUIPlugin:80 - create IPUIPlugin
2025-03-14 16:53:47,350 [INFO] PluginManager:220 - loadIPPluginJar : add dma3
2025-03-14 16:53:47,384 [INFO] IPUIPlugin:80 - create IPUIPlugin
2025-03-14 16:53:47,384 [INFO] PluginManager:220 - loadIPPluginJar : add extmemmanager
2025-03-14 16:53:47,400 [INFO] IPUIPlugin:80 - create IPUIPlugin
2025-03-14 16:53:47,400 [INFO] PluginManager:220 - loadIPPluginJar : add fatfs
2025-03-14 16:53:47,432 [INFO] IPUIPlugin:80 - create IPUIPlugin
2025-03-14 16:53:47,432 [INFO] PluginManager:220 - loadIPPluginJar : add fmc
2025-03-14 16:53:47,461 [INFO] IPUIPlugin:80 - create IPUIPlugin
2025-03-14 16:53:47,461 [INFO] PluginManager:220 - loadIPPluginJar : add freertos
2025-03-14 16:53:47,477 [INFO] IPUIPlugin:80 - create IPUIPlugin
2025-03-14 16:53:47,477 [INFO] PluginManager:220 - loadIPPluginJar : add genericplugin
2025-03-14 16:53:47,681 [INFO] IPUIPlugin:80 - create IPUIPlugin
2025-03-14 16:53:47,681 [INFO] PluginManager:220 - loadIPPluginJar : add gfxmmu
2025-03-14 16:53:48,182 [INFO] IPUIPlugin:80 - create IPUIPlugin
2025-03-14 16:53:48,184 [INFO] PluginManager:220 - loadIPPluginJar : add gic
2025-03-14 16:53:48,227 [INFO] IPUIPlugin:80 - create IPUIPlugin
2025-03-14 16:53:48,227 [INFO] PluginManager:220 - loadIPPluginJar : add gpio
2025-03-14 16:53:48,490 [INFO] IPUIPlugin:80 - create IPUIPlugin
2025-03-14 16:53:48,490 [INFO] PluginManager:220 - loadIPPluginJar : add gtzc
2025-03-14 16:53:48,524 [INFO] IPUIPlugin:80 - create IPUIPlugin
2025-03-14 16:53:48,524 [INFO] PluginManager:220 - loadIPPluginJar : add hash
2025-03-14 16:53:48,672 [INFO] IPUIPlugin:80 - create IPUIPlugin
2025-03-14 16:53:48,672 [INFO] PluginManager:220 - loadIPPluginJar : add i2c
2025-03-14 16:53:48,714 [INFO] IPUIPlugin:80 - create IPUIPlugin
2025-03-14 16:53:48,714 [INFO] PluginManager:220 - loadIPPluginJar : add i2s
2025-03-14 16:53:48,816 [INFO] IPUIPlugin:80 - create IPUIPlugin
2025-03-14 16:53:48,816 [INFO] PluginManager:220 - loadIPPluginJar : add i3c
2025-03-14 16:53:49,080 [INFO] IPUIPlugin:80 - create IPUIPlugin
2025-03-14 16:53:49,080 [INFO] PluginManager:220 - loadIPPluginJar : add ipddr
2025-03-14 16:53:49,272 [INFO] IPUIPlugin:80 - create IPUIPlugin
2025-03-14 16:53:49,273 [INFO] PluginManager:220 - loadIPPluginJar : add linkedlist
2025-03-14 16:53:49,301 [INFO] IPUIPlugin:80 - create IPUIPlugin
2025-03-14 16:53:49,302 [INFO] PluginManager:220 - loadIPPluginJar : add lorawan
2025-03-14 16:53:49,404 [INFO] IPUIPlugin:80 - create IPUIPlugin
2025-03-14 16:53:49,404 [INFO] PluginManager:220 - loadIPPluginJar : add ltdc
2025-03-14 16:53:49,437 [INFO] IPUIPlugin:80 - create IPUIPlugin
2025-03-14 16:53:49,437 [INFO] PluginManager:220 - loadIPPluginJar : add mdma
2025-03-14 16:53:49,447 [INFO] IPUIPlugin:80 - create IPUIPlugin
2025-03-14 16:53:49,447 [INFO] PluginManager:220 - loadIPPluginJar : add nvic
2025-03-14 16:53:49,473 [INFO] IPUIPlugin:80 - create IPUIPlugin
2025-03-14 16:53:49,473 [INFO] PluginManager:220 - loadIPPluginJar : add opamp
2025-03-14 16:53:49,673 [INFO] IPUIPlugin:80 - create IPUIPlugin
2025-03-14 16:53:49,673 [INFO] PluginManager:220 - loadIPPluginJar : add openamp
2025-03-14 16:53:49,746 [INFO] IPUIPlugin:80 - create IPUIPlugin
2025-03-14 16:53:49,746 [INFO] PluginManager:220 - loadIPPluginJar : add pdm2pcm
2025-03-14 16:53:49,758 [INFO] ThirdPartyUpdaterWithRetryManager:70 - Updater plugin not ready yet. [2/15]
2025-03-14 16:53:49,760 [INFO] IPUIPlugin:80 - create IPUIPlugin
2025-03-14 16:53:49,761 [INFO] PluginManager:220 - loadIPPluginJar : add plateformsettings
2025-03-14 16:53:49,782 [INFO] IPUIPlugin:80 - create IPUIPlugin
2025-03-14 16:53:49,783 [INFO] PluginManager:220 - loadIPPluginJar : add quadspi
2025-03-14 16:53:49,803 [INFO] IPUIPlugin:80 - create IPUIPlugin
2025-03-14 16:53:49,803 [INFO] PluginManager:220 - loadIPPluginJar : add radio
2025-03-14 16:53:49,815 [INFO] IPUIPlugin:80 - create IPUIPlugin
2025-03-14 16:53:49,815 [INFO] PluginManager:220 - loadIPPluginJar : add resmgrutility
2025-03-14 16:53:49,846 [INFO] IPUIPlugin:80 - create IPUIPlugin
2025-03-14 16:53:49,846 [INFO] PluginManager:220 - loadIPPluginJar : add sai
2025-03-14 16:53:49,859 [INFO] IPUIPlugin:80 - create IPUIPlugin
2025-03-14 16:53:49,859 [INFO] PluginManager:220 - loadIPPluginJar : add spi
2025-03-14 16:53:49,953 [INFO] IPUIPlugin:80 - create IPUIPlugin
2025-03-14 16:53:49,953 [INFO] PluginManager:220 - loadIPPluginJar : add stm32_wpan
2025-03-14 16:53:49,969 [INFO] IPUIPlugin:80 - create IPUIPlugin
2025-03-14 16:53:49,969 [INFO] PluginManager:220 - loadIPPluginJar : add tim
2025-03-14 16:53:50,020 [INFO] IPUIPlugin:80 - create IPUIPlugin
2025-03-14 16:53:50,020 [INFO] PluginManager:220 - loadIPPluginJar : add touchsensing
2025-03-14 16:53:50,064 [INFO] IPUIPlugin:80 - create IPUIPlugin
2025-03-14 16:53:50,064 [INFO] PluginManager:220 - loadIPPluginJar : add tracer_emb
2025-03-14 16:53:50,141 [INFO] IPUIPlugin:80 - create IPUIPlugin
2025-03-14 16:53:50,141 [INFO] PluginManager:220 - loadIPPluginJar : add ts
2025-03-14 16:53:50,157 [INFO] IPUIPlugin:80 - create IPUIPlugin
2025-03-14 16:53:50,157 [INFO] PluginManager:220 - loadIPPluginJar : add tsc
2025-03-14 16:53:50,173 [INFO] IPUIPlugin:80 - create IPUIPlugin
2025-03-14 16:53:50,173 [INFO] PluginManager:220 - loadIPPluginJar : add ucpd
2025-03-14 16:53:50,207 [INFO] IPUIPlugin:80 - create IPUIPlugin
2025-03-14 16:53:50,207 [INFO] PluginManager:220 - loadIPPluginJar : add usart
2025-03-14 16:53:50,332 [INFO] IPUIPlugin:80 - create IPUIPlugin
2025-03-14 16:53:50,332 [INFO] PluginManager:220 - loadIPPluginJar : add usbx
2025-03-14 16:53:50,474 [INFO] CADModel:165 - CPN selected for project level
2025-03-14 16:53:50,474 [INFO] CADModel:114 - Register for checkConnection events
2025-03-14 16:53:50,474 [FATAL] Updater:334 - Updater called before beeing initialized
2025-03-14 16:53:50,474 [ERROR] CADModel:125 - Updater not yet initialized, retry later 
2025-03-14 16:53:50,569 [INFO] CADModel:165 - CPN selected for project level
2025-03-14 16:53:50,569 [INFO] CADModel:114 - Register for checkConnection events
2025-03-14 16:53:50,569 [FATAL] Updater:334 - Updater called before beeing initialized
2025-03-14 16:53:50,569 [ERROR] CADModel:125 - Updater not yet initialized, retry later 
2025-03-14 16:53:50,569 [FATAL] Updater:334 - Updater called before beeing initialized
2025-03-14 16:53:50,636 [FATAL] Updater:334 - Updater called before beeing initialized
2025-03-14 16:53:50,645 [INFO] DbMcusAds:53 - JSON generation date=Tue Dec 17 08:01:15 PST 2024 (1734451275189)
2025-03-14 16:53:50,645 [FATAL] Updater:334 - Updater called before beeing initialized
2025-03-14 16:53:50,675 [WARN] DetailPanel:346 - Failed to get advertising image, set to default
2025-03-14 16:53:50,727 [FATAL] Updater:334 - Updater called before beeing initialized
2025-03-14 16:53:50,729 [FATAL] Updater:334 - Updater called before beeing initialized
2025-03-14 16:53:50,729 [FATAL] Updater:334 - Updater called before beeing initialized
2025-03-14 16:53:50,729 [WARN] DetailPanel:346 - Failed to get advertising image, set to default
2025-03-14 16:53:50,729 [FATAL] Updater:334 - Updater called before beeing initialized
2025-03-14 16:53:50,765 [ERROR] Updater:1164 - MainUpdater not yet initialized. External WinMGr cannot be set.
2025-03-14 16:53:50,779 [INFO] Updater:1100 - Updater Version found : 6.12.0
2025-03-14 16:53:50,792 [INFO] ApplicationProperties:184 - Using Application install path: C:\ST\STM32CubeIDE_1.16.0\STM32CubeIDE\plugins\com.st.stm32cube.common.mx_6.12.0.202406281431
2025-03-14 16:53:52,395 [ERROR] LogOutputStream:75 - [STDERR_REDIRECT] Mar 14, 2025 4:53:52 PM java.util.prefs.WindowsPreferences <init>
2025-03-14 16:53:52,395 [ERROR] LogOutputStream:75 - [STDERR_REDIRECT] WARNING: Could not open/create prefs root node Software\JavaSoft\Prefs at root 0xffffffff80000002. Windows RegCreateKeyEx(...) returned error code 5.
2025-03-14 16:53:52,395 [ERROR] LogOutputStream:75 - [STDERR_REDIRECT] 
2025-03-14 16:53:52,676 [INFO] MainUpdater:2873 - connection check result : 10
2025-03-14 16:53:52,676 [INFO] MainUpdater:3567 - Updater definition file requires update
2025-03-14 16:53:52,676 [INFO] MainUpdater:290 - Updater Check For Update Now.
2025-03-14 16:53:52,676 [INFO] MicroXplorer:498 - Change Database Version : DB.6.0.120
2025-03-14 16:53:52,700 [INFO] McuFinderGlobals:63 - Set McuFinder mode to 2 (CubeIDE integrated)
2025-03-14 16:53:52,700 [INFO] UserAuth:179 - activating auth plugin
2025-03-14 16:53:52,703 [INFO] UserAuth:417 - Internet connection configuration mode: 1
2025-03-14 16:53:52,720 [INFO] JxBrowserEngine:152 - Initiate JxBrowser Engine with user profile folder
2025-03-14 16:53:52,756 [INFO] ServerAccessManage:473 - Download File updaters.zip
2025-03-14 16:53:52,775 [WARN] MainUpdater:1194 - Updater busy. Cannot search thirdparties
2025-03-14 16:53:52,775 [INFO] ThirdPartyUpdaterWithRetryManager:96 - Updater plugin is busy. [1/15]
2025-03-14 16:53:52,855 [INFO] FileExtend:240 - Unzip File : updaters.zip
2025-03-14 16:53:52,855 [INFO] FileExtend:255 - Standard Zip Deflate
2025-03-14 16:53:53,285 [INFO] ServerAccessManage:473 - Download File PacksControlFlags.xml
2025-03-14 16:53:53,370 [INFO] ServerAccessManage:473 - Download File cubemx.pidx
2025-03-14 16:53:53,656 [INFO] ServerAccessManage:473 - Download File STMicroelectronics.FP-SNS-FLIGHT1.pdsc
2025-03-14 16:53:54,832 [WARN] PopulateThirdPartyThread:106 - Error when creating pack: C:/Users/brady/.stm32cubemx/thirdparties/pdsc/STMicroelectronics.FP-SNS-FLIGHT1.pdsc
2025-03-14 16:53:54,832 [INFO] PopulateThirdPartyThread:66 - Ending populate Thread
2025-03-14 16:53:54,832 [INFO] LoadServerUpdatesThread:375 - End of LoadServerUpdate Thread
2025-03-14 16:53:55,011 [INFO] CheckServerUpdateThread:120 - End of CheckServer Thread
2025-03-14 16:53:55,948 [WARN] PackLoader:240 - Cannot read IP mode file for STMicroelectronics.FP-SNS-MOTENVWB1.1.4.0
2025-03-14 16:53:55,953 [WARN] PackLoader:240 - Cannot read IP mode file for STMicroelectronics.FP-ATR-ASTRA1.2.0.2
2025-03-14 16:53:55,962 [WARN] PackLoader:240 - Cannot read IP mode file for STMicroelectronics.FP-ATR-ASTRA1.2.0.1
2025-03-14 16:53:55,964 [WARN] PackLoader:240 - Cannot read IP mode file for STMicroelectronics.X-CUBE-SMBUS.2.1.0
2025-03-14 16:53:55,983 [WARN] PackLoader:240 - Cannot read IP mode file for STMicroelectronics.X-CUBE-WB05N.1.1.0
2025-03-14 16:53:56,029 [WARN] PackLoader:240 - Cannot read IP mode file for STMicroelectronics.X-CUBE-AZRTOS-F7.1.1.0
2025-03-14 16:53:56,062 [WARN] PackLoader:240 - Cannot read IP mode file for STMicroelectronics.X-CUBE-MEMS1.11.0.0
2025-03-14 16:53:56,134 [WARN] PackLoader:240 - Cannot read IP mode file for STMicroelectronics.FP-SNS-FLIGHT1.5.0.2
2025-03-14 16:53:56,391 [WARN] PackLoader:240 - Cannot read IP mode file for STMicroelectronics.X-CUBE-DISPLAY.3.0.0
2025-03-14 16:53:56,406 [WARN] PackLoader:240 - Cannot read IP mode file for STMicroelectronics.X-CUBE-BLE1.7.0.0
2025-03-14 16:53:56,417 [WARN] PackLoader:240 - Cannot read IP mode file for STMicroelectronics.X-CUBE-NFC10.1.0.0
2025-03-14 16:53:56,575 [WARN] PackLoader:240 - Cannot read IP mode file for STMicroelectronics.X-CUBE-BLEMGR.4.0.0
2025-03-14 16:53:57,045 [WARN] PackLoader:240 - Cannot read IP mode file for emotas.I-CUBE-CANOPEN.1.3.0
2025-03-14 16:53:57,071 [WARN] PackLoader:240 - Cannot read IP mode file for STMicroelectronics.X-CUBE-BLEMGR.3.1.0
2025-03-14 16:53:57,094 [WARN] PackLoader:240 - Cannot read IP mode file for STMicroelectronics.X-CUBE-AI.10.0.0
2025-03-14 16:53:57,105 [WARN] PackLoader:240 - Cannot read IP mode file for STMicroelectronics.FP-SNS-SMARTAG2.1.2.0
2025-03-14 16:53:57,106 [ERROR] Engine:466 - C:\Users\brady\.stm32cubemx\thirdparties\pdsc\STMicroelectronics.FP-SNS-FLIGHT1.5.1.0.pdsc: PDSC version is not supported
2025-03-14 16:53:57,152 [WARN] PackLoader:240 - Cannot read IP mode file for STMicroelectronics.X-CUBE-MEMS1.11.1.0
2025-03-14 16:53:57,282 [INFO] LogOutputStream:77 - [STDOUT_REDIRECT] 1 : Invalid condition id : UX_CORESTACK_Condition cause : null
2025-03-14 16:53:57,285 [INFO] LogOutputStream:77 - [STDOUT_REDIRECT] 1 : Invalid condition id : UX_CORESTACK_Condition cause : null
2025-03-14 16:53:57,285 [INFO] LogOutputStream:77 - [STDOUT_REDIRECT] 1 : Invalid condition id : UX_CORESTACK_Condition cause : null
2025-03-14 16:53:57,285 [INFO] LogOutputStream:77 - [STDOUT_REDIRECT] 1 : Invalid condition id : UX_CORESTACK_Condition cause : null
2025-03-14 16:53:57,285 [INFO] LogOutputStream:77 - [STDOUT_REDIRECT] 1 : Invalid condition id : UX_CORESTACK_Condition cause : null
2025-03-14 16:53:57,285 [WARN] PackLoader:240 - Cannot read IP mode file for STMicroelectronics.X-CUBE-AZRTOS-WL.2.0.0
2025-03-14 16:53:57,301 [WARN] PackLoader:240 - Cannot read IP mode file for STMicroelectronics.FP-SNS-MOTENV1.5.0.0
2025-03-14 16:53:57,308 [WARN] PackLoader:240 - Cannot read IP mode file for wolfSSL.I-CUBE-wolfMQTT.1.19.0
2025-03-14 16:53:57,324 [WARN] PackLoader:240 - Cannot read IP mode file for WES.I-CUBE-Cesium.1.3.0
2025-03-14 16:53:57,338 [WARN] PackLoader:240 - Cannot read IP mode file for STMicroelectronics.X-CUBE-BLE2.3.3.0
2025-03-14 16:53:57,350 [WARN] PackLoader:240 - Cannot read IP mode file for STMicroelectronics.X-CUBE-NFC9.1.0.0
2025-03-14 16:53:57,362 [WARN] PackLoader:240 - Cannot read IP mode file for STMicroelectronics.X-CUBE-BLE1.7.1.0
2025-03-14 16:53:57,374 [WARN] PackLoader:240 - Cannot read IP mode file for STMicroelectronics.X-CUBE-TCPP.4.1.0
2025-03-14 16:53:57,400 [WARN] PackLoader:240 - Cannot read IP mode file for STMicroelectronics.X-CUBE-AZRTOS-G0.1.1.0
2025-03-14 16:53:57,417 [WARN] PackLoader:240 - Cannot read IP mode file for STMicroelectronics.X-CUBE-SAFEA1.1.2.2
2025-03-14 16:53:57,433 [WARN] PackLoader:240 - Cannot read IP mode file for STMicroelectronics.X-CUBE-NFC4.3.0.0
2025-03-14 16:53:57,445 [WARN] PackLoader:240 - Cannot read IP mode file for EmbeddedOffice.I-CUBE-FS-RTOS.1.0.1
2025-03-14 16:53:57,445 [ERROR] ConditionMgr:805 - Attr not supported : Dmpu
2025-03-14 16:53:57,446 [ERROR] ConditionMgr:805 - Attr not supported : Dmpu
2025-03-14 16:53:57,446 [ERROR] ConditionMgr:805 - Attr not supported : Dmpu
2025-03-14 16:53:57,446 [ERROR] ConditionMgr:805 - Attr not supported : Dmpu
2025-03-14 16:53:57,446 [ERROR] ConditionMgr:805 - Attr not supported : Dmpu
2025-03-14 16:53:57,446 [ERROR] ConditionMgr:805 - Attr not supported : Dmpu
2025-03-14 16:53:57,446 [ERROR] ConditionMgr:805 - Attr not supported : Dmpu
2025-03-14 16:53:57,446 [ERROR] ConditionMgr:805 - Attr not supported : Dmpu
2025-03-14 16:53:57,446 [ERROR] ConditionMgr:805 - Attr not supported : Dmpu
2025-03-14 16:53:57,446 [ERROR] ConditionMgr:805 - Attr not supported : Dmpu
2025-03-14 16:53:57,446 [ERROR] ConditionMgr:805 - Attr not supported : Dmpu
2025-03-14 16:53:57,446 [ERROR] ConditionMgr:805 - Attr not supported : Dmpu
2025-03-14 16:53:57,446 [ERROR] ConditionMgr:805 - Attr not supported : Dmpu
2025-03-14 16:53:57,446 [ERROR] ConditionMgr:805 - Attr not supported : Dmpu
2025-03-14 16:53:57,446 [ERROR] ConditionMgr:805 - Attr not supported : Dmpu
2025-03-14 16:53:57,446 [ERROR] ConditionMgr:805 - Attr not supported : Dmpu
2025-03-14 16:53:57,446 [ERROR] ConditionMgr:805 - Attr not supported : Dmpu
2025-03-14 16:53:57,446 [ERROR] ConditionMgr:805 - Attr not supported : Dmpu
2025-03-14 16:53:57,446 [ERROR] ConditionMgr:805 - Attr not supported : Dmpu
2025-03-14 16:53:57,446 [ERROR] ConditionMgr:805 - Attr not supported : Dmpu
2025-03-14 16:53:57,446 [ERROR] ConditionMgr:805 - Attr not supported : Dmpu
2025-03-14 16:53:57,446 [ERROR] ConditionMgr:805 - Attr not supported : Dmpu
2025-03-14 16:53:57,446 [ERROR] ConditionMgr:805 - Attr not supported : Dmpu
2025-03-14 16:53:57,446 [ERROR] ConditionMgr:805 - Attr not supported : Dmpu
2025-03-14 16:53:57,446 [ERROR] ConditionMgr:805 - Attr not supported : Dmpu
2025-03-14 16:53:57,446 [ERROR] ConditionMgr:805 - Attr not supported : Dmpu
2025-03-14 16:53:57,446 [ERROR] ConditionMgr:805 - Attr not supported : Dmpu
2025-03-14 16:53:57,446 [ERROR] ConditionMgr:805 - Attr not supported : Dmpu
2025-03-14 16:53:57,446 [ERROR] ConditionMgr:805 - Attr not supported : Dmpu
2025-03-14 16:53:57,446 [ERROR] ConditionMgr:805 - Attr not supported : Dmpu
2025-03-14 16:53:57,446 [ERROR] ConditionMgr:805 - Attr not supported : Dmpu
2025-03-14 16:53:57,446 [ERROR] ConditionMgr:805 - Attr not supported : Dmpu
2025-03-14 16:53:57,446 [ERROR] ConditionMgr:805 - Attr not supported : Dmpu
2025-03-14 16:53:57,446 [ERROR] ConditionMgr:805 - Attr not supported : Dmpu
2025-03-14 16:53:57,446 [ERROR] ConditionMgr:805 - Attr not supported : Dmpu
2025-03-14 16:53:57,446 [ERROR] ConditionMgr:805 - Attr not supported : Dmpu
2025-03-14 16:53:57,446 [ERROR] ConditionMgr:805 - Attr not supported : Dmpu
2025-03-14 16:53:57,446 [ERROR] ConditionMgr:805 - Attr not supported : Dmpu
2025-03-14 16:53:57,446 [ERROR] ConditionMgr:805 - Attr not supported : Dmpu
2025-03-14 16:53:57,446 [ERROR] ConditionMgr:805 - Attr not supported : Dmpu
2025-03-14 16:53:57,446 [ERROR] ConditionMgr:805 - Attr not supported : Dmpu
2025-03-14 16:53:57,446 [ERROR] ConditionMgr:805 - Attr not supported : Dmpu
2025-03-14 16:53:57,446 [ERROR] ConditionMgr:805 - Attr not supported : Dmpu
2025-03-14 16:53:57,446 [ERROR] ConditionMgr:805 - Attr not supported : Dmpu
2025-03-14 16:53:57,446 [ERROR] ConditionMgr:805 - Attr not supported : Dmpu
2025-03-14 16:53:57,446 [ERROR] ConditionMgr:805 - Attr not supported : Dmpu
2025-03-14 16:53:57,446 [ERROR] ConditionMgr:805 - Attr not supported : Dmpu
2025-03-14 16:53:57,446 [ERROR] ConditionMgr:805 - Attr not supported : Dmpu
2025-03-14 16:53:57,446 [ERROR] ConditionMgr:805 - Attr not supported : Dmpu
2025-03-14 16:53:57,446 [ERROR] ConditionMgr:805 - Attr not supported : Dmpu
2025-03-14 16:53:57,446 [ERROR] ConditionMgr:805 - Attr not supported : Dmpu
2025-03-14 16:53:57,446 [ERROR] ConditionMgr:805 - Attr not supported : Dmpu
2025-03-14 16:53:57,446 [ERROR] ConditionMgr:805 - Attr not supported : Dmpu
2025-03-14 16:53:57,446 [ERROR] ConditionMgr:805 - Attr not supported : Dmpu
2025-03-14 16:53:57,446 [ERROR] ConditionMgr:805 - Attr not supported : Dmpu
2025-03-14 16:53:57,446 [ERROR] ConditionMgr:805 - Attr not supported : Dmpu
2025-03-14 16:53:57,446 [ERROR] ConditionMgr:805 - Attr not supported : Dmpu
2025-03-14 16:53:57,446 [ERROR] ConditionMgr:805 - Attr not supported : Dmpu
2025-03-14 16:53:57,446 [ERROR] ConditionMgr:805 - Attr not supported : Dmpu
2025-03-14 16:53:57,446 [ERROR] ConditionMgr:805 - Attr not supported : Dmpu
2025-03-14 16:53:57,446 [ERROR] ConditionMgr:805 - Attr not supported : Dmpu
2025-03-14 16:53:57,446 [ERROR] ConditionMgr:805 - Attr not supported : Dmpu
2025-03-14 16:53:57,446 [ERROR] ConditionMgr:805 - Attr not supported : Dmpu
2025-03-14 16:53:57,446 [ERROR] ConditionMgr:805 - Attr not supported : Dmpu
2025-03-14 16:53:57,455 [ERROR] Engine:466 - C:\Users\brady\.stm32cubemx\thirdparties\pdsc\STMicroelectronics.X-CUBE-TCPP.4.2.0.pdsc: PDSC version is not supported
2025-03-14 16:53:57,471 [WARN] PackLoader:240 - Cannot read IP mode file for RealThread.X-CUBE-RT-Thread_Nano.4.1.1
2025-03-14 16:53:57,476 [WARN] PackLoader:240 - Cannot read IP mode file for STMicroelectronics.FP-ATR-SIGFOX1.3.2.0
2025-03-14 16:53:57,485 [WARN] PackLoader:240 - Cannot read IP mode file for wolfSSL.I-CUBE-wolfSSL.5.7.2
2025-03-14 16:53:57,485 [WARN] ConditionMgr:438 - getConditionDescription Invalid condition id : Cortex-A Device cause : null
2025-03-14 16:53:57,518 [WARN] ConditionMgr:1039 - genDependencies : Invalid condition id : Cortex-A Device cause : null
2025-03-14 16:53:57,518 [WARN] ConditionMgr:1039 - genDependencies : Invalid condition id : Cortex-A Device cause : null
2025-03-14 16:53:57,518 [WARN] ConditionMgr:1039 - genDependencies : Invalid condition id : Cortex-A Device cause : null
2025-03-14 16:53:57,530 [WARN] PackLoader:240 - Cannot read IP mode file for STMicroelectronics.X-CUBE-EEPRMA1.5.1.0
2025-03-14 16:53:57,542 [WARN] PackLoader:240 - Cannot read IP mode file for ITTIA_DB.I-CUBE-ITTIADB.8.9.0
2025-03-14 16:53:57,565 [WARN] PackLoader:240 - Cannot read IP mode file for SEGGER.I-CUBE-embOS.1.3.1
2025-03-14 16:53:57,611 [WARN] PackLoader:240 - Cannot read IP mode file for STMicroelectronics.X-CUBE-ALGOBUILD.1.4.0
2025-03-14 16:53:57,623 [WARN] PackLoader:240 - Cannot read IP mode file for STMicroelectronics.X-CUBE-AI.9.1.0
2025-03-14 16:53:57,635 [WARN] PackLoader:240 - Cannot read IP mode file for STMicroelectronics.X-CUBE-GNSS1.6.0.0
2025-03-14 16:53:57,656 [WARN] PackLoader:240 - Cannot read IP mode file for STMicroelectronics.X-CUBE-AZRTOS-F4.1.1.0
2025-03-14 16:53:57,673 [WARN] PackLoader:240 - Cannot read IP mode file for STMicroelectronics.X-CUBE-ISPU.2.1.0
2025-03-14 16:53:57,685 [WARN] PackLoader:240 - Cannot read IP mode file for STMicroelectronics.X-CUBE-FREERTOS.1.2.0
2025-03-14 16:53:57,709 [WARN] PackLoader:240 - Cannot read IP mode file for STMicroelectronics.X-CUBE-AZRTOS-L5.2.0.0
2025-03-14 16:53:57,715 [WARN] PackLoader:240 - Cannot read IP mode file for STMicroelectronics.X-CUBE-NFC6.3.1.0
2025-03-14 16:53:57,737 [WARN] PackLoader:240 - Cannot read IP mode file for STMicroelectronics.X-CUBE-DPower.1.2.0
2025-03-14 16:53:57,748 [WARN] PackLoader:240 - Cannot read IP mode file for STMicroelectronics.X-CUBE-AI.9.0.0
2025-03-14 16:53:57,760 [WARN] PackLoader:240 - Cannot read IP mode file for STMicroelectronics.X-CUBE-FREERTOS.1.3.0
2025-03-14 16:53:57,774 [WARN] PackLoader:240 - Cannot read IP mode file for STMicroelectronics.X-CUBE-NFC7.1.0.1
2025-03-14 16:53:57,797 [WARN] ConditionMgr:438 - getConditionDescription Invalid condition id : LAN8742 Phy interface Condition cause : null
2025-03-14 16:53:57,797 [WARN] PackLoader:240 - Cannot read IP mode file for STMicroelectronics.X-CUBE-AZRTOS-L4.2.0.0
2025-03-14 16:53:57,797 [WARN] ConditionMgr:1039 - genDependencies : Invalid condition id : LAN8742 Phy interface Condition cause : null
2025-03-14 16:53:57,797 [WARN] ConditionMgr:1039 - genDependencies : Invalid condition id : LAN8742 Phy interface Condition cause : null
2025-03-14 16:53:57,797 [WARN] ConditionMgr:1039 - genDependencies : Invalid condition id : LAN8742 Phy interface Condition cause : null
2025-03-14 16:53:57,816 [WARN] PackLoader:240 - Cannot read IP mode file for STMicroelectronics.X-CUBE-SFXS2LP1.4.0.0
2025-03-14 16:53:57,841 [WARN] PackLoader:240 - Cannot read IP mode file for STMicroelectronics.X-CUBE-AZRTOS-H7.3.3.0
2025-03-14 16:53:57,854 [WARN] PackLoader:240 - Cannot read IP mode file for STMicroelectronics.X-CUBE-IPS.3.0.0
2025-03-14 16:53:57,908 [WARN] ConditionMgr:438 - getConditionDescription Invalid condition id : UX DEVICE CLASS RTOS Condition cause : null
2025-03-14 16:53:57,908 [WARN] ConditionMgr:438 - getConditionDescription Invalid condition id : UX DEVICE CLASS RTOS Condition cause : null
2025-03-14 16:53:57,909 [WARN] PackLoader:240 - Cannot read IP mode file for STMicroelectronics.X-CUBE-AZRTOS-WB.2.0.0
2025-03-14 16:53:57,910 [WARN] ConditionMgr:1039 - genDependencies : Invalid condition id : UX DEVICE CLASS RTOS Condition cause : null
2025-03-14 16:53:57,910 [WARN] ConditionMgr:1039 - genDependencies : Invalid condition id : UX DEVICE CLASS RTOS Condition cause : null
2025-03-14 16:53:57,910 [WARN] ConditionMgr:1039 - genDependencies : Invalid condition id : UX DEVICE CLASS RTOS Condition cause : null
2025-03-14 16:53:57,911 [WARN] ConditionMgr:1039 - genDependencies : Invalid condition id : UX DEVICE CLASS RTOS Condition cause : null
2025-03-14 16:53:57,911 [WARN] ConditionMgr:1039 - genDependencies : Invalid condition id : UX DEVICE CLASS RTOS Condition cause : null
2025-03-14 16:53:57,915 [WARN] PackLoader:240 - Cannot read IP mode file for STMicroelectronics.X-CUBE-GNSS1.7.0.0
2025-03-14 16:53:57,936 [WARN] PackLoader:240 - Cannot read IP mode file for STMicroelectronics.X-CUBE-GNSS1.7.0.1
2025-03-14 16:53:57,949 [WARN] PackLoader:240 - Cannot read IP mode file for STMicroelectronics.X-CUBE-TOUCHGFX.4.25.0
2025-03-14 16:53:57,954 [INFO] WebApp:167 - Instantiating new browser for Auth
2025-03-14 16:53:57,962 [WARN] PackLoader:240 - Cannot read IP mode file for STMicroelectronics.FP-SNS-STBOX1.2.0.0
2025-03-14 16:53:57,980 [WARN] PackLoader:240 - Cannot read IP mode file for STMicroelectronics.X-CUBE-SUBG2.5.0.0
2025-03-14 16:53:57,994 [WARN] PackLoader:240 - Cannot read IP mode file for Cesanta.I-CUBE-Mongoose.7.13.0
2025-03-14 16:53:58,040 [WARN] PackLoader:240 - Cannot read IP mode file for STMicroelectronics.X-CUBE-AZRTOS-G4.2.0.0
2025-03-14 16:53:58,054 [WARN] PackLoader:240 - Cannot read IP mode file for STMicroelectronics.X-CUBE-ISPU.2.0.0
2025-03-14 16:53:58,071 [ERROR] Engine:466 - C:\Users\brady\.stm32cubemx\thirdparties\pdsc\STMicroelectronics.X-CUBE-IPS.3.1.0.pdsc: PDSC version is not supported
2025-03-14 16:53:58,085 [WARN] PackLoader:240 - Cannot read IP mode file for STMicroelectronics.X-CUBE-ALS.1.0.2
2025-03-14 16:53:58,103 [WARN] PackLoader:240 - Cannot read IP mode file for STMicroelectronics.X-CUBE-TOUCHGFX.4.24.0
2025-03-14 16:53:58,118 [WARN] PackLoader:240 - Cannot read IP mode file for STMicroelectronics.X-CUBE-TOUCHGFX.4.24.2
2025-03-14 16:53:58,137 [WARN] PackLoader:240 - Cannot read IP mode file for STMicroelectronics.X-CUBE-TOUCHGFX.4.24.1
2025-03-14 16:53:58,143 [WARN] PackLoader:240 - Cannot read IP mode file for wolfSSL.I-CUBE-wolfTPM.3.4.0
2025-03-14 16:53:58,158 [WARN] PackLoader:240 - Cannot read IP mode file for portGmbH.I-Cube-SoM-uGOAL.1.1.0
2025-03-14 16:53:58,180 [WARN] PackLoader:240 - Cannot read IP mode file for STMicroelectronics.X-CUBE-AZRTOS-H7RS.1.0.0
2025-03-14 16:53:58,196 [WARN] PackLoader:240 - Cannot read IP mode file for STMicroelectronics.FP-ATR-ASTRA1.2.0.0
2025-03-14 16:53:58,216 [WARN] PackLoader:240 - Cannot read IP mode file for STMicroelectronics.X-CUBE-TOF1.3.4.2
2025-03-14 16:53:58,244 [WARN] PackLoader:240 - Cannot read IP mode file for Infineon.AIROC-Wi-Fi-Bluetooth-STM32.1.6.1
2025-03-14 16:53:58,248 [WARN] PackLoader:240 - Cannot read IP mode file for wolfSSL.I-CUBE-wolfSSH.1.4.17
2025-03-14 16:53:58,248 [INFO] ThirdParty:978 - Integrity check success = true
2025-03-14 16:53:58,248 [INFO] IntegrityCheckThread:100 - exiting critical section [integrity check]
2025-03-14 16:53:58,248 [INFO] IntegrityCheckThread:103 - End integrity checks thread
2025-03-14 16:53:58,945 [INFO] WebApp:448 - Apply proxy settings
2025-03-14 16:53:58,945 [INFO] WebApp:533 - Chromium requires no authentication
2025-03-14 16:53:58,957 [INFO] WebApp:476 - Direct internet connection detected
2025-03-14 16:53:58,991 [INFO] WebApp:869 - Register for checkConnection events
2025-03-14 16:53:58,991 [INFO] WebApp:448 - Apply proxy settings
2025-03-14 16:53:58,991 [INFO] WebApp:533 - Chromium requires no authentication
2025-03-14 16:53:58,992 [INFO] WebApp:476 - Direct internet connection detected
2025-03-14 16:53:59,107 [INFO] WebApp:186 - Connection restablished
2025-03-14 16:53:59,206 [INFO] WebApp:220 - Starting web application
2025-03-14 16:53:59,206 [INFO] WebApp:578 - Web application path used C:\ST\STM32CubeIDE_1.16.0\STM32CubeIDE\plugins\com.st.stm32cube.common.mx_6.12.0.202406281431\db\plugins\mcufinder\reactClient1\index.html
2025-03-14 17:01:13,319 [INFO] WebApp:189 - Connection lost
2025-03-14 17:01:13,427 [INFO] WebApp:186 - Connection restablished
2025-03-14 17:05:15,312 [INFO] WebApp:189 - Connection lost
2025-03-14 17:05:15,440 [INFO] WebApp:186 - Connection restablished
2025-03-14 17:08:17,311 [INFO] WebApp:189 - Connection lost
2025-03-14 17:08:17,460 [INFO] WebApp:186 - Connection restablished
2025-03-14 17:12:12,800 [INFO] WebApp:189 - Connection lost
2025-03-14 17:12:12,918 [INFO] WebApp:186 - Connection restablished
2025-03-14 17:16:11,813 [INFO] WebApp:189 - Connection lost
2025-03-14 17:16:11,925 [INFO] WebApp:186 - Connection restablished
2025-03-14 17:19:16,318 [INFO] WebApp:189 - Connection lost
2025-03-14 17:19:16,417 [INFO] WebApp:186 - Connection restablished
2025-03-14 17:21:07,815 [INFO] WebApp:189 - Connection lost
2025-03-14 17:21:08,155 [INFO] WebApp:186 - Connection restablished
2025-03-14 17:37:53,315 [INFO] WebApp:189 - Connection lost
2025-03-14 17:37:53,419 [INFO] WebApp:186 - Connection restablished
2025-03-14 17:40:03,313 [INFO] WebApp:189 - Connection lost
2025-03-14 17:40:03,417 [INFO] WebApp:186 - Connection restablished
2025-03-14 17:56:21,827 [INFO] WebApp:189 - Connection lost
2025-03-14 17:56:21,923 [INFO] WebApp:186 - Connection restablished
2025-03-14 17:57:04,698 [ERROR] LogOutputStream:75 - [STDERR_REDIRECT] 
