2025-04-28 16:42:55,195 [INFO] Activator:176 - 


2025-04-28 16:42:55,204 [INFO] Activator:177 - !SESSION log4j initialized
2025-04-28 16:43:06,558 [INFO] LogOutputStream:77 - [STDOUT_REDIRECT] 
2025-04-28 16:43:11,002 [INFO] ApplicationProperties:184 - Using Application install path: C:\ST\STM32CubeIDE_1.16.0\STM32CubeIDE\plugins\com.st.stm32cube.common.mx_6.12.0.202406281431
2025-04-28 16:43:11,021 [INFO] DbMcusXml:78 - Set database path to: C:\ST\STM32CubeIDE_1.16.0\STM32CubeIDE\plugins\com.st.stm32cube.common.mx_6.12.0.202406281431\\db\/mcu/
2025-04-28 16:43:11,021 [INFO] ApiDb:274 - Set plugin database path to: C:\ST\STM32CubeIDE_1.16.0\STM32CubeIDE\plugins\com.st.stm32cube.common.mx_6.12.0.202406281431\\db\/plugins/boardmanager/
2025-04-28 16:43:11,022 [WARN] ApiDb:259 - Overriding images path with different value:  => C:\ST\STM32CubeIDE_1.16.0\STM32CubeIDE\plugins\com.st.stm32cube.common.mx_6.12.0.202406281431\\db\/plugins/mcufinder/images/
2025-04-28 16:43:11,043 [INFO] ApiDb:250 - Set database path to: C:\Users\brady\.stmcufinder\plugins\mcufinder//mcu/
2025-04-28 16:43:11,045 [INFO] DbMcusAds:125 - Set database path to: C:\Users\brady\.stmcufinder\plugins\mcufinder//mcu/
2025-04-28 16:43:11,048 [INFO] CrossReferenceDbSqlite:203 - Set database path to: C:\Users\brady\.stmcufinder\plugins\mcufinder//mcu/cs/
2025-04-28 16:43:11,216 [INFO] RulesReader:64 - Compatibility file has been processed (297 Rules)
2025-04-28 16:43:11,326 [INFO] DbMcusXml:78 - Set database path to: C:\ST\STM32CubeIDE_1.16.0\STM32CubeIDE\plugins\com.st.stm32cube.common.mx_6.12.0.202406281431\\db\/mcu/
2025-04-28 16:43:11,327 [INFO] ApiDb:274 - Set plugin database path to: C:\ST\STM32CubeIDE_1.16.0\STM32CubeIDE\plugins\com.st.stm32cube.common.mx_6.12.0.202406281431\\db\/plugins/boardmanager/
2025-04-28 16:43:11,327 [INFO] ApiDb:261 - Set plugin images path to: C:\ST\STM32CubeIDE_1.16.0\STM32CubeIDE\plugins\com.st.stm32cube.common.mx_6.12.0.202406281431\\db\/plugins/mcufinder/images/
2025-04-28 16:43:11,327 [WARN] DbFile:41 - Overriding database path with different value: C:\Users\brady\.stmcufinder\plugins\mcufinder/ => C:\Users\brady\.stmcufinder\plugins\mcufinder
2025-04-28 16:43:11,327 [INFO] ApiDb:250 - Set database path to: C:\Users\brady\.stmcufinder\plugins\mcufinder//mcu/
2025-04-28 16:43:11,328 [WARN] DbFile:41 - Overriding database path with different value: C:\Users\brady\.stmcufinder\plugins\mcufinder/ => C:\Users\brady\.stmcufinder\plugins\mcufinder
2025-04-28 16:43:11,328 [INFO] DbMcusAds:125 - Set database path to: C:\Users\brady\.stmcufinder\plugins\mcufinder//mcu/
2025-04-28 16:43:11,328 [WARN] DbFile:41 - Overriding database path with different value: C:\Users\brady\.stmcufinder\plugins\mcufinder/ => C:\Users\brady\.stmcufinder\plugins\mcufinder
2025-04-28 16:43:11,328 [WARN] DbFile:41 - Overriding database path with different value: C:\Users\brady\.stmcufinder\plugins\mcufinder/ => C:\Users\brady\.stmcufinder\plugins\mcufinder
2025-04-28 16:43:11,328 [INFO] CrossReferenceDbSqlite:203 - Set database path to: C:\Users\brady\.stmcufinder\plugins\mcufinder//mcu/cs/
2025-04-28 16:43:11,422 [INFO] MainPanel:268 - HeapMemory: 268435456
2025-04-28 16:43:11,517 [INFO] DbMcusXml:78 - Set database path to: C:\ST\STM32CubeIDE_1.16.0\STM32CubeIDE\plugins\com.st.stm32cube.common.mx_6.12.0.202406281431\\db\/mcu/
2025-04-28 16:43:11,518 [INFO] ApiDb:274 - Set plugin database path to: C:\ST\STM32CubeIDE_1.16.0\STM32CubeIDE\plugins\com.st.stm32cube.common.mx_6.12.0.202406281431\\db\/plugins/boardmanager/
2025-04-28 16:43:11,518 [INFO] ApiDb:261 - Set plugin images path to: C:\ST\STM32CubeIDE_1.16.0\STM32CubeIDE\plugins\com.st.stm32cube.common.mx_6.12.0.202406281431\\db\/plugins/mcufinder/images/
2025-04-28 16:43:11,518 [WARN] DbFile:41 - Overriding database path with different value: C:\Users\brady\.stmcufinder\plugins\mcufinder/ => C:\Users\brady\.stmcufinder\plugins\mcufinder
2025-04-28 16:43:11,518 [INFO] ApiDb:250 - Set database path to: C:\Users\brady\.stmcufinder\plugins\mcufinder//mcu/
2025-04-28 16:43:11,518 [WARN] DbFile:41 - Overriding database path with different value: C:\Users\brady\.stmcufinder\plugins\mcufinder/ => C:\Users\brady\.stmcufinder\plugins\mcufinder
2025-04-28 16:43:11,518 [INFO] DbMcusAds:125 - Set database path to: C:\Users\brady\.stmcufinder\plugins\mcufinder//mcu/
2025-04-28 16:43:11,518 [WARN] DbFile:41 - Overriding database path with different value: C:\Users\brady\.stmcufinder\plugins\mcufinder/ => C:\Users\brady\.stmcufinder\plugins\mcufinder
2025-04-28 16:43:11,519 [WARN] DbFile:41 - Overriding database path with different value: C:\Users\brady\.stmcufinder\plugins\mcufinder/ => C:\Users\brady\.stmcufinder\plugins\mcufinder
2025-04-28 16:43:11,519 [INFO] CrossReferenceDbSqlite:203 - Set database path to: C:\Users\brady\.stmcufinder\plugins\mcufinder//mcu/cs/
2025-04-28 16:43:11,548 [INFO] ApplicationProperties:184 - Using Application install path: C:\ST\STM32CubeIDE_1.16.0\STM32CubeIDE\plugins\com.st.stm32cube.common.mx_6.12.0.202406281431
2025-04-28 16:43:11,550 [INFO] PluginManage:196 - Search for loadable plugins [exclusion list=, ]
2025-04-28 16:43:11,553 [INFO] PluginManage:310 - Check plugin analytics
2025-04-28 16:43:11,994 [INFO] AnalyticsPlugin:253 - Accepted Software Licenses: STM32CubeMX.6.12.1
2025-04-28 16:43:12,012 [INFO] AnalyticsPlugin:255 - Accepted CMSIS Pack Licenses: 
2025-04-28 16:43:12,013 [INFO] AnalyticsPlugin:257 - Accepted Firmware Licenses: FW.F4.1.28.0
2025-04-28 16:43:12,022 [INFO] PluginManage:359 - Loaded plugin analytics (category:tool,tabindex:-1)
2025-04-28 16:43:12,022 [INFO] PluginManage:310 - Check plugin cadmodel
2025-04-28 16:43:12,050 [INFO] CADModel:105 - Init CAD model plugin
2025-04-28 16:43:12,051 [INFO] PluginManage:359 - Loaded plugin cadmodel (category:power,tabindex:5)
2025-04-28 16:43:12,051 [INFO] PluginManage:310 - Check plugin clock
2025-04-28 16:43:12,083 [INFO] PluginManage:359 - Loaded plugin clock (category:base,tabindex:2)
2025-04-28 16:43:12,083 [INFO] PluginManage:310 - Check plugin ddr
2025-04-28 16:43:12,087 [INFO] PluginManage:359 - Loaded plugin ddr (category:tool,tabindex:6)
2025-04-28 16:43:12,087 [INFO] PluginManage:310 - Check plugin filemanager
2025-04-28 16:43:12,268 [INFO] PluginManage:359 - Loaded plugin filemanager (category:base,tabindex:10)
2025-04-28 16:43:12,268 [INFO] PluginManage:310 - Check plugin ipmanager
2025-04-28 16:43:12,277 [INFO] PluginManage:359 - Loaded plugin ipmanager (category:base,tabindex:5)
2025-04-28 16:43:12,278 [INFO] PluginManage:310 - Check plugin lpbam
2025-04-28 16:43:12,302 [INFO] PluginManage:359 - Loaded plugin lpbam (category:base,tabindex:0)
2025-04-28 16:43:12,302 [INFO] PluginManage:310 - Check plugin memorymap
2025-04-28 16:43:12,329 [INFO] PluginManage:359 - Loaded plugin memorymap (category:base,tabindex:4)
2025-04-28 16:43:12,329 [INFO] PluginManage:310 - Check plugin pinoutandconfiguration
2025-04-28 16:43:12,350 [INFO] PluginManage:359 - Loaded plugin pinoutandconfiguration (category:base,tabindex:1)
2025-04-28 16:43:12,350 [INFO] PluginManage:310 - Check plugin pinoutconfig
2025-04-28 16:43:12,513 [WARN] SupportedApi:132 - Cannot load RTOS API schema: s4s-elt-must-match.1: The content of 'definitions' must match (annotation?, (simpleType | complexType)?, (unique | key | keyref)*)). A problem was found starting at: attribute.
2025-04-28 16:43:12,676 [INFO] PluginManage:359 - Loaded plugin pinoutconfig (category:base,tabindex:0)
2025-04-28 16:43:12,676 [INFO] PluginManage:310 - Check plugin power
2025-04-28 16:43:12,703 [INFO] PluginManage:359 - Loaded plugin power (category:power,tabindex:4)
2025-04-28 16:43:12,703 [INFO] PluginManage:310 - Check plugin projectmanager
2025-04-28 16:43:12,728 [INFO] PluginManage:359 - Loaded plugin projectmanager (category:projectmanager,tabindex:4)
2025-04-28 16:43:12,728 [INFO] PluginManage:310 - Check plugin rif
2025-04-28 16:43:12,749 [INFO] PluginManage:359 - Loaded plugin rif (category:base,tabindex:3)
2025-04-28 16:43:12,750 [INFO] PluginManage:310 - Check plugin thirdparty
2025-04-28 16:43:13,219 [INFO] PluginManage:359 - Loaded plugin thirdparty (category:base,tabindex:-1)
2025-04-28 16:43:13,219 [INFO] PluginManage:310 - Check plugin tools
2025-04-28 16:43:13,219 [WARN] IntegrityCheckThread:84 - waiting for thirdparty lock release [integrity check]
2025-04-28 16:43:13,220 [INFO] IntegrityCheckThread:86 - entering critical section [integrity check]
2025-04-28 16:43:13,220 [INFO] ThirdPartyUpdaterWithRetryManager:70 - Updater plugin not ready yet. [1/15]
2025-04-28 16:43:13,267 [INFO] PluginManage:359 - Loaded plugin tools (category:base,tabindex:7)
2025-04-28 16:43:13,267 [INFO] PluginManage:310 - Check plugin tutovideos
2025-04-28 16:43:14,124 [INFO] PluginManage:359 - Loaded plugin tutovideos (category:base,tabindex:-1)
2025-04-28 16:43:14,124 [INFO] PluginManage:310 - Check plugin updater
2025-04-28 16:43:14,165 [INFO] PluginManage:359 - Loaded plugin updater (category:base,tabindex:12)
2025-04-28 16:43:14,165 [INFO] PluginManage:310 - Check plugin userauth
2025-04-28 16:43:14,184 [INFO] UserAuth:113 - Init User Auth plugin
2025-04-28 16:43:14,184 [INFO] PluginManage:359 - Loaded plugin userauth (category:base,tabindex:14)
2025-04-28 16:43:14,187 [INFO] PluginManage:283 - PluginManage : Loaded plugins [18]
2025-04-28 16:43:14,871 [INFO] PinOutPanel:1561 - setPackage(No Configuration,No Configuration)
2025-04-28 16:43:15,136 [INFO] CADModel:165 - CPN selected for project level
2025-04-28 16:43:15,136 [INFO] CADModel:114 - Register for checkConnection events
2025-04-28 16:43:15,206 [INFO] IPUIPlugin:80 - create IPUIPlugin
2025-04-28 16:43:15,206 [INFO] PluginManager:220 - loadIPPluginJar : add adc
2025-04-28 16:43:15,283 [INFO] IPUIPlugin:80 - create IPUIPlugin
2025-04-28 16:43:15,283 [INFO] PluginManager:220 - loadIPPluginJar : add aes
2025-04-28 16:43:15,363 [INFO] IPUIPlugin:80 - create IPUIPlugin
2025-04-28 16:43:15,363 [INFO] PluginManager:220 - loadIPPluginJar : add can
2025-04-28 16:43:15,416 [INFO] IPUIPlugin:80 - create IPUIPlugin
2025-04-28 16:43:15,416 [INFO] PluginManager:220 - loadIPPluginJar : add comp
2025-04-28 16:43:15,474 [INFO] IPUIPlugin:80 - create IPUIPlugin
2025-04-28 16:43:15,475 [INFO] PluginManager:220 - loadIPPluginJar : add cryp
2025-04-28 16:43:15,514 [INFO] IPUIPlugin:80 - create IPUIPlugin
2025-04-28 16:43:15,514 [INFO] PluginManager:220 - loadIPPluginJar : add ddr_ctrl_phy
2025-04-28 16:43:15,575 [INFO] IPUIPlugin:80 - create IPUIPlugin
2025-04-28 16:43:15,576 [INFO] PluginManager:220 - loadIPPluginJar : add dfsdm
2025-04-28 16:43:15,596 [INFO] IPUIPlugin:80 - create IPUIPlugin
2025-04-28 16:43:15,596 [INFO] PluginManager:220 - loadIPPluginJar : add dma
2025-04-28 16:43:15,662 [INFO] IPUIPlugin:80 - create IPUIPlugin
2025-04-28 16:43:15,663 [INFO] PluginManager:220 - loadIPPluginJar : add dma3
2025-04-28 16:43:15,742 [INFO] IPUIPlugin:80 - create IPUIPlugin
2025-04-28 16:43:15,742 [INFO] PluginManager:220 - loadIPPluginJar : add extmemmanager
2025-04-28 16:43:15,782 [INFO] IPUIPlugin:80 - create IPUIPlugin
2025-04-28 16:43:15,783 [INFO] PluginManager:220 - loadIPPluginJar : add fatfs
2025-04-28 16:43:15,851 [INFO] IPUIPlugin:80 - create IPUIPlugin
2025-04-28 16:43:15,851 [INFO] PluginManager:220 - loadIPPluginJar : add fmc
2025-04-28 16:43:15,873 [INFO] IPUIPlugin:80 - create IPUIPlugin
2025-04-28 16:43:15,873 [INFO] PluginManager:220 - loadIPPluginJar : add freertos
2025-04-28 16:43:15,911 [INFO] IPUIPlugin:80 - create IPUIPlugin
2025-04-28 16:43:15,911 [INFO] PluginManager:220 - loadIPPluginJar : add genericplugin
2025-04-28 16:43:16,074 [INFO] IPUIPlugin:80 - create IPUIPlugin
2025-04-28 16:43:16,075 [INFO] PluginManager:220 - loadIPPluginJar : add gfxmmu
2025-04-28 16:43:16,222 [INFO] ThirdPartyUpdaterWithRetryManager:70 - Updater plugin not ready yet. [2/15]
2025-04-28 16:43:16,248 [INFO] IPUIPlugin:80 - create IPUIPlugin
2025-04-28 16:43:16,248 [INFO] PluginManager:220 - loadIPPluginJar : add gic
2025-04-28 16:43:16,264 [INFO] IPUIPlugin:80 - create IPUIPlugin
2025-04-28 16:43:16,264 [INFO] PluginManager:220 - loadIPPluginJar : add gpio
2025-04-28 16:43:16,379 [INFO] IPUIPlugin:80 - create IPUIPlugin
2025-04-28 16:43:16,379 [INFO] PluginManager:220 - loadIPPluginJar : add gtzc
2025-04-28 16:43:16,426 [INFO] IPUIPlugin:80 - create IPUIPlugin
2025-04-28 16:43:16,427 [INFO] PluginManager:220 - loadIPPluginJar : add hash
2025-04-28 16:43:16,506 [INFO] IPUIPlugin:80 - create IPUIPlugin
2025-04-28 16:43:16,506 [INFO] PluginManager:220 - loadIPPluginJar : add i2c
2025-04-28 16:43:16,584 [INFO] IPUIPlugin:80 - create IPUIPlugin
2025-04-28 16:43:16,584 [INFO] PluginManager:220 - loadIPPluginJar : add i2s
2025-04-28 16:43:16,654 [INFO] IPUIPlugin:80 - create IPUIPlugin
2025-04-28 16:43:16,654 [INFO] PluginManager:220 - loadIPPluginJar : add i3c
2025-04-28 16:43:16,803 [INFO] IPUIPlugin:80 - create IPUIPlugin
2025-04-28 16:43:16,804 [INFO] PluginManager:220 - loadIPPluginJar : add ipddr
2025-04-28 16:43:16,935 [INFO] IPUIPlugin:80 - create IPUIPlugin
2025-04-28 16:43:16,936 [INFO] PluginManager:220 - loadIPPluginJar : add linkedlist
2025-04-28 16:43:16,981 [INFO] IPUIPlugin:80 - create IPUIPlugin
2025-04-28 16:43:16,981 [INFO] PluginManager:220 - loadIPPluginJar : add lorawan
2025-04-28 16:43:17,026 [INFO] IPUIPlugin:80 - create IPUIPlugin
2025-04-28 16:43:17,027 [INFO] PluginManager:220 - loadIPPluginJar : add ltdc
2025-04-28 16:43:17,057 [INFO] IPUIPlugin:80 - create IPUIPlugin
2025-04-28 16:43:17,058 [INFO] PluginManager:220 - loadIPPluginJar : add mdma
2025-04-28 16:43:17,076 [INFO] IPUIPlugin:80 - create IPUIPlugin
2025-04-28 16:43:17,076 [INFO] PluginManager:220 - loadIPPluginJar : add nvic
2025-04-28 16:43:17,125 [INFO] IPUIPlugin:80 - create IPUIPlugin
2025-04-28 16:43:17,125 [INFO] PluginManager:220 - loadIPPluginJar : add opamp
2025-04-28 16:43:17,200 [INFO] IPUIPlugin:80 - create IPUIPlugin
2025-04-28 16:43:17,200 [INFO] PluginManager:220 - loadIPPluginJar : add openamp
2025-04-28 16:43:17,253 [INFO] IPUIPlugin:80 - create IPUIPlugin
2025-04-28 16:43:17,254 [INFO] PluginManager:220 - loadIPPluginJar : add pdm2pcm
2025-04-28 16:43:17,283 [INFO] IPUIPlugin:80 - create IPUIPlugin
2025-04-28 16:43:17,286 [INFO] PluginManager:220 - loadIPPluginJar : add plateformsettings
2025-04-28 16:43:17,322 [INFO] IPUIPlugin:80 - create IPUIPlugin
2025-04-28 16:43:17,322 [INFO] PluginManager:220 - loadIPPluginJar : add quadspi
2025-04-28 16:43:17,355 [INFO] IPUIPlugin:80 - create IPUIPlugin
2025-04-28 16:43:17,355 [INFO] PluginManager:220 - loadIPPluginJar : add radio
2025-04-28 16:43:17,380 [INFO] IPUIPlugin:80 - create IPUIPlugin
2025-04-28 16:43:17,380 [INFO] PluginManager:220 - loadIPPluginJar : add resmgrutility
2025-04-28 16:43:17,449 [INFO] IPUIPlugin:80 - create IPUIPlugin
2025-04-28 16:43:17,450 [INFO] PluginManager:220 - loadIPPluginJar : add sai
2025-04-28 16:43:17,504 [INFO] IPUIPlugin:80 - create IPUIPlugin
2025-04-28 16:43:17,504 [INFO] PluginManager:220 - loadIPPluginJar : add spi
2025-04-28 16:43:17,609 [INFO] IPUIPlugin:80 - create IPUIPlugin
2025-04-28 16:43:17,609 [INFO] PluginManager:220 - loadIPPluginJar : add stm32_wpan
2025-04-28 16:43:17,646 [INFO] IPUIPlugin:80 - create IPUIPlugin
2025-04-28 16:43:17,646 [INFO] PluginManager:220 - loadIPPluginJar : add tim
2025-04-28 16:43:17,747 [INFO] IPUIPlugin:80 - create IPUIPlugin
2025-04-28 16:43:17,747 [INFO] PluginManager:220 - loadIPPluginJar : add touchsensing
2025-04-28 16:43:17,778 [INFO] IPUIPlugin:80 - create IPUIPlugin
2025-04-28 16:43:17,778 [INFO] PluginManager:220 - loadIPPluginJar : add tracer_emb
2025-04-28 16:43:17,818 [INFO] IPUIPlugin:80 - create IPUIPlugin
2025-04-28 16:43:17,818 [INFO] PluginManager:220 - loadIPPluginJar : add ts
2025-04-28 16:43:17,849 [INFO] IPUIPlugin:80 - create IPUIPlugin
2025-04-28 16:43:17,849 [INFO] PluginManager:220 - loadIPPluginJar : add tsc
2025-04-28 16:43:17,878 [INFO] IPUIPlugin:80 - create IPUIPlugin
2025-04-28 16:43:17,878 [INFO] PluginManager:220 - loadIPPluginJar : add ucpd
2025-04-28 16:43:17,931 [INFO] IPUIPlugin:80 - create IPUIPlugin
2025-04-28 16:43:17,931 [INFO] PluginManager:220 - loadIPPluginJar : add usart
2025-04-28 16:43:17,996 [INFO] IPUIPlugin:80 - create IPUIPlugin
2025-04-28 16:43:17,996 [INFO] PluginManager:220 - loadIPPluginJar : add usbx
2025-04-28 16:43:18,145 [INFO] CADModel:165 - CPN selected for project level
2025-04-28 16:43:18,145 [INFO] CADModel:114 - Register for checkConnection events
2025-04-28 16:43:18,145 [FATAL] Updater:334 - Updater called before beeing initialized
2025-04-28 16:43:18,145 [ERROR] CADModel:125 - Updater not yet initialized, retry later 
2025-04-28 16:43:18,352 [INFO] CADModel:165 - CPN selected for project level
2025-04-28 16:43:18,352 [INFO] CADModel:114 - Register for checkConnection events
2025-04-28 16:43:18,353 [FATAL] Updater:334 - Updater called before beeing initialized
2025-04-28 16:43:18,353 [ERROR] CADModel:125 - Updater not yet initialized, retry later 
2025-04-28 16:43:18,356 [FATAL] Updater:334 - Updater called before beeing initialized
2025-04-28 16:43:18,498 [FATAL] Updater:334 - Updater called before beeing initialized
2025-04-28 16:43:18,513 [INFO] DbMcusAds:53 - JSON generation date=Tue Dec 17 08:01:15 PST 2024 (1734451275189)
2025-04-28 16:43:18,513 [FATAL] Updater:334 - Updater called before beeing initialized
2025-04-28 16:43:18,558 [WARN] DetailPanel:346 - Failed to get advertising image, set to default
2025-04-28 16:43:18,754 [FATAL] Updater:334 - Updater called before beeing initialized
2025-04-28 16:43:18,756 [FATAL] Updater:334 - Updater called before beeing initialized
2025-04-28 16:43:18,756 [FATAL] Updater:334 - Updater called before beeing initialized
2025-04-28 16:43:18,756 [WARN] DetailPanel:346 - Failed to get advertising image, set to default
2025-04-28 16:43:18,765 [FATAL] Updater:334 - Updater called before beeing initialized
2025-04-28 16:43:18,842 [ERROR] Updater:1164 - MainUpdater not yet initialized. External WinMGr cannot be set.
2025-04-28 16:43:18,856 [INFO] Updater:1100 - Updater Version found : 6.12.0
2025-04-28 16:43:18,873 [INFO] ApplicationProperties:184 - Using Application install path: C:\ST\STM32CubeIDE_1.16.0\STM32CubeIDE\plugins\com.st.stm32cube.common.mx_6.12.0.202406281431
2025-04-28 16:43:19,225 [INFO] ThirdPartyUpdaterWithRetryManager:70 - Updater plugin not ready yet. [3/15]
2025-04-28 16:43:20,487 [ERROR] LogOutputStream:75 - [STDERR_REDIRECT] Apr 28, 2025 4:43:20 PM java.util.prefs.WindowsPreferences <init>
2025-04-28 16:43:20,490 [ERROR] LogOutputStream:75 - [STDERR_REDIRECT] WARNING: Could not open/create prefs root node Software\JavaSoft\Prefs at root 0xffffffff80000002. Windows RegCreateKeyEx(...) returned error code 5.
2025-04-28 16:43:20,490 [ERROR] LogOutputStream:75 - [STDERR_REDIRECT] 
2025-04-28 16:43:21,016 [INFO] MainUpdater:2873 - connection check result : 10
2025-04-28 16:43:21,017 [INFO] MainUpdater:3567 - Updater definition file requires update
2025-04-28 16:43:21,018 [INFO] MainUpdater:290 - Updater Check For Update Now.
2025-04-28 16:43:21,018 [INFO] MicroXplorer:498 - Change Database Version : DB.6.0.120
2025-04-28 16:43:21,048 [INFO] McuFinderGlobals:63 - Set McuFinder mode to 2 (CubeIDE integrated)
2025-04-28 16:43:21,048 [INFO] UserAuth:179 - activating auth plugin
2025-04-28 16:43:21,052 [INFO] UserAuth:417 - Internet connection configuration mode: 1
2025-04-28 16:43:21,082 [INFO] JxBrowserEngine:152 - Initiate JxBrowser Engine with user profile folder
2025-04-28 16:43:21,099 [INFO] ServerAccessManage:473 - Download File updaters.zip
2025-04-28 16:43:21,296 [INFO] FileExtend:240 - Unzip File : updaters.zip
2025-04-28 16:43:21,296 [INFO] FileExtend:255 - Standard Zip Deflate
2025-04-28 16:43:21,788 [INFO] ServerAccessManage:473 - Download File PacksControlFlags.xml
2025-04-28 16:43:21,962 [INFO] ServerAccessManage:473 - Download File cubemx.pidx
2025-04-28 16:43:22,129 [INFO] LoadServerUpdatesThread:375 - End of LoadServerUpdate Thread
2025-04-28 16:43:22,226 [WARN] MainUpdater:1194 - Updater busy. Cannot search thirdparties
2025-04-28 16:43:22,226 [INFO] ThirdPartyUpdaterWithRetryManager:96 - Updater plugin is busy. [1/15]
2025-04-28 16:43:22,336 [INFO] CheckServerUpdateThread:120 - End of CheckServer Thread
2025-04-28 16:43:25,610 [INFO] WebApp:167 - Instantiating new browser for Auth
2025-04-28 16:43:25,696 [WARN] PackLoader:240 - Cannot read IP mode file for STMicroelectronics.FP-SNS-MOTENVWB1.1.4.0
2025-04-28 16:43:25,731 [WARN] PackLoader:240 - Cannot read IP mode file for STMicroelectronics.FP-ATR-ASTRA1.2.0.2
2025-04-28 16:43:25,754 [WARN] PackLoader:240 - Cannot read IP mode file for STMicroelectronics.FP-ATR-ASTRA1.2.0.1
2025-04-28 16:43:25,778 [WARN] PackLoader:240 - Cannot read IP mode file for STMicroelectronics.X-CUBE-SMBUS.2.1.0
2025-04-28 16:43:25,804 [WARN] PackLoader:240 - Cannot read IP mode file for STMicroelectronics.X-CUBE-WB05N.1.1.0
2025-04-28 16:43:25,915 [WARN] PackLoader:240 - Cannot read IP mode file for STMicroelectronics.X-CUBE-AZRTOS-F7.1.1.0
2025-04-28 16:43:26,042 [WARN] PackLoader:240 - Cannot read IP mode file for STMicroelectronics.X-CUBE-MEMS1.11.0.0
2025-04-28 16:43:26,312 [WARN] PackLoader:240 - Cannot read IP mode file for STMicroelectronics.FP-SNS-FLIGHT1.5.0.2
2025-04-28 16:43:26,429 [WARN] PackLoader:240 - Cannot read IP mode file for STMicroelectronics.X-CUBE-DISPLAY.3.0.0
2025-04-28 16:43:26,468 [WARN] PackLoader:240 - Cannot read IP mode file for STMicroelectronics.X-CUBE-BLE1.7.0.0
2025-04-28 16:43:26,492 [WARN] PackLoader:240 - Cannot read IP mode file for STMicroelectronics.X-CUBE-NFC10.1.0.0
2025-04-28 16:43:26,534 [WARN] PackLoader:240 - Cannot read IP mode file for STMicroelectronics.X-CUBE-BLEMGR.4.0.0
2025-04-28 16:43:26,582 [WARN] PackLoader:240 - Cannot read IP mode file for emotas.I-CUBE-CANOPEN.1.3.0
2025-04-28 16:43:26,619 [WARN] PackLoader:240 - Cannot read IP mode file for STMicroelectronics.X-CUBE-BLEMGR.3.1.0
2025-04-28 16:43:26,661 [WARN] PackLoader:240 - Cannot read IP mode file for STMicroelectronics.X-CUBE-AI.10.0.0
2025-04-28 16:43:26,711 [WARN] PackLoader:240 - Cannot read IP mode file for STMicroelectronics.FP-SNS-SMARTAG2.1.2.0
2025-04-28 16:43:26,739 [ERROR] Engine:466 - C:\Users\brady\.stm32cubemx\thirdparties\pdsc\STMicroelectronics.FP-SNS-FLIGHT1.5.1.0.pdsc: PDSC version is not supported
2025-04-28 16:43:26,873 [WARN] PackLoader:240 - Cannot read IP mode file for STMicroelectronics.X-CUBE-MEMS1.11.1.0
2025-04-28 16:43:27,034 [INFO] LogOutputStream:77 - [STDOUT_REDIRECT] 1 : Invalid condition id : UX_CORESTACK_Condition cause : null
2025-04-28 16:43:27,036 [INFO] LogOutputStream:77 - [STDOUT_REDIRECT] 1 : Invalid condition id : UX_CORESTACK_Condition cause : null
2025-04-28 16:43:27,039 [INFO] LogOutputStream:77 - [STDOUT_REDIRECT] 1 : Invalid condition id : UX_CORESTACK_Condition cause : null
2025-04-28 16:43:27,041 [INFO] LogOutputStream:77 - [STDOUT_REDIRECT] 1 : Invalid condition id : UX_CORESTACK_Condition cause : null
2025-04-28 16:43:27,043 [INFO] LogOutputStream:77 - [STDOUT_REDIRECT] 1 : Invalid condition id : UX_CORESTACK_Condition cause : null
2025-04-28 16:43:27,047 [WARN] PackLoader:240 - Cannot read IP mode file for STMicroelectronics.X-CUBE-AZRTOS-WL.2.0.0
2025-04-28 16:43:27,072 [WARN] PackLoader:240 - Cannot read IP mode file for STMicroelectronics.FP-SNS-MOTENV1.5.0.0
2025-04-28 16:43:27,095 [WARN] PackLoader:240 - Cannot read IP mode file for wolfSSL.I-CUBE-wolfMQTT.1.19.0
2025-04-28 16:43:27,128 [WARN] PackLoader:240 - Cannot read IP mode file for WES.I-CUBE-Cesium.1.3.0
2025-04-28 16:43:27,154 [WARN] PackLoader:240 - Cannot read IP mode file for STMicroelectronics.X-CUBE-BLE2.3.3.0
2025-04-28 16:43:27,182 [WARN] PackLoader:240 - Cannot read IP mode file for STMicroelectronics.X-CUBE-NFC9.1.0.0
2025-04-28 16:43:27,208 [WARN] PackLoader:240 - Cannot read IP mode file for STMicroelectronics.X-CUBE-BLE1.7.1.0
2025-04-28 16:43:27,234 [WARN] PackLoader:240 - Cannot read IP mode file for STMicroelectronics.X-CUBE-TCPP.4.1.0
2025-04-28 16:43:27,316 [WARN] PackLoader:240 - Cannot read IP mode file for STMicroelectronics.X-CUBE-MEMS1.11.2.0
2025-04-28 16:43:27,505 [WARN] PackLoader:240 - Cannot read IP mode file for STMicroelectronics.X-CUBE-AZRTOS-G0.1.1.0
2025-04-28 16:43:27,532 [WARN] PackLoader:240 - Cannot read IP mode file for STMicroelectronics.X-CUBE-SAFEA1.1.2.2
2025-04-28 16:43:27,562 [WARN] PackLoader:240 - Cannot read IP mode file for STMicroelectronics.X-CUBE-NFC4.3.0.0
2025-04-28 16:43:27,596 [WARN] PackLoader:240 - Cannot read IP mode file for EmbeddedOffice.I-CUBE-FS-RTOS.1.0.1
2025-04-28 16:43:27,597 [ERROR] ConditionMgr:805 - Attr not supported : Dmpu
2025-04-28 16:43:27,597 [ERROR] ConditionMgr:805 - Attr not supported : Dmpu
2025-04-28 16:43:27,597 [ERROR] ConditionMgr:805 - Attr not supported : Dmpu
2025-04-28 16:43:27,597 [ERROR] ConditionMgr:805 - Attr not supported : Dmpu
2025-04-28 16:43:27,597 [ERROR] ConditionMgr:805 - Attr not supported : Dmpu
2025-04-28 16:43:27,597 [ERROR] ConditionMgr:805 - Attr not supported : Dmpu
2025-04-28 16:43:27,597 [ERROR] ConditionMgr:805 - Attr not supported : Dmpu
2025-04-28 16:43:27,598 [ERROR] ConditionMgr:805 - Attr not supported : Dmpu
2025-04-28 16:43:27,598 [ERROR] ConditionMgr:805 - Attr not supported : Dmpu
2025-04-28 16:43:27,598 [ERROR] ConditionMgr:805 - Attr not supported : Dmpu
2025-04-28 16:43:27,598 [ERROR] ConditionMgr:805 - Attr not supported : Dmpu
2025-04-28 16:43:27,598 [ERROR] ConditionMgr:805 - Attr not supported : Dmpu
2025-04-28 16:43:27,598 [ERROR] ConditionMgr:805 - Attr not supported : Dmpu
2025-04-28 16:43:27,599 [ERROR] ConditionMgr:805 - Attr not supported : Dmpu
2025-04-28 16:43:27,599 [ERROR] ConditionMgr:805 - Attr not supported : Dmpu
2025-04-28 16:43:27,599 [ERROR] ConditionMgr:805 - Attr not supported : Dmpu
2025-04-28 16:43:27,599 [ERROR] ConditionMgr:805 - Attr not supported : Dmpu
2025-04-28 16:43:27,599 [ERROR] ConditionMgr:805 - Attr not supported : Dmpu
2025-04-28 16:43:27,599 [ERROR] ConditionMgr:805 - Attr not supported : Dmpu
2025-04-28 16:43:27,599 [ERROR] ConditionMgr:805 - Attr not supported : Dmpu
2025-04-28 16:43:27,599 [ERROR] ConditionMgr:805 - Attr not supported : Dmpu
2025-04-28 16:43:27,600 [ERROR] ConditionMgr:805 - Attr not supported : Dmpu
2025-04-28 16:43:27,600 [ERROR] ConditionMgr:805 - Attr not supported : Dmpu
2025-04-28 16:43:27,600 [ERROR] ConditionMgr:805 - Attr not supported : Dmpu
2025-04-28 16:43:27,600 [ERROR] ConditionMgr:805 - Attr not supported : Dmpu
2025-04-28 16:43:27,600 [ERROR] ConditionMgr:805 - Attr not supported : Dmpu
2025-04-28 16:43:27,600 [ERROR] ConditionMgr:805 - Attr not supported : Dmpu
2025-04-28 16:43:27,600 [ERROR] ConditionMgr:805 - Attr not supported : Dmpu
2025-04-28 16:43:27,600 [ERROR] ConditionMgr:805 - Attr not supported : Dmpu
2025-04-28 16:43:27,600 [ERROR] ConditionMgr:805 - Attr not supported : Dmpu
2025-04-28 16:43:27,600 [ERROR] ConditionMgr:805 - Attr not supported : Dmpu
2025-04-28 16:43:27,600 [ERROR] ConditionMgr:805 - Attr not supported : Dmpu
2025-04-28 16:43:27,600 [ERROR] ConditionMgr:805 - Attr not supported : Dmpu
2025-04-28 16:43:27,600 [ERROR] ConditionMgr:805 - Attr not supported : Dmpu
2025-04-28 16:43:27,600 [ERROR] ConditionMgr:805 - Attr not supported : Dmpu
2025-04-28 16:43:27,601 [ERROR] ConditionMgr:805 - Attr not supported : Dmpu
2025-04-28 16:43:27,601 [ERROR] ConditionMgr:805 - Attr not supported : Dmpu
2025-04-28 16:43:27,601 [ERROR] ConditionMgr:805 - Attr not supported : Dmpu
2025-04-28 16:43:27,601 [ERROR] ConditionMgr:805 - Attr not supported : Dmpu
2025-04-28 16:43:27,601 [ERROR] ConditionMgr:805 - Attr not supported : Dmpu
2025-04-28 16:43:27,601 [ERROR] ConditionMgr:805 - Attr not supported : Dmpu
2025-04-28 16:43:27,601 [ERROR] ConditionMgr:805 - Attr not supported : Dmpu
2025-04-28 16:43:27,601 [ERROR] ConditionMgr:805 - Attr not supported : Dmpu
2025-04-28 16:43:27,601 [ERROR] ConditionMgr:805 - Attr not supported : Dmpu
2025-04-28 16:43:27,601 [ERROR] ConditionMgr:805 - Attr not supported : Dmpu
2025-04-28 16:43:27,601 [ERROR] ConditionMgr:805 - Attr not supported : Dmpu
2025-04-28 16:43:27,601 [ERROR] ConditionMgr:805 - Attr not supported : Dmpu
2025-04-28 16:43:27,602 [ERROR] ConditionMgr:805 - Attr not supported : Dmpu
2025-04-28 16:43:27,602 [ERROR] ConditionMgr:805 - Attr not supported : Dmpu
2025-04-28 16:43:27,602 [ERROR] ConditionMgr:805 - Attr not supported : Dmpu
2025-04-28 16:43:27,602 [ERROR] ConditionMgr:805 - Attr not supported : Dmpu
2025-04-28 16:43:27,602 [ERROR] ConditionMgr:805 - Attr not supported : Dmpu
2025-04-28 16:43:27,602 [ERROR] ConditionMgr:805 - Attr not supported : Dmpu
2025-04-28 16:43:27,602 [ERROR] ConditionMgr:805 - Attr not supported : Dmpu
2025-04-28 16:43:27,602 [ERROR] ConditionMgr:805 - Attr not supported : Dmpu
2025-04-28 16:43:27,602 [ERROR] ConditionMgr:805 - Attr not supported : Dmpu
2025-04-28 16:43:27,602 [ERROR] ConditionMgr:805 - Attr not supported : Dmpu
2025-04-28 16:43:27,603 [ERROR] ConditionMgr:805 - Attr not supported : Dmpu
2025-04-28 16:43:27,603 [ERROR] ConditionMgr:805 - Attr not supported : Dmpu
2025-04-28 16:43:27,603 [ERROR] ConditionMgr:805 - Attr not supported : Dmpu
2025-04-28 16:43:27,603 [ERROR] ConditionMgr:805 - Attr not supported : Dmpu
2025-04-28 16:43:27,603 [ERROR] ConditionMgr:805 - Attr not supported : Dmpu
2025-04-28 16:43:27,603 [ERROR] ConditionMgr:805 - Attr not supported : Dmpu
2025-04-28 16:43:27,603 [ERROR] ConditionMgr:805 - Attr not supported : Dmpu
2025-04-28 16:43:27,627 [WARN] PackLoader:240 - Cannot read IP mode file for STMicroelectronics.X-CUBE-WB05N.2.0.0
2025-04-28 16:43:27,656 [ERROR] Engine:466 - C:\Users\brady\.stm32cubemx\thirdparties\pdsc\STMicroelectronics.X-CUBE-TCPP.4.2.0.pdsc: PDSC version is not supported
2025-04-28 16:43:27,680 [WARN] PackLoader:240 - Cannot read IP mode file for RealThread.X-CUBE-RT-Thread_Nano.4.1.1
2025-04-28 16:43:27,703 [WARN] PackLoader:240 - Cannot read IP mode file for STMicroelectronics.FP-ATR-SIGFOX1.3.2.0
2025-04-28 16:43:27,728 [WARN] PackLoader:240 - Cannot read IP mode file for wolfSSL.I-CUBE-wolfSSL.5.7.2
2025-04-28 16:43:27,752 [WARN] ConditionMgr:438 - getConditionDescription Invalid condition id : Cortex-A Device cause : null
2025-04-28 16:43:27,805 [WARN] ConditionMgr:1039 - genDependencies : Invalid condition id : Cortex-A Device cause : null
2025-04-28 16:43:27,806 [WARN] ConditionMgr:1039 - genDependencies : Invalid condition id : Cortex-A Device cause : null
2025-04-28 16:43:27,806 [WARN] ConditionMgr:1039 - genDependencies : Invalid condition id : Cortex-A Device cause : null
2025-04-28 16:43:27,833 [WARN] PackLoader:240 - Cannot read IP mode file for STMicroelectronics.X-CUBE-EEPRMA1.5.1.0
2025-04-28 16:43:27,864 [WARN] PackLoader:240 - Cannot read IP mode file for ITTIA_DB.I-CUBE-ITTIADB.8.9.0
2025-04-28 16:43:27,926 [WARN] PackLoader:240 - Cannot read IP mode file for SEGGER.I-CUBE-embOS.1.3.1
2025-04-28 16:43:27,991 [WARN] PackLoader:240 - Cannot read IP mode file for STMicroelectronics.X-CUBE-ALGOBUILD.1.4.0
2025-04-28 16:43:28,015 [WARN] PackLoader:240 - Cannot read IP mode file for STMicroelectronics.X-CUBE-AI.9.1.0
2025-04-28 16:43:28,048 [WARN] PackLoader:240 - Cannot read IP mode file for STMicroelectronics.X-CUBE-GNSS1.6.0.0
2025-04-28 16:43:28,093 [WARN] PackLoader:240 - Cannot read IP mode file for STMicroelectronics.X-CUBE-AZRTOS-F4.1.1.0
2025-04-28 16:43:28,119 [ERROR] Engine:466 - C:\Users\brady\.stm32cubemx\thirdparties\pdsc\Avnet-IotConnect.X-CUBE-IoTC-DA16k-PMOD.1.0.0.pdsc: PDSC version is not supported
2025-04-28 16:43:28,156 [WARN] PackLoader:240 - Cannot read IP mode file for STMicroelectronics.X-CUBE-ISPU.2.1.0
2025-04-28 16:43:28,179 [WARN] PackLoader:240 - Cannot read IP mode file for STMicroelectronics.X-CUBE-FREERTOS.1.2.0
2025-04-28 16:43:28,245 [WARN] PackLoader:240 - Cannot read IP mode file for STMicroelectronics.X-CUBE-AZRTOS-L5.2.0.0
2025-04-28 16:43:28,302 [WARN] PackLoader:240 - Cannot read IP mode file for STMicroelectronics.X-CUBE-NFC6.3.1.0
2025-04-28 16:43:28,347 [WARN] PackLoader:240 - Cannot read IP mode file for STMicroelectronics.X-CUBE-DPower.1.2.0
2025-04-28 16:43:28,371 [WARN] PackLoader:240 - Cannot read IP mode file for STMicroelectronics.X-CUBE-AI.9.0.0
2025-04-28 16:43:28,395 [WARN] PackLoader:240 - Cannot read IP mode file for STMicroelectronics.X-CUBE-FREERTOS.1.3.0
2025-04-28 16:43:28,423 [WARN] PackLoader:240 - Cannot read IP mode file for STMicroelectronics.X-CUBE-NFC7.1.0.1
2025-04-28 16:43:28,447 [WARN] PackLoader:240 - Cannot read IP mode file for STMicroelectronics.X-CUBE-DPower.1.3.0
2025-04-28 16:43:28,497 [WARN] ConditionMgr:438 - getConditionDescription Invalid condition id : LAN8742 Phy interface Condition cause : null
2025-04-28 16:43:28,498 [WARN] PackLoader:240 - Cannot read IP mode file for STMicroelectronics.X-CUBE-AZRTOS-L4.2.0.0
2025-04-28 16:43:28,499 [WARN] ConditionMgr:1039 - genDependencies : Invalid condition id : LAN8742 Phy interface Condition cause : null
2025-04-28 16:43:28,500 [WARN] ConditionMgr:1039 - genDependencies : Invalid condition id : LAN8742 Phy interface Condition cause : null
2025-04-28 16:43:28,500 [WARN] ConditionMgr:1039 - genDependencies : Invalid condition id : LAN8742 Phy interface Condition cause : null
2025-04-28 16:43:28,533 [WARN] PackLoader:240 - Cannot read IP mode file for STMicroelectronics.X-CUBE-SFXS2LP1.4.0.0
2025-04-28 16:43:28,572 [WARN] PackLoader:240 - Cannot read IP mode file for STMicroelectronics.X-CUBE-AZRTOS-H7.3.3.0
2025-04-28 16:43:28,605 [WARN] PackLoader:240 - Cannot read IP mode file for STMicroelectronics.X-CUBE-IPS.3.0.0
2025-04-28 16:43:28,646 [WARN] ConditionMgr:438 - getConditionDescription Invalid condition id : UX DEVICE CLASS RTOS Condition cause : null
2025-04-28 16:43:28,647 [WARN] ConditionMgr:438 - getConditionDescription Invalid condition id : UX DEVICE CLASS RTOS Condition cause : null
2025-04-28 16:43:28,649 [WARN] PackLoader:240 - Cannot read IP mode file for STMicroelectronics.X-CUBE-AZRTOS-WB.2.0.0
2025-04-28 16:43:28,650 [WARN] ConditionMgr:1039 - genDependencies : Invalid condition id : UX DEVICE CLASS RTOS Condition cause : null
2025-04-28 16:43:28,650 [WARN] ConditionMgr:1039 - genDependencies : Invalid condition id : UX DEVICE CLASS RTOS Condition cause : null
2025-04-28 16:43:28,651 [WARN] ConditionMgr:1039 - genDependencies : Invalid condition id : UX DEVICE CLASS RTOS Condition cause : null
2025-04-28 16:43:28,651 [WARN] ConditionMgr:1039 - genDependencies : Invalid condition id : UX DEVICE CLASS RTOS Condition cause : null
2025-04-28 16:43:28,651 [WARN] ConditionMgr:1039 - genDependencies : Invalid condition id : UX DEVICE CLASS RTOS Condition cause : null
2025-04-28 16:43:28,680 [WARN] PackLoader:240 - Cannot read IP mode file for STMicroelectronics.X-CUBE-GNSS1.7.0.0
2025-04-28 16:43:28,711 [WARN] PackLoader:240 - Cannot read IP mode file for STMicroelectronics.X-CUBE-GNSS1.7.0.1
2025-04-28 16:43:28,747 [WARN] PackLoader:240 - Cannot read IP mode file for STMicroelectronics.X-CUBE-TOUCHGFX.4.25.0
2025-04-28 16:43:28,793 [WARN] PackLoader:240 - Cannot read IP mode file for STMicroelectronics.FP-SNS-STBOX1.2.0.0
2025-04-28 16:43:28,833 [WARN] PackLoader:240 - Cannot read IP mode file for STMicroelectronics.X-CUBE-SUBG2.5.0.0
2025-04-28 16:43:28,893 [WARN] PackLoader:240 - Cannot read IP mode file for STMicroelectronics.X-CUBE-AZRTOS-H7RS.1.1.0
2025-04-28 16:43:28,918 [WARN] PackLoader:240 - Cannot read IP mode file for Cesanta.I-CUBE-Mongoose.7.13.0
2025-04-28 16:43:28,951 [WARN] PackLoader:240 - Cannot read IP mode file for STMicroelectronics.X-CUBE-AZRTOS-G4.2.0.0
2025-04-28 16:43:28,973 [WARN] PackLoader:240 - Cannot read IP mode file for STMicroelectronics.X-CUBE-ISPU.2.0.0
2025-04-28 16:43:28,996 [ERROR] Engine:466 - C:\Users\brady\.stm32cubemx\thirdparties\pdsc\STMicroelectronics.X-CUBE-IPS.3.1.0.pdsc: PDSC version is not supported
2025-04-28 16:43:29,015 [WARN] PackLoader:240 - Cannot read IP mode file for STMicroelectronics.X-CUBE-ALS.1.0.2
2025-04-28 16:43:29,036 [WARN] PackLoader:240 - Cannot read IP mode file for STMicroelectronics.X-CUBE-TOUCHGFX.4.24.0
2025-04-28 16:43:29,056 [WARN] PackLoader:240 - Cannot read IP mode file for STMicroelectronics.X-CUBE-TOUCHGFX.4.24.2
2025-04-28 16:43:29,077 [WARN] PackLoader:240 - Cannot read IP mode file for STMicroelectronics.X-CUBE-TOUCHGFX.4.24.1
2025-04-28 16:43:29,097 [WARN] PackLoader:240 - Cannot read IP mode file for wolfSSL.I-CUBE-wolfTPM.3.4.0
2025-04-28 16:43:29,115 [WARN] PackLoader:240 - Cannot read IP mode file for portGmbH.I-Cube-SoM-uGOAL.1.1.0
2025-04-28 16:43:29,144 [WARN] PackLoader:240 - Cannot read IP mode file for STMicroelectronics.X-CUBE-AZRTOS-H7RS.1.0.0
2025-04-28 16:43:29,163 [WARN] PackLoader:240 - Cannot read IP mode file for STMicroelectronics.FP-ATR-ASTRA1.2.0.0
2025-04-28 16:43:29,191 [WARN] PackLoader:240 - Cannot read IP mode file for STMicroelectronics.X-CUBE-TOF1.3.4.2
2025-04-28 16:43:29,219 [ERROR] Engine:466 - C:\Users\brady\.stm32cubemx\thirdparties\pdsc\STMicroelectronics.X-CUBE-TOF1.3.4.3.pdsc: PDSC version is not supported
2025-04-28 16:43:29,256 [WARN] PackLoader:240 - Cannot read IP mode file for Infineon.AIROC-Wi-Fi-Bluetooth-STM32.1.6.1
2025-04-28 16:43:29,280 [WARN] PackLoader:240 - Cannot read IP mode file for wolfSSL.I-CUBE-wolfSSH.1.4.17
2025-04-28 16:43:29,283 [INFO] ThirdParty:978 - Integrity check success = true
2025-04-28 16:43:29,283 [INFO] IntegrityCheckThread:100 - exiting critical section [integrity check]
2025-04-28 16:43:29,283 [INFO] IntegrityCheckThread:103 - End integrity checks thread
2025-04-28 16:43:29,525 [INFO] WebApp:448 - Apply proxy settings
2025-04-28 16:43:29,526 [INFO] WebApp:533 - Chromium requires no authentication
2025-04-28 16:43:29,541 [INFO] WebApp:476 - Direct internet connection detected
2025-04-28 16:43:29,575 [INFO] WebApp:869 - Register for checkConnection events
2025-04-28 16:43:29,575 [INFO] WebApp:448 - Apply proxy settings
2025-04-28 16:43:29,575 [INFO] WebApp:533 - Chromium requires no authentication
2025-04-28 16:43:29,576 [INFO] WebApp:476 - Direct internet connection detected
2025-04-28 16:43:29,707 [INFO] WebApp:186 - Connection restablished
2025-04-28 16:43:29,816 [INFO] WebApp:220 - Starting web application
2025-04-28 16:43:29,816 [INFO] WebApp:578 - Web application path used C:\ST\STM32CubeIDE_1.16.0\STM32CubeIDE\plugins\com.st.stm32cube.common.mx_6.12.0.202406281431\db\plugins\mcufinder\reactClient1\index.html
2025-04-28 16:49:09,149 [INFO] WebApp:189 - Connection lost
2025-04-28 16:49:09,585 [INFO] WebApp:186 - Connection restablished
2025-04-28 16:50:03,909 [INFO] WebApp:189 - Connection lost
2025-04-28 16:50:04,633 [INFO] WebApp:186 - Connection restablished
2025-04-28 16:50:31,054 [INFO] WebApp:189 - Connection lost
2025-04-28 16:50:31,302 [INFO] WebApp:186 - Connection restablished
2025-04-28 16:50:58,374 [INFO] WebApp:189 - Connection lost
2025-04-28 16:52:09,292 [INFO] WebApp:186 - Connection restablished
2025-04-28 16:52:12,057 [INFO] WebApp:189 - Connection lost
2025-04-28 16:52:18,048 [INFO] WebApp:186 - Connection restablished
2025-04-28 16:52:40,400 [INFO] WebApp:189 - Connection lost
2025-04-28 16:53:03,569 [INFO] WebApp:186 - Connection restablished
2025-04-28 16:53:06,368 [INFO] WebApp:189 - Connection lost
2025-04-28 16:53:51,429 [INFO] WebApp:186 - Connection restablished
2025-04-28 16:53:55,418 [INFO] WebApp:189 - Connection lost
2025-04-28 16:54:12,901 [INFO] WebApp:186 - Connection restablished
2025-04-28 16:54:16,411 [INFO] WebApp:189 - Connection lost
2025-04-28 16:54:16,564 [INFO] WebApp:186 - Connection restablished
2025-04-28 16:54:45,890 [INFO] WebApp:189 - Connection lost
2025-04-28 16:54:57,037 [INFO] WebApp:186 - Connection restablished
2025-04-28 16:55:04,765 [INFO] WebApp:189 - Connection lost
2025-04-28 16:55:09,367 [INFO] WebApp:186 - Connection restablished
2025-04-28 16:57:20,289 [INFO] WebApp:189 - Connection lost
2025-04-28 16:57:22,313 [INFO] WebApp:186 - Connection restablished
2025-04-28 17:23:34,237 [INFO] WebApp:189 - Connection lost
2025-04-28 17:23:50,277 [ERROR] LogOutputStream:75 - [STDERR_REDIRECT] 17:23:50.268 ERROR Chromium process exit code: -2,147,483,645
2025-04-28 17:23:50,277 [ERROR] LogOutputStream:75 - [STDERR_REDIRECT] 
2025-04-28 17:23:50,277 [ERROR] LogOutputStream:75 - [STDERR_REDIRECT] 17:23:50.277 ERROR Crash dump dir: C:\Users\brady\AppData\Local\JxBrowser\7.38.2\CrashReports
2025-04-28 17:23:50,277 [ERROR] LogOutputStream:75 - [STDERR_REDIRECT] 
2025-04-28 17:23:50,286 [ERROR] WebApp:397 - JxBrowser engine crashed! Exit code: -2147483645
2025-04-28 17:35:43,053 [INFO] McuFinderGlobals:63 - Set McuFinder mode to 2 (CubeIDE integrated)
2025-04-28 17:35:43,101 [INFO] MainUpdater:2873 - connection check result : 10
2025-04-28 17:35:43,114 [INFO] MainUpdater:2873 - connection check result : 10
2025-04-28 17:35:43,426 [INFO] RulesReader:64 - Compatibility file has been processed (297 Rules)
2025-04-28 17:35:43,481 [INFO] RulesReader:64 - Compatibility file has been processed (297 Rules)
2025-04-28 17:35:43,509 [INFO] MicroXplorer:468 - Change Database Path : 
2025-04-28 17:35:43,509 [INFO] MicroXplorer:498 - Change Database Version : DB.6.0.120
2025-04-28 17:35:43,551 [WARN] ThirdParty:871 - waiting for thirdparty lock release [close project]
2025-04-28 17:35:43,551 [INFO] ThirdParty:873 - entering critical section [close project]
2025-04-28 17:35:43,554 [INFO] ThirdParty:883 - exiting critical section [close project]
2025-04-28 17:35:43,558 [INFO] PinOutPanel:1561 - setPackage(No Configuration,No Configuration)
2025-04-28 17:35:43,567 [INFO] UtilMem:75 - Begin LoadConfig() Used Memory: 855484984 Bytes (1073741824)
2025-04-28 17:35:43,569 [INFO] MicroXplorer:468 - Change Database Path : 
2025-04-28 17:35:43,569 [INFO] MicroXplorer:498 - Change Database Version : DB.6.0.120
2025-04-28 17:35:43,570 [INFO] OpenFileManager:332 - Change cursor
2025-04-28 17:35:43,659 [INFO] Mcu:2032 - Initializing MCU STM32F412R(E-G)Tx STM32F412RETx STM32F412RET6
2025-04-28 17:35:46,568 [INFO] Context:742 - Trying to add GPIOservice into a context  which must be forbidden
2025-04-28 17:35:47,658 [INFO] RtosManager:555 - Registered RTOS mode: class=CMSIS, group=RTOS, mode=CMSIS_V1, owner=FREERTOS
2025-04-28 17:35:47,658 [INFO] RtosManager:555 - Registered RTOS mode: class=CMSIS, group=RTOS2, mode=CMSIS_V2, owner=FREERTOS
2025-04-28 17:35:47,658 [INFO] RtosManager:555 - Registered RTOS mode: class=RTOS, group=Core, mode=CMSIS_V1, owner=FREERTOS
2025-04-28 17:35:47,659 [INFO] RtosManager:555 - Registered RTOS mode: class=RTOS, group=Core, mode=CMSIS_V2, owner=FREERTOS
2025-04-28 17:35:47,660 [WARN] ModelIntegratedComponent:184 - Missing modes for component STMicroelectronics:FreeRTOS:0.0.1:STMicroelectronics:RTOS:FreeRTOS:Core:::10.2.0:
2025-04-28 17:35:47,671 [WARN] ModelIntegratedComponent:182 - Modes not found for component STMicroelectronics:USB_HOST:1.0.0:STMicroelectronics:USB::USB Host:Audio HS::1.0:USB_HOST_1_0_RESTRICTED_HS
2025-04-28 17:35:47,671 [WARN] ModelIntegratedComponent:188 - Modes not found for component STMicroelectronics:USB_HOST:1.0.0:STMicroelectronics:USB::USB Host:Audio HS::1.0:USB_HOST_1_0_RESTRICTED_HS
2025-04-28 17:35:47,671 [WARN] ModelIntegratedComponent:182 - Modes not found for component STMicroelectronics:USB_HOST:1.0.0:STMicroelectronics:USB::USB Host:CDC HS::1.0:USB_HOST_1_0_RESTRICTED_HS
2025-04-28 17:35:47,671 [WARN] ModelIntegratedComponent:188 - Modes not found for component STMicroelectronics:USB_HOST:1.0.0:STMicroelectronics:USB::USB Host:CDC HS::1.0:USB_HOST_1_0_RESTRICTED_HS
2025-04-28 17:35:47,671 [WARN] ModelIntegratedComponent:182 - Modes not found for component STMicroelectronics:USB_HOST:1.0.0:STMicroelectronics:USB::USB Host:MSC HS::1.0:USB_HOST_1_0_RESTRICTED_HS
2025-04-28 17:35:47,671 [WARN] ModelIntegratedComponent:188 - Modes not found for component STMicroelectronics:USB_HOST:1.0.0:STMicroelectronics:USB::USB Host:MSC HS::1.0:USB_HOST_1_0_RESTRICTED_HS
2025-04-28 17:35:47,671 [WARN] ModelIntegratedComponent:182 - Modes not found for component STMicroelectronics:USB_HOST:1.0.0:STMicroelectronics:USB::USB Host:HID HS::1.0:USB_HOST_1_0_RESTRICTED_HS
2025-04-28 17:35:47,671 [WARN] ModelIntegratedComponent:188 - Modes not found for component STMicroelectronics:USB_HOST:1.0.0:STMicroelectronics:USB::USB Host:HID HS::1.0:USB_HOST_1_0_RESTRICTED_HS
2025-04-28 17:35:47,671 [WARN] ModelIntegratedComponent:182 - Modes not found for component STMicroelectronics:USB_HOST:1.0.0:STMicroelectronics:USB::USB Host:MTP HS::1.0:USB_HOST_1_0_RESTRICTED_HS
2025-04-28 17:35:47,671 [WARN] ModelIntegratedComponent:188 - Modes not found for component STMicroelectronics:USB_HOST:1.0.0:STMicroelectronics:USB::USB Host:MTP HS::1.0:USB_HOST_1_0_RESTRICTED_HS
2025-04-28 17:35:47,696 [WARN] ModelIntegratedComponent:63 - No mode defined for component null
2025-04-28 17:35:47,696 [WARN] ModelIntegratedComponent:63 - No mode defined for component null
2025-04-28 17:35:47,697 [WARN] ModelIntegratedComponent:63 - No mode defined for component null
2025-04-28 17:35:47,697 [WARN] ModelIntegratedComponent:63 - No mode defined for component null
2025-04-28 17:35:47,697 [WARN] ModelIntegratedComponent:63 - No mode defined for component null
2025-04-28 17:35:47,697 [WARN] ModelIntegratedComponent:63 - No mode defined for component null
2025-04-28 17:35:47,698 [WARN] ModelIntegratedComponent:63 - No mode defined for component null
2025-04-28 17:35:47,698 [WARN] ModelIntegratedComponent:63 - No mode defined for component null
2025-04-28 17:35:47,698 [WARN] ModelIntegratedComponent:63 - No mode defined for component null
2025-04-28 17:35:47,698 [WARN] ModelIntegratedComponent:63 - No mode defined for component null
2025-04-28 17:35:47,698 [WARN] ModelIntegratedComponent:63 - No mode defined for component null
2025-04-28 17:35:47,698 [WARN] ModelIntegratedComponent:63 - No mode defined for component null
2025-04-28 17:35:47,698 [WARN] ModelIntegratedComponent:63 - No mode defined for component null
2025-04-28 17:35:47,698 [WARN] ModelIntegratedComponent:63 - No mode defined for component null
2025-04-28 17:35:47,699 [WARN] ModelIntegratedComponent:63 - No mode defined for component null
2025-04-28 17:35:47,699 [WARN] ModelIntegratedComponent:63 - No mode defined for component null
2025-04-28 17:35:47,700 [WARN] ModelIntegratedComponent:63 - No mode defined for component null
2025-04-28 17:35:47,700 [WARN] ModelIntegratedComponent:63 - No mode defined for component null
2025-04-28 17:35:47,700 [WARN] ModelIntegratedComponent:63 - No mode defined for component null
2025-04-28 17:35:47,700 [WARN] ModelIntegratedComponent:63 - No mode defined for component null
2025-04-28 17:35:47,700 [WARN] ModelIntegratedComponent:63 - No mode defined for component null
2025-04-28 17:35:47,700 [WARN] ModelIntegratedComponent:63 - No mode defined for component null
2025-04-28 17:35:47,700 [WARN] ModelIntegratedComponent:63 - No mode defined for component null
2025-04-28 17:35:47,701 [WARN] ModelIntegratedComponent:63 - No mode defined for component null
2025-04-28 17:35:47,702 [WARN] ModelIntegratedComponent:63 - No mode defined for component null
2025-04-28 17:35:47,702 [WARN] ModelIntegratedComponent:63 - No mode defined for component null
2025-04-28 17:35:47,702 [WARN] ModelIntegratedComponent:63 - No mode defined for component null
2025-04-28 17:35:47,703 [WARN] ModelIntegratedComponent:63 - No mode defined for component null
2025-04-28 17:35:47,703 [WARN] ModelIntegratedComponent:63 - No mode defined for component null
2025-04-28 17:35:47,703 [WARN] ModelIntegratedComponent:63 - No mode defined for component null
2025-04-28 17:35:47,703 [WARN] ModelIntegratedComponent:63 - No mode defined for component null
2025-04-28 17:35:47,703 [WARN] ModelIntegratedComponent:63 - No mode defined for component null
2025-04-28 17:35:47,703 [WARN] ModelIntegratedComponent:63 - No mode defined for component null
2025-04-28 17:35:47,703 [WARN] ModelIntegratedComponent:63 - No mode defined for component null
2025-04-28 17:35:47,703 [WARN] ModelIntegratedComponent:63 - No mode defined for component null
2025-04-28 17:35:47,704 [WARN] ModelPack:524 - Component already loaded: STMicroelectronics:HAL Drivers:0.0.0:STMicroelectronics:Device:STMicro_Driver:XSPI:HAL::0.0.1:HAL_XSPI
2025-04-28 17:35:47,900 [WARN] ModelIntegratedComponent:182 - Modes not found for component STMicroelectronics:USB_DEVICE:1.0.0:STMicroelectronics:USB::USB Device:Audio HS::1.0:USB_DEVICE_1_0_RESTRICTED_HS
2025-04-28 17:35:47,901 [WARN] ModelIntegratedComponent:188 - Modes not found for component STMicroelectronics:USB_DEVICE:1.0.0:STMicroelectronics:USB::USB Device:Audio HS::1.0:USB_DEVICE_1_0_RESTRICTED_HS
2025-04-28 17:35:47,901 [WARN] ModelIntegratedComponent:182 - Modes not found for component STMicroelectronics:USB_DEVICE:1.0.0:STMicroelectronics:USB::USB Device:CDC HS::1.0:USB_DEVICE_1_0_RESTRICTED_HS
2025-04-28 17:35:47,902 [WARN] ModelIntegratedComponent:188 - Modes not found for component STMicroelectronics:USB_DEVICE:1.0.0:STMicroelectronics:USB::USB Device:CDC HS::1.0:USB_DEVICE_1_0_RESTRICTED_HS
2025-04-28 17:35:47,902 [WARN] ModelIntegratedComponent:182 - Modes not found for component STMicroelectronics:USB_DEVICE:1.0.0:STMicroelectronics:USB::USB Device:DFU HS::1.0:USB_DEVICE_1_0_RESTRICTED_HS
2025-04-28 17:35:47,903 [WARN] ModelIntegratedComponent:188 - Modes not found for component STMicroelectronics:USB_DEVICE:1.0.0:STMicroelectronics:USB::USB Device:DFU HS::1.0:USB_DEVICE_1_0_RESTRICTED_HS
2025-04-28 17:35:47,903 [WARN] ModelIntegratedComponent:182 - Modes not found for component STMicroelectronics:USB_DEVICE:1.0.0:STMicroelectronics:USB::USB Device:HID HS::1.0:USB_DEVICE_1_0_RESTRICTED_HS
2025-04-28 17:35:47,903 [WARN] ModelIntegratedComponent:188 - Modes not found for component STMicroelectronics:USB_DEVICE:1.0.0:STMicroelectronics:USB::USB Device:HID HS::1.0:USB_DEVICE_1_0_RESTRICTED_HS
2025-04-28 17:35:47,903 [WARN] ModelIntegratedComponent:182 - Modes not found for component STMicroelectronics:USB_DEVICE:1.0.0:STMicroelectronics:USB::USB Device:Custom HID HS::1.0:USB_DEVICE_1_0_RESTRICTED_HS
2025-04-28 17:35:47,904 [WARN] ModelIntegratedComponent:188 - Modes not found for component STMicroelectronics:USB_DEVICE:1.0.0:STMicroelectronics:USB::USB Device:Custom HID HS::1.0:USB_DEVICE_1_0_RESTRICTED_HS
2025-04-28 17:35:47,904 [WARN] ModelIntegratedComponent:182 - Modes not found for component STMicroelectronics:USB_DEVICE:1.0.0:STMicroelectronics:USB::USB Device:MSC HS::1.0:USB_DEVICE_1_0_RESTRICTED_HS
2025-04-28 17:35:47,904 [WARN] ModelIntegratedComponent:188 - Modes not found for component STMicroelectronics:USB_DEVICE:1.0.0:STMicroelectronics:USB::USB Device:MSC HS::1.0:USB_DEVICE_1_0_RESTRICTED_HS
2025-04-28 17:35:47,967 [INFO] ThirdPartyModel:298 - Start build external matchings
2025-04-28 17:35:48,747 [INFO] ThirdPartyModel:316 - End build external matchings
2025-04-28 17:35:48,791 [INFO] ImportTextPane:205 - (OptionalMessage_ERROR) IP (RCC) : Invalid parameter (FamilyName)
2025-04-28 17:35:48,794 [INFO] ImportTextPane:205 - (OptionalMessage_ERROR) IP (RCC) : Parameter (RNGFreq_Value) has invalid value (192000000)
2025-04-28 17:35:48,794 [INFO] ImportTextPane:205 - (OptionalMessage_ERROR) IP (RCC) : Parameter (SDIOFreq_Value) has invalid value (192000000)
2025-04-28 17:35:48,794 [INFO] ImportTextPane:205 - (OptionalMessage_ERROR) IP (RCC) : Parameter (USBFreq_Value) has invalid value (192000000)
2025-04-28 17:35:49,366 [INFO] ApiDb:581 - Connected to CubeFinder SQLite database (C:\Users\brady\.stmcufinder\plugins\mcufinder\mcu\cube-finder-db.db)
2025-04-28 17:35:49,493 [INFO] ApiDb:668 - CubeFinder database Data Model version=2.1
2025-04-28 17:35:49,493 [INFO] ApiDb:669 - CubeFinder database Configuration version=3.0.39
2025-04-28 17:35:49,495 [INFO] ApiDb:670 - CubeFinder database generation date=2025-02-07 (1738919966)
2025-04-28 17:35:49,495 [INFO] ApiDb:671 - CubeFinder database FW Pack versions=[FP-ATR-ASTRA1_V2.0.0, FP-SNS-FLIGHT1_V5.0.2, FP-SNS-MOTENV1_V5.0.0, FP-SNS-MOTENVWB1_V1.4.0, FP-SNS-SMARTAG2_V1.2.0, FP-SNS-STBOX1_V2.0.0, STM32Cube_FW_C0_V1.3.0, STM32Cube_FW_F4_V1.28.1, STM32Cube_FW_F7_V1.17.2, STM32Cube_FW_G0_V1.6.2, STM32Cube_FW_G4_V1.6.1, STM32Cube_FW_H5_V1.4.0, STM32Cube_FW_H7RS_V1.1.0, STM32Cube_FW_H7_V1.12.0, STM32Cube_FW_L0_V1.12.2, STM32Cube_FW_L4_V1.18.1, STM32Cube_FW_L5_V1.5.1, STM32Cube_FW_N6_V1.0.0, STM32Cube_FW_U0_V1.2.0, STM32Cube_FW_U3_V1.0.0, STM32Cube_FW_U5_V1.7.0, STM32Cube_FW_WB0_V1.1.0, STM32Cube_FW_WBA_V1.5.0, STM32Cube_FW_WB_V1.21.0, STM32Cube_FW_WL3_V1.0.0, STM32Cube_FW_WL_V1.3.0, X-CUBE-ALGOBUILD_V1.4.0, X-CUBE-ALS_V1.0.2, X-CUBE-AZRTOS-F4_V1.1.0, X-CUBE-AZRTOS-F7_V1.1.0, X-CUBE-AZRTOS-G0_V1.1.0, X-CUBE-AZRTOS-G4_V2.0.0, X-CUBE-AZRTOS-H7RS_V1.0.0, X-CUBE-AZRTOS-H7_V3.3.0, X-CUBE-AZRTOS-L4_V2.0.0, X-CUBE-AZRTOS-L5_V2.0.0, X-CUBE-AZRTOS-WB_V2.0.0, X-CUBE-AZRTOS-WL_V2.0.0, X-CUBE-BLE1_V7.0.0, X-CUBE-BLE2_V3.3.0, X-CUBE-BLEMGR_V4.0.0, X-CUBE-EEPRMA1_V5.1.0, X-CUBE-FREERTOS_V1.2.0, X-CUBE-GNSS1_V6.0.0, X-CUBE-MEMS1_V11.1.0, X-CUBE-NFC4_V3.0.0, X-CUBE-NFC7_V1.0.1, X-CUBE-SFXS2LP1_V4.0.0, X-CUBE-SUBG2_V5.0.0, X-CUBE-TOF1_V3.4.2]
2025-04-28 17:35:49,725 [INFO] DbBoardsSqlite:226 - include board P-NUCLEO-WB55-NUCLEO as a kit item of type 'Nucleo-64'
2025-04-28 17:35:49,725 [INFO] DbBoardsSqlite:226 - include board P-NUCLEO-WB55-USBDONGLE as a kit item of type 'Nucleo USB Dongle'
2025-04-28 17:35:49,728 [INFO] DbBoardsSqlite:226 - include board STEVAL-IDP005V1 as a kit item of type 'Evaluation Board'
2025-04-28 17:35:49,728 [INFO] DbBoardsSqlite:226 - include board STEVAL-IDP005V2 as a kit item of type 'Evaluation Board'
2025-04-28 17:35:50,205 [INFO] ApiDb:240 - Found 646 in-development CPN: [B-G473E-ZEST1S, B-WB1M-WPAN1, B-WL5M-SUBG1, NUCLEO-C031C6, NUCLEO-C071RB, NUCLEO-H503RB, NUCLEO-H533RE, NUCLEO-H563ZI, NUCLEO-H7S3L8, NUCLEO-U031R8, NUCLEO-U083RC, NUCLEO-U545RE-Q, NUCLEO-U5A5ZJ-Q, NUCLEO-WB05KZ, NUCLEO-WB07CC, NUCLEO-WB09KE, NUCLEO-WBA52CG, NUCLEO-WBA55CG, STEVAL-PROTEUS1, STEVAL-SMARTAG2, STEVAL-STWINBX1, STM320518-EVAL, STM32C0116-DK, STM32C011D6Y3TR, STM32C011D6Y6TR, STM32C011F4P3, STM32C011F4P6, STM32C011F4U3, STM32C011F4U6TR, STM32C011F6P3, STM32C011F6P6, STM32C011F6U3, STM32C011F6U6TR, STM32C011J4M3, STM32C011J4M6, STM32C011J6M3, STM32C011J6M6, STM32C0316-DK, STM32C031C4T3, STM32C031C4T6, STM32C031C4U3, STM32C031C4U6, STM32C031C6T3, STM32C031C6T6, STM32C031C6U3, STM32C031C6U6, STM32C031F4P3, STM32C031F4P6, STM32C031F6P3, STM32C031F6P6, STM32C031G4U3, STM32C031G4U6, STM32C031G6U3, STM32C031G6U6, STM32C031K4T3, STM32C031K4T6, STM32C031K4U3, STM32C031K4U6, STM32C031K6T3, STM32C031K6T6, STM32C031K6U3, STM32C031K6U6, STM32C071C8T6, STM32C071C8T6N, STM32C071C8U6, STM32C071C8U6N, STM32C071CBT6, STM32C071CBT6N, STM32C071CBU6, STM32C071CBU6N, STM32C071F8P6, STM32C071F8P6N, STM32C071FBP6, STM32C071FBP6N, STM32C071FBY6TR, STM32C071G8U6, STM32C071G8U6N, STM32C071GBU6, STM32C071GBU6N, STM32C071K8T6, STM32C071K8T6N, STM32C071K8U6, STM32C071K8U6N, STM32C071KBT6, STM32C071KBT6N, STM32C071KBU6, STM32C071KBU6N, STM32C071R8T6, STM32C071R8T6N, STM32C071RBI6N, STM32C071RBT6, STM32C071RBT6N, STM32G071K8TXN, STM32G071K8UXN, STM32G081GBU6N, STM32G081KBT6N, STM32G081KBUXN, STM32G0B1CCT6N, STM32G0B1KCT6, STM32G0B1NEY6TR, STM32G0B1RCT6N, STM32G0C1CCT6, STM32G0C1CCT6N, STM32G0C1CCU6N, STM32G0C1CET6N, STM32G0C1CEU6N, STM32G0C1KCT6, STM32G0C1NEY6TR, STM32G0C1RCI6N, STM32G0C1RCT6N, STM32G0C1REI6N, STM32G0C1RET6N, STM32G0C1VCI6, STM32G0C1VEI6, STM32G411C6T3, STM32G411C6T6, STM32G411C6U3, STM32G411C6U6, STM32G411C8T3, STM32G411C8T6, STM32G411C8U3, STM32G411C8U6, STM32G411CBT3, STM32G411CBT6, STM32G411CBU3, STM32G411CBU6, STM32G411K6T3, STM32G411K6T6, STM32G411K6U3, STM32G411K6U6, STM32G411K8T3, STM32G411K8T6, STM32G411K8U3, STM32G411K8U6, STM32G411KBT3, STM32G411KBT6, STM32G411KBU3, STM32G411KBU6, STM32G411M6T3, STM32G411M6T6, STM32G411M8T3, STM32G411M8T6, STM32G411MBT3, STM32G411MBT6, STM32G411R6T3, STM32G411R6T6, STM32G411R8T3, STM32G411R8T6, STM32G411RBT3, STM32G411RBT6, STM32G414CBT3, STM32G414CBT6, STM32G414CBU3, STM32G414CBU6, STM32G414CCT3, STM32G414CCT6, STM32G414CCU3, STM32G414CCU6, STM32G414MBT3, STM32G414MBT6, STM32G414MCT3, STM32G414MCT6, STM32G414RBT3, STM32G414RBT6, STM32G414RCT3, STM32G414RCT6, STM32G414VBT3, STM32G414VBT6, STM32G414VCT3, STM32G414VCT6, STM32G431CBT3Z, STM32G431RBT3Z, STM32G471CCT6, STM32G471CCU6, STM32G471CET3, STM32G471CET6, STM32G471CEU3, STM32G471CEU6, STM32G471MCT6, STM32G471MET3, STM32G471MET6, STM32G471MEY6TR, STM32G471QCT6, STM32G471QET3, STM32G471RCT6, STM32G471RET3, STM32G471RET6, STM32G471VCH6, STM32G471VCI6, STM32G471VCT6, STM32G471VEH3, STM32G471VEH6, STM32G471VEI3, STM32G471VEI6, STM32G471VET3, STM32G471VET6, STM32G473QET3Z, STM32G473RET3Z, STM32G474CCT6, STM32G491RET3Z, STM32H503CBT6, STM32H503CBU6, STM32H503EBY6TR, STM32H503KBU6, STM32H503RBT6, STM32H523CCT6, STM32H523CCU6, STM32H523CET6, STM32H523CEU6, STM32H523HEY6TR, STM32H523RCT6, STM32H523RET6, STM32H523VCI6, STM32H523VCT6, STM32H523VEI6, STM32H523VET6, STM32H523ZCJ6, STM32H523ZCT6, STM32H523ZEJ6, STM32H523ZET6, STM32H533CET6, STM32H533CEU6, STM32H533HEY6TR, STM32H533RET6, STM32H533VEI6, STM32H533VET6, STM32H533ZEJ6, STM32H533ZET6, STM32H562AGI6, STM32H562AII6, STM32H562IGK6, STM32H562IGT6, STM32H562IIK6, STM32H562IIT6, STM32H562RGT6, STM32H562RGV6, STM32H562RIT6, STM32H562RIV6, STM32H562VGT6, STM32H562VIT6, STM32H562ZGT6, STM32H562ZIT6, STM32H563AGI6, STM32H563AII3Q, STM32H563AII6, STM32H563IGK6, STM32H563IGT6, STM32H563IIK3Q, STM32H563IIK6, STM32H563IIT3Q, STM32H563IIT6, STM32H563MIY3QTR, STM32H563RGT6, STM32H563RGV6, STM32H563RIT6, STM32H563RIV6, STM32H563VGT6, STM32H563VIT3Q, STM32H563VIT6, STM32H563ZGT6, STM32H563ZIT3Q, STM32H563ZIT6, STM32H573AII3Q, STM32H573AII6, STM32H573I-DK, STM32H573IIK3Q, STM32H573IIK6, STM32H573IIT3Q, STM32H573IIT6, STM32H573MIY3QTR, STM32H573RIT6, STM32H573RIV6, STM32H573VIT3Q, STM32H573VIT6, STM32H573ZIT3Q, STM32H573ZIT6, STM32H7R3A8I6, STM32H7R3I8K6, STM32H7R3I8T6, STM32H7R3L8H6, STM32H7R3L8H6H, STM32H7R3R8V6, STM32H7R3V8H6, STM32H7R3V8T6, STM32H7R3V8Y6TR, STM32H7R3Z8J6, STM32H7R3Z8T6, STM32H7R7A8I6, STM32H7R7I8K6, STM32H7R7I8T6, STM32H7R7L8H6, STM32H7R7L8H6H, STM32H7R7Z8J6, STM32H7S3A8I6, STM32H7S3I8K6, STM32H7S3I8T6, STM32H7S3L8H6, STM32H7S3L8H6H, STM32H7S3R8V6, STM32H7S3V8H6, STM32H7S3V8T6, STM32H7S3V8Y6TR, STM32H7S3Z8J6, STM32H7S3Z8T6, STM32H7S78-DK, STM32H7S7A8I6, STM32H7S7I8K6, STM32H7S7I8T6, STM32H7S7L8H6, STM32H7S7L8H6H, STM32H7S7Z8J6, STM32L4R5QGI6STR, STM32MP131AAE3, STM32MP131AAF3, STM32MP131AAG3, STM32MP131CAE3, STM32MP131CAF3, STM32MP131CAG3, STM32MP131DAE7, STM32MP131DAF7, STM32MP131DAG7, STM32MP131FAE7, STM32MP131FAF7, STM32MP131FAG7, STM32MP133AAE3, STM32MP133AAF3, STM32MP133AAG3, STM32MP133CAE3, STM32MP133CAF3, STM32MP133CAG3, STM32MP133DAE7, STM32MP133DAF7, STM32MP133DAG7, STM32MP133FAE7, STM32MP133FAF7, STM32MP133FAG7, STM32MP135AAE3, STM32MP135AAF3, STM32MP135AAG3, STM32MP135CAE3, STM32MP135CAF3, STM32MP135CAG3, STM32MP135DAE7, STM32MP135DAF7, STM32MP135DAG7, STM32MP135F-DK, STM32MP135FAE7, STM32MP135FAF7, STM32MP135FAF7T, STM32MP135FAF7U, STM32MP135FAG7, STM32MP251AAI3, STM32MP251AAK3, STM32MP251AAL3, STM32MP251CAI3, STM32MP251CAK3, STM32MP251CAL3, STM32MP251DAI3, STM32MP251DAK3, STM32MP251DAL3, STM32MP251FAI3, STM32MP251FAK3, STM32MP251FAL3, STM32MP253AAI3, STM32MP253AAK3, STM32MP253AAL3, STM32MP253CAI3, STM32MP253CAK3, STM32MP253CAL3, STM32MP253DAI3, STM32MP253DAK3, STM32MP253DAL3, STM32MP253FAI3, STM32MP253FAK3, STM32MP253FAL3, STM32MP255AAI3, STM32MP255AAK3, STM32MP255AAL3, STM32MP255CAI3, STM32MP255CAK3, STM32MP255CAL3, STM32MP255DAI3, STM32MP255DAK3, STM32MP255DAL3, STM32MP255FAI3, STM32MP255FAK3, STM32MP255FAL3, STM32MP257AAI3, STM32MP257AAK3, STM32MP257AAL3, STM32MP257CAI3, STM32MP257CAK3, STM32MP257CAL3, STM32MP257DAI3, STM32MP257DAK3, STM32MP257DAL3, STM32MP257F-DK, STM32MP257F-EV1, STM32MP257FAI3, STM32MP257FAK3, STM32MP257FAL3, STM32U031C6T6, STM32U031C6U6, STM32U031C8T6, STM32U031C8U6, STM32U031F4P6, STM32U031F6P6, STM32U031F8P6, STM32U031G6Y6TR, STM32U031G8Y6TR, STM32U031K4U6, STM32U031K6U6, STM32U031K8U6, STM32U031R6I6, STM32U031R6T6, STM32U031R8I6, STM32U031R8T6, STM32U073C8T6, STM32U073C8U6, STM32U073CBT6, STM32U073CBU6, STM32U073CCT6, STM32U073CCU6, STM32U073H8Y6TR, STM32U073HBY6TR, STM32U073HCY6TR, STM32U073K8U6, STM32U073KBU6, STM32U073KCU6, STM32U073M8I6, STM32U073M8T6, STM32U073MBI6, STM32U073MBT6, STM32U073MCI6, STM32U073MCT6, STM32U073R8I6, STM32U073R8T6, STM32U073RBI6, STM32U073RBT6, STM32U073RCI6, STM32U073RCT6, STM32U083C-DK, STM32U083CCT6, STM32U083CCU6, STM32U083HCY6TR, STM32U083KCU6, STM32U083MCI6, STM32U083MCT6, STM32U083RCI6, STM32U083RCT6, STM32U535CBT6, STM32U535CBT6Q, STM32U535CBU6, STM32U535CBU6Q, STM32U535CCT6, STM32U535CCT6Q, STM32U535CCU6, STM32U535CCU6Q, STM32U535CET6, STM32U535CET6Q, STM32U535CEU6, STM32U535CEU6Q, STM32U535JEY6QTR, STM32U535NCY6QTR, STM32U535NEY6QTR, STM32U535RBI6, STM32U535RBI6Q, STM32U535RBT6, STM32U535RBT6Q, STM32U535RCI6, STM32U535RCI6Q, STM32U535RCT6, STM32U535RCT6Q, STM32U535REI6, STM32U535REI6Q, STM32U535RET6, STM32U535RET6Q, STM32U535VCI6, STM32U535VCI6Q, STM32U535VCT6, STM32U535VCT6Q, STM32U535VEI6, STM32U535VEI6Q, STM32U535VET6, STM32U535VET6Q, STM32U545CET6, STM32U545CET6Q, STM32U545CEU6, STM32U545CEU6Q, STM32U545JEY6QTR, STM32U545NEY6QTR, STM32U545REI6, STM32U545REI6Q, STM32U545RET6, STM32U545RET6Q, STM32U545VEI6, STM32U545VEI6Q, STM32U545VET6, STM32U545VET6Q, STM32U595AIH6, STM32U595AIH6Q, STM32U595AJH6, STM32U595AJH6Q, STM32U595QII6, STM32U595QII6Q, STM32U595QJI6, STM32U595QJI6Q, STM32U595RIT6, STM32U595RIT6Q, STM32U595RJT6, STM32U595RJT6Q, STM32U595VIT6, STM32U595VIT6Q, STM32U595VJT6, STM32U595VJT6Q, STM32U595ZIT6, STM32U595ZIT6Q, STM32U595ZIY6QTR, STM32U595ZJT6, STM32U595ZJT6Q, STM32U595ZJY6QTR, STM32U599BJY6QTR, STM32U599NIH6Q, STM32U599NJH6Q, STM32U599VIT6Q, STM32U599VJT6, STM32U599VJT6Q, STM32U599ZIT6Q, STM32U599ZIY6QTR, STM32U599ZJT6Q, STM32U599ZJY6QTR, STM32U5A5AJH6, STM32U5A5AJH6Q, STM32U5A5QII3Q , STM32U5A5QJI6, STM32U5A5QJI6Q, STM32U5A5RJT6, STM32U5A5RJT6Q, STM32U5A5VJT6, STM32U5A5VJT6Q, STM32U5A5ZJT6, STM32U5A5ZJT6Q, STM32U5A5ZJY6QTR, STM32U5A9BJY6QTR, STM32U5A9J-DK, STM32U5A9NJH6Q, STM32U5A9VJT6Q, STM32U5A9ZJT6Q, STM32U5A9ZJY6QTR, STM32U5F7VIT6, STM32U5F7VIT6Q, STM32U5F7VJT6, STM32U5F7VJT6Q, STM32U5F9BJY6QTR, STM32U5F9NJH6Q, STM32U5F9VIT6Q, STM32U5F9VJT6Q, STM32U5F9ZIJ6QTR, STM32U5F9ZIT6Q, STM32U5F9ZJJ6QTR, STM32U5F9ZJT6Q, STM32U5G7VJT6, STM32U5G7VJT6Q, STM32U5G9BJY6QTR, STM32U5G9J-DK1, STM32U5G9J-DK2, STM32U5G9NJH6Q, STM32U5G9VJT6Q, STM32U5G9ZJJ6QTR, STM32U5G9ZJT6Q, STM32WB05KZV6TR, STM32WB05KZV7TR, STM32WB05TZF6TR, STM32WB05TZF7TR, STM32WB06CCF6TR, STM32WB06CCF7TR, STM32WB06CCV6TR, STM32WB06CCV7TR, STM32WB06KCV6TR, STM32WB06KCV7TR, STM32WB07CCF6TR, STM32WB07CCF7TR, STM32WB07CCV6TR, STM32WB07CCV7TR, STM32WB07KCV6TR, STM32WB07KCV7TR, STM32WB09KEV6TR, STM32WB09KEV7TR, STM32WB09TEF6TR, STM32WB09TEF7TR, STM32WB1MMCH6, STM32WBA50KGU6, STM32WBA50KGU6TR, STM32WBA52CEU6, STM32WBA52CEU6TR, STM32WBA52CEU7, STM32WBA52CEU7TR, STM32WBA52CGU6, STM32WBA52CGU6TR, STM32WBA52CGU6U, STM32WBA52CGU7, STM32WBA52CGU7TR, STM32WBA52KEU6, STM32WBA52KEU6TR, STM32WBA52KGU6, STM32WBA52KGU6TR, STM32WBA54CEU6, STM32WBA54CEU6TR, STM32WBA54CEU7, STM32WBA54CEU7TR, STM32WBA54CGU6, STM32WBA54CGU6TR, STM32WBA54CGU7, STM32WBA54CGU7TR, STM32WBA54KEU6, STM32WBA54KEU6TR, STM32WBA54KEU7, STM32WBA54KEU7TR, STM32WBA54KGU6, STM32WBA54KGU6TR, STM32WBA54KGU7, STM32WBA54KGU7TR, STM32WBA55CEU6, STM32WBA55CEU6TR, STM32WBA55CEU7, STM32WBA55CEU7TR, STM32WBA55CGU6, STM32WBA55CGU6TR, STM32WBA55CGU6U, STM32WBA55CGU7, STM32WBA55CGU7TR, STM32WBA55G-DK1, STM32WBA55HEF6, STM32WBA55HEF7, STM32WBA55HGF6, STM32WBA55HGF7, STM32WBA55UEI6, STM32WBA55UEI6TR, STM32WBA55UEI7, STM32WBA55UEI7TR, STM32WBA55UGI6, STM32WBA55UGI6TR, STM32WBA55UGI7, STM32WBA55UGI7TR, STM32WL5MOCH6, STM32WL5MOCH6TR]
2025-04-28 17:35:50,209 [INFO] ApiDb:668 - CubeFinder database Data Model version=2.1
2025-04-28 17:35:50,209 [INFO] ApiDb:669 - CubeFinder database Configuration version=3.0.39
2025-04-28 17:35:50,209 [INFO] ApiDb:670 - CubeFinder database generation date=2025-02-07 (1738919966)
2025-04-28 17:35:50,209 [INFO] ApiDb:671 - CubeFinder database FW Pack versions=[FP-ATR-ASTRA1_V2.0.0, FP-SNS-FLIGHT1_V5.0.2, FP-SNS-MOTENV1_V5.0.0, FP-SNS-MOTENVWB1_V1.4.0, FP-SNS-SMARTAG2_V1.2.0, FP-SNS-STBOX1_V2.0.0, STM32Cube_FW_C0_V1.3.0, STM32Cube_FW_F4_V1.28.1, STM32Cube_FW_F7_V1.17.2, STM32Cube_FW_G0_V1.6.2, STM32Cube_FW_G4_V1.6.1, STM32Cube_FW_H5_V1.4.0, STM32Cube_FW_H7RS_V1.1.0, STM32Cube_FW_H7_V1.12.0, STM32Cube_FW_L0_V1.12.2, STM32Cube_FW_L4_V1.18.1, STM32Cube_FW_L5_V1.5.1, STM32Cube_FW_N6_V1.0.0, STM32Cube_FW_U0_V1.2.0, STM32Cube_FW_U3_V1.0.0, STM32Cube_FW_U5_V1.7.0, STM32Cube_FW_WB0_V1.1.0, STM32Cube_FW_WBA_V1.5.0, STM32Cube_FW_WB_V1.21.0, STM32Cube_FW_WL3_V1.0.0, STM32Cube_FW_WL_V1.3.0, X-CUBE-ALGOBUILD_V1.4.0, X-CUBE-ALS_V1.0.2, X-CUBE-AZRTOS-F4_V1.1.0, X-CUBE-AZRTOS-F7_V1.1.0, X-CUBE-AZRTOS-G0_V1.1.0, X-CUBE-AZRTOS-G4_V2.0.0, X-CUBE-AZRTOS-H7RS_V1.0.0, X-CUBE-AZRTOS-H7_V3.3.0, X-CUBE-AZRTOS-L4_V2.0.0, X-CUBE-AZRTOS-L5_V2.0.0, X-CUBE-AZRTOS-WB_V2.0.0, X-CUBE-AZRTOS-WL_V2.0.0, X-CUBE-BLE1_V7.0.0, X-CUBE-BLE2_V3.3.0, X-CUBE-BLEMGR_V4.0.0, X-CUBE-EEPRMA1_V5.1.0, X-CUBE-FREERTOS_V1.2.0, X-CUBE-GNSS1_V6.0.0, X-CUBE-MEMS1_V11.1.0, X-CUBE-NFC4_V3.0.0, X-CUBE-NFC7_V1.0.1, X-CUBE-SFXS2LP1_V4.0.0, X-CUBE-SUBG2_V5.0.0, X-CUBE-TOF1_V3.4.2]
2025-04-28 17:35:52,641 [INFO] ApiDb:240 - Found 646 in-development CPN: [B-G473E-ZEST1S, B-WB1M-WPAN1, B-WL5M-SUBG1, NUCLEO-C031C6, NUCLEO-C071RB, NUCLEO-H503RB, NUCLEO-H533RE, NUCLEO-H563ZI, NUCLEO-H7S3L8, NUCLEO-U031R8, NUCLEO-U083RC, NUCLEO-U545RE-Q, NUCLEO-U5A5ZJ-Q, NUCLEO-WB05KZ, NUCLEO-WB07CC, NUCLEO-WB09KE, NUCLEO-WBA52CG, NUCLEO-WBA55CG, STEVAL-PROTEUS1, STEVAL-SMARTAG2, STEVAL-STWINBX1, STM320518-EVAL, STM32C0116-DK, STM32C011D6Y3TR, STM32C011D6Y6TR, STM32C011F4P3, STM32C011F4P6, STM32C011F4U3, STM32C011F4U6TR, STM32C011F6P3, STM32C011F6P6, STM32C011F6U3, STM32C011F6U6TR, STM32C011J4M3, STM32C011J4M6, STM32C011J6M3, STM32C011J6M6, STM32C0316-DK, STM32C031C4T3, STM32C031C4T6, STM32C031C4U3, STM32C031C4U6, STM32C031C6T3, STM32C031C6T6, STM32C031C6U3, STM32C031C6U6, STM32C031F4P3, STM32C031F4P6, STM32C031F6P3, STM32C031F6P6, STM32C031G4U3, STM32C031G4U6, STM32C031G6U3, STM32C031G6U6, STM32C031K4T3, STM32C031K4T6, STM32C031K4U3, STM32C031K4U6, STM32C031K6T3, STM32C031K6T6, STM32C031K6U3, STM32C031K6U6, STM32C071C8T6, STM32C071C8T6N, STM32C071C8U6, STM32C071C8U6N, STM32C071CBT6, STM32C071CBT6N, STM32C071CBU6, STM32C071CBU6N, STM32C071F8P6, STM32C071F8P6N, STM32C071FBP6, STM32C071FBP6N, STM32C071FBY6TR, STM32C071G8U6, STM32C071G8U6N, STM32C071GBU6, STM32C071GBU6N, STM32C071K8T6, STM32C071K8T6N, STM32C071K8U6, STM32C071K8U6N, STM32C071KBT6, STM32C071KBT6N, STM32C071KBU6, STM32C071KBU6N, STM32C071R8T6, STM32C071R8T6N, STM32C071RBI6N, STM32C071RBT6, STM32C071RBT6N, STM32G071K8TXN, STM32G071K8UXN, STM32G081GBU6N, STM32G081KBT6N, STM32G081KBUXN, STM32G0B1CCT6N, STM32G0B1KCT6, STM32G0B1NEY6TR, STM32G0B1RCT6N, STM32G0C1CCT6, STM32G0C1CCT6N, STM32G0C1CCU6N, STM32G0C1CET6N, STM32G0C1CEU6N, STM32G0C1KCT6, STM32G0C1NEY6TR, STM32G0C1RCI6N, STM32G0C1RCT6N, STM32G0C1REI6N, STM32G0C1RET6N, STM32G0C1VCI6, STM32G0C1VEI6, STM32G411C6T3, STM32G411C6T6, STM32G411C6U3, STM32G411C6U6, STM32G411C8T3, STM32G411C8T6, STM32G411C8U3, STM32G411C8U6, STM32G411CBT3, STM32G411CBT6, STM32G411CBU3, STM32G411CBU6, STM32G411K6T3, STM32G411K6T6, STM32G411K6U3, STM32G411K6U6, STM32G411K8T3, STM32G411K8T6, STM32G411K8U3, STM32G411K8U6, STM32G411KBT3, STM32G411KBT6, STM32G411KBU3, STM32G411KBU6, STM32G411M6T3, STM32G411M6T6, STM32G411M8T3, STM32G411M8T6, STM32G411MBT3, STM32G411MBT6, STM32G411R6T3, STM32G411R6T6, STM32G411R8T3, STM32G411R8T6, STM32G411RBT3, STM32G411RBT6, STM32G414CBT3, STM32G414CBT6, STM32G414CBU3, STM32G414CBU6, STM32G414CCT3, STM32G414CCT6, STM32G414CCU3, STM32G414CCU6, STM32G414MBT3, STM32G414MBT6, STM32G414MCT3, STM32G414MCT6, STM32G414RBT3, STM32G414RBT6, STM32G414RCT3, STM32G414RCT6, STM32G414VBT3, STM32G414VBT6, STM32G414VCT3, STM32G414VCT6, STM32G431CBT3Z, STM32G431RBT3Z, STM32G471CCT6, STM32G471CCU6, STM32G471CET3, STM32G471CET6, STM32G471CEU3, STM32G471CEU6, STM32G471MCT6, STM32G471MET3, STM32G471MET6, STM32G471MEY6TR, STM32G471QCT6, STM32G471QET3, STM32G471RCT6, STM32G471RET3, STM32G471RET6, STM32G471VCH6, STM32G471VCI6, STM32G471VCT6, STM32G471VEH3, STM32G471VEH6, STM32G471VEI3, STM32G471VEI6, STM32G471VET3, STM32G471VET6, STM32G473QET3Z, STM32G473RET3Z, STM32G474CCT6, STM32G491RET3Z, STM32H503CBT6, STM32H503CBU6, STM32H503EBY6TR, STM32H503KBU6, STM32H503RBT6, STM32H523CCT6, STM32H523CCU6, STM32H523CET6, STM32H523CEU6, STM32H523HEY6TR, STM32H523RCT6, STM32H523RET6, STM32H523VCI6, STM32H523VCT6, STM32H523VEI6, STM32H523VET6, STM32H523ZCJ6, STM32H523ZCT6, STM32H523ZEJ6, STM32H523ZET6, STM32H533CET6, STM32H533CEU6, STM32H533HEY6TR, STM32H533RET6, STM32H533VEI6, STM32H533VET6, STM32H533ZEJ6, STM32H533ZET6, STM32H562AGI6, STM32H562AII6, STM32H562IGK6, STM32H562IGT6, STM32H562IIK6, STM32H562IIT6, STM32H562RGT6, STM32H562RGV6, STM32H562RIT6, STM32H562RIV6, STM32H562VGT6, STM32H562VIT6, STM32H562ZGT6, STM32H562ZIT6, STM32H563AGI6, STM32H563AII3Q, STM32H563AII6, STM32H563IGK6, STM32H563IGT6, STM32H563IIK3Q, STM32H563IIK6, STM32H563IIT3Q, STM32H563IIT6, STM32H563MIY3QTR, STM32H563RGT6, STM32H563RGV6, STM32H563RIT6, STM32H563RIV6, STM32H563VGT6, STM32H563VIT3Q, STM32H563VIT6, STM32H563ZGT6, STM32H563ZIT3Q, STM32H563ZIT6, STM32H573AII3Q, STM32H573AII6, STM32H573I-DK, STM32H573IIK3Q, STM32H573IIK6, STM32H573IIT3Q, STM32H573IIT6, STM32H573MIY3QTR, STM32H573RIT6, STM32H573RIV6, STM32H573VIT3Q, STM32H573VIT6, STM32H573ZIT3Q, STM32H573ZIT6, STM32H7R3A8I6, STM32H7R3I8K6, STM32H7R3I8T6, STM32H7R3L8H6, STM32H7R3L8H6H, STM32H7R3R8V6, STM32H7R3V8H6, STM32H7R3V8T6, STM32H7R3V8Y6TR, STM32H7R3Z8J6, STM32H7R3Z8T6, STM32H7R7A8I6, STM32H7R7I8K6, STM32H7R7I8T6, STM32H7R7L8H6, STM32H7R7L8H6H, STM32H7R7Z8J6, STM32H7S3A8I6, STM32H7S3I8K6, STM32H7S3I8T6, STM32H7S3L8H6, STM32H7S3L8H6H, STM32H7S3R8V6, STM32H7S3V8H6, STM32H7S3V8T6, STM32H7S3V8Y6TR, STM32H7S3Z8J6, STM32H7S3Z8T6, STM32H7S78-DK, STM32H7S7A8I6, STM32H7S7I8K6, STM32H7S7I8T6, STM32H7S7L8H6, STM32H7S7L8H6H, STM32H7S7Z8J6, STM32L4R5QGI6STR, STM32MP131AAE3, STM32MP131AAF3, STM32MP131AAG3, STM32MP131CAE3, STM32MP131CAF3, STM32MP131CAG3, STM32MP131DAE7, STM32MP131DAF7, STM32MP131DAG7, STM32MP131FAE7, STM32MP131FAF7, STM32MP131FAG7, STM32MP133AAE3, STM32MP133AAF3, STM32MP133AAG3, STM32MP133CAE3, STM32MP133CAF3, STM32MP133CAG3, STM32MP133DAE7, STM32MP133DAF7, STM32MP133DAG7, STM32MP133FAE7, STM32MP133FAF7, STM32MP133FAG7, STM32MP135AAE3, STM32MP135AAF3, STM32MP135AAG3, STM32MP135CAE3, STM32MP135CAF3, STM32MP135CAG3, STM32MP135DAE7, STM32MP135DAF7, STM32MP135DAG7, STM32MP135F-DK, STM32MP135FAE7, STM32MP135FAF7, STM32MP135FAF7T, STM32MP135FAF7U, STM32MP135FAG7, STM32MP251AAI3, STM32MP251AAK3, STM32MP251AAL3, STM32MP251CAI3, STM32MP251CAK3, STM32MP251CAL3, STM32MP251DAI3, STM32MP251DAK3, STM32MP251DAL3, STM32MP251FAI3, STM32MP251FAK3, STM32MP251FAL3, STM32MP253AAI3, STM32MP253AAK3, STM32MP253AAL3, STM32MP253CAI3, STM32MP253CAK3, STM32MP253CAL3, STM32MP253DAI3, STM32MP253DAK3, STM32MP253DAL3, STM32MP253FAI3, STM32MP253FAK3, STM32MP253FAL3, STM32MP255AAI3, STM32MP255AAK3, STM32MP255AAL3, STM32MP255CAI3, STM32MP255CAK3, STM32MP255CAL3, STM32MP255DAI3, STM32MP255DAK3, STM32MP255DAL3, STM32MP255FAI3, STM32MP255FAK3, STM32MP255FAL3, STM32MP257AAI3, STM32MP257AAK3, STM32MP257AAL3, STM32MP257CAI3, STM32MP257CAK3, STM32MP257CAL3, STM32MP257DAI3, STM32MP257DAK3, STM32MP257DAL3, STM32MP257F-DK, STM32MP257F-EV1, STM32MP257FAI3, STM32MP257FAK3, STM32MP257FAL3, STM32U031C6T6, STM32U031C6U6, STM32U031C8T6, STM32U031C8U6, STM32U031F4P6, STM32U031F6P6, STM32U031F8P6, STM32U031G6Y6TR, STM32U031G8Y6TR, STM32U031K4U6, STM32U031K6U6, STM32U031K8U6, STM32U031R6I6, STM32U031R6T6, STM32U031R8I6, STM32U031R8T6, STM32U073C8T6, STM32U073C8U6, STM32U073CBT6, STM32U073CBU6, STM32U073CCT6, STM32U073CCU6, STM32U073H8Y6TR, STM32U073HBY6TR, STM32U073HCY6TR, STM32U073K8U6, STM32U073KBU6, STM32U073KCU6, STM32U073M8I6, STM32U073M8T6, STM32U073MBI6, STM32U073MBT6, STM32U073MCI6, STM32U073MCT6, STM32U073R8I6, STM32U073R8T6, STM32U073RBI6, STM32U073RBT6, STM32U073RCI6, STM32U073RCT6, STM32U083C-DK, STM32U083CCT6, STM32U083CCU6, STM32U083HCY6TR, STM32U083KCU6, STM32U083MCI6, STM32U083MCT6, STM32U083RCI6, STM32U083RCT6, STM32U535CBT6, STM32U535CBT6Q, STM32U535CBU6, STM32U535CBU6Q, STM32U535CCT6, STM32U535CCT6Q, STM32U535CCU6, STM32U535CCU6Q, STM32U535CET6, STM32U535CET6Q, STM32U535CEU6, STM32U535CEU6Q, STM32U535JEY6QTR, STM32U535NCY6QTR, STM32U535NEY6QTR, STM32U535RBI6, STM32U535RBI6Q, STM32U535RBT6, STM32U535RBT6Q, STM32U535RCI6, STM32U535RCI6Q, STM32U535RCT6, STM32U535RCT6Q, STM32U535REI6, STM32U535REI6Q, STM32U535RET6, STM32U535RET6Q, STM32U535VCI6, STM32U535VCI6Q, STM32U535VCT6, STM32U535VCT6Q, STM32U535VEI6, STM32U535VEI6Q, STM32U535VET6, STM32U535VET6Q, STM32U545CET6, STM32U545CET6Q, STM32U545CEU6, STM32U545CEU6Q, STM32U545JEY6QTR, STM32U545NEY6QTR, STM32U545REI6, STM32U545REI6Q, STM32U545RET6, STM32U545RET6Q, STM32U545VEI6, STM32U545VEI6Q, STM32U545VET6, STM32U545VET6Q, STM32U595AIH6, STM32U595AIH6Q, STM32U595AJH6, STM32U595AJH6Q, STM32U595QII6, STM32U595QII6Q, STM32U595QJI6, STM32U595QJI6Q, STM32U595RIT6, STM32U595RIT6Q, STM32U595RJT6, STM32U595RJT6Q, STM32U595VIT6, STM32U595VIT6Q, STM32U595VJT6, STM32U595VJT6Q, STM32U595ZIT6, STM32U595ZIT6Q, STM32U595ZIY6QTR, STM32U595ZJT6, STM32U595ZJT6Q, STM32U595ZJY6QTR, STM32U599BJY6QTR, STM32U599NIH6Q, STM32U599NJH6Q, STM32U599VIT6Q, STM32U599VJT6, STM32U599VJT6Q, STM32U599ZIT6Q, STM32U599ZIY6QTR, STM32U599ZJT6Q, STM32U599ZJY6QTR, STM32U5A5AJH6, STM32U5A5AJH6Q, STM32U5A5QII3Q , STM32U5A5QJI6, STM32U5A5QJI6Q, STM32U5A5RJT6, STM32U5A5RJT6Q, STM32U5A5VJT6, STM32U5A5VJT6Q, STM32U5A5ZJT6, STM32U5A5ZJT6Q, STM32U5A5ZJY6QTR, STM32U5A9BJY6QTR, STM32U5A9J-DK, STM32U5A9NJH6Q, STM32U5A9VJT6Q, STM32U5A9ZJT6Q, STM32U5A9ZJY6QTR, STM32U5F7VIT6, STM32U5F7VIT6Q, STM32U5F7VJT6, STM32U5F7VJT6Q, STM32U5F9BJY6QTR, STM32U5F9NJH6Q, STM32U5F9VIT6Q, STM32U5F9VJT6Q, STM32U5F9ZIJ6QTR, STM32U5F9ZIT6Q, STM32U5F9ZJJ6QTR, STM32U5F9ZJT6Q, STM32U5G7VJT6, STM32U5G7VJT6Q, STM32U5G9BJY6QTR, STM32U5G9J-DK1, STM32U5G9J-DK2, STM32U5G9NJH6Q, STM32U5G9VJT6Q, STM32U5G9ZJJ6QTR, STM32U5G9ZJT6Q, STM32WB05KZV6TR, STM32WB05KZV7TR, STM32WB05TZF6TR, STM32WB05TZF7TR, STM32WB06CCF6TR, STM32WB06CCF7TR, STM32WB06CCV6TR, STM32WB06CCV7TR, STM32WB06KCV6TR, STM32WB06KCV7TR, STM32WB07CCF6TR, STM32WB07CCF7TR, STM32WB07CCV6TR, STM32WB07CCV7TR, STM32WB07KCV6TR, STM32WB07KCV7TR, STM32WB09KEV6TR, STM32WB09KEV7TR, STM32WB09TEF6TR, STM32WB09TEF7TR, STM32WB1MMCH6, STM32WBA50KGU6, STM32WBA50KGU6TR, STM32WBA52CEU6, STM32WBA52CEU6TR, STM32WBA52CEU7, STM32WBA52CEU7TR, STM32WBA52CGU6, STM32WBA52CGU6TR, STM32WBA52CGU6U, STM32WBA52CGU7, STM32WBA52CGU7TR, STM32WBA52KEU6, STM32WBA52KEU6TR, STM32WBA52KGU6, STM32WBA52KGU6TR, STM32WBA54CEU6, STM32WBA54CEU6TR, STM32WBA54CEU7, STM32WBA54CEU7TR, STM32WBA54CGU6, STM32WBA54CGU6TR, STM32WBA54CGU7, STM32WBA54CGU7TR, STM32WBA54KEU6, STM32WBA54KEU6TR, STM32WBA54KEU7, STM32WBA54KEU7TR, STM32WBA54KGU6, STM32WBA54KGU6TR, STM32WBA54KGU7, STM32WBA54KGU7TR, STM32WBA55CEU6, STM32WBA55CEU6TR, STM32WBA55CEU7, STM32WBA55CEU7TR, STM32WBA55CGU6, STM32WBA55CGU6TR, STM32WBA55CGU6U, STM32WBA55CGU7, STM32WBA55CGU7TR, STM32WBA55G-DK1, STM32WBA55HEF6, STM32WBA55HEF7, STM32WBA55HGF6, STM32WBA55HGF7, STM32WBA55UEI6, STM32WBA55UEI6TR, STM32WBA55UEI7, STM32WBA55UEI7TR, STM32WBA55UGI6, STM32WBA55UGI6TR, STM32WBA55UGI7, STM32WBA55UGI7TR, STM32WL5MOCH6, STM32WL5MOCH6TR]
2025-04-28 17:35:52,654 [INFO] DbMcus:218 - Found 4440 MCUs, 4440 are supported
2025-04-28 17:35:52,667 [INFO] ApiDb:423 - Load user favorites file C:\Users\brady/.stm32cubeide/favorites.mcus.txt: 1 item(s)
2025-04-28 17:35:52,667 [INFO] ApiDb:427 - User favorites MCUs=[STM32F412ZGT6]
2025-04-28 17:35:52,667 [INFO] DbMcus:224 - Set 1 / 1 favorites MCUs
2025-04-28 17:35:53,269 [INFO] BoardInfo:889 - No configuration file found for board NUCLEO-N657X0-Q
2025-04-28 17:35:53,270 [INFO] DbBoards:161 - Board is not supported: NUCLEO-N657X0-Q
2025-04-28 17:35:53,291 [INFO] BoardInfo:889 - No configuration file found for board NUCLEO-WL33CC1
2025-04-28 17:35:53,292 [INFO] DbBoards:161 - Board is not supported: NUCLEO-WL33CC1
2025-04-28 17:35:53,293 [INFO] BoardInfo:889 - No configuration file found for board NUCLEO-WL33CC2
2025-04-28 17:35:53,294 [INFO] DbBoards:161 - Board is not supported: NUCLEO-WL33CC2
2025-04-28 17:35:53,301 [INFO] BoardInfo:889 - No configuration file found for board P-NUCLEO-WB55
2025-04-28 17:35:53,302 [INFO] DbBoards:161 - Kit is not supported: P-NUCLEO-WB55
2025-04-28 17:35:53,309 [INFO] BoardInfo:889 - No configuration file found for board STEVAL-BFA001V1B
2025-04-28 17:35:53,309 [INFO] DbBoards:161 - Kit is not supported: STEVAL-BFA001V1B
2025-04-28 17:35:53,311 [INFO] BoardInfo:889 - No configuration file found for board STEVAL-BFA001V2B
2025-04-28 17:35:53,311 [INFO] DbBoards:161 - Kit is not supported: STEVAL-BFA001V2B
2025-04-28 17:35:53,537 [INFO] BoardInfo:889 - No configuration file found for board STM32N6570-DK
2025-04-28 17:35:53,538 [INFO] DbBoards:161 - Board is not supported: STM32N6570-DK
2025-04-28 17:35:53,554 [INFO] DbBoards:168 - Found 205 boards, 198 are supported
2025-04-28 17:35:53,556 [INFO] DbBoards:169 - Found 205 boards, 25 of them is supported for  Bsp
2025-04-28 17:35:53,566 [INFO] ApiDb:423 - Load user favorites file C:\Users\brady/.stm32cubeide/favorites.boards.txt: 0 item(s)
2025-04-28 17:35:53,567 [INFO] ApiDb:427 - User favorites Boards=[]
2025-04-28 17:35:53,567 [INFO] DbBoards:198 - Set 0 / 0 favorites Boards
2025-04-28 17:35:53,656 [INFO] UtilMem:75 - End LoadConfig() Used Memory: 834196008 Bytes (1073741824)
2025-04-28 17:35:53,883 [WARN] ThirdParty:833 - waiting for thirdparty lock release [change project]
2025-04-28 17:35:53,883 [INFO] ThirdParty:835 - entering critical section [change project]
2025-04-28 17:35:53,884 [INFO] ThirdParty:1030 - CMSIS Pack Vendor :STMicroelectronics USBPD 4.1
2025-04-28 17:35:53,884 [INFO] ThirdParty:1030 - CMSIS Pack Vendor :STMicroelectronics X-CUBE-AZRTOS-H7 3.3.0
2025-04-28 17:35:53,884 [INFO] ThirdParty:1030 - CMSIS Pack Vendor :STMicroelectronics X-CUBE-NFC9 1.0.0
2025-04-28 17:35:53,884 [INFO] ThirdParty:1030 - CMSIS Pack Vendor :STMicroelectronics X-CUBE-GNSS1 6.0.0
2025-04-28 17:35:53,884 [INFO] ThirdParty:1030 - CMSIS Pack Vendor :STMicroelectronics USB_HOST 2.0.0
2025-04-28 17:35:53,884 [INFO] ThirdParty:1030 - CMSIS Pack Vendor :STMicroelectronics FP-SNS-MOTENVWB1 1.4.0
2025-04-28 17:35:53,884 [INFO] ThirdParty:1030 - CMSIS Pack Vendor :STMicroelectronics X-CUBE-AZRTOS-F4 1.1.0
2025-04-28 17:35:53,884 [INFO] ThirdParty:1030 - CMSIS Pack Vendor :STMicroelectronics LIBJPEG 8.0.0
2025-04-28 17:35:53,884 [INFO] ThirdParty:1030 - CMSIS Pack Vendor :STMicroelectronics FP-ATR-ASTRA1 2.0.2
2025-04-28 17:35:53,884 [INFO] ThirdParty:1030 - CMSIS Pack Vendor :STMicroelectronics FP-ATR-ASTRA1 2.0.1
2025-04-28 17:35:53,884 [INFO] ThirdParty:1030 - CMSIS Pack Vendor :STMicroelectronics X-CUBE-BLE1 7.1.0
2025-04-28 17:35:53,884 [INFO] ThirdParty:1030 - CMSIS Pack Vendor :STMicroelectronics X-CUBE-SMBUS 2.1.0
2025-04-28 17:35:53,884 [INFO] ThirdParty:1030 - CMSIS Pack Vendor :STMicroelectronics X-CUBE-WB05N 1.1.0
2025-04-28 17:35:53,884 [INFO] ThirdParty:1030 - CMSIS Pack Vendor :STMicroelectronics USB_DEVICE 3.0.0
2025-04-28 17:35:53,884 [INFO] ThirdParty:1030 - CMSIS Pack Vendor :STMicroelectronics X-CUBE-TCPP 4.1.0
2025-04-28 17:35:53,884 [INFO] ThirdParty:1030 - CMSIS Pack Vendor :STMicroelectronics X-CUBE-ISPU 2.1.0
2025-04-28 17:35:53,885 [INFO] ThirdParty:1030 - CMSIS Pack Vendor :STMicroelectronics X-CUBE-FREERTOS 1.2.0
2025-04-28 17:35:53,885 [INFO] ThirdParty:1030 - CMSIS Pack Vendor :STMicroelectronics X-CUBE-IPS 3.0.0
2025-04-28 17:35:53,885 [INFO] ThirdParty:1030 - CMSIS Pack Vendor :STMicroelectronics X-CUBE-AZRTOS-WB 2.0.0
2025-04-28 17:35:53,885 [INFO] ThirdParty:1030 - CMSIS Pack Vendor :STMicroelectronics X-CUBE-GNSS1 7.0.0
2025-04-28 17:35:53,885 [INFO] ThirdParty:1030 - CMSIS Pack Vendor :STMicroelectronics X-CUBE-GNSS1 7.0.1
2025-04-28 17:35:53,885 [INFO] ThirdParty:1030 - CMSIS Pack Vendor :STMicroelectronics X-CUBE-AZRTOS-F7 1.1.0
2025-04-28 17:35:53,885 [INFO] ThirdParty:1030 - CMSIS Pack Vendor :STMicroelectronics X-CUBE-AZRTOS-L5 2.0.0
2025-04-28 17:35:53,885 [INFO] ThirdParty:1030 - CMSIS Pack Vendor :STMicroelectronics X-CUBE-TOUCHGFX 4.25.0
2025-04-28 17:35:53,885 [INFO] ThirdParty:1030 - CMSIS Pack Vendor :STMicroelectronics USB_DEVICE 2.0.0
2025-04-28 17:35:53,885 [INFO] ThirdParty:1030 - CMSIS Pack Vendor :STMicroelectronics X-CUBE-NFC6 3.1.0
2025-04-28 17:35:53,885 [INFO] ThirdParty:1030 - CMSIS Pack Vendor :STMicroelectronics FP-SNS-STBOX1 2.0.0
2025-04-28 17:35:53,885 [INFO] ThirdParty:1030 - CMSIS Pack Vendor :STMicroelectronics X-CUBE-MEMS1 11.0.0
2025-04-28 17:35:53,885 [INFO] ThirdParty:1030 - CMSIS Pack Vendor :STMicroelectronics X-CUBE-MEMS1 11.2.0
2025-04-28 17:35:53,885 [INFO] ThirdParty:1030 - CMSIS Pack Vendor :STMicroelectronics FreeRTOS 0.0.1
2025-04-28 17:35:53,885 [INFO] ThirdParty:1030 - CMSIS Pack Vendor :STMicroelectronics X-CUBE-AZRTOS-G0 1.1.0
2025-04-28 17:35:53,885 [INFO] ThirdParty:1030 - CMSIS Pack Vendor :STMicroelectronics X-CUBE-SAFEA1 1.2.2
2025-04-28 17:35:53,885 [INFO] ThirdParty:1030 - CMSIS Pack Vendor :STMicroelectronics X-CUBE-NFC4 3.0.0
2025-04-28 17:35:53,885 [INFO] ThirdParty:1030 - CMSIS Pack Vendor :STMicroelectronics X-CUBE-DPower 1.2.0
2025-04-28 17:35:53,885 [INFO] ThirdParty:1030 - CMSIS Pack Vendor :STMicroelectronics X-CUBE-SUBG2 5.0.0
2025-04-28 17:35:53,885 [INFO] ThirdParty:1030 - CMSIS Pack Vendor :STMicroelectronics X-CUBE-AZRTOS-H7RS 1.1.0
2025-04-28 17:35:53,885 [INFO] ThirdParty:1030 - CMSIS Pack Vendor :STMicroelectronics STM32_WPAN 1.0.0
2025-04-28 17:35:53,885 [INFO] ThirdParty:1030 - CMSIS Pack Vendor :EmbeddedOffice I-CUBE-FS-RTOS 1.0.1
2025-04-28 17:35:53,885 [INFO] ThirdParty:1030 - CMSIS Pack Vendor :STMicroelectronics lwIP 2.0.3
2025-04-28 17:35:53,885 [INFO] ThirdParty:1030 - CMSIS Pack Vendor :STMicroelectronics FP-SNS-FLIGHT1 5.0.2
2025-04-28 17:35:53,885 [INFO] ThirdParty:1030 - CMSIS Pack Vendor :Cesanta I-CUBE-Mongoose 7.13.0
2025-04-28 17:35:53,885 [INFO] ThirdParty:1030 - CMSIS Pack Vendor :STMicroelectronics USB_HOST 1.0.0
2025-04-28 17:35:53,885 [INFO] ThirdParty:1030 - CMSIS Pack Vendor :STMicroelectronics X-CUBE-AI 9.0.0
2025-04-28 17:35:53,885 [INFO] ThirdParty:1030 - CMSIS Pack Vendor :STMicroelectronics X-CUBE-AZRTOS-G4 2.0.0
2025-04-28 17:35:53,885 [INFO] ThirdParty:1030 - CMSIS Pack Vendor :STMicroelectronics X-CUBE-WB05N 2.0.0
2025-04-28 17:35:53,885 [INFO] ThirdParty:1030 - CMSIS Pack Vendor :STMicroelectronics PDM2PCM 3.1.0
2025-04-28 17:35:53,885 [INFO] ThirdParty:1030 - CMSIS Pack Vendor :STMicroelectronics PDM2PCM 3.3.0
2025-04-28 17:35:53,885 [INFO] ThirdParty:1030 - CMSIS Pack Vendor :STMicroelectronics X-CUBE-DISPLAY 3.0.0
2025-04-28 17:35:53,885 [INFO] ThirdParty:1030 - CMSIS Pack Vendor :RealThread X-CUBE-RT-Thread_Nano 4.1.1
2025-04-28 17:35:53,885 [INFO] ThirdParty:1030 - CMSIS Pack Vendor :STMicroelectronics X-CUBE-BLE1 7.0.0
2025-04-28 17:35:53,885 [INFO] ThirdParty:1030 - CMSIS Pack Vendor :STMicroelectronics FP-ATR-SIGFOX1 3.2.0
2025-04-28 17:35:53,885 [INFO] ThirdParty:1030 - CMSIS Pack Vendor :STMicroelectronics X-CUBE-NFC10 1.0.0
2025-04-28 17:35:53,885 [INFO] ThirdParty:1030 - CMSIS Pack Vendor :wolfSSL I-CUBE-wolfSSL 5.7.2
2025-04-28 17:35:53,885 [INFO] ThirdParty:1030 - CMSIS Pack Vendor :quantropi X-CUBE-qispace-sdk-base 1.9.3
2025-04-28 17:35:53,885 [INFO] ThirdParty:1030 - CMSIS Pack Vendor :STMicroelectronics X-CUBE-ISPU 2.0.0
2025-04-28 17:35:53,885 [INFO] ThirdParty:1030 - CMSIS Pack Vendor :STMicroelectronics X-CUBE-BLEMGR 4.0.0
2025-04-28 17:35:53,885 [INFO] ThirdParty:1030 - CMSIS Pack Vendor :STMicroelectronics X-CUBE-EEPRMA1 5.1.0
2025-04-28 17:35:53,885 [INFO] ThirdParty:1030 - CMSIS Pack Vendor :STMicroelectronics HAL Drivers 0.0.0
2025-04-28 17:35:53,885 [INFO] ThirdParty:1030 - CMSIS Pack Vendor :STMicroelectronics MBEDTLS 2.16.2
2025-04-28 17:35:53,885 [INFO] ThirdParty:1030 - CMSIS Pack Vendor :STMicroelectronics X-CUBE-ALS 1.0.2
2025-04-28 17:35:53,885 [INFO] ThirdParty:1030 - CMSIS Pack Vendor :emotas I-CUBE-CANOPEN 1.3.0
2025-04-28 17:35:53,885 [INFO] ThirdParty:1030 - CMSIS Pack Vendor :STMicroelectronics X-CUBE-FREERTOS 1.3.0
2025-04-28 17:35:53,885 [INFO] ThirdParty:1030 - CMSIS Pack Vendor :STMicroelectronics X-CUBE-NFC7 1.0.1
2025-04-28 17:35:53,885 [INFO] ThirdParty:1030 - CMSIS Pack Vendor :STMicroelectronics MBEDTLS 2.14.1
2025-04-28 17:35:53,885 [INFO] ThirdParty:1030 - CMSIS Pack Vendor :STMicroelectronics X-CUBE-TOUCHGFX 4.24.0
2025-04-28 17:35:53,885 [INFO] ThirdParty:1030 - CMSIS Pack Vendor :ITTIA_DB I-CUBE-ITTIADB 8.9.0
2025-04-28 17:35:53,885 [INFO] ThirdParty:1030 - CMSIS Pack Vendor :STMicroelectronics X-CUBE-TOUCHGFX 4.24.2
2025-04-28 17:35:53,885 [INFO] ThirdParty:1030 - CMSIS Pack Vendor :STMicroelectronics X-CUBE-TOUCHGFX 4.24.1
2025-04-28 17:35:53,885 [INFO] ThirdParty:1030 - CMSIS Pack Vendor :wolfSSL I-CUBE-wolfTPM 3.4.0
2025-04-28 17:35:53,886 [INFO] ThirdParty:1030 - CMSIS Pack Vendor :portGmbH I-Cube-SoM-uGOAL 1.1.0
2025-04-28 17:35:53,886 [INFO] ThirdParty:1030 - CMSIS Pack Vendor :STMicroelectronics X-CUBE-BLEMGR 3.1.0
2025-04-28 17:35:53,886 [INFO] ThirdParty:1030 - CMSIS Pack Vendor :STMicroelectronics X-CUBE-AI 10.0.0
2025-04-28 17:35:53,886 [INFO] ThirdParty:1030 - CMSIS Pack Vendor :STMicroelectronics ThreadX 1.0.0
2025-04-28 17:35:53,886 [INFO] ThirdParty:1030 - CMSIS Pack Vendor :STMicroelectronics FP-SNS-SMARTAG2 1.2.0
2025-04-28 17:35:53,886 [INFO] ThirdParty:1030 - CMSIS Pack Vendor :STMicroelectronics X-CUBE-MEMS1 11.1.0
2025-04-28 17:35:53,886 [INFO] ThirdParty:1030 - CMSIS Pack Vendor :STMicroelectronics X-CUBE-AZRTOS-WL 2.0.0
2025-04-28 17:35:53,886 [INFO] ThirdParty:1030 - CMSIS Pack Vendor :SEGGER I-CUBE-embOS 1.3.1
2025-04-28 17:35:53,886 [INFO] ThirdParty:1030 - CMSIS Pack Vendor :STMicroelectronics X-CUBE-ALGOBUILD 1.4.0
2025-04-28 17:35:53,886 [INFO] ThirdParty:1030 - CMSIS Pack Vendor :STMicroelectronics X-CUBE-DPower 1.3.0
2025-04-28 17:35:53,886 [INFO] ThirdParty:1030 - CMSIS Pack Vendor :STMicroelectronics FP-SNS-MOTENV1 5.0.0
2025-04-28 17:35:53,886 [INFO] ThirdParty:1030 - CMSIS Pack Vendor :STMicroelectronics USB_DEVICE 1.0.0
2025-04-28 17:35:53,886 [INFO] ThirdParty:1030 - CMSIS Pack Vendor :STMicroelectronics X-CUBE-AZRTOS-H7RS 1.0.0
2025-04-28 17:35:53,886 [INFO] ThirdParty:1030 - CMSIS Pack Vendor :wolfSSL I-CUBE-wolfMQTT 1.19.0
2025-04-28 17:35:53,886 [INFO] ThirdParty:1030 - CMSIS Pack Vendor :STMicroelectronics X-CUBE-AZRTOS-L4 2.0.0
2025-04-28 17:35:53,886 [INFO] ThirdParty:1030 - CMSIS Pack Vendor :STMicroelectronics ThreadX 0.0.2
2025-04-28 17:35:53,886 [INFO] ThirdParty:1030 - CMSIS Pack Vendor :WES I-CUBE-Cesium 1.3.0
2025-04-28 17:35:53,886 [INFO] ThirdParty:1030 - CMSIS Pack Vendor :STMicroelectronics FP-ATR-ASTRA1 2.0.0
2025-04-28 17:35:53,886 [INFO] ThirdParty:1030 - CMSIS Pack Vendor :STMicroelectronics lwIP 2.1.2
2025-04-28 17:35:53,886 [INFO] ThirdParty:1030 - CMSIS Pack Vendor :STMicroelectronics X-CUBE-SFXS2LP1 4.0.0
2025-04-28 17:35:53,886 [INFO] ThirdParty:1030 - CMSIS Pack Vendor :STMicroelectronics X-CUBE-BLE2 3.3.0
2025-04-28 17:35:53,886 [INFO] ThirdParty:1030 - CMSIS Pack Vendor :STMicroelectronics X-CUBE-TOF1 3.4.2
2025-04-28 17:35:53,886 [INFO] ThirdParty:1030 - CMSIS Pack Vendor :STMicroelectronics X-CUBE-AI 9.1.0
2025-04-28 17:35:53,886 [INFO] ThirdParty:1030 - CMSIS Pack Vendor :Infineon AIROC-Wi-Fi-Bluetooth-STM32 1.6.1
2025-04-28 17:35:53,886 [INFO] ThirdParty:1030 - CMSIS Pack Vendor :STMicroelectronics PDM2PCM 3.2.0
2025-04-28 17:35:53,886 [INFO] ThirdParty:1030 - CMSIS Pack Vendor :wolfSSL I-CUBE-wolfSSH 1.4.17
2025-04-28 17:35:53,886 [INFO] ThirdParty:841 - exiting critical section [change project]
2025-04-28 17:35:54,562 [INFO] PinOutPanel:1561 - setPackage(No Configuration,No Configuration)
2025-04-28 17:35:54,571 [INFO] PinOutPanel:1561 - setPackage(STM32F412RETx,LQFP64)
2025-04-28 17:35:55,431 [INFO] UtilMem:75 - Before build in PCC Used Memory: 751416448 Bytes (1073741824)
2025-04-28 17:35:57,421 [INFO] UtilMem:75 - After build in PCC Used Memory: 816428176 Bytes (1073741824)
2025-04-28 17:35:57,502 [INFO] IPUIPlugin:80 - create IPUIPlugin
2025-04-28 17:35:57,503 [INFO] IPUIPlugin:80 - create IPUIPlugin
2025-04-28 17:35:57,503 [INFO] IPUIPlugin:80 - create IPUIPlugin
2025-04-28 17:35:57,503 [INFO] IPUIPlugin:80 - create IPUIPlugin
2025-04-28 17:35:57,503 [INFO] IPUIPlugin:80 - create IPUIPlugin
2025-04-28 17:35:57,504 [INFO] IPUIPlugin:80 - create IPUIPlugin
2025-04-28 17:35:57,504 [INFO] IPUIPlugin:80 - create IPUIPlugin
2025-04-28 17:35:57,504 [INFO] IPUIPlugin:80 - create IPUIPlugin
2025-04-28 17:35:57,505 [INFO] IPUIPlugin:80 - create IPUIPlugin
2025-04-28 17:35:57,505 [INFO] IPUIPlugin:80 - create IPUIPlugin
2025-04-28 17:35:57,505 [INFO] IPUIPlugin:80 - create IPUIPlugin
2025-04-28 17:35:57,505 [INFO] IPUIPlugin:80 - create IPUIPlugin
2025-04-28 17:35:57,506 [INFO] IPUIPlugin:80 - create IPUIPlugin
2025-04-28 17:35:57,506 [INFO] IPUIPlugin:80 - create IPUIPlugin
2025-04-28 17:35:57,506 [INFO] IPUIPlugin:80 - create IPUIPlugin
2025-04-28 17:35:57,506 [INFO] IPUIPlugin:80 - create IPUIPlugin
2025-04-28 17:35:57,506 [INFO] IPUIPlugin:80 - create IPUIPlugin
2025-04-28 17:35:57,506 [INFO] IPUIPlugin:80 - create IPUIPlugin
2025-04-28 17:35:57,506 [INFO] IPUIPlugin:80 - create IPUIPlugin
2025-04-28 17:35:57,507 [INFO] IPUIPlugin:80 - create IPUIPlugin
2025-04-28 17:35:57,507 [INFO] IPUIPlugin:80 - create IPUIPlugin
2025-04-28 17:35:57,507 [INFO] IPUIPlugin:80 - create IPUIPlugin
2025-04-28 17:35:57,508 [INFO] IPUIPlugin:80 - create IPUIPlugin
2025-04-28 17:35:57,508 [INFO] IPUIPlugin:80 - create IPUIPlugin
2025-04-28 17:35:57,509 [INFO] IPUIPlugin:80 - create IPUIPlugin
2025-04-28 17:35:57,509 [INFO] IPUIPlugin:80 - create IPUIPlugin
2025-04-28 17:35:57,510 [INFO] IPUIPlugin:80 - create IPUIPlugin
2025-04-28 17:35:57,510 [INFO] IPUIPlugin:80 - create IPUIPlugin
2025-04-28 17:35:57,510 [INFO] IPUIPlugin:80 - create IPUIPlugin
2025-04-28 17:35:57,510 [INFO] IPUIPlugin:80 - create IPUIPlugin
2025-04-28 17:35:57,511 [INFO] IPUIPlugin:80 - create IPUIPlugin
2025-04-28 17:35:57,511 [INFO] IPUIPlugin:80 - create IPUIPlugin
2025-04-28 17:35:57,511 [INFO] IPUIPlugin:80 - create IPUIPlugin
2025-04-28 17:35:57,512 [INFO] IPUIPlugin:80 - create IPUIPlugin
2025-04-28 17:35:57,512 [INFO] IPUIPlugin:80 - create IPUIPlugin
2025-04-28 17:35:57,513 [INFO] IPUIPlugin:80 - create IPUIPlugin
2025-04-28 17:35:57,513 [INFO] IPUIPlugin:80 - create IPUIPlugin
2025-04-28 17:35:57,513 [INFO] IPUIPlugin:80 - create IPUIPlugin
2025-04-28 17:35:57,514 [INFO] IPUIPlugin:80 - create IPUIPlugin
2025-04-28 17:35:57,514 [INFO] IPUIPlugin:80 - create IPUIPlugin
2025-04-28 17:35:57,514 [INFO] IPUIPlugin:80 - create IPUIPlugin
2025-04-28 17:35:57,515 [INFO] IPUIPlugin:80 - create IPUIPlugin
2025-04-28 17:35:57,515 [INFO] IPUIPlugin:80 - create IPUIPlugin
2025-04-28 17:35:57,516 [INFO] IPUIPlugin:80 - create IPUIPlugin
2025-04-28 17:35:57,516 [INFO] IPUIPlugin:80 - create IPUIPlugin
2025-04-28 17:35:57,516 [INFO] IPUIPlugin:80 - create IPUIPlugin
2025-04-28 17:35:57,517 [INFO] IPUIPlugin:80 - create IPUIPlugin
2025-04-28 17:35:57,517 [INFO] IPUIPlugin:80 - create IPUIPlugin
2025-04-28 17:35:57,517 [INFO] IPUIPlugin:80 - create IPUIPlugin
2025-04-28 17:35:57,518 [INFO] IPUIPlugin:80 - create IPUIPlugin
2025-04-28 17:35:57,518 [INFO] IPUIPlugin:80 - create IPUIPlugin
2025-04-28 17:35:57,519 [INFO] IPUIPlugin:80 - create IPUIPlugin
2025-04-28 17:35:57,520 [INFO] IPUIPlugin:80 - create IPUIPlugin
2025-04-28 17:35:57,520 [INFO] IPUIPlugin:80 - create IPUIPlugin
2025-04-28 17:35:57,521 [INFO] IPUIPlugin:80 - create IPUIPlugin
2025-04-28 17:35:57,521 [INFO] IPUIPlugin:80 - create IPUIPlugin
2025-04-28 17:35:57,522 [INFO] IPUIPlugin:80 - create IPUIPlugin
2025-04-28 17:35:57,861 [INFO] ApiDbMcu:508 - Load IP Config File for PDM2PCM
2025-04-28 17:35:57,875 [WARN] IP:2191 - I2C_Coeff_DF not found: check if there is a RefParameter without a condition.
2025-04-28 17:35:57,875 [WARN] IP:2191 - Analog_Filter not found: check if there is a RefParameter without a condition.
2025-04-28 17:35:57,877 [WARN] IP:2191 - I2C_Coeff_DF not found: check if there is a RefParameter without a condition.
2025-04-28 17:35:57,877 [WARN] IP:2191 - Analog_Filter not found: check if there is a RefParameter without a condition.
2025-04-28 17:35:58,277 [INFO] CADModel:165 - CPN selected for project levelSTM32F412RET6
2025-04-28 17:35:58,277 [INFO] CADModel:114 - Register for checkConnection events
2025-04-28 17:35:58,341 [INFO] OpenFileManager:363 - Restore cursor
2025-04-28 17:35:58,636 [WARN] IP:2191 - I2C_Coeff_DF not found: check if there is a RefParameter without a condition.
2025-04-28 17:35:58,636 [WARN] IP:2191 - Analog_Filter not found: check if there is a RefParameter without a condition.
2025-04-28 17:35:58,637 [WARN] IP:2191 - I2C_Coeff_DF not found: check if there is a RefParameter without a condition.
2025-04-28 17:35:58,637 [WARN] IP:2191 - Analog_Filter not found: check if there is a RefParameter without a condition.
2025-04-28 17:35:58,669 [WARN] IP:2191 - I2C_Coeff_DF not found: check if there is a RefParameter without a condition.
2025-04-28 17:35:58,669 [WARN] IP:2191 - Analog_Filter not found: check if there is a RefParameter without a condition.
2025-04-28 17:35:58,670 [WARN] IP:2191 - I2C_Coeff_DF not found: check if there is a RefParameter without a condition.
2025-04-28 17:35:58,670 [WARN] IP:2191 - Analog_Filter not found: check if there is a RefParameter without a condition.
2025-04-28 21:42:05,604 [ERROR] LogOutputStream:75 - [STDERR_REDIRECT] 
2025-04-28 21:42:05,605 [ERROR] LogOutputStream:75 - [STDERR_REDIRECT] 
