2025-04-17 10:26:23,319 [INFO] Activator:176 - 


2025-04-17 10:26:23,329 [INFO] Activator:177 - !SESSION log4j initialized
2025-04-17 10:26:35,286 [INFO] LogOutputStream:77 - [STDOUT_REDIRECT] 
2025-04-17 10:26:40,878 [INFO] ApplicationProperties:184 - Using Application install path: C:\ST\STM32CubeIDE_1.16.0\STM32CubeIDE\plugins\com.st.stm32cube.common.mx_6.12.0.202406281431
2025-04-17 10:26:40,909 [INFO] DbMcusXml:78 - Set database path to: C:\ST\STM32CubeIDE_1.16.0\STM32CubeIDE\plugins\com.st.stm32cube.common.mx_6.12.0.202406281431\\db\/mcu/
2025-04-17 10:26:40,910 [INFO] ApiDb:274 - Set plugin database path to: C:\ST\STM32CubeIDE_1.16.0\STM32CubeIDE\plugins\com.st.stm32cube.common.mx_6.12.0.202406281431\\db\/plugins/boardmanager/
2025-04-17 10:26:40,911 [WARN] ApiDb:259 - Overriding images path with different value:  => C:\ST\STM32CubeIDE_1.16.0\STM32CubeIDE\plugins\com.st.stm32cube.common.mx_6.12.0.202406281431\\db\/plugins/mcufinder/images/
2025-04-17 10:26:40,935 [INFO] ApiDb:250 - Set database path to: C:\Users\brady\.stmcufinder\plugins\mcufinder//mcu/
2025-04-17 10:26:40,937 [INFO] DbMcusAds:125 - Set database path to: C:\Users\brady\.stmcufinder\plugins\mcufinder//mcu/
2025-04-17 10:26:40,941 [INFO] CrossReferenceDbSqlite:203 - Set database path to: C:\Users\brady\.stmcufinder\plugins\mcufinder//mcu/cs/
2025-04-17 10:26:41,200 [INFO] RulesReader:64 - Compatibility file has been processed (297 Rules)
2025-04-17 10:26:41,369 [INFO] DbMcusXml:78 - Set database path to: C:\ST\STM32CubeIDE_1.16.0\STM32CubeIDE\plugins\com.st.stm32cube.common.mx_6.12.0.202406281431\\db\/mcu/
2025-04-17 10:26:41,370 [INFO] ApiDb:274 - Set plugin database path to: C:\ST\STM32CubeIDE_1.16.0\STM32CubeIDE\plugins\com.st.stm32cube.common.mx_6.12.0.202406281431\\db\/plugins/boardmanager/
2025-04-17 10:26:41,370 [INFO] ApiDb:261 - Set plugin images path to: C:\ST\STM32CubeIDE_1.16.0\STM32CubeIDE\plugins\com.st.stm32cube.common.mx_6.12.0.202406281431\\db\/plugins/mcufinder/images/
2025-04-17 10:26:41,371 [WARN] DbFile:41 - Overriding database path with different value: C:\Users\brady\.stmcufinder\plugins\mcufinder/ => C:\Users\brady\.stmcufinder\plugins\mcufinder
2025-04-17 10:26:41,372 [INFO] ApiDb:250 - Set database path to: C:\Users\brady\.stmcufinder\plugins\mcufinder//mcu/
2025-04-17 10:26:41,372 [WARN] DbFile:41 - Overriding database path with different value: C:\Users\brady\.stmcufinder\plugins\mcufinder/ => C:\Users\brady\.stmcufinder\plugins\mcufinder
2025-04-17 10:26:41,372 [INFO] DbMcusAds:125 - Set database path to: C:\Users\brady\.stmcufinder\plugins\mcufinder//mcu/
2025-04-17 10:26:41,372 [WARN] DbFile:41 - Overriding database path with different value: C:\Users\brady\.stmcufinder\plugins\mcufinder/ => C:\Users\brady\.stmcufinder\plugins\mcufinder
2025-04-17 10:26:41,372 [WARN] DbFile:41 - Overriding database path with different value: C:\Users\brady\.stmcufinder\plugins\mcufinder/ => C:\Users\brady\.stmcufinder\plugins\mcufinder
2025-04-17 10:26:41,372 [INFO] CrossReferenceDbSqlite:203 - Set database path to: C:\Users\brady\.stmcufinder\plugins\mcufinder//mcu/cs/
2025-04-17 10:26:41,557 [INFO] MainPanel:268 - HeapMemory: 268435456
2025-04-17 10:26:41,808 [INFO] DbMcusXml:78 - Set database path to: C:\ST\STM32CubeIDE_1.16.0\STM32CubeIDE\plugins\com.st.stm32cube.common.mx_6.12.0.202406281431\\db\/mcu/
2025-04-17 10:26:41,809 [INFO] ApiDb:274 - Set plugin database path to: C:\ST\STM32CubeIDE_1.16.0\STM32CubeIDE\plugins\com.st.stm32cube.common.mx_6.12.0.202406281431\\db\/plugins/boardmanager/
2025-04-17 10:26:41,809 [INFO] ApiDb:261 - Set plugin images path to: C:\ST\STM32CubeIDE_1.16.0\STM32CubeIDE\plugins\com.st.stm32cube.common.mx_6.12.0.202406281431\\db\/plugins/mcufinder/images/
2025-04-17 10:26:41,810 [WARN] DbFile:41 - Overriding database path with different value: C:\Users\brady\.stmcufinder\plugins\mcufinder/ => C:\Users\brady\.stmcufinder\plugins\mcufinder
2025-04-17 10:26:41,810 [INFO] ApiDb:250 - Set database path to: C:\Users\brady\.stmcufinder\plugins\mcufinder//mcu/
2025-04-17 10:26:41,810 [WARN] DbFile:41 - Overriding database path with different value: C:\Users\brady\.stmcufinder\plugins\mcufinder/ => C:\Users\brady\.stmcufinder\plugins\mcufinder
2025-04-17 10:26:41,810 [INFO] DbMcusAds:125 - Set database path to: C:\Users\brady\.stmcufinder\plugins\mcufinder//mcu/
2025-04-17 10:26:41,811 [WARN] DbFile:41 - Overriding database path with different value: C:\Users\brady\.stmcufinder\plugins\mcufinder/ => C:\Users\brady\.stmcufinder\plugins\mcufinder
2025-04-17 10:26:41,811 [WARN] DbFile:41 - Overriding database path with different value: C:\Users\brady\.stmcufinder\plugins\mcufinder/ => C:\Users\brady\.stmcufinder\plugins\mcufinder
2025-04-17 10:26:41,811 [INFO] CrossReferenceDbSqlite:203 - Set database path to: C:\Users\brady\.stmcufinder\plugins\mcufinder//mcu/cs/
2025-04-17 10:26:41,843 [INFO] ApplicationProperties:184 - Using Application install path: C:\ST\STM32CubeIDE_1.16.0\STM32CubeIDE\plugins\com.st.stm32cube.common.mx_6.12.0.202406281431
2025-04-17 10:26:41,845 [INFO] PluginManage:196 - Search for loadable plugins [exclusion list=, ]
2025-04-17 10:26:41,847 [INFO] PluginManage:310 - Check plugin analytics
2025-04-17 10:26:42,208 [INFO] AnalyticsPlugin:253 - Accepted Software Licenses: STM32CubeMX.6.12.1
2025-04-17 10:26:42,209 [INFO] AnalyticsPlugin:255 - Accepted CMSIS Pack Licenses: 
2025-04-17 10:26:42,209 [INFO] AnalyticsPlugin:257 - Accepted Firmware Licenses: FW.F4.1.28.0
2025-04-17 10:26:42,217 [INFO] PluginManage:359 - Loaded plugin analytics (category:tool,tabindex:-1)
2025-04-17 10:26:42,218 [INFO] PluginManage:310 - Check plugin cadmodel
2025-04-17 10:26:42,251 [INFO] CADModel:105 - Init CAD model plugin
2025-04-17 10:26:42,251 [INFO] PluginManage:359 - Loaded plugin cadmodel (category:power,tabindex:5)
2025-04-17 10:26:42,251 [INFO] PluginManage:310 - Check plugin clock
2025-04-17 10:26:42,285 [INFO] PluginManage:359 - Loaded plugin clock (category:base,tabindex:2)
2025-04-17 10:26:42,285 [INFO] PluginManage:310 - Check plugin ddr
2025-04-17 10:26:42,289 [INFO] PluginManage:359 - Loaded plugin ddr (category:tool,tabindex:6)
2025-04-17 10:26:42,290 [INFO] PluginManage:310 - Check plugin filemanager
2025-04-17 10:26:42,540 [INFO] PluginManage:359 - Loaded plugin filemanager (category:base,tabindex:10)
2025-04-17 10:26:42,540 [INFO] PluginManage:310 - Check plugin ipmanager
2025-04-17 10:26:42,552 [INFO] PluginManage:359 - Loaded plugin ipmanager (category:base,tabindex:5)
2025-04-17 10:26:42,552 [INFO] PluginManage:310 - Check plugin lpbam
2025-04-17 10:26:42,583 [INFO] PluginManage:359 - Loaded plugin lpbam (category:base,tabindex:0)
2025-04-17 10:26:42,583 [INFO] PluginManage:310 - Check plugin memorymap
2025-04-17 10:26:42,625 [INFO] PluginManage:359 - Loaded plugin memorymap (category:base,tabindex:4)
2025-04-17 10:26:42,625 [INFO] PluginManage:310 - Check plugin pinoutandconfiguration
2025-04-17 10:26:42,656 [INFO] PluginManage:359 - Loaded plugin pinoutandconfiguration (category:base,tabindex:1)
2025-04-17 10:26:42,656 [INFO] PluginManage:310 - Check plugin pinoutconfig
2025-04-17 10:26:42,874 [WARN] SupportedApi:132 - Cannot load RTOS API schema: s4s-elt-must-match.1: The content of 'definitions' must match (annotation?, (simpleType | complexType)?, (unique | key | keyref)*)). A problem was found starting at: attribute.
2025-04-17 10:26:43,152 [INFO] PluginManage:359 - Loaded plugin pinoutconfig (category:base,tabindex:0)
2025-04-17 10:26:43,152 [INFO] PluginManage:310 - Check plugin power
2025-04-17 10:26:43,186 [INFO] PluginManage:359 - Loaded plugin power (category:power,tabindex:4)
2025-04-17 10:26:43,186 [INFO] PluginManage:310 - Check plugin projectmanager
2025-04-17 10:26:43,217 [INFO] PluginManage:359 - Loaded plugin projectmanager (category:projectmanager,tabindex:4)
2025-04-17 10:26:43,217 [INFO] PluginManage:310 - Check plugin rif
2025-04-17 10:26:43,245 [INFO] PluginManage:359 - Loaded plugin rif (category:base,tabindex:3)
2025-04-17 10:26:43,245 [INFO] PluginManage:310 - Check plugin thirdparty
2025-04-17 10:26:43,743 [INFO] PluginManage:359 - Loaded plugin thirdparty (category:base,tabindex:-1)
2025-04-17 10:26:43,743 [WARN] IntegrityCheckThread:84 - waiting for thirdparty lock release [integrity check]
2025-04-17 10:26:43,745 [INFO] PluginManage:310 - Check plugin tools
2025-04-17 10:26:43,745 [INFO] IntegrityCheckThread:86 - entering critical section [integrity check]
2025-04-17 10:26:43,745 [INFO] ThirdPartyUpdaterWithRetryManager:70 - Updater plugin not ready yet. [1/15]
2025-04-17 10:26:43,824 [INFO] PluginManage:359 - Loaded plugin tools (category:base,tabindex:7)
2025-04-17 10:26:43,824 [INFO] PluginManage:310 - Check plugin tutovideos
2025-04-17 10:26:44,142 [INFO] PluginManage:359 - Loaded plugin tutovideos (category:base,tabindex:-1)
2025-04-17 10:26:44,143 [INFO] PluginManage:310 - Check plugin updater
2025-04-17 10:26:44,175 [INFO] PluginManage:359 - Loaded plugin updater (category:base,tabindex:12)
2025-04-17 10:26:44,175 [INFO] PluginManage:310 - Check plugin userauth
2025-04-17 10:26:44,184 [INFO] UserAuth:113 - Init User Auth plugin
2025-04-17 10:26:44,184 [INFO] PluginManage:359 - Loaded plugin userauth (category:base,tabindex:14)
2025-04-17 10:26:44,185 [INFO] PluginManage:283 - PluginManage : Loaded plugins [18]
2025-04-17 10:26:44,527 [INFO] PinOutPanel:1561 - setPackage(No Configuration,No Configuration)
2025-04-17 10:26:44,687 [INFO] CADModel:165 - CPN selected for project level
2025-04-17 10:26:44,687 [INFO] CADModel:114 - Register for checkConnection events
2025-04-17 10:26:44,737 [INFO] IPUIPlugin:80 - create IPUIPlugin
2025-04-17 10:26:44,738 [INFO] PluginManager:220 - loadIPPluginJar : add adc
2025-04-17 10:26:44,796 [INFO] IPUIPlugin:80 - create IPUIPlugin
2025-04-17 10:26:44,796 [INFO] PluginManager:220 - loadIPPluginJar : add aes
2025-04-17 10:26:44,884 [INFO] IPUIPlugin:80 - create IPUIPlugin
2025-04-17 10:26:44,885 [INFO] PluginManager:220 - loadIPPluginJar : add can
2025-04-17 10:26:44,943 [INFO] IPUIPlugin:80 - create IPUIPlugin
2025-04-17 10:26:44,944 [INFO] PluginManager:220 - loadIPPluginJar : add comp
2025-04-17 10:26:44,996 [INFO] IPUIPlugin:80 - create IPUIPlugin
2025-04-17 10:26:44,996 [INFO] PluginManager:220 - loadIPPluginJar : add cryp
2025-04-17 10:26:45,013 [INFO] IPUIPlugin:80 - create IPUIPlugin
2025-04-17 10:26:45,014 [INFO] PluginManager:220 - loadIPPluginJar : add ddr_ctrl_phy
2025-04-17 10:26:45,056 [INFO] IPUIPlugin:80 - create IPUIPlugin
2025-04-17 10:26:45,056 [INFO] PluginManager:220 - loadIPPluginJar : add dfsdm
2025-04-17 10:26:45,074 [INFO] IPUIPlugin:80 - create IPUIPlugin
2025-04-17 10:26:45,075 [INFO] PluginManager:220 - loadIPPluginJar : add dma
2025-04-17 10:26:45,137 [INFO] IPUIPlugin:80 - create IPUIPlugin
2025-04-17 10:26:45,138 [INFO] PluginManager:220 - loadIPPluginJar : add dma3
2025-04-17 10:26:45,197 [INFO] IPUIPlugin:80 - create IPUIPlugin
2025-04-17 10:26:45,197 [INFO] PluginManager:220 - loadIPPluginJar : add extmemmanager
2025-04-17 10:26:45,226 [INFO] IPUIPlugin:80 - create IPUIPlugin
2025-04-17 10:26:45,226 [INFO] PluginManager:220 - loadIPPluginJar : add fatfs
2025-04-17 10:26:45,291 [INFO] IPUIPlugin:80 - create IPUIPlugin
2025-04-17 10:26:45,291 [INFO] PluginManager:220 - loadIPPluginJar : add fmc
2025-04-17 10:26:45,324 [INFO] IPUIPlugin:80 - create IPUIPlugin
2025-04-17 10:26:45,324 [INFO] PluginManager:220 - loadIPPluginJar : add freertos
2025-04-17 10:26:45,357 [INFO] IPUIPlugin:80 - create IPUIPlugin
2025-04-17 10:26:45,357 [INFO] PluginManager:220 - loadIPPluginJar : add genericplugin
2025-04-17 10:26:45,493 [INFO] IPUIPlugin:80 - create IPUIPlugin
2025-04-17 10:26:45,493 [INFO] PluginManager:220 - loadIPPluginJar : add gfxmmu
2025-04-17 10:26:45,693 [INFO] IPUIPlugin:80 - create IPUIPlugin
2025-04-17 10:26:45,693 [INFO] PluginManager:220 - loadIPPluginJar : add gic
2025-04-17 10:26:45,720 [INFO] IPUIPlugin:80 - create IPUIPlugin
2025-04-17 10:26:45,721 [INFO] PluginManager:220 - loadIPPluginJar : add gpio
2025-04-17 10:26:45,840 [INFO] IPUIPlugin:80 - create IPUIPlugin
2025-04-17 10:26:45,840 [INFO] PluginManager:220 - loadIPPluginJar : add gtzc
2025-04-17 10:26:45,930 [INFO] IPUIPlugin:80 - create IPUIPlugin
2025-04-17 10:26:45,930 [INFO] PluginManager:220 - loadIPPluginJar : add hash
2025-04-17 10:26:46,031 [INFO] IPUIPlugin:80 - create IPUIPlugin
2025-04-17 10:26:46,032 [INFO] PluginManager:220 - loadIPPluginJar : add i2c
2025-04-17 10:26:46,096 [INFO] IPUIPlugin:80 - create IPUIPlugin
2025-04-17 10:26:46,096 [INFO] PluginManager:220 - loadIPPluginJar : add i2s
2025-04-17 10:26:46,153 [INFO] IPUIPlugin:80 - create IPUIPlugin
2025-04-17 10:26:46,153 [INFO] PluginManager:220 - loadIPPluginJar : add i3c
2025-04-17 10:26:46,334 [INFO] IPUIPlugin:80 - create IPUIPlugin
2025-04-17 10:26:46,334 [INFO] PluginManager:220 - loadIPPluginJar : add ipddr
2025-04-17 10:26:46,490 [INFO] IPUIPlugin:80 - create IPUIPlugin
2025-04-17 10:26:46,491 [INFO] PluginManager:220 - loadIPPluginJar : add linkedlist
2025-04-17 10:26:46,546 [INFO] IPUIPlugin:80 - create IPUIPlugin
2025-04-17 10:26:46,546 [INFO] PluginManager:220 - loadIPPluginJar : add lorawan
2025-04-17 10:26:46,596 [INFO] IPUIPlugin:80 - create IPUIPlugin
2025-04-17 10:26:46,596 [INFO] PluginManager:220 - loadIPPluginJar : add ltdc
2025-04-17 10:26:46,614 [INFO] IPUIPlugin:80 - create IPUIPlugin
2025-04-17 10:26:46,614 [INFO] PluginManager:220 - loadIPPluginJar : add mdma
2025-04-17 10:26:46,636 [INFO] IPUIPlugin:80 - create IPUIPlugin
2025-04-17 10:26:46,636 [INFO] PluginManager:220 - loadIPPluginJar : add nvic
2025-04-17 10:26:46,686 [INFO] IPUIPlugin:80 - create IPUIPlugin
2025-04-17 10:26:46,686 [INFO] PluginManager:220 - loadIPPluginJar : add opamp
2025-04-17 10:26:46,746 [INFO] ThirdPartyUpdaterWithRetryManager:70 - Updater plugin not ready yet. [2/15]
2025-04-17 10:26:46,768 [INFO] IPUIPlugin:80 - create IPUIPlugin
2025-04-17 10:26:46,769 [INFO] PluginManager:220 - loadIPPluginJar : add openamp
2025-04-17 10:26:46,841 [INFO] IPUIPlugin:80 - create IPUIPlugin
2025-04-17 10:26:46,841 [INFO] PluginManager:220 - loadIPPluginJar : add pdm2pcm
2025-04-17 10:26:46,860 [INFO] IPUIPlugin:80 - create IPUIPlugin
2025-04-17 10:26:46,863 [INFO] PluginManager:220 - loadIPPluginJar : add plateformsettings
2025-04-17 10:26:46,902 [INFO] IPUIPlugin:80 - create IPUIPlugin
2025-04-17 10:26:46,903 [INFO] PluginManager:220 - loadIPPluginJar : add quadspi
2025-04-17 10:26:46,972 [INFO] IPUIPlugin:80 - create IPUIPlugin
2025-04-17 10:26:46,973 [INFO] PluginManager:220 - loadIPPluginJar : add radio
2025-04-17 10:26:46,993 [INFO] IPUIPlugin:80 - create IPUIPlugin
2025-04-17 10:26:46,993 [INFO] PluginManager:220 - loadIPPluginJar : add resmgrutility
2025-04-17 10:26:47,080 [INFO] IPUIPlugin:80 - create IPUIPlugin
2025-04-17 10:26:47,080 [INFO] PluginManager:220 - loadIPPluginJar : add sai
2025-04-17 10:26:47,142 [INFO] IPUIPlugin:80 - create IPUIPlugin
2025-04-17 10:26:47,142 [INFO] PluginManager:220 - loadIPPluginJar : add spi
2025-04-17 10:26:47,234 [INFO] IPUIPlugin:80 - create IPUIPlugin
2025-04-17 10:26:47,234 [INFO] PluginManager:220 - loadIPPluginJar : add stm32_wpan
2025-04-17 10:26:47,280 [INFO] IPUIPlugin:80 - create IPUIPlugin
2025-04-17 10:26:47,281 [INFO] PluginManager:220 - loadIPPluginJar : add tim
2025-04-17 10:26:47,363 [INFO] IPUIPlugin:80 - create IPUIPlugin
2025-04-17 10:26:47,363 [INFO] PluginManager:220 - loadIPPluginJar : add touchsensing
2025-04-17 10:26:47,406 [INFO] IPUIPlugin:80 - create IPUIPlugin
2025-04-17 10:26:47,406 [INFO] PluginManager:220 - loadIPPluginJar : add tracer_emb
2025-04-17 10:26:47,443 [INFO] IPUIPlugin:80 - create IPUIPlugin
2025-04-17 10:26:47,443 [INFO] PluginManager:220 - loadIPPluginJar : add ts
2025-04-17 10:26:47,476 [INFO] IPUIPlugin:80 - create IPUIPlugin
2025-04-17 10:26:47,476 [INFO] PluginManager:220 - loadIPPluginJar : add tsc
2025-04-17 10:26:47,508 [INFO] IPUIPlugin:80 - create IPUIPlugin
2025-04-17 10:26:47,508 [INFO] PluginManager:220 - loadIPPluginJar : add ucpd
2025-04-17 10:26:47,568 [INFO] IPUIPlugin:80 - create IPUIPlugin
2025-04-17 10:26:47,568 [INFO] PluginManager:220 - loadIPPluginJar : add usart
2025-04-17 10:26:47,625 [INFO] IPUIPlugin:80 - create IPUIPlugin
2025-04-17 10:26:47,625 [INFO] PluginManager:220 - loadIPPluginJar : add usbx
2025-04-17 10:26:47,777 [INFO] CADModel:165 - CPN selected for project level
2025-04-17 10:26:47,778 [INFO] CADModel:114 - Register for checkConnection events
2025-04-17 10:26:47,778 [FATAL] Updater:334 - Updater called before beeing initialized
2025-04-17 10:26:47,778 [ERROR] CADModel:125 - Updater not yet initialized, retry later 
2025-04-17 10:26:48,035 [INFO] CADModel:165 - CPN selected for project level
2025-04-17 10:26:48,036 [INFO] CADModel:114 - Register for checkConnection events
2025-04-17 10:26:48,038 [FATAL] Updater:334 - Updater called before beeing initialized
2025-04-17 10:26:48,038 [ERROR] CADModel:125 - Updater not yet initialized, retry later 
2025-04-17 10:26:48,047 [FATAL] Updater:334 - Updater called before beeing initialized
2025-04-17 10:26:48,212 [FATAL] Updater:334 - Updater called before beeing initialized
2025-04-17 10:26:48,230 [INFO] DbMcusAds:53 - JSON generation date=Tue Dec 17 08:01:15 PST 2024 (1734451275189)
2025-04-17 10:26:48,230 [FATAL] Updater:334 - Updater called before beeing initialized
2025-04-17 10:26:48,295 [WARN] DetailPanel:346 - Failed to get advertising image, set to default
2025-04-17 10:26:48,445 [FATAL] Updater:334 - Updater called before beeing initialized
2025-04-17 10:26:48,530 [FATAL] Updater:334 - Updater called before beeing initialized
2025-04-17 10:26:48,531 [FATAL] Updater:334 - Updater called before beeing initialized
2025-04-17 10:26:48,531 [WARN] DetailPanel:346 - Failed to get advertising image, set to default
2025-04-17 10:26:48,532 [FATAL] Updater:334 - Updater called before beeing initialized
2025-04-17 10:26:48,628 [ERROR] Updater:1164 - MainUpdater not yet initialized. External WinMGr cannot be set.
2025-04-17 10:26:48,653 [INFO] Updater:1100 - Updater Version found : 6.12.0
2025-04-17 10:26:48,676 [INFO] ApplicationProperties:184 - Using Application install path: C:\ST\STM32CubeIDE_1.16.0\STM32CubeIDE\plugins\com.st.stm32cube.common.mx_6.12.0.202406281431
2025-04-17 10:26:49,747 [INFO] ThirdPartyUpdaterWithRetryManager:70 - Updater plugin not ready yet. [3/15]
2025-04-17 10:26:50,288 [ERROR] LogOutputStream:75 - [STDERR_REDIRECT] Apr 17, 2025 10:26:50 AM java.util.prefs.WindowsPreferences <init>
2025-04-17 10:26:50,289 [ERROR] LogOutputStream:75 - [STDERR_REDIRECT] WARNING: Could not open/create prefs root node Software\JavaSoft\Prefs at root 0xffffffff80000002. Windows RegCreateKeyEx(...) returned error code 5.
2025-04-17 10:26:50,290 [ERROR] LogOutputStream:75 - [STDERR_REDIRECT] 
2025-04-17 10:26:50,936 [INFO] MainUpdater:2873 - connection check result : 10
2025-04-17 10:26:50,936 [INFO] MainUpdater:3567 - Updater definition file requires update
2025-04-17 10:26:50,939 [INFO] MainUpdater:290 - Updater Check For Update Now.
2025-04-17 10:26:50,939 [INFO] MicroXplorer:498 - Change Database Version : DB.6.0.120
2025-04-17 10:26:50,985 [INFO] McuFinderGlobals:63 - Set McuFinder mode to 2 (CubeIDE integrated)
2025-04-17 10:26:50,985 [INFO] UserAuth:179 - activating auth plugin
2025-04-17 10:26:50,990 [INFO] UserAuth:417 - Internet connection configuration mode: 1
2025-04-17 10:26:51,039 [INFO] ServerAccessManage:473 - Download File updaters.zip
2025-04-17 10:26:51,060 [INFO] JxBrowserEngine:152 - Initiate JxBrowser Engine with user profile folder
2025-04-17 10:26:51,203 [INFO] FileExtend:240 - Unzip File : updaters.zip
2025-04-17 10:26:51,204 [INFO] FileExtend:255 - Standard Zip Deflate
2025-04-17 10:26:51,924 [INFO] ServerAccessManage:473 - Download File PacksControlFlags.xml
2025-04-17 10:26:52,050 [INFO] ServerAccessManage:473 - Download File cubemx.pidx
2025-04-17 10:26:52,751 [WARN] MainUpdater:1194 - Updater busy. Cannot search thirdparties
2025-04-17 10:26:52,751 [INFO] ThirdPartyUpdaterWithRetryManager:96 - Updater plugin is busy. [1/15]
2025-04-17 10:26:53,102 [INFO] ServerAccessManage:473 - Download File STMicroelectronics.X-CUBE-MEMS1.pdsc
2025-04-17 10:26:54,419 [INFO] ServerAccessManage:473 - Download File STMicroelectronics.X-CUBE-TOF1.pdsc
2025-04-17 10:26:55,154 [ERROR] ServerAccessManage:1089 - Problem, file not found on Server
2025-04-17 10:26:55,753 [WARN] MainUpdater:1194 - Updater busy. Cannot search thirdparties
2025-04-17 10:26:55,754 [INFO] ThirdPartyUpdaterWithRetryManager:96 - Updater plugin is busy. [2/15]
2025-04-17 10:26:56,975 [INFO] WebApp:167 - Instantiating new browser for Auth
2025-04-17 10:26:57,345 [INFO] ServerAccessManage:473 - Download File Avnet-IotConnect.X-CUBE-IoTC-DA16k-PMOD.pdsc
2025-04-17 10:26:57,712 [INFO] CheckServerUpdateThread:120 - End of CheckServer Thread
2025-04-17 10:26:57,741 [WARN] PackLoader:240 - Cannot read IP mode file for STMicroelectronics.X-CUBE-MEMS1.11.2.0
2025-04-17 10:26:57,954 [WARN] PopulateThirdPartyThread:106 - Error when creating pack: C:/Users/brady/.stm32cubemx/thirdparties/pdsc/STMicroelectronics.X-CUBE-TOF1.pdsc
2025-04-17 10:26:57,956 [WARN] PopulateThirdPartyThread:106 - Error when creating pack: C:/Users/brady/.stm32cubemx/thirdparties/pdsc/Avnet-IotConnect.X-CUBE-IoTC-DA16k-PMOD.pdsc
2025-04-17 10:26:57,957 [INFO] PopulateThirdPartyThread:66 - Ending populate Thread
2025-04-17 10:26:57,960 [INFO] ThirdParty:1030 - CMSIS Pack Vendor :STMicroelectronics X-CUBE-MEMS1 11.2.0
2025-04-17 10:26:57,961 [INFO] LoadServerUpdatesThread:375 - End of LoadServerUpdate Thread
2025-04-17 10:26:58,946 [INFO] WebApp:448 - Apply proxy settings
2025-04-17 10:26:58,947 [INFO] WebApp:533 - Chromium requires no authentication
2025-04-17 10:26:58,967 [INFO] WebApp:476 - Direct internet connection detected
2025-04-17 10:26:58,998 [INFO] WebApp:869 - Register for checkConnection events
2025-04-17 10:26:58,998 [INFO] WebApp:448 - Apply proxy settings
2025-04-17 10:26:58,998 [INFO] WebApp:533 - Chromium requires no authentication
2025-04-17 10:26:58,999 [INFO] WebApp:476 - Direct internet connection detected
2025-04-17 10:26:59,077 [WARN] PackLoader:240 - Cannot read IP mode file for STMicroelectronics.FP-SNS-MOTENVWB1.1.4.0
2025-04-17 10:26:59,085 [WARN] PackLoader:240 - Cannot read IP mode file for STMicroelectronics.FP-ATR-ASTRA1.2.0.2
2025-04-17 10:26:59,103 [WARN] PackLoader:240 - Cannot read IP mode file for STMicroelectronics.FP-ATR-ASTRA1.2.0.1
2025-04-17 10:26:59,135 [WARN] PackLoader:240 - Cannot read IP mode file for STMicroelectronics.X-CUBE-SMBUS.2.1.0
2025-04-17 10:26:59,153 [INFO] WebApp:186 - Connection restablished
2025-04-17 10:26:59,158 [WARN] PackLoader:240 - Cannot read IP mode file for STMicroelectronics.X-CUBE-WB05N.1.1.0
2025-04-17 10:26:59,197 [WARN] PackLoader:240 - Cannot read IP mode file for STMicroelectronics.X-CUBE-AZRTOS-F7.1.1.0
2025-04-17 10:26:59,278 [WARN] PackLoader:240 - Cannot read IP mode file for STMicroelectronics.X-CUBE-MEMS1.11.0.0
2025-04-17 10:26:59,430 [INFO] WebApp:220 - Starting web application
2025-04-17 10:26:59,432 [INFO] WebApp:578 - Web application path used C:\ST\STM32CubeIDE_1.16.0\STM32CubeIDE\plugins\com.st.stm32cube.common.mx_6.12.0.202406281431\db\plugins\mcufinder\reactClient1\index.html
2025-04-17 10:26:59,471 [WARN] PackLoader:240 - Cannot read IP mode file for STMicroelectronics.FP-SNS-FLIGHT1.5.0.2
2025-04-17 10:26:59,499 [WARN] PackLoader:240 - Cannot read IP mode file for STMicroelectronics.X-CUBE-DISPLAY.3.0.0
2025-04-17 10:26:59,520 [WARN] PackLoader:240 - Cannot read IP mode file for STMicroelectronics.X-CUBE-BLE1.7.0.0
2025-04-17 10:26:59,540 [WARN] PackLoader:240 - Cannot read IP mode file for STMicroelectronics.X-CUBE-NFC10.1.0.0
2025-04-17 10:26:59,566 [WARN] PackLoader:240 - Cannot read IP mode file for STMicroelectronics.X-CUBE-BLEMGR.4.0.0
2025-04-17 10:26:59,594 [WARN] PackLoader:240 - Cannot read IP mode file for emotas.I-CUBE-CANOPEN.1.3.0
2025-04-17 10:26:59,614 [WARN] PackLoader:240 - Cannot read IP mode file for STMicroelectronics.X-CUBE-BLEMGR.3.1.0
2025-04-17 10:26:59,635 [WARN] PackLoader:240 - Cannot read IP mode file for STMicroelectronics.X-CUBE-AI.10.0.0
2025-04-17 10:26:59,656 [WARN] PackLoader:240 - Cannot read IP mode file for STMicroelectronics.FP-SNS-SMARTAG2.1.2.0
2025-04-17 10:26:59,662 [ERROR] Engine:466 - C:\Users\brady\.stm32cubemx\thirdparties\pdsc\STMicroelectronics.FP-SNS-FLIGHT1.5.1.0.pdsc: PDSC version is not supported
2025-04-17 10:26:59,744 [WARN] PackLoader:240 - Cannot read IP mode file for STMicroelectronics.X-CUBE-MEMS1.11.1.0
2025-04-17 10:26:59,895 [INFO] LogOutputStream:77 - [STDOUT_REDIRECT] 1 : Invalid condition id : UX_CORESTACK_Condition cause : null
2025-04-17 10:26:59,897 [INFO] LogOutputStream:77 - [STDOUT_REDIRECT] 1 : Invalid condition id : UX_CORESTACK_Condition cause : null
2025-04-17 10:26:59,898 [INFO] LogOutputStream:77 - [STDOUT_REDIRECT] 1 : Invalid condition id : UX_CORESTACK_Condition cause : null
2025-04-17 10:26:59,900 [INFO] LogOutputStream:77 - [STDOUT_REDIRECT] 1 : Invalid condition id : UX_CORESTACK_Condition cause : null
2025-04-17 10:26:59,901 [INFO] LogOutputStream:77 - [STDOUT_REDIRECT] 1 : Invalid condition id : UX_CORESTACK_Condition cause : null
2025-04-17 10:26:59,904 [WARN] PackLoader:240 - Cannot read IP mode file for STMicroelectronics.X-CUBE-AZRTOS-WL.2.0.0
2025-04-17 10:26:59,926 [WARN] PackLoader:240 - Cannot read IP mode file for STMicroelectronics.FP-SNS-MOTENV1.5.0.0
2025-04-17 10:26:59,934 [WARN] PackLoader:240 - Cannot read IP mode file for wolfSSL.I-CUBE-wolfMQTT.1.19.0
2025-04-17 10:26:59,964 [WARN] PackLoader:240 - Cannot read IP mode file for WES.I-CUBE-Cesium.1.3.0
2025-04-17 10:26:59,988 [WARN] PackLoader:240 - Cannot read IP mode file for STMicroelectronics.X-CUBE-BLE2.3.3.0
2025-04-17 10:27:00,027 [WARN] PackLoader:240 - Cannot read IP mode file for STMicroelectronics.X-CUBE-NFC9.1.0.0
2025-04-17 10:27:00,050 [WARN] PackLoader:240 - Cannot read IP mode file for STMicroelectronics.X-CUBE-BLE1.7.1.0
2025-04-17 10:27:00,072 [WARN] PackLoader:240 - Cannot read IP mode file for STMicroelectronics.X-CUBE-TCPP.4.1.0
2025-04-17 10:27:00,116 [WARN] PackLoader:240 - Cannot read IP mode file for STMicroelectronics.X-CUBE-MEMS1.11.2.0
2025-04-17 10:27:00,273 [WARN] PackLoader:240 - Cannot read IP mode file for STMicroelectronics.X-CUBE-AZRTOS-G0.1.1.0
2025-04-17 10:27:00,296 [WARN] PackLoader:240 - Cannot read IP mode file for STMicroelectronics.X-CUBE-SAFEA1.1.2.2
2025-04-17 10:27:00,319 [WARN] PackLoader:240 - Cannot read IP mode file for STMicroelectronics.X-CUBE-NFC4.3.0.0
2025-04-17 10:27:00,347 [WARN] PackLoader:240 - Cannot read IP mode file for EmbeddedOffice.I-CUBE-FS-RTOS.1.0.1
2025-04-17 10:27:00,348 [ERROR] ConditionMgr:805 - Attr not supported : Dmpu
2025-04-17 10:27:00,348 [ERROR] ConditionMgr:805 - Attr not supported : Dmpu
2025-04-17 10:27:00,349 [ERROR] ConditionMgr:805 - Attr not supported : Dmpu
2025-04-17 10:27:00,349 [ERROR] ConditionMgr:805 - Attr not supported : Dmpu
2025-04-17 10:27:00,349 [ERROR] ConditionMgr:805 - Attr not supported : Dmpu
2025-04-17 10:27:00,349 [ERROR] ConditionMgr:805 - Attr not supported : Dmpu
2025-04-17 10:27:00,350 [ERROR] ConditionMgr:805 - Attr not supported : Dmpu
2025-04-17 10:27:00,350 [ERROR] ConditionMgr:805 - Attr not supported : Dmpu
2025-04-17 10:27:00,350 [ERROR] ConditionMgr:805 - Attr not supported : Dmpu
2025-04-17 10:27:00,350 [ERROR] ConditionMgr:805 - Attr not supported : Dmpu
2025-04-17 10:27:00,350 [ERROR] ConditionMgr:805 - Attr not supported : Dmpu
2025-04-17 10:27:00,350 [ERROR] ConditionMgr:805 - Attr not supported : Dmpu
2025-04-17 10:27:00,350 [ERROR] ConditionMgr:805 - Attr not supported : Dmpu
2025-04-17 10:27:00,350 [ERROR] ConditionMgr:805 - Attr not supported : Dmpu
2025-04-17 10:27:00,350 [ERROR] ConditionMgr:805 - Attr not supported : Dmpu
2025-04-17 10:27:00,350 [ERROR] ConditionMgr:805 - Attr not supported : Dmpu
2025-04-17 10:27:00,350 [ERROR] ConditionMgr:805 - Attr not supported : Dmpu
2025-04-17 10:27:00,351 [ERROR] ConditionMgr:805 - Attr not supported : Dmpu
2025-04-17 10:27:00,351 [ERROR] ConditionMgr:805 - Attr not supported : Dmpu
2025-04-17 10:27:00,351 [ERROR] ConditionMgr:805 - Attr not supported : Dmpu
2025-04-17 10:27:00,351 [ERROR] ConditionMgr:805 - Attr not supported : Dmpu
2025-04-17 10:27:00,351 [ERROR] ConditionMgr:805 - Attr not supported : Dmpu
2025-04-17 10:27:00,351 [ERROR] ConditionMgr:805 - Attr not supported : Dmpu
2025-04-17 10:27:00,351 [ERROR] ConditionMgr:805 - Attr not supported : Dmpu
2025-04-17 10:27:00,351 [ERROR] ConditionMgr:805 - Attr not supported : Dmpu
2025-04-17 10:27:00,351 [ERROR] ConditionMgr:805 - Attr not supported : Dmpu
2025-04-17 10:27:00,351 [ERROR] ConditionMgr:805 - Attr not supported : Dmpu
2025-04-17 10:27:00,351 [ERROR] ConditionMgr:805 - Attr not supported : Dmpu
2025-04-17 10:27:00,351 [ERROR] ConditionMgr:805 - Attr not supported : Dmpu
2025-04-17 10:27:00,352 [ERROR] ConditionMgr:805 - Attr not supported : Dmpu
2025-04-17 10:27:00,352 [ERROR] ConditionMgr:805 - Attr not supported : Dmpu
2025-04-17 10:27:00,352 [ERROR] ConditionMgr:805 - Attr not supported : Dmpu
2025-04-17 10:27:00,352 [ERROR] ConditionMgr:805 - Attr not supported : Dmpu
2025-04-17 10:27:00,352 [ERROR] ConditionMgr:805 - Attr not supported : Dmpu
2025-04-17 10:27:00,352 [ERROR] ConditionMgr:805 - Attr not supported : Dmpu
2025-04-17 10:27:00,352 [ERROR] ConditionMgr:805 - Attr not supported : Dmpu
2025-04-17 10:27:00,352 [ERROR] ConditionMgr:805 - Attr not supported : Dmpu
2025-04-17 10:27:00,352 [ERROR] ConditionMgr:805 - Attr not supported : Dmpu
2025-04-17 10:27:00,352 [ERROR] ConditionMgr:805 - Attr not supported : Dmpu
2025-04-17 10:27:00,352 [ERROR] ConditionMgr:805 - Attr not supported : Dmpu
2025-04-17 10:27:00,352 [ERROR] ConditionMgr:805 - Attr not supported : Dmpu
2025-04-17 10:27:00,353 [ERROR] ConditionMgr:805 - Attr not supported : Dmpu
2025-04-17 10:27:00,353 [ERROR] ConditionMgr:805 - Attr not supported : Dmpu
2025-04-17 10:27:00,353 [ERROR] ConditionMgr:805 - Attr not supported : Dmpu
2025-04-17 10:27:00,353 [ERROR] ConditionMgr:805 - Attr not supported : Dmpu
2025-04-17 10:27:00,353 [ERROR] ConditionMgr:805 - Attr not supported : Dmpu
2025-04-17 10:27:00,353 [ERROR] ConditionMgr:805 - Attr not supported : Dmpu
2025-04-17 10:27:00,353 [ERROR] ConditionMgr:805 - Attr not supported : Dmpu
2025-04-17 10:27:00,353 [ERROR] ConditionMgr:805 - Attr not supported : Dmpu
2025-04-17 10:27:00,353 [ERROR] ConditionMgr:805 - Attr not supported : Dmpu
2025-04-17 10:27:00,353 [ERROR] ConditionMgr:805 - Attr not supported : Dmpu
2025-04-17 10:27:00,353 [ERROR] ConditionMgr:805 - Attr not supported : Dmpu
2025-04-17 10:27:00,353 [ERROR] ConditionMgr:805 - Attr not supported : Dmpu
2025-04-17 10:27:00,353 [ERROR] ConditionMgr:805 - Attr not supported : Dmpu
2025-04-17 10:27:00,353 [ERROR] ConditionMgr:805 - Attr not supported : Dmpu
2025-04-17 10:27:00,353 [ERROR] ConditionMgr:805 - Attr not supported : Dmpu
2025-04-17 10:27:00,353 [ERROR] ConditionMgr:805 - Attr not supported : Dmpu
2025-04-17 10:27:00,353 [ERROR] ConditionMgr:805 - Attr not supported : Dmpu
2025-04-17 10:27:00,354 [ERROR] ConditionMgr:805 - Attr not supported : Dmpu
2025-04-17 10:27:00,354 [ERROR] ConditionMgr:805 - Attr not supported : Dmpu
2025-04-17 10:27:00,354 [ERROR] ConditionMgr:805 - Attr not supported : Dmpu
2025-04-17 10:27:00,354 [ERROR] ConditionMgr:805 - Attr not supported : Dmpu
2025-04-17 10:27:00,354 [ERROR] ConditionMgr:805 - Attr not supported : Dmpu
2025-04-17 10:27:00,354 [ERROR] ConditionMgr:805 - Attr not supported : Dmpu
2025-04-17 10:27:00,373 [ERROR] Engine:466 - C:\Users\brady\.stm32cubemx\thirdparties\pdsc\STMicroelectronics.X-CUBE-TCPP.4.2.0.pdsc: PDSC version is not supported
2025-04-17 10:27:00,394 [WARN] PackLoader:240 - Cannot read IP mode file for RealThread.X-CUBE-RT-Thread_Nano.4.1.1
2025-04-17 10:27:00,400 [WARN] PackLoader:240 - Cannot read IP mode file for STMicroelectronics.FP-ATR-SIGFOX1.3.2.0
2025-04-17 10:27:00,418 [WARN] PackLoader:240 - Cannot read IP mode file for wolfSSL.I-CUBE-wolfSSL.5.7.2
2025-04-17 10:27:00,424 [WARN] ConditionMgr:438 - getConditionDescription Invalid condition id : Cortex-A Device cause : null
2025-04-17 10:27:00,463 [WARN] ConditionMgr:1039 - genDependencies : Invalid condition id : Cortex-A Device cause : null
2025-04-17 10:27:00,464 [WARN] ConditionMgr:1039 - genDependencies : Invalid condition id : Cortex-A Device cause : null
2025-04-17 10:27:00,464 [WARN] ConditionMgr:1039 - genDependencies : Invalid condition id : Cortex-A Device cause : null
2025-04-17 10:27:00,484 [WARN] PackLoader:240 - Cannot read IP mode file for STMicroelectronics.X-CUBE-EEPRMA1.5.1.0
2025-04-17 10:27:00,504 [WARN] PackLoader:240 - Cannot read IP mode file for ITTIA_DB.I-CUBE-ITTIADB.8.9.0
2025-04-17 10:27:00,558 [WARN] PackLoader:240 - Cannot read IP mode file for SEGGER.I-CUBE-embOS.1.3.1
2025-04-17 10:27:00,615 [WARN] PackLoader:240 - Cannot read IP mode file for STMicroelectronics.X-CUBE-ALGOBUILD.1.4.0
2025-04-17 10:27:00,635 [WARN] PackLoader:240 - Cannot read IP mode file for STMicroelectronics.X-CUBE-AI.9.1.0
2025-04-17 10:27:00,657 [WARN] PackLoader:240 - Cannot read IP mode file for STMicroelectronics.X-CUBE-GNSS1.6.0.0
2025-04-17 10:27:00,703 [WARN] PackLoader:240 - Cannot read IP mode file for STMicroelectronics.X-CUBE-AZRTOS-F4.1.1.0
2025-04-17 10:27:00,708 [ERROR] Engine:466 - C:\Users\brady\.stm32cubemx\thirdparties\pdsc\Avnet-IotConnect.X-CUBE-IoTC-DA16k-PMOD.1.0.0.pdsc: PDSC version is not supported
2025-04-17 10:27:00,731 [WARN] PackLoader:240 - Cannot read IP mode file for STMicroelectronics.X-CUBE-ISPU.2.1.0
2025-04-17 10:27:00,765 [WARN] PackLoader:240 - Cannot read IP mode file for STMicroelectronics.X-CUBE-FREERTOS.1.2.0
2025-04-17 10:27:00,802 [WARN] PackLoader:240 - Cannot read IP mode file for STMicroelectronics.X-CUBE-AZRTOS-L5.2.0.0
2025-04-17 10:27:00,824 [WARN] PackLoader:240 - Cannot read IP mode file for STMicroelectronics.X-CUBE-NFC6.3.1.0
2025-04-17 10:27:00,845 [WARN] PackLoader:240 - Cannot read IP mode file for STMicroelectronics.X-CUBE-DPower.1.2.0
2025-04-17 10:27:00,862 [WARN] PackLoader:240 - Cannot read IP mode file for STMicroelectronics.X-CUBE-AI.9.0.0
2025-04-17 10:27:00,883 [WARN] PackLoader:240 - Cannot read IP mode file for STMicroelectronics.X-CUBE-FREERTOS.1.3.0
2025-04-17 10:27:00,904 [WARN] PackLoader:240 - Cannot read IP mode file for STMicroelectronics.X-CUBE-NFC7.1.0.1
2025-04-17 10:27:00,924 [WARN] PackLoader:240 - Cannot read IP mode file for STMicroelectronics.X-CUBE-DPower.1.3.0
2025-04-17 10:27:00,957 [WARN] ConditionMgr:438 - getConditionDescription Invalid condition id : LAN8742 Phy interface Condition cause : null
2025-04-17 10:27:00,958 [WARN] PackLoader:240 - Cannot read IP mode file for STMicroelectronics.X-CUBE-AZRTOS-L4.2.0.0
2025-04-17 10:27:00,959 [WARN] ConditionMgr:1039 - genDependencies : Invalid condition id : LAN8742 Phy interface Condition cause : null
2025-04-17 10:27:00,959 [WARN] ConditionMgr:1039 - genDependencies : Invalid condition id : LAN8742 Phy interface Condition cause : null
2025-04-17 10:27:00,960 [WARN] ConditionMgr:1039 - genDependencies : Invalid condition id : LAN8742 Phy interface Condition cause : null
2025-04-17 10:27:00,986 [WARN] PackLoader:240 - Cannot read IP mode file for STMicroelectronics.X-CUBE-SFXS2LP1.4.0.0
2025-04-17 10:27:01,029 [WARN] PackLoader:240 - Cannot read IP mode file for STMicroelectronics.X-CUBE-AZRTOS-H7.3.3.0
2025-04-17 10:27:01,055 [WARN] PackLoader:240 - Cannot read IP mode file for STMicroelectronics.X-CUBE-IPS.3.0.0
2025-04-17 10:27:01,090 [WARN] ConditionMgr:438 - getConditionDescription Invalid condition id : UX DEVICE CLASS RTOS Condition cause : null
2025-04-17 10:27:01,091 [WARN] ConditionMgr:438 - getConditionDescription Invalid condition id : UX DEVICE CLASS RTOS Condition cause : null
2025-04-17 10:27:01,093 [WARN] PackLoader:240 - Cannot read IP mode file for STMicroelectronics.X-CUBE-AZRTOS-WB.2.0.0
2025-04-17 10:27:01,093 [WARN] ConditionMgr:1039 - genDependencies : Invalid condition id : UX DEVICE CLASS RTOS Condition cause : null
2025-04-17 10:27:01,093 [WARN] ConditionMgr:1039 - genDependencies : Invalid condition id : UX DEVICE CLASS RTOS Condition cause : null
2025-04-17 10:27:01,094 [WARN] ConditionMgr:1039 - genDependencies : Invalid condition id : UX DEVICE CLASS RTOS Condition cause : null
2025-04-17 10:27:01,094 [WARN] ConditionMgr:1039 - genDependencies : Invalid condition id : UX DEVICE CLASS RTOS Condition cause : null
2025-04-17 10:27:01,094 [WARN] ConditionMgr:1039 - genDependencies : Invalid condition id : UX DEVICE CLASS RTOS Condition cause : null
2025-04-17 10:27:01,112 [WARN] PackLoader:240 - Cannot read IP mode file for STMicroelectronics.X-CUBE-GNSS1.7.0.0
2025-04-17 10:27:01,132 [WARN] PackLoader:240 - Cannot read IP mode file for STMicroelectronics.X-CUBE-GNSS1.7.0.1
2025-04-17 10:27:01,153 [WARN] PackLoader:240 - Cannot read IP mode file for STMicroelectronics.X-CUBE-TOUCHGFX.4.25.0
2025-04-17 10:27:01,175 [WARN] PackLoader:240 - Cannot read IP mode file for STMicroelectronics.FP-SNS-STBOX1.2.0.0
2025-04-17 10:27:01,207 [WARN] PackLoader:240 - Cannot read IP mode file for STMicroelectronics.X-CUBE-SUBG2.5.0.0
2025-04-17 10:27:01,251 [WARN] PackLoader:240 - Cannot read IP mode file for STMicroelectronics.X-CUBE-AZRTOS-H7RS.1.1.0
2025-04-17 10:27:01,260 [WARN] PackLoader:240 - Cannot read IP mode file for Cesanta.I-CUBE-Mongoose.7.13.0
2025-04-17 10:27:01,291 [WARN] PackLoader:240 - Cannot read IP mode file for STMicroelectronics.X-CUBE-AZRTOS-G4.2.0.0
2025-04-17 10:27:01,310 [WARN] PackLoader:240 - Cannot read IP mode file for STMicroelectronics.X-CUBE-ISPU.2.0.0
2025-04-17 10:27:01,330 [ERROR] Engine:466 - C:\Users\brady\.stm32cubemx\thirdparties\pdsc\STMicroelectronics.X-CUBE-IPS.3.1.0.pdsc: PDSC version is not supported
2025-04-17 10:27:01,347 [WARN] PackLoader:240 - Cannot read IP mode file for STMicroelectronics.X-CUBE-ALS.1.0.2
2025-04-17 10:27:01,366 [WARN] PackLoader:240 - Cannot read IP mode file for STMicroelectronics.X-CUBE-TOUCHGFX.4.24.0
2025-04-17 10:27:01,381 [WARN] PackLoader:240 - Cannot read IP mode file for STMicroelectronics.X-CUBE-TOUCHGFX.4.24.2
2025-04-17 10:27:01,398 [WARN] PackLoader:240 - Cannot read IP mode file for STMicroelectronics.X-CUBE-TOUCHGFX.4.24.1
2025-04-17 10:27:01,405 [WARN] PackLoader:240 - Cannot read IP mode file for wolfSSL.I-CUBE-wolfTPM.3.4.0
2025-04-17 10:27:01,424 [WARN] PackLoader:240 - Cannot read IP mode file for portGmbH.I-Cube-SoM-uGOAL.1.1.0
2025-04-17 10:27:01,455 [WARN] PackLoader:240 - Cannot read IP mode file for STMicroelectronics.X-CUBE-AZRTOS-H7RS.1.0.0
2025-04-17 10:27:01,473 [WARN] PackLoader:240 - Cannot read IP mode file for STMicroelectronics.FP-ATR-ASTRA1.2.0.0
2025-04-17 10:27:01,493 [WARN] PackLoader:240 - Cannot read IP mode file for STMicroelectronics.X-CUBE-TOF1.3.4.2
2025-04-17 10:27:01,504 [ERROR] Engine:466 - C:\Users\brady\.stm32cubemx\thirdparties\pdsc\STMicroelectronics.X-CUBE-TOF1.3.4.3.pdsc: PDSC version is not supported
2025-04-17 10:27:01,535 [WARN] PackLoader:240 - Cannot read IP mode file for Infineon.AIROC-Wi-Fi-Bluetooth-STM32.1.6.1
2025-04-17 10:27:01,542 [WARN] PackLoader:240 - Cannot read IP mode file for wolfSSL.I-CUBE-wolfSSH.1.4.17
2025-04-17 10:27:01,543 [INFO] ThirdParty:978 - Integrity check success = true
2025-04-17 10:27:01,543 [INFO] IntegrityCheckThread:100 - exiting critical section [integrity check]
2025-04-17 10:27:01,543 [INFO] IntegrityCheckThread:103 - End integrity checks thread
2025-04-17 10:46:56,957 [INFO] WebApp:189 - Connection lost
2025-04-17 10:46:57,158 [INFO] WebApp:186 - Connection restablished
2025-04-17 10:48:03,678 [INFO] WebApp:189 - Connection lost
2025-04-17 10:48:03,803 [INFO] WebApp:186 - Connection restablished
2025-04-17 11:19:21,226 [INFO] WebApp:189 - Connection lost
2025-04-17 11:19:21,471 [INFO] WebApp:186 - Connection restablished
2025-04-17 11:21:03,153 [INFO] WebApp:189 - Connection lost
2025-04-17 11:21:03,463 [INFO] WebApp:186 - Connection restablished
2025-04-17 11:21:56,685 [INFO] WebApp:189 - Connection lost
2025-04-17 11:21:56,827 [INFO] WebApp:186 - Connection restablished
2025-04-17 11:24:58,278 [INFO] WebApp:189 - Connection lost
2025-04-17 11:24:58,555 [INFO] WebApp:186 - Connection restablished
2025-04-17 11:30:06,174 [INFO] WebApp:189 - Connection lost
2025-04-17 11:30:06,315 [INFO] WebApp:186 - Connection restablished
2025-04-17 11:30:22,677 [INFO] WebApp:189 - Connection lost
2025-04-17 11:30:22,863 [INFO] WebApp:186 - Connection restablished
2025-04-17 11:30:26,655 [INFO] WebApp:189 - Connection lost
2025-04-17 11:30:26,813 [INFO] WebApp:186 - Connection restablished
2025-04-17 11:33:29,187 [INFO] WebApp:189 - Connection lost
2025-04-17 11:33:29,344 [INFO] WebApp:186 - Connection restablished
2025-04-17 11:34:36,694 [INFO] WebApp:189 - Connection lost
2025-04-17 11:34:36,860 [INFO] WebApp:186 - Connection restablished
2025-04-17 11:37:40,172 [INFO] WebApp:189 - Connection lost
2025-04-17 11:37:40,331 [INFO] WebApp:186 - Connection restablished
2025-04-17 11:37:50,664 [INFO] WebApp:189 - Connection lost
2025-04-17 11:37:50,776 [INFO] WebApp:186 - Connection restablished
2025-04-17 11:38:26,236 [INFO] WebApp:189 - Connection lost
2025-04-17 11:38:26,532 [INFO] WebApp:186 - Connection restablished
2025-04-17 11:40:14,210 [INFO] WebApp:189 - Connection lost
2025-04-17 11:40:14,497 [INFO] WebApp:186 - Connection restablished
2025-04-17 11:43:16,672 [INFO] WebApp:189 - Connection lost
2025-04-17 11:43:16,830 [INFO] WebApp:186 - Connection restablished
2025-04-17 11:44:23,713 [INFO] WebApp:189 - Connection lost
2025-04-17 11:44:23,852 [INFO] WebApp:186 - Connection restablished
2025-04-17 11:46:31,207 [INFO] WebApp:189 - Connection lost
2025-04-17 11:46:31,467 [INFO] WebApp:186 - Connection restablished
2025-04-17 11:49:34,155 [INFO] WebApp:189 - Connection lost
2025-04-17 11:49:34,276 [INFO] WebApp:186 - Connection restablished
2025-04-17 11:53:46,202 [INFO] WebApp:189 - Connection lost
2025-04-17 11:53:46,347 [INFO] WebApp:186 - Connection restablished
2025-04-17 11:56:01,739 [ERROR] LogOutputStream:75 - [STDERR_REDIRECT] 
2025-04-17 11:56:01,740 [ERROR] LogOutputStream:75 - [STDERR_REDIRECT] 
