2025-03-06 17:55:21,028 [INFO] Activator:176 - 


2025-03-06 17:55:21,034 [INFO] Activator:177 - !SESSION log4j initialized
2025-03-06 17:55:27,541 [INFO] LogOutputStream:77 - [STDOUT_REDIRECT] 
2025-03-06 17:55:30,183 [INFO] ApplicationProperties:184 - Using Application install path: C:\ST\STM32CubeIDE_1.16.0\STM32CubeIDE\plugins\com.st.stm32cube.common.mx_6.12.0.202406281431
2025-03-06 17:55:30,203 [INFO] DbMcusXml:78 - Set database path to: C:\ST\STM32CubeIDE_1.16.0\STM32CubeIDE\plugins\com.st.stm32cube.common.mx_6.12.0.202406281431\\db\/mcu/
2025-03-06 17:55:30,203 [INFO] ApiDb:274 - Set plugin database path to: C:\ST\STM32CubeIDE_1.16.0\STM32CubeIDE\plugins\com.st.stm32cube.common.mx_6.12.0.202406281431\\db\/plugins/boardmanager/
2025-03-06 17:55:30,204 [WARN] ApiDb:259 - Overriding images path with different value:  => C:\ST\STM32CubeIDE_1.16.0\STM32CubeIDE\plugins\com.st.stm32cube.common.mx_6.12.0.202406281431\\db\/plugins/mcufinder/images/
2025-03-06 17:55:30,217 [INFO] ApiDb:250 - Set database path to: C:\Users\brady\.stmcufinder\plugins\mcufinder//mcu/
2025-03-06 17:55:30,218 [INFO] DbMcusAds:125 - Set database path to: C:\Users\brady\.stmcufinder\plugins\mcufinder//mcu/
2025-03-06 17:55:30,220 [INFO] CrossReferenceDbSqlite:203 - Set database path to: C:\Users\brady\.stmcufinder\plugins\mcufinder//mcu/cs/
2025-03-06 17:55:30,352 [INFO] RulesReader:64 - Compatibility file has been processed (297 Rules)
2025-03-06 17:55:30,441 [INFO] DbMcusXml:78 - Set database path to: C:\ST\STM32CubeIDE_1.16.0\STM32CubeIDE\plugins\com.st.stm32cube.common.mx_6.12.0.202406281431\\db\/mcu/
2025-03-06 17:55:30,441 [INFO] ApiDb:274 - Set plugin database path to: C:\ST\STM32CubeIDE_1.16.0\STM32CubeIDE\plugins\com.st.stm32cube.common.mx_6.12.0.202406281431\\db\/plugins/boardmanager/
2025-03-06 17:55:30,441 [INFO] ApiDb:261 - Set plugin images path to: C:\ST\STM32CubeIDE_1.16.0\STM32CubeIDE\plugins\com.st.stm32cube.common.mx_6.12.0.202406281431\\db\/plugins/mcufinder/images/
2025-03-06 17:55:30,442 [WARN] DbFile:41 - Overriding database path with different value: C:\Users\brady\.stmcufinder\plugins\mcufinder/ => C:\Users\brady\.stmcufinder\plugins\mcufinder
2025-03-06 17:55:30,442 [INFO] ApiDb:250 - Set database path to: C:\Users\brady\.stmcufinder\plugins\mcufinder//mcu/
2025-03-06 17:55:30,442 [WARN] DbFile:41 - Overriding database path with different value: C:\Users\brady\.stmcufinder\plugins\mcufinder/ => C:\Users\brady\.stmcufinder\plugins\mcufinder
2025-03-06 17:55:30,442 [INFO] DbMcusAds:125 - Set database path to: C:\Users\brady\.stmcufinder\plugins\mcufinder//mcu/
2025-03-06 17:55:30,442 [WARN] DbFile:41 - Overriding database path with different value: C:\Users\brady\.stmcufinder\plugins\mcufinder/ => C:\Users\brady\.stmcufinder\plugins\mcufinder
2025-03-06 17:55:30,442 [WARN] DbFile:41 - Overriding database path with different value: C:\Users\brady\.stmcufinder\plugins\mcufinder/ => C:\Users\brady\.stmcufinder\plugins\mcufinder
2025-03-06 17:55:30,442 [INFO] CrossReferenceDbSqlite:203 - Set database path to: C:\Users\brady\.stmcufinder\plugins\mcufinder//mcu/cs/
2025-03-06 17:55:30,521 [INFO] MainPanel:268 - HeapMemory: 268435456
2025-03-06 17:55:30,631 [INFO] DbMcusXml:78 - Set database path to: C:\ST\STM32CubeIDE_1.16.0\STM32CubeIDE\plugins\com.st.stm32cube.common.mx_6.12.0.202406281431\\db\/mcu/
2025-03-06 17:55:30,631 [INFO] ApiDb:274 - Set plugin database path to: C:\ST\STM32CubeIDE_1.16.0\STM32CubeIDE\plugins\com.st.stm32cube.common.mx_6.12.0.202406281431\\db\/plugins/boardmanager/
2025-03-06 17:55:30,631 [INFO] ApiDb:261 - Set plugin images path to: C:\ST\STM32CubeIDE_1.16.0\STM32CubeIDE\plugins\com.st.stm32cube.common.mx_6.12.0.202406281431\\db\/plugins/mcufinder/images/
2025-03-06 17:55:30,631 [WARN] DbFile:41 - Overriding database path with different value: C:\Users\brady\.stmcufinder\plugins\mcufinder/ => C:\Users\brady\.stmcufinder\plugins\mcufinder
2025-03-06 17:55:30,631 [INFO] ApiDb:250 - Set database path to: C:\Users\brady\.stmcufinder\plugins\mcufinder//mcu/
2025-03-06 17:55:30,631 [WARN] DbFile:41 - Overriding database path with different value: C:\Users\brady\.stmcufinder\plugins\mcufinder/ => C:\Users\brady\.stmcufinder\plugins\mcufinder
2025-03-06 17:55:30,631 [INFO] DbMcusAds:125 - Set database path to: C:\Users\brady\.stmcufinder\plugins\mcufinder//mcu/
2025-03-06 17:55:30,631 [WARN] DbFile:41 - Overriding database path with different value: C:\Users\brady\.stmcufinder\plugins\mcufinder/ => C:\Users\brady\.stmcufinder\plugins\mcufinder
2025-03-06 17:55:30,631 [WARN] DbFile:41 - Overriding database path with different value: C:\Users\brady\.stmcufinder\plugins\mcufinder/ => C:\Users\brady\.stmcufinder\plugins\mcufinder
2025-03-06 17:55:30,632 [INFO] CrossReferenceDbSqlite:203 - Set database path to: C:\Users\brady\.stmcufinder\plugins\mcufinder//mcu/cs/
2025-03-06 17:55:30,650 [INFO] ApplicationProperties:184 - Using Application install path: C:\ST\STM32CubeIDE_1.16.0\STM32CubeIDE\plugins\com.st.stm32cube.common.mx_6.12.0.202406281431
2025-03-06 17:55:30,651 [INFO] PluginManage:196 - Search for loadable plugins [exclusion list=, ]
2025-03-06 17:55:30,654 [INFO] PluginManage:310 - Check plugin analytics
2025-03-06 17:55:30,848 [INFO] AnalyticsPlugin:253 - Accepted Software Licenses: STM32CubeMX.6.12.1
2025-03-06 17:55:30,848 [INFO] AnalyticsPlugin:255 - Accepted CMSIS Pack Licenses: 
2025-03-06 17:55:30,849 [INFO] AnalyticsPlugin:257 - Accepted Firmware Licenses: FW.F4.1.28.0
2025-03-06 17:55:30,852 [INFO] PluginManage:359 - Loaded plugin analytics (category:tool,tabindex:-1)
2025-03-06 17:55:30,853 [INFO] PluginManage:310 - Check plugin cadmodel
2025-03-06 17:55:30,869 [INFO] CADModel:105 - Init CAD model plugin
2025-03-06 17:55:30,869 [INFO] PluginManage:359 - Loaded plugin cadmodel (category:power,tabindex:5)
2025-03-06 17:55:30,869 [INFO] PluginManage:310 - Check plugin clock
2025-03-06 17:55:30,890 [INFO] PluginManage:359 - Loaded plugin clock (category:base,tabindex:2)
2025-03-06 17:55:30,890 [INFO] PluginManage:310 - Check plugin ddr
2025-03-06 17:55:30,893 [INFO] PluginManage:359 - Loaded plugin ddr (category:tool,tabindex:6)
2025-03-06 17:55:30,893 [INFO] PluginManage:310 - Check plugin filemanager
2025-03-06 17:55:31,016 [INFO] PluginManage:359 - Loaded plugin filemanager (category:base,tabindex:10)
2025-03-06 17:55:31,016 [INFO] PluginManage:310 - Check plugin ipmanager
2025-03-06 17:55:31,023 [INFO] PluginManage:359 - Loaded plugin ipmanager (category:base,tabindex:5)
2025-03-06 17:55:31,023 [INFO] PluginManage:310 - Check plugin lpbam
2025-03-06 17:55:31,041 [INFO] PluginManage:359 - Loaded plugin lpbam (category:base,tabindex:0)
2025-03-06 17:55:31,041 [INFO] PluginManage:310 - Check plugin memorymap
2025-03-06 17:55:31,068 [INFO] PluginManage:359 - Loaded plugin memorymap (category:base,tabindex:4)
2025-03-06 17:55:31,069 [INFO] PluginManage:310 - Check plugin pinoutandconfiguration
2025-03-06 17:55:31,086 [INFO] PluginManage:359 - Loaded plugin pinoutandconfiguration (category:base,tabindex:1)
2025-03-06 17:55:31,086 [INFO] PluginManage:310 - Check plugin pinoutconfig
2025-03-06 17:55:31,171 [WARN] SupportedApi:132 - Cannot load RTOS API schema: s4s-elt-must-match.1: The content of 'definitions' must match (annotation?, (simpleType | complexType)?, (unique | key | keyref)*)). A problem was found starting at: attribute.
2025-03-06 17:55:31,299 [INFO] PluginManage:359 - Loaded plugin pinoutconfig (category:base,tabindex:0)
2025-03-06 17:55:31,299 [INFO] PluginManage:310 - Check plugin power
2025-03-06 17:55:31,320 [INFO] PluginManage:359 - Loaded plugin power (category:power,tabindex:4)
2025-03-06 17:55:31,320 [INFO] PluginManage:310 - Check plugin projectmanager
2025-03-06 17:55:31,352 [INFO] PluginManage:359 - Loaded plugin projectmanager (category:projectmanager,tabindex:4)
2025-03-06 17:55:31,352 [INFO] PluginManage:310 - Check plugin rif
2025-03-06 17:55:31,368 [INFO] PluginManage:359 - Loaded plugin rif (category:base,tabindex:3)
2025-03-06 17:55:31,369 [INFO] PluginManage:310 - Check plugin thirdparty
2025-03-06 17:55:31,640 [INFO] PluginManage:359 - Loaded plugin thirdparty (category:base,tabindex:-1)
2025-03-06 17:55:31,640 [WARN] IntegrityCheckThread:84 - waiting for thirdparty lock release [integrity check]
2025-03-06 17:55:31,640 [INFO] PluginManage:310 - Check plugin tools
2025-03-06 17:55:31,640 [INFO] IntegrityCheckThread:86 - entering critical section [integrity check]
2025-03-06 17:55:31,640 [INFO] ThirdPartyUpdaterWithRetryManager:70 - Updater plugin not ready yet. [1/15]
2025-03-06 17:55:31,675 [INFO] PluginManage:359 - Loaded plugin tools (category:base,tabindex:7)
2025-03-06 17:55:31,675 [INFO] PluginManage:310 - Check plugin tutovideos
2025-03-06 17:55:31,864 [INFO] PluginManage:359 - Loaded plugin tutovideos (category:base,tabindex:-1)
2025-03-06 17:55:31,864 [INFO] PluginManage:310 - Check plugin updater
2025-03-06 17:55:31,883 [INFO] PluginManage:359 - Loaded plugin updater (category:base,tabindex:12)
2025-03-06 17:55:31,883 [INFO] PluginManage:310 - Check plugin userauth
2025-03-06 17:55:31,889 [INFO] UserAuth:113 - Init User Auth plugin
2025-03-06 17:55:31,889 [INFO] PluginManage:359 - Loaded plugin userauth (category:base,tabindex:14)
2025-03-06 17:55:31,890 [INFO] PluginManage:283 - PluginManage : Loaded plugins [18]
2025-03-06 17:55:32,087 [INFO] PinOutPanel:1561 - setPackage(No Configuration,No Configuration)
2025-03-06 17:55:32,168 [INFO] CADModel:165 - CPN selected for project level
2025-03-06 17:55:32,168 [INFO] CADModel:114 - Register for checkConnection events
2025-03-06 17:55:32,193 [INFO] IPUIPlugin:80 - create IPUIPlugin
2025-03-06 17:55:32,194 [INFO] PluginManager:220 - loadIPPluginJar : add adc
2025-03-06 17:55:32,229 [INFO] IPUIPlugin:80 - create IPUIPlugin
2025-03-06 17:55:32,229 [INFO] PluginManager:220 - loadIPPluginJar : add aes
2025-03-06 17:55:32,266 [INFO] IPUIPlugin:80 - create IPUIPlugin
2025-03-06 17:55:32,266 [INFO] PluginManager:220 - loadIPPluginJar : add can
2025-03-06 17:55:32,291 [INFO] IPUIPlugin:80 - create IPUIPlugin
2025-03-06 17:55:32,291 [INFO] PluginManager:220 - loadIPPluginJar : add comp
2025-03-06 17:55:32,323 [INFO] IPUIPlugin:80 - create IPUIPlugin
2025-03-06 17:55:32,323 [INFO] PluginManager:220 - loadIPPluginJar : add cryp
2025-03-06 17:55:32,336 [INFO] IPUIPlugin:80 - create IPUIPlugin
2025-03-06 17:55:32,336 [INFO] PluginManager:220 - loadIPPluginJar : add ddr_ctrl_phy
2025-03-06 17:55:32,365 [INFO] IPUIPlugin:80 - create IPUIPlugin
2025-03-06 17:55:32,365 [INFO] PluginManager:220 - loadIPPluginJar : add dfsdm
2025-03-06 17:55:32,380 [INFO] IPUIPlugin:80 - create IPUIPlugin
2025-03-06 17:55:32,381 [INFO] PluginManager:220 - loadIPPluginJar : add dma
2025-03-06 17:55:32,422 [INFO] IPUIPlugin:80 - create IPUIPlugin
2025-03-06 17:55:32,423 [INFO] PluginManager:220 - loadIPPluginJar : add dma3
2025-03-06 17:55:32,465 [INFO] IPUIPlugin:80 - create IPUIPlugin
2025-03-06 17:55:32,465 [INFO] PluginManager:220 - loadIPPluginJar : add extmemmanager
2025-03-06 17:55:32,486 [INFO] IPUIPlugin:80 - create IPUIPlugin
2025-03-06 17:55:32,486 [INFO] PluginManager:220 - loadIPPluginJar : add fatfs
2025-03-06 17:55:32,532 [INFO] IPUIPlugin:80 - create IPUIPlugin
2025-03-06 17:55:32,532 [INFO] PluginManager:220 - loadIPPluginJar : add fmc
2025-03-06 17:55:32,547 [INFO] IPUIPlugin:80 - create IPUIPlugin
2025-03-06 17:55:32,547 [INFO] PluginManager:220 - loadIPPluginJar : add freertos
2025-03-06 17:55:32,568 [INFO] IPUIPlugin:80 - create IPUIPlugin
2025-03-06 17:55:32,568 [INFO] PluginManager:220 - loadIPPluginJar : add genericplugin
2025-03-06 17:55:32,651 [INFO] IPUIPlugin:80 - create IPUIPlugin
2025-03-06 17:55:32,651 [INFO] PluginManager:220 - loadIPPluginJar : add gfxmmu
2025-03-06 17:55:32,780 [INFO] IPUIPlugin:80 - create IPUIPlugin
2025-03-06 17:55:32,781 [INFO] PluginManager:220 - loadIPPluginJar : add gic
2025-03-06 17:55:32,804 [INFO] IPUIPlugin:80 - create IPUIPlugin
2025-03-06 17:55:32,805 [INFO] PluginManager:220 - loadIPPluginJar : add gpio
2025-03-06 17:55:32,897 [INFO] IPUIPlugin:80 - create IPUIPlugin
2025-03-06 17:55:32,897 [INFO] PluginManager:220 - loadIPPluginJar : add gtzc
2025-03-06 17:55:32,944 [INFO] IPUIPlugin:80 - create IPUIPlugin
2025-03-06 17:55:32,945 [INFO] PluginManager:220 - loadIPPluginJar : add hash
2025-03-06 17:55:32,998 [INFO] IPUIPlugin:80 - create IPUIPlugin
2025-03-06 17:55:32,998 [INFO] PluginManager:220 - loadIPPluginJar : add i2c
2025-03-06 17:55:33,039 [INFO] IPUIPlugin:80 - create IPUIPlugin
2025-03-06 17:55:33,039 [INFO] PluginManager:220 - loadIPPluginJar : add i2s
2025-03-06 17:55:33,082 [INFO] IPUIPlugin:80 - create IPUIPlugin
2025-03-06 17:55:33,083 [INFO] PluginManager:220 - loadIPPluginJar : add i3c
2025-03-06 17:55:33,180 [INFO] IPUIPlugin:80 - create IPUIPlugin
2025-03-06 17:55:33,181 [INFO] PluginManager:220 - loadIPPluginJar : add ipddr
2025-03-06 17:55:33,332 [INFO] IPUIPlugin:80 - create IPUIPlugin
2025-03-06 17:55:33,333 [INFO] PluginManager:220 - loadIPPluginJar : add linkedlist
2025-03-06 17:55:33,370 [INFO] IPUIPlugin:80 - create IPUIPlugin
2025-03-06 17:55:33,371 [INFO] PluginManager:220 - loadIPPluginJar : add lorawan
2025-03-06 17:55:33,409 [INFO] IPUIPlugin:80 - create IPUIPlugin
2025-03-06 17:55:33,410 [INFO] PluginManager:220 - loadIPPluginJar : add ltdc
2025-03-06 17:55:33,425 [INFO] IPUIPlugin:80 - create IPUIPlugin
2025-03-06 17:55:33,425 [INFO] PluginManager:220 - loadIPPluginJar : add mdma
2025-03-06 17:55:33,438 [INFO] IPUIPlugin:80 - create IPUIPlugin
2025-03-06 17:55:33,439 [INFO] PluginManager:220 - loadIPPluginJar : add nvic
2025-03-06 17:55:33,477 [INFO] IPUIPlugin:80 - create IPUIPlugin
2025-03-06 17:55:33,477 [INFO] PluginManager:220 - loadIPPluginJar : add opamp
2025-03-06 17:55:33,541 [INFO] IPUIPlugin:80 - create IPUIPlugin
2025-03-06 17:55:33,541 [INFO] PluginManager:220 - loadIPPluginJar : add openamp
2025-03-06 17:55:33,589 [INFO] IPUIPlugin:80 - create IPUIPlugin
2025-03-06 17:55:33,589 [INFO] PluginManager:220 - loadIPPluginJar : add pdm2pcm
2025-03-06 17:55:33,605 [INFO] IPUIPlugin:80 - create IPUIPlugin
2025-03-06 17:55:33,608 [INFO] PluginManager:220 - loadIPPluginJar : add plateformsettings
2025-03-06 17:55:33,634 [INFO] IPUIPlugin:80 - create IPUIPlugin
2025-03-06 17:55:33,635 [INFO] PluginManager:220 - loadIPPluginJar : add quadspi
2025-03-06 17:55:33,662 [INFO] IPUIPlugin:80 - create IPUIPlugin
2025-03-06 17:55:33,662 [INFO] PluginManager:220 - loadIPPluginJar : add radio
2025-03-06 17:55:33,677 [INFO] IPUIPlugin:80 - create IPUIPlugin
2025-03-06 17:55:33,678 [INFO] PluginManager:220 - loadIPPluginJar : add resmgrutility
2025-03-06 17:55:33,725 [INFO] IPUIPlugin:80 - create IPUIPlugin
2025-03-06 17:55:33,725 [INFO] PluginManager:220 - loadIPPluginJar : add sai
2025-03-06 17:55:33,762 [INFO] IPUIPlugin:80 - create IPUIPlugin
2025-03-06 17:55:33,762 [INFO] PluginManager:220 - loadIPPluginJar : add spi
2025-03-06 17:55:33,832 [INFO] IPUIPlugin:80 - create IPUIPlugin
2025-03-06 17:55:33,832 [INFO] PluginManager:220 - loadIPPluginJar : add stm32_wpan
2025-03-06 17:55:33,869 [INFO] IPUIPlugin:80 - create IPUIPlugin
2025-03-06 17:55:33,869 [INFO] PluginManager:220 - loadIPPluginJar : add tim
2025-03-06 17:55:33,930 [INFO] IPUIPlugin:80 - create IPUIPlugin
2025-03-06 17:55:33,930 [INFO] PluginManager:220 - loadIPPluginJar : add touchsensing
2025-03-06 17:55:33,955 [INFO] IPUIPlugin:80 - create IPUIPlugin
2025-03-06 17:55:33,955 [INFO] PluginManager:220 - loadIPPluginJar : add tracer_emb
2025-03-06 17:55:33,981 [INFO] IPUIPlugin:80 - create IPUIPlugin
2025-03-06 17:55:33,981 [INFO] PluginManager:220 - loadIPPluginJar : add ts
2025-03-06 17:55:34,006 [INFO] IPUIPlugin:80 - create IPUIPlugin
2025-03-06 17:55:34,006 [INFO] PluginManager:220 - loadIPPluginJar : add tsc
2025-03-06 17:55:34,030 [INFO] IPUIPlugin:80 - create IPUIPlugin
2025-03-06 17:55:34,030 [INFO] PluginManager:220 - loadIPPluginJar : add ucpd
2025-03-06 17:55:34,078 [INFO] IPUIPlugin:80 - create IPUIPlugin
2025-03-06 17:55:34,078 [INFO] PluginManager:220 - loadIPPluginJar : add usart
2025-03-06 17:55:34,123 [INFO] IPUIPlugin:80 - create IPUIPlugin
2025-03-06 17:55:34,124 [INFO] PluginManager:220 - loadIPPluginJar : add usbx
2025-03-06 17:55:34,258 [INFO] CADModel:165 - CPN selected for project level
2025-03-06 17:55:34,259 [INFO] CADModel:114 - Register for checkConnection events
2025-03-06 17:55:34,260 [FATAL] Updater:334 - Updater called before beeing initialized
2025-03-06 17:55:34,260 [ERROR] CADModel:125 - Updater not yet initialized, retry later 
2025-03-06 17:55:34,410 [INFO] CADModel:165 - CPN selected for project level
2025-03-06 17:55:34,410 [INFO] CADModel:114 - Register for checkConnection events
2025-03-06 17:55:34,410 [FATAL] Updater:334 - Updater called before beeing initialized
2025-03-06 17:55:34,410 [ERROR] CADModel:125 - Updater not yet initialized, retry later 
2025-03-06 17:55:34,413 [FATAL] Updater:334 - Updater called before beeing initialized
2025-03-06 17:55:34,506 [FATAL] Updater:334 - Updater called before beeing initialized
2025-03-06 17:55:34,518 [INFO] DbMcusAds:53 - JSON generation date=Tue Dec 17 08:01:15 PST 2024 (1734451275189)
2025-03-06 17:55:34,518 [FATAL] Updater:334 - Updater called before beeing initialized
2025-03-06 17:55:34,560 [WARN] DetailPanel:346 - Failed to get advertising image, set to default
2025-03-06 17:55:34,648 [INFO] ThirdPartyUpdaterWithRetryManager:70 - Updater plugin not ready yet. [2/15]
2025-03-06 17:55:34,677 [FATAL] Updater:334 - Updater called before beeing initialized
2025-03-06 17:55:34,679 [FATAL] Updater:334 - Updater called before beeing initialized
2025-03-06 17:55:34,679 [FATAL] Updater:334 - Updater called before beeing initialized
2025-03-06 17:55:34,679 [WARN] DetailPanel:346 - Failed to get advertising image, set to default
2025-03-06 17:55:34,680 [FATAL] Updater:334 - Updater called before beeing initialized
2025-03-06 17:55:34,746 [ERROR] Updater:1164 - MainUpdater not yet initialized. External WinMGr cannot be set.
2025-03-06 17:55:34,759 [INFO] Updater:1100 - Updater Version found : 6.12.0
2025-03-06 17:55:34,775 [INFO] ApplicationProperties:184 - Using Application install path: C:\ST\STM32CubeIDE_1.16.0\STM32CubeIDE\plugins\com.st.stm32cube.common.mx_6.12.0.202406281431
2025-03-06 17:55:36,369 [ERROR] LogOutputStream:75 - [STDERR_REDIRECT] Mar 06, 2025 5:55:36 PM java.util.prefs.WindowsPreferences <init>
2025-03-06 17:55:36,371 [ERROR] LogOutputStream:75 - [STDERR_REDIRECT] WARNING: Could not open/create prefs root node Software\JavaSoft\Prefs at root 0xffffffff80000002. Windows RegCreateKeyEx(...) returned error code 5.
2025-03-06 17:55:36,371 [ERROR] LogOutputStream:75 - [STDERR_REDIRECT] 
2025-03-06 17:55:36,911 [INFO] MainUpdater:2873 - connection check result : 10
2025-03-06 17:55:36,911 [INFO] MainUpdater:3567 - Updater definition file requires update
2025-03-06 17:55:36,913 [INFO] MainUpdater:290 - Updater Check For Update Now.
2025-03-06 17:55:36,913 [INFO] MicroXplorer:498 - Change Database Version : DB.6.0.120
2025-03-06 17:55:36,934 [INFO] McuFinderGlobals:63 - Set McuFinder mode to 2 (CubeIDE integrated)
2025-03-06 17:55:36,934 [INFO] UserAuth:179 - activating auth plugin
2025-03-06 17:55:36,937 [INFO] UserAuth:417 - Internet connection configuration mode: 1
2025-03-06 17:55:36,964 [INFO] JxBrowserEngine:152 - Initiate JxBrowser Engine with user profile folder
2025-03-06 17:55:37,099 [INFO] ServerAccessManage:473 - Download File updaters.zip
2025-03-06 17:55:37,227 [INFO] FileExtend:240 - Unzip File : updaters.zip
2025-03-06 17:55:37,227 [INFO] FileExtend:255 - Standard Zip Deflate
2025-03-06 17:55:37,648 [WARN] MainUpdater:1194 - Updater busy. Cannot search thirdparties
2025-03-06 17:55:37,649 [INFO] ThirdPartyUpdaterWithRetryManager:96 - Updater plugin is busy. [1/15]
2025-03-06 17:55:37,830 [INFO] ServerAccessManage:473 - Download File PacksControlFlags.xml
2025-03-06 17:55:37,926 [INFO] ServerAccessManage:473 - Download File cubemx.pidx
2025-03-06 17:55:38,396 [INFO] ServerAccessManage:473 - Download File STMicroelectronics.X-CUBE-BLE1.pdsc
2025-03-06 17:55:39,575 [ERROR] ServerAccessManage:1089 - Problem, file not found on Server
2025-03-06 17:55:40,273 [INFO] ServerAccessManage:473 - Download File STMicroelectronics.X-CUBE-TOUCHGFX.pdsc
2025-03-06 17:55:40,650 [WARN] MainUpdater:1194 - Updater busy. Cannot search thirdparties
2025-03-06 17:55:40,650 [INFO] ThirdPartyUpdaterWithRetryManager:96 - Updater plugin is busy. [2/15]
2025-03-06 17:55:42,736 [INFO] WebApp:167 - Instantiating new browser for Auth
2025-03-06 17:55:43,231 [WARN] PackLoader:240 - Cannot read IP mode file for STMicroelectronics.X-CUBE-BLE1.7.1.0
2025-03-06 17:55:43,237 [WARN] PackLoader:240 - Cannot read IP mode file for STMicroelectronics.X-CUBE-TOUCHGFX.4.25.0
2025-03-06 17:55:43,238 [INFO] PopulateThirdPartyThread:66 - Ending populate Thread
2025-03-06 17:55:43,240 [INFO] ThirdParty:1030 - CMSIS Pack Vendor :STMicroelectronics X-CUBE-BLE1 7.1.0
2025-03-06 17:55:43,240 [INFO] ThirdParty:1030 - CMSIS Pack Vendor :STMicroelectronics X-CUBE-TOUCHGFX 4.25.0
2025-03-06 17:55:43,240 [INFO] LoadServerUpdatesThread:375 - End of LoadServerUpdate Thread
2025-03-06 17:55:43,319 [INFO] CheckServerUpdateThread:120 - End of CheckServer Thread
2025-03-06 17:55:43,803 [INFO] WebApp:448 - Apply proxy settings
2025-03-06 17:55:43,803 [INFO] WebApp:533 - Chromium requires no authentication
2025-03-06 17:55:43,814 [INFO] WebApp:476 - Direct internet connection detected
2025-03-06 17:55:43,840 [INFO] WebApp:869 - Register for checkConnection events
2025-03-06 17:55:43,840 [INFO] WebApp:448 - Apply proxy settings
2025-03-06 17:55:43,840 [INFO] WebApp:533 - Chromium requires no authentication
2025-03-06 17:55:43,841 [INFO] WebApp:476 - Direct internet connection detected
2025-03-06 17:55:43,931 [WARN] PackLoader:240 - Cannot read IP mode file for STMicroelectronics.FP-SNS-MOTENVWB1.1.4.0
2025-03-06 17:55:43,937 [WARN] PackLoader:240 - Cannot read IP mode file for STMicroelectronics.FP-ATR-ASTRA1.2.0.2
2025-03-06 17:55:43,950 [WARN] PackLoader:240 - Cannot read IP mode file for STMicroelectronics.FP-ATR-ASTRA1.2.0.1
2025-03-06 17:55:43,972 [WARN] PackLoader:240 - Cannot read IP mode file for STMicroelectronics.X-CUBE-SMBUS.2.1.0
2025-03-06 17:55:43,989 [WARN] PackLoader:240 - Cannot read IP mode file for STMicroelectronics.X-CUBE-WB05N.1.1.0
2025-03-06 17:55:44,010 [INFO] WebApp:186 - Connection restablished
2025-03-06 17:55:44,042 [WARN] PackLoader:240 - Cannot read IP mode file for STMicroelectronics.X-CUBE-AZRTOS-F7.1.1.0
2025-03-06 17:55:44,114 [WARN] PackLoader:240 - Cannot read IP mode file for STMicroelectronics.X-CUBE-MEMS1.11.0.0
2025-03-06 17:55:44,231 [INFO] WebApp:220 - Starting web application
2025-03-06 17:55:44,231 [INFO] WebApp:578 - Web application path used C:\ST\STM32CubeIDE_1.16.0\STM32CubeIDE\plugins\com.st.stm32cube.common.mx_6.12.0.202406281431\db\plugins\mcufinder\reactClient1\index.html
2025-03-06 17:55:44,331 [WARN] PackLoader:240 - Cannot read IP mode file for STMicroelectronics.FP-SNS-FLIGHT1.5.0.2
2025-03-06 17:55:44,353 [WARN] PackLoader:240 - Cannot read IP mode file for STMicroelectronics.X-CUBE-DISPLAY.3.0.0
2025-03-06 17:55:44,374 [WARN] PackLoader:240 - Cannot read IP mode file for STMicroelectronics.X-CUBE-BLE1.7.0.0
2025-03-06 17:55:44,391 [WARN] PackLoader:240 - Cannot read IP mode file for STMicroelectronics.X-CUBE-NFC10.1.0.0
2025-03-06 17:55:44,419 [WARN] PackLoader:240 - Cannot read IP mode file for STMicroelectronics.X-CUBE-BLEMGR.4.0.0
2025-03-06 17:55:44,437 [WARN] PackLoader:240 - Cannot read IP mode file for emotas.I-CUBE-CANOPEN.1.3.0
2025-03-06 17:55:44,459 [WARN] PackLoader:240 - Cannot read IP mode file for STMicroelectronics.X-CUBE-BLEMGR.3.1.0
2025-03-06 17:55:44,475 [WARN] PackLoader:240 - Cannot read IP mode file for STMicroelectronics.X-CUBE-AI.10.0.0
2025-03-06 17:55:44,493 [WARN] PackLoader:240 - Cannot read IP mode file for STMicroelectronics.FP-SNS-SMARTAG2.1.2.0
2025-03-06 17:55:44,562 [WARN] PackLoader:240 - Cannot read IP mode file for STMicroelectronics.X-CUBE-MEMS1.11.1.0
2025-03-06 17:55:44,747 [INFO] LogOutputStream:77 - [STDOUT_REDIRECT] 1 : Invalid condition id : UX_CORESTACK_Condition cause : null
2025-03-06 17:55:44,748 [INFO] LogOutputStream:77 - [STDOUT_REDIRECT] 1 : Invalid condition id : UX_CORESTACK_Condition cause : null
2025-03-06 17:55:44,751 [INFO] LogOutputStream:77 - [STDOUT_REDIRECT] 1 : Invalid condition id : UX_CORESTACK_Condition cause : null
2025-03-06 17:55:44,753 [INFO] LogOutputStream:77 - [STDOUT_REDIRECT] 1 : Invalid condition id : UX_CORESTACK_Condition cause : null
2025-03-06 17:55:44,756 [INFO] LogOutputStream:77 - [STDOUT_REDIRECT] 1 : Invalid condition id : UX_CORESTACK_Condition cause : null
2025-03-06 17:55:44,760 [WARN] PackLoader:240 - Cannot read IP mode file for STMicroelectronics.X-CUBE-AZRTOS-WL.2.0.0
2025-03-06 17:55:44,781 [WARN] PackLoader:240 - Cannot read IP mode file for STMicroelectronics.FP-SNS-MOTENV1.5.0.0
2025-03-06 17:55:44,791 [WARN] PackLoader:240 - Cannot read IP mode file for wolfSSL.I-CUBE-wolfMQTT.1.19.0
2025-03-06 17:55:44,814 [WARN] PackLoader:240 - Cannot read IP mode file for WES.I-CUBE-Cesium.1.3.0
2025-03-06 17:55:44,832 [WARN] PackLoader:240 - Cannot read IP mode file for STMicroelectronics.X-CUBE-BLE2.3.3.0
2025-03-06 17:55:44,852 [WARN] PackLoader:240 - Cannot read IP mode file for STMicroelectronics.X-CUBE-NFC9.1.0.0
2025-03-06 17:55:44,859 [WARN] PackLoader:240 - Cannot read IP mode file for STMicroelectronics.X-CUBE-BLE1.7.1.0
2025-03-06 17:55:44,880 [WARN] PackLoader:240 - Cannot read IP mode file for STMicroelectronics.X-CUBE-TCPP.4.1.0
2025-03-06 17:55:44,910 [WARN] PackLoader:240 - Cannot read IP mode file for STMicroelectronics.X-CUBE-AZRTOS-G0.1.1.0
2025-03-06 17:55:44,928 [WARN] PackLoader:240 - Cannot read IP mode file for STMicroelectronics.X-CUBE-SAFEA1.1.2.2
2025-03-06 17:55:44,945 [WARN] PackLoader:240 - Cannot read IP mode file for STMicroelectronics.X-CUBE-NFC4.3.0.0
2025-03-06 17:55:44,969 [WARN] PackLoader:240 - Cannot read IP mode file for EmbeddedOffice.I-CUBE-FS-RTOS.1.0.1
2025-03-06 17:55:44,969 [ERROR] ConditionMgr:805 - Attr not supported : Dmpu
2025-03-06 17:55:44,970 [ERROR] ConditionMgr:805 - Attr not supported : Dmpu
2025-03-06 17:55:44,970 [ERROR] ConditionMgr:805 - Attr not supported : Dmpu
2025-03-06 17:55:44,970 [ERROR] ConditionMgr:805 - Attr not supported : Dmpu
2025-03-06 17:55:44,970 [ERROR] ConditionMgr:805 - Attr not supported : Dmpu
2025-03-06 17:55:44,970 [ERROR] ConditionMgr:805 - Attr not supported : Dmpu
2025-03-06 17:55:44,970 [ERROR] ConditionMgr:805 - Attr not supported : Dmpu
2025-03-06 17:55:44,970 [ERROR] ConditionMgr:805 - Attr not supported : Dmpu
2025-03-06 17:55:44,970 [ERROR] ConditionMgr:805 - Attr not supported : Dmpu
2025-03-06 17:55:44,970 [ERROR] ConditionMgr:805 - Attr not supported : Dmpu
2025-03-06 17:55:44,970 [ERROR] ConditionMgr:805 - Attr not supported : Dmpu
2025-03-06 17:55:44,970 [ERROR] ConditionMgr:805 - Attr not supported : Dmpu
2025-03-06 17:55:44,970 [ERROR] ConditionMgr:805 - Attr not supported : Dmpu
2025-03-06 17:55:44,971 [ERROR] ConditionMgr:805 - Attr not supported : Dmpu
2025-03-06 17:55:44,971 [ERROR] ConditionMgr:805 - Attr not supported : Dmpu
2025-03-06 17:55:44,971 [ERROR] ConditionMgr:805 - Attr not supported : Dmpu
2025-03-06 17:55:44,971 [ERROR] ConditionMgr:805 - Attr not supported : Dmpu
2025-03-06 17:55:44,971 [ERROR] ConditionMgr:805 - Attr not supported : Dmpu
2025-03-06 17:55:44,971 [ERROR] ConditionMgr:805 - Attr not supported : Dmpu
2025-03-06 17:55:44,972 [ERROR] ConditionMgr:805 - Attr not supported : Dmpu
2025-03-06 17:55:44,972 [ERROR] ConditionMgr:805 - Attr not supported : Dmpu
2025-03-06 17:55:44,972 [ERROR] ConditionMgr:805 - Attr not supported : Dmpu
2025-03-06 17:55:44,972 [ERROR] ConditionMgr:805 - Attr not supported : Dmpu
2025-03-06 17:55:44,972 [ERROR] ConditionMgr:805 - Attr not supported : Dmpu
2025-03-06 17:55:44,972 [ERROR] ConditionMgr:805 - Attr not supported : Dmpu
2025-03-06 17:55:44,972 [ERROR] ConditionMgr:805 - Attr not supported : Dmpu
2025-03-06 17:55:44,972 [ERROR] ConditionMgr:805 - Attr not supported : Dmpu
2025-03-06 17:55:44,972 [ERROR] ConditionMgr:805 - Attr not supported : Dmpu
2025-03-06 17:55:44,972 [ERROR] ConditionMgr:805 - Attr not supported : Dmpu
2025-03-06 17:55:44,973 [ERROR] ConditionMgr:805 - Attr not supported : Dmpu
2025-03-06 17:55:44,973 [ERROR] ConditionMgr:805 - Attr not supported : Dmpu
2025-03-06 17:55:44,973 [ERROR] ConditionMgr:805 - Attr not supported : Dmpu
2025-03-06 17:55:44,973 [ERROR] ConditionMgr:805 - Attr not supported : Dmpu
2025-03-06 17:55:44,973 [ERROR] ConditionMgr:805 - Attr not supported : Dmpu
2025-03-06 17:55:44,973 [ERROR] ConditionMgr:805 - Attr not supported : Dmpu
2025-03-06 17:55:44,973 [ERROR] ConditionMgr:805 - Attr not supported : Dmpu
2025-03-06 17:55:44,973 [ERROR] ConditionMgr:805 - Attr not supported : Dmpu
2025-03-06 17:55:44,973 [ERROR] ConditionMgr:805 - Attr not supported : Dmpu
2025-03-06 17:55:44,973 [ERROR] ConditionMgr:805 - Attr not supported : Dmpu
2025-03-06 17:55:44,973 [ERROR] ConditionMgr:805 - Attr not supported : Dmpu
2025-03-06 17:55:44,973 [ERROR] ConditionMgr:805 - Attr not supported : Dmpu
2025-03-06 17:55:44,974 [ERROR] ConditionMgr:805 - Attr not supported : Dmpu
2025-03-06 17:55:44,974 [ERROR] ConditionMgr:805 - Attr not supported : Dmpu
2025-03-06 17:55:44,974 [ERROR] ConditionMgr:805 - Attr not supported : Dmpu
2025-03-06 17:55:44,974 [ERROR] ConditionMgr:805 - Attr not supported : Dmpu
2025-03-06 17:55:44,974 [ERROR] ConditionMgr:805 - Attr not supported : Dmpu
2025-03-06 17:55:44,974 [ERROR] ConditionMgr:805 - Attr not supported : Dmpu
2025-03-06 17:55:44,974 [ERROR] ConditionMgr:805 - Attr not supported : Dmpu
2025-03-06 17:55:44,974 [ERROR] ConditionMgr:805 - Attr not supported : Dmpu
2025-03-06 17:55:44,974 [ERROR] ConditionMgr:805 - Attr not supported : Dmpu
2025-03-06 17:55:44,974 [ERROR] ConditionMgr:805 - Attr not supported : Dmpu
2025-03-06 17:55:44,975 [ERROR] ConditionMgr:805 - Attr not supported : Dmpu
2025-03-06 17:55:44,975 [ERROR] ConditionMgr:805 - Attr not supported : Dmpu
2025-03-06 17:55:44,975 [ERROR] ConditionMgr:805 - Attr not supported : Dmpu
2025-03-06 17:55:44,975 [ERROR] ConditionMgr:805 - Attr not supported : Dmpu
2025-03-06 17:55:44,975 [ERROR] ConditionMgr:805 - Attr not supported : Dmpu
2025-03-06 17:55:44,975 [ERROR] ConditionMgr:805 - Attr not supported : Dmpu
2025-03-06 17:55:44,975 [ERROR] ConditionMgr:805 - Attr not supported : Dmpu
2025-03-06 17:55:44,975 [ERROR] ConditionMgr:805 - Attr not supported : Dmpu
2025-03-06 17:55:44,975 [ERROR] ConditionMgr:805 - Attr not supported : Dmpu
2025-03-06 17:55:44,975 [ERROR] ConditionMgr:805 - Attr not supported : Dmpu
2025-03-06 17:55:44,975 [ERROR] ConditionMgr:805 - Attr not supported : Dmpu
2025-03-06 17:55:44,975 [ERROR] ConditionMgr:805 - Attr not supported : Dmpu
2025-03-06 17:55:44,975 [ERROR] ConditionMgr:805 - Attr not supported : Dmpu
2025-03-06 17:55:44,993 [ERROR] Engine:466 - C:\Users\brady\.stm32cubemx\thirdparties\pdsc\STMicroelectronics.X-CUBE-TCPP.4.2.0.pdsc: PDSC version is not supported
2025-03-06 17:55:45,007 [WARN] PackLoader:240 - Cannot read IP mode file for RealThread.X-CUBE-RT-Thread_Nano.4.1.1
2025-03-06 17:55:45,015 [WARN] PackLoader:240 - Cannot read IP mode file for STMicroelectronics.FP-ATR-SIGFOX1.3.2.0
2025-03-06 17:55:45,031 [WARN] PackLoader:240 - Cannot read IP mode file for wolfSSL.I-CUBE-wolfSSL.5.7.2
2025-03-06 17:55:45,037 [WARN] ConditionMgr:438 - getConditionDescription Invalid condition id : Cortex-A Device cause : null
2025-03-06 17:55:45,090 [WARN] ConditionMgr:1039 - genDependencies : Invalid condition id : Cortex-A Device cause : null
2025-03-06 17:55:45,090 [WARN] ConditionMgr:1039 - genDependencies : Invalid condition id : Cortex-A Device cause : null
2025-03-06 17:55:45,091 [WARN] ConditionMgr:1039 - genDependencies : Invalid condition id : Cortex-A Device cause : null
2025-03-06 17:55:45,107 [WARN] PackLoader:240 - Cannot read IP mode file for STMicroelectronics.X-CUBE-EEPRMA1.5.1.0
2025-03-06 17:55:45,126 [WARN] PackLoader:240 - Cannot read IP mode file for ITTIA_DB.I-CUBE-ITTIADB.8.9.0
2025-03-06 17:55:45,175 [WARN] PackLoader:240 - Cannot read IP mode file for SEGGER.I-CUBE-embOS.1.3.1
2025-03-06 17:55:45,267 [WARN] PackLoader:240 - Cannot read IP mode file for STMicroelectronics.X-CUBE-ALGOBUILD.1.4.0
2025-03-06 17:55:45,280 [WARN] PackLoader:240 - Cannot read IP mode file for STMicroelectronics.X-CUBE-AI.9.1.0
2025-03-06 17:55:45,295 [WARN] PackLoader:240 - Cannot read IP mode file for STMicroelectronics.X-CUBE-GNSS1.6.0.0
2025-03-06 17:55:45,321 [WARN] PackLoader:240 - Cannot read IP mode file for STMicroelectronics.X-CUBE-AZRTOS-F4.1.1.0
2025-03-06 17:55:45,338 [WARN] PackLoader:240 - Cannot read IP mode file for STMicroelectronics.X-CUBE-ISPU.2.1.0
2025-03-06 17:55:45,352 [WARN] PackLoader:240 - Cannot read IP mode file for STMicroelectronics.X-CUBE-FREERTOS.1.2.0
2025-03-06 17:55:45,377 [WARN] PackLoader:240 - Cannot read IP mode file for STMicroelectronics.X-CUBE-AZRTOS-L5.2.0.0
2025-03-06 17:55:45,394 [WARN] PackLoader:240 - Cannot read IP mode file for STMicroelectronics.X-CUBE-NFC6.3.1.0
2025-03-06 17:55:45,409 [WARN] PackLoader:240 - Cannot read IP mode file for STMicroelectronics.X-CUBE-DPower.1.2.0
2025-03-06 17:55:45,422 [WARN] PackLoader:240 - Cannot read IP mode file for STMicroelectronics.X-CUBE-AI.9.0.0
2025-03-06 17:55:45,436 [WARN] PackLoader:240 - Cannot read IP mode file for STMicroelectronics.X-CUBE-FREERTOS.1.3.0
2025-03-06 17:55:45,450 [WARN] PackLoader:240 - Cannot read IP mode file for STMicroelectronics.X-CUBE-NFC7.1.0.1
2025-03-06 17:55:45,479 [WARN] ConditionMgr:438 - getConditionDescription Invalid condition id : LAN8742 Phy interface Condition cause : null
2025-03-06 17:55:45,480 [WARN] PackLoader:240 - Cannot read IP mode file for STMicroelectronics.X-CUBE-AZRTOS-L4.2.0.0
2025-03-06 17:55:45,481 [WARN] ConditionMgr:1039 - genDependencies : Invalid condition id : LAN8742 Phy interface Condition cause : null
2025-03-06 17:55:45,481 [WARN] ConditionMgr:1039 - genDependencies : Invalid condition id : LAN8742 Phy interface Condition cause : null
2025-03-06 17:55:45,482 [WARN] ConditionMgr:1039 - genDependencies : Invalid condition id : LAN8742 Phy interface Condition cause : null
2025-03-06 17:55:45,496 [WARN] PackLoader:240 - Cannot read IP mode file for STMicroelectronics.X-CUBE-SFXS2LP1.4.0.0
2025-03-06 17:55:45,523 [WARN] PackLoader:240 - Cannot read IP mode file for STMicroelectronics.X-CUBE-AZRTOS-H7.3.3.0
2025-03-06 17:55:45,545 [WARN] PackLoader:240 - Cannot read IP mode file for STMicroelectronics.X-CUBE-IPS.3.0.0
2025-03-06 17:55:45,569 [WARN] ConditionMgr:438 - getConditionDescription Invalid condition id : UX DEVICE CLASS RTOS Condition cause : null
2025-03-06 17:55:45,569 [WARN] ConditionMgr:438 - getConditionDescription Invalid condition id : UX DEVICE CLASS RTOS Condition cause : null
2025-03-06 17:55:45,570 [WARN] PackLoader:240 - Cannot read IP mode file for STMicroelectronics.X-CUBE-AZRTOS-WB.2.0.0
2025-03-06 17:55:45,571 [WARN] ConditionMgr:1039 - genDependencies : Invalid condition id : UX DEVICE CLASS RTOS Condition cause : null
2025-03-06 17:55:45,571 [WARN] ConditionMgr:1039 - genDependencies : Invalid condition id : UX DEVICE CLASS RTOS Condition cause : null
2025-03-06 17:55:45,571 [WARN] ConditionMgr:1039 - genDependencies : Invalid condition id : UX DEVICE CLASS RTOS Condition cause : null
2025-03-06 17:55:45,571 [WARN] ConditionMgr:1039 - genDependencies : Invalid condition id : UX DEVICE CLASS RTOS Condition cause : null
2025-03-06 17:55:45,571 [WARN] ConditionMgr:1039 - genDependencies : Invalid condition id : UX DEVICE CLASS RTOS Condition cause : null
2025-03-06 17:55:45,593 [WARN] PackLoader:240 - Cannot read IP mode file for STMicroelectronics.X-CUBE-GNSS1.7.0.0
2025-03-06 17:55:45,607 [WARN] PackLoader:240 - Cannot read IP mode file for STMicroelectronics.X-CUBE-GNSS1.7.0.1
2025-03-06 17:55:45,611 [WARN] PackLoader:240 - Cannot read IP mode file for STMicroelectronics.X-CUBE-TOUCHGFX.4.25.0
2025-03-06 17:55:45,626 [WARN] PackLoader:240 - Cannot read IP mode file for STMicroelectronics.FP-SNS-STBOX1.2.0.0
2025-03-06 17:55:45,646 [WARN] PackLoader:240 - Cannot read IP mode file for STMicroelectronics.X-CUBE-SUBG2.5.0.0
2025-03-06 17:55:45,653 [WARN] PackLoader:240 - Cannot read IP mode file for Cesanta.I-CUBE-Mongoose.7.13.0
2025-03-06 17:55:45,676 [WARN] PackLoader:240 - Cannot read IP mode file for STMicroelectronics.X-CUBE-AZRTOS-G4.2.0.0
2025-03-06 17:55:45,694 [WARN] PackLoader:240 - Cannot read IP mode file for STMicroelectronics.X-CUBE-ISPU.2.0.0
2025-03-06 17:55:45,710 [ERROR] Engine:466 - C:\Users\brady\.stm32cubemx\thirdparties\pdsc\STMicroelectronics.X-CUBE-IPS.3.1.0.pdsc: PDSC version is not supported
2025-03-06 17:55:45,727 [WARN] PackLoader:240 - Cannot read IP mode file for STMicroelectronics.X-CUBE-ALS.1.0.2
2025-03-06 17:55:45,741 [WARN] PackLoader:240 - Cannot read IP mode file for STMicroelectronics.X-CUBE-TOUCHGFX.4.24.0
2025-03-06 17:55:45,754 [WARN] PackLoader:240 - Cannot read IP mode file for STMicroelectronics.X-CUBE-TOUCHGFX.4.24.2
2025-03-06 17:55:45,769 [WARN] PackLoader:240 - Cannot read IP mode file for STMicroelectronics.X-CUBE-TOUCHGFX.4.24.1
2025-03-06 17:55:45,774 [WARN] PackLoader:240 - Cannot read IP mode file for wolfSSL.I-CUBE-wolfTPM.3.4.0
2025-03-06 17:55:45,791 [WARN] PackLoader:240 - Cannot read IP mode file for portGmbH.I-Cube-SoM-uGOAL.1.1.0
2025-03-06 17:55:45,822 [WARN] PackLoader:240 - Cannot read IP mode file for STMicroelectronics.X-CUBE-AZRTOS-H7RS.1.0.0
2025-03-06 17:55:45,839 [WARN] PackLoader:240 - Cannot read IP mode file for STMicroelectronics.FP-ATR-ASTRA1.2.0.0
2025-03-06 17:55:45,856 [WARN] PackLoader:240 - Cannot read IP mode file for STMicroelectronics.X-CUBE-TOF1.3.4.2
2025-03-06 17:55:45,891 [WARN] PackLoader:240 - Cannot read IP mode file for Infineon.AIROC-Wi-Fi-Bluetooth-STM32.1.6.1
2025-03-06 17:55:45,901 [WARN] PackLoader:240 - Cannot read IP mode file for wolfSSL.I-CUBE-wolfSSH.1.4.17
2025-03-06 17:55:45,902 [INFO] ThirdParty:978 - Integrity check success = true
2025-03-06 17:55:45,903 [INFO] IntegrityCheckThread:100 - exiting critical section [integrity check]
2025-03-06 17:55:45,903 [INFO] IntegrityCheckThread:103 - End integrity checks thread
2025-03-06 18:07:07,571 [INFO] WebApp:189 - Connection lost
2025-03-06 18:07:07,721 [INFO] WebApp:186 - Connection restablished
2025-03-06 20:32:10,758 [INFO] WebApp:189 - Connection lost
2025-03-06 20:32:10,902 [INFO] WebApp:186 - Connection restablished
