2024-09-30 15:25:42,760 [INFO] Activator:176 - 


2024-09-30 15:25:42,766 [INFO] Activator:177 - !SESSION log4j initialized
2024-09-30 15:25:48,709 [INFO] LogOutputStream:77 - [STDOUT_REDIRECT] 
2024-09-30 15:25:51,790 [INFO] ApplicationProperties:184 - Using Application install path: C:\ST\STM32CubeIDE_1.16.0\STM32CubeIDE\plugins\com.st.stm32cube.common.mx_6.12.0.202406281431
2024-09-30 15:25:51,812 [INFO] DbMcusXml:78 - Set database path to: C:\ST\STM32CubeIDE_1.16.0\STM32CubeIDE\plugins\com.st.stm32cube.common.mx_6.12.0.202406281431\\db\/mcu/
2024-09-30 15:25:51,812 [INFO] ApiDb:274 - Set plugin database path to: C:\ST\STM32CubeIDE_1.16.0\STM32CubeIDE\plugins\com.st.stm32cube.common.mx_6.12.0.202406281431\\db\/plugins/boardmanager/
2024-09-30 15:25:51,821 [WARN] ApiDb:259 - Overriding images path with different value:  => C:\ST\STM32CubeIDE_1.16.0\STM32CubeIDE\plugins\com.st.stm32cube.common.mx_6.12.0.202406281431\\db\/plugins/mcufinder/images/
2024-09-30 15:25:51,838 [INFO] ApiDb:250 - Set database path to: C:\Users\brady\.stmcufinder\plugins\mcufinder//mcu/
2024-09-30 15:25:51,840 [INFO] DbMcusAds:125 - Set database path to: C:\Users\brady\.stmcufinder\plugins\mcufinder//mcu/
2024-09-30 15:25:51,842 [INFO] CrossReferenceDbSqlite:203 - Set database path to: C:\Users\brady\.stmcufinder\plugins\mcufinder//mcu/cs/
2024-09-30 15:25:52,018 [INFO] RulesReader:64 - Compatibility file has been processed (297 Rules)
2024-09-30 15:25:52,148 [INFO] DbMcusXml:78 - Set database path to: C:\ST\STM32CubeIDE_1.16.0\STM32CubeIDE\plugins\com.st.stm32cube.common.mx_6.12.0.202406281431\\db\/mcu/
2024-09-30 15:25:52,148 [INFO] ApiDb:274 - Set plugin database path to: C:\ST\STM32CubeIDE_1.16.0\STM32CubeIDE\plugins\com.st.stm32cube.common.mx_6.12.0.202406281431\\db\/plugins/boardmanager/
2024-09-30 15:25:52,149 [INFO] ApiDb:261 - Set plugin images path to: C:\ST\STM32CubeIDE_1.16.0\STM32CubeIDE\plugins\com.st.stm32cube.common.mx_6.12.0.202406281431\\db\/plugins/mcufinder/images/
2024-09-30 15:25:52,149 [WARN] DbFile:41 - Overriding database path with different value: C:\Users\brady\.stmcufinder\plugins\mcufinder/ => C:\Users\brady\.stmcufinder\plugins\mcufinder
2024-09-30 15:25:52,149 [INFO] ApiDb:250 - Set database path to: C:\Users\brady\.stmcufinder\plugins\mcufinder//mcu/
2024-09-30 15:25:52,149 [WARN] DbFile:41 - Overriding database path with different value: C:\Users\brady\.stmcufinder\plugins\mcufinder/ => C:\Users\brady\.stmcufinder\plugins\mcufinder
2024-09-30 15:25:52,149 [INFO] DbMcusAds:125 - Set database path to: C:\Users\brady\.stmcufinder\plugins\mcufinder//mcu/
2024-09-30 15:25:52,149 [WARN] DbFile:41 - Overriding database path with different value: C:\Users\brady\.stmcufinder\plugins\mcufinder/ => C:\Users\brady\.stmcufinder\plugins\mcufinder
2024-09-30 15:25:52,149 [WARN] DbFile:41 - Overriding database path with different value: C:\Users\brady\.stmcufinder\plugins\mcufinder/ => C:\Users\brady\.stmcufinder\plugins\mcufinder
2024-09-30 15:25:52,150 [INFO] CrossReferenceDbSqlite:203 - Set database path to: C:\Users\brady\.stmcufinder\plugins\mcufinder//mcu/cs/
2024-09-30 15:25:52,245 [INFO] MainPanel:268 - HeapMemory: 268435456
2024-09-30 15:25:52,355 [INFO] DbMcusXml:78 - Set database path to: C:\ST\STM32CubeIDE_1.16.0\STM32CubeIDE\plugins\com.st.stm32cube.common.mx_6.12.0.202406281431\\db\/mcu/
2024-09-30 15:25:52,355 [INFO] ApiDb:274 - Set plugin database path to: C:\ST\STM32CubeIDE_1.16.0\STM32CubeIDE\plugins\com.st.stm32cube.common.mx_6.12.0.202406281431\\db\/plugins/boardmanager/
2024-09-30 15:25:52,355 [INFO] ApiDb:261 - Set plugin images path to: C:\ST\STM32CubeIDE_1.16.0\STM32CubeIDE\plugins\com.st.stm32cube.common.mx_6.12.0.202406281431\\db\/plugins/mcufinder/images/
2024-09-30 15:25:52,357 [WARN] DbFile:41 - Overriding database path with different value: C:\Users\brady\.stmcufinder\plugins\mcufinder/ => C:\Users\brady\.stmcufinder\plugins\mcufinder
2024-09-30 15:25:52,357 [INFO] ApiDb:250 - Set database path to: C:\Users\brady\.stmcufinder\plugins\mcufinder//mcu/
2024-09-30 15:25:52,357 [WARN] DbFile:41 - Overriding database path with different value: C:\Users\brady\.stmcufinder\plugins\mcufinder/ => C:\Users\brady\.stmcufinder\plugins\mcufinder
2024-09-30 15:25:52,357 [INFO] DbMcusAds:125 - Set database path to: C:\Users\brady\.stmcufinder\plugins\mcufinder//mcu/
2024-09-30 15:25:52,357 [WARN] DbFile:41 - Overriding database path with different value: C:\Users\brady\.stmcufinder\plugins\mcufinder/ => C:\Users\brady\.stmcufinder\plugins\mcufinder
2024-09-30 15:25:52,357 [WARN] DbFile:41 - Overriding database path with different value: C:\Users\brady\.stmcufinder\plugins\mcufinder/ => C:\Users\brady\.stmcufinder\plugins\mcufinder
2024-09-30 15:25:52,357 [INFO] CrossReferenceDbSqlite:203 - Set database path to: C:\Users\brady\.stmcufinder\plugins\mcufinder//mcu/cs/
2024-09-30 15:25:52,396 [INFO] ApplicationProperties:184 - Using Application install path: C:\ST\STM32CubeIDE_1.16.0\STM32CubeIDE\plugins\com.st.stm32cube.common.mx_6.12.0.202406281431
2024-09-30 15:25:52,399 [INFO] PluginManage:196 - Search for loadable plugins [exclusion list=, ]
2024-09-30 15:25:52,401 [INFO] PluginManage:310 - Check plugin analytics
2024-09-30 15:25:52,583 [INFO] AnalyticsPlugin:253 - Accepted Software Licenses: STM32CubeMX.6.12.1
2024-09-30 15:25:52,584 [INFO] AnalyticsPlugin:255 - Accepted CMSIS Pack Licenses: 
2024-09-30 15:25:52,584 [INFO] AnalyticsPlugin:257 - Accepted Firmware Licenses: FW.F4.1.28.0
2024-09-30 15:25:52,588 [INFO] PluginManage:359 - Loaded plugin analytics (category:tool,tabindex:-1)
2024-09-30 15:25:52,589 [INFO] PluginManage:310 - Check plugin cadmodel
2024-09-30 15:25:52,609 [INFO] CADModel:105 - Init CAD model plugin
2024-09-30 15:25:52,609 [INFO] PluginManage:359 - Loaded plugin cadmodel (category:power,tabindex:5)
2024-09-30 15:25:52,609 [INFO] PluginManage:310 - Check plugin clock
2024-09-30 15:25:52,629 [INFO] PluginManage:359 - Loaded plugin clock (category:base,tabindex:2)
2024-09-30 15:25:52,629 [INFO] PluginManage:310 - Check plugin ddr
2024-09-30 15:25:52,631 [INFO] PluginManage:359 - Loaded plugin ddr (category:tool,tabindex:6)
2024-09-30 15:25:52,631 [INFO] PluginManage:310 - Check plugin filemanager
2024-09-30 15:25:52,752 [INFO] PluginManage:359 - Loaded plugin filemanager (category:base,tabindex:10)
2024-09-30 15:25:52,752 [INFO] PluginManage:310 - Check plugin ipmanager
2024-09-30 15:25:52,759 [INFO] PluginManage:359 - Loaded plugin ipmanager (category:base,tabindex:5)
2024-09-30 15:25:52,759 [INFO] PluginManage:310 - Check plugin lpbam
2024-09-30 15:25:52,781 [INFO] PluginManage:359 - Loaded plugin lpbam (category:base,tabindex:0)
2024-09-30 15:25:52,782 [INFO] PluginManage:310 - Check plugin memorymap
2024-09-30 15:25:52,809 [INFO] PluginManage:359 - Loaded plugin memorymap (category:base,tabindex:4)
2024-09-30 15:25:52,809 [INFO] PluginManage:310 - Check plugin pinoutandconfiguration
2024-09-30 15:25:52,846 [INFO] PluginManage:359 - Loaded plugin pinoutandconfiguration (category:base,tabindex:1)
2024-09-30 15:25:52,846 [INFO] PluginManage:310 - Check plugin pinoutconfig
2024-09-30 15:25:52,967 [WARN] SupportedApi:132 - Cannot load RTOS API schema: s4s-elt-must-match.1: The content of 'definitions' must match (annotation?, (simpleType | complexType)?, (unique | key | keyref)*)). A problem was found starting at: attribute.
2024-09-30 15:25:53,096 [INFO] PluginManage:359 - Loaded plugin pinoutconfig (category:base,tabindex:0)
2024-09-30 15:25:53,096 [INFO] PluginManage:310 - Check plugin power
2024-09-30 15:25:53,117 [INFO] PluginManage:359 - Loaded plugin power (category:power,tabindex:4)
2024-09-30 15:25:53,117 [INFO] PluginManage:310 - Check plugin projectmanager
2024-09-30 15:25:53,139 [INFO] PluginManage:359 - Loaded plugin projectmanager (category:projectmanager,tabindex:4)
2024-09-30 15:25:53,139 [INFO] PluginManage:310 - Check plugin rif
2024-09-30 15:25:53,172 [INFO] PluginManage:359 - Loaded plugin rif (category:base,tabindex:3)
2024-09-30 15:25:53,172 [INFO] PluginManage:310 - Check plugin thirdparty
2024-09-30 15:25:53,631 [INFO] PluginManage:359 - Loaded plugin thirdparty (category:base,tabindex:-1)
2024-09-30 15:25:53,631 [WARN] IntegrityCheckThread:84 - waiting for thirdparty lock release [integrity check]
2024-09-30 15:25:53,633 [INFO] PluginManage:310 - Check plugin tools
2024-09-30 15:25:53,633 [INFO] IntegrityCheckThread:86 - entering critical section [integrity check]
2024-09-30 15:25:53,633 [INFO] ThirdPartyUpdaterWithRetryManager:70 - Updater plugin not ready yet. [1/15]
2024-09-30 15:25:53,717 [INFO] PluginManage:359 - Loaded plugin tools (category:base,tabindex:7)
2024-09-30 15:25:53,718 [INFO] PluginManage:310 - Check plugin tutovideos
2024-09-30 15:25:54,052 [INFO] PluginManage:359 - Loaded plugin tutovideos (category:base,tabindex:-1)
2024-09-30 15:25:54,052 [INFO] PluginManage:310 - Check plugin updater
2024-09-30 15:25:54,067 [INFO] PluginManage:359 - Loaded plugin updater (category:base,tabindex:12)
2024-09-30 15:25:54,067 [INFO] PluginManage:310 - Check plugin userauth
2024-09-30 15:25:54,072 [INFO] UserAuth:113 - Init User Auth plugin
2024-09-30 15:25:54,073 [INFO] PluginManage:359 - Loaded plugin userauth (category:base,tabindex:14)
2024-09-30 15:25:54,073 [INFO] PluginManage:283 - PluginManage : Loaded plugins [18]
2024-09-30 15:25:54,308 [INFO] PinOutPanel:1561 - setPackage(No Configuration,No Configuration)
2024-09-30 15:25:54,390 [INFO] CADModel:165 - CPN selected for project level
2024-09-30 15:25:54,390 [INFO] CADModel:114 - Register for checkConnection events
2024-09-30 15:25:54,429 [INFO] IPUIPlugin:80 - create IPUIPlugin
2024-09-30 15:25:54,429 [INFO] PluginManager:220 - loadIPPluginJar : add adc
2024-09-30 15:25:54,499 [INFO] IPUIPlugin:80 - create IPUIPlugin
2024-09-30 15:25:54,499 [INFO] PluginManager:220 - loadIPPluginJar : add aes
2024-09-30 15:25:54,608 [INFO] IPUIPlugin:80 - create IPUIPlugin
2024-09-30 15:25:54,609 [INFO] PluginManager:220 - loadIPPluginJar : add can
2024-09-30 15:25:54,668 [INFO] IPUIPlugin:80 - create IPUIPlugin
2024-09-30 15:25:54,668 [INFO] PluginManager:220 - loadIPPluginJar : add comp
2024-09-30 15:25:54,737 [INFO] IPUIPlugin:80 - create IPUIPlugin
2024-09-30 15:25:54,738 [INFO] PluginManager:220 - loadIPPluginJar : add cryp
2024-09-30 15:25:54,771 [INFO] IPUIPlugin:80 - create IPUIPlugin
2024-09-30 15:25:54,771 [INFO] PluginManager:220 - loadIPPluginJar : add ddr_ctrl_phy
2024-09-30 15:25:54,829 [INFO] IPUIPlugin:80 - create IPUIPlugin
2024-09-30 15:25:54,829 [INFO] PluginManager:220 - loadIPPluginJar : add dfsdm
2024-09-30 15:25:54,857 [INFO] IPUIPlugin:80 - create IPUIPlugin
2024-09-30 15:25:54,858 [INFO] PluginManager:220 - loadIPPluginJar : add dma
2024-09-30 15:25:54,948 [INFO] IPUIPlugin:80 - create IPUIPlugin
2024-09-30 15:25:54,948 [INFO] PluginManager:220 - loadIPPluginJar : add dma3
2024-09-30 15:25:55,053 [INFO] IPUIPlugin:80 - create IPUIPlugin
2024-09-30 15:25:55,054 [INFO] PluginManager:220 - loadIPPluginJar : add extmemmanager
2024-09-30 15:25:55,109 [INFO] IPUIPlugin:80 - create IPUIPlugin
2024-09-30 15:25:55,110 [INFO] PluginManager:220 - loadIPPluginJar : add fatfs
2024-09-30 15:25:55,252 [INFO] IPUIPlugin:80 - create IPUIPlugin
2024-09-30 15:25:55,253 [INFO] PluginManager:220 - loadIPPluginJar : add fmc
2024-09-30 15:25:55,295 [INFO] IPUIPlugin:80 - create IPUIPlugin
2024-09-30 15:25:55,295 [INFO] PluginManager:220 - loadIPPluginJar : add freertos
2024-09-30 15:25:55,347 [INFO] IPUIPlugin:80 - create IPUIPlugin
2024-09-30 15:25:55,347 [INFO] PluginManager:220 - loadIPPluginJar : add genericplugin
2024-09-30 15:25:55,599 [INFO] IPUIPlugin:80 - create IPUIPlugin
2024-09-30 15:25:55,600 [INFO] PluginManager:220 - loadIPPluginJar : add gfxmmu
2024-09-30 15:25:55,952 [INFO] IPUIPlugin:80 - create IPUIPlugin
2024-09-30 15:25:55,953 [INFO] PluginManager:220 - loadIPPluginJar : add gic
2024-09-30 15:25:55,999 [INFO] IPUIPlugin:80 - create IPUIPlugin
2024-09-30 15:25:55,999 [INFO] PluginManager:220 - loadIPPluginJar : add gpio
2024-09-30 15:25:56,228 [INFO] IPUIPlugin:80 - create IPUIPlugin
2024-09-30 15:25:56,229 [INFO] PluginManager:220 - loadIPPluginJar : add gtzc
2024-09-30 15:25:56,328 [INFO] IPUIPlugin:80 - create IPUIPlugin
2024-09-30 15:25:56,328 [INFO] PluginManager:220 - loadIPPluginJar : add hash
2024-09-30 15:25:56,437 [INFO] IPUIPlugin:80 - create IPUIPlugin
2024-09-30 15:25:56,437 [INFO] PluginManager:220 - loadIPPluginJar : add i2c
2024-09-30 15:25:56,510 [INFO] IPUIPlugin:80 - create IPUIPlugin
2024-09-30 15:25:56,511 [INFO] PluginManager:220 - loadIPPluginJar : add i2s
2024-09-30 15:25:56,607 [INFO] IPUIPlugin:80 - create IPUIPlugin
2024-09-30 15:25:56,607 [INFO] PluginManager:220 - loadIPPluginJar : add i3c
2024-09-30 15:25:56,636 [INFO] ThirdPartyUpdaterWithRetryManager:70 - Updater plugin not ready yet. [2/15]
2024-09-30 15:25:56,824 [INFO] IPUIPlugin:80 - create IPUIPlugin
2024-09-30 15:25:56,824 [INFO] PluginManager:220 - loadIPPluginJar : add ipddr
2024-09-30 15:25:57,008 [INFO] IPUIPlugin:80 - create IPUIPlugin
2024-09-30 15:25:57,009 [INFO] PluginManager:220 - loadIPPluginJar : add linkedlist
2024-09-30 15:25:57,078 [INFO] IPUIPlugin:80 - create IPUIPlugin
2024-09-30 15:25:57,079 [INFO] PluginManager:220 - loadIPPluginJar : add lorawan
2024-09-30 15:25:57,152 [INFO] IPUIPlugin:80 - create IPUIPlugin
2024-09-30 15:25:57,152 [INFO] PluginManager:220 - loadIPPluginJar : add ltdc
2024-09-30 15:25:57,185 [INFO] IPUIPlugin:80 - create IPUIPlugin
2024-09-30 15:25:57,186 [INFO] PluginManager:220 - loadIPPluginJar : add mdma
2024-09-30 15:25:57,206 [INFO] IPUIPlugin:80 - create IPUIPlugin
2024-09-30 15:25:57,207 [INFO] PluginManager:220 - loadIPPluginJar : add nvic
2024-09-30 15:25:57,279 [INFO] IPUIPlugin:80 - create IPUIPlugin
2024-09-30 15:25:57,280 [INFO] PluginManager:220 - loadIPPluginJar : add opamp
2024-09-30 15:25:57,415 [INFO] IPUIPlugin:80 - create IPUIPlugin
2024-09-30 15:25:57,415 [INFO] PluginManager:220 - loadIPPluginJar : add openamp
2024-09-30 15:25:57,500 [INFO] IPUIPlugin:80 - create IPUIPlugin
2024-09-30 15:25:57,501 [INFO] PluginManager:220 - loadIPPluginJar : add pdm2pcm
2024-09-30 15:25:57,539 [INFO] IPUIPlugin:80 - create IPUIPlugin
2024-09-30 15:25:57,542 [INFO] PluginManager:220 - loadIPPluginJar : add plateformsettings
2024-09-30 15:25:57,592 [INFO] IPUIPlugin:80 - create IPUIPlugin
2024-09-30 15:25:57,592 [INFO] PluginManager:220 - loadIPPluginJar : add quadspi
2024-09-30 15:25:57,641 [INFO] IPUIPlugin:80 - create IPUIPlugin
2024-09-30 15:25:57,643 [INFO] PluginManager:220 - loadIPPluginJar : add radio
2024-09-30 15:25:57,665 [INFO] IPUIPlugin:80 - create IPUIPlugin
2024-09-30 15:25:57,665 [INFO] PluginManager:220 - loadIPPluginJar : add resmgrutility
2024-09-30 15:25:57,776 [INFO] IPUIPlugin:80 - create IPUIPlugin
2024-09-30 15:25:57,776 [INFO] PluginManager:220 - loadIPPluginJar : add sai
2024-09-30 15:25:57,847 [INFO] IPUIPlugin:80 - create IPUIPlugin
2024-09-30 15:25:57,848 [INFO] PluginManager:220 - loadIPPluginJar : add spi
2024-09-30 15:25:57,991 [INFO] IPUIPlugin:80 - create IPUIPlugin
2024-09-30 15:25:57,991 [INFO] PluginManager:220 - loadIPPluginJar : add stm32_wpan
2024-09-30 15:25:58,037 [INFO] IPUIPlugin:80 - create IPUIPlugin
2024-09-30 15:25:58,038 [INFO] PluginManager:220 - loadIPPluginJar : add tim
2024-09-30 15:25:58,172 [INFO] IPUIPlugin:80 - create IPUIPlugin
2024-09-30 15:25:58,172 [INFO] PluginManager:220 - loadIPPluginJar : add touchsensing
2024-09-30 15:25:58,216 [INFO] IPUIPlugin:80 - create IPUIPlugin
2024-09-30 15:25:58,216 [INFO] PluginManager:220 - loadIPPluginJar : add tracer_emb
2024-09-30 15:25:58,260 [INFO] IPUIPlugin:80 - create IPUIPlugin
2024-09-30 15:25:58,261 [INFO] PluginManager:220 - loadIPPluginJar : add ts
2024-09-30 15:25:58,305 [INFO] IPUIPlugin:80 - create IPUIPlugin
2024-09-30 15:25:58,306 [INFO] PluginManager:220 - loadIPPluginJar : add tsc
2024-09-30 15:25:58,351 [INFO] IPUIPlugin:80 - create IPUIPlugin
2024-09-30 15:25:58,352 [INFO] PluginManager:220 - loadIPPluginJar : add ucpd
2024-09-30 15:25:58,437 [INFO] IPUIPlugin:80 - create IPUIPlugin
2024-09-30 15:25:58,437 [INFO] PluginManager:220 - loadIPPluginJar : add usart
2024-09-30 15:25:58,515 [INFO] IPUIPlugin:80 - create IPUIPlugin
2024-09-30 15:25:58,515 [INFO] PluginManager:220 - loadIPPluginJar : add usbx
2024-09-30 15:25:58,676 [INFO] CADModel:165 - CPN selected for project level
2024-09-30 15:25:58,676 [INFO] CADModel:114 - Register for checkConnection events
2024-09-30 15:25:58,677 [FATAL] Updater:334 - Updater called before beeing initialized
2024-09-30 15:25:58,677 [ERROR] CADModel:125 - Updater not yet initialized, retry later 
2024-09-30 15:25:58,950 [INFO] CADModel:165 - CPN selected for project level
2024-09-30 15:25:58,950 [INFO] CADModel:114 - Register for checkConnection events
2024-09-30 15:25:58,950 [FATAL] Updater:334 - Updater called before beeing initialized
2024-09-30 15:25:58,950 [ERROR] CADModel:125 - Updater not yet initialized, retry later 
2024-09-30 15:25:58,955 [FATAL] Updater:334 - Updater called before beeing initialized
2024-09-30 15:25:59,086 [FATAL] Updater:334 - Updater called before beeing initialized
2024-09-30 15:25:59,100 [INFO] DbMcusAds:53 - JSON generation date=Fri Sep 20 06:04:23 PDT 2024 (1726837463113)
2024-09-30 15:25:59,100 [FATAL] Updater:334 - Updater called before beeing initialized
2024-09-30 15:25:59,138 [WARN] DetailPanel:346 - Failed to get advertising image, set to default
2024-09-30 15:25:59,343 [FATAL] Updater:334 - Updater called before beeing initialized
2024-09-30 15:25:59,345 [FATAL] Updater:334 - Updater called before beeing initialized
2024-09-30 15:25:59,346 [FATAL] Updater:334 - Updater called before beeing initialized
2024-09-30 15:25:59,346 [WARN] DetailPanel:346 - Failed to get advertising image, set to default
2024-09-30 15:25:59,347 [FATAL] Updater:334 - Updater called before beeing initialized
2024-09-30 15:25:59,449 [ERROR] Updater:1164 - MainUpdater not yet initialized. External WinMGr cannot be set.
2024-09-30 15:25:59,463 [INFO] Updater:1100 - Updater Version found : 6.12.0
2024-09-30 15:25:59,484 [INFO] ApplicationProperties:184 - Using Application install path: C:\ST\STM32CubeIDE_1.16.0\STM32CubeIDE\plugins\com.st.stm32cube.common.mx_6.12.0.202406281431
2024-09-30 15:25:59,637 [INFO] ThirdPartyUpdaterWithRetryManager:70 - Updater plugin not ready yet. [3/15]
2024-09-30 15:26:01,068 [ERROR] LogOutputStream:75 - [STDERR_REDIRECT] Sep 30, 2024 3:26:01 PM java.util.prefs.WindowsPreferences <init>
2024-09-30 15:26:01,071 [ERROR] LogOutputStream:75 - [STDERR_REDIRECT] WARNING: Could not open/create prefs root node Software\JavaSoft\Prefs at root 0xffffffff80000002. Windows RegCreateKeyEx(...) returned error code 5.
2024-09-30 15:26:01,071 [ERROR] LogOutputStream:75 - [STDERR_REDIRECT] 
2024-09-30 15:26:01,622 [INFO] MainUpdater:2873 - connection check result : 10
2024-09-30 15:26:01,623 [INFO] MainUpdater:290 - Updater Check For Update Now.
2024-09-30 15:26:01,623 [INFO] MicroXplorer:498 - Change Database Version : DB.6.0.120
2024-09-30 15:26:01,661 [INFO] McuFinderGlobals:63 - Set McuFinder mode to 2 (CubeIDE integrated)
2024-09-30 15:26:01,662 [INFO] UserAuth:179 - activating auth plugin
2024-09-30 15:26:01,664 [INFO] UserAuth:417 - Internet connection configuration mode: 1
2024-09-30 15:26:01,730 [INFO] JxBrowserEngine:152 - Initiate JxBrowser Engine with user profile folder
2024-09-30 15:26:01,918 [INFO] CheckServerUpdateThread:120 - End of CheckServer Thread
2024-09-30 15:26:02,874 [WARN] PackLoader:240 - Cannot read IP mode file for STMicroelectronics.FP-SNS-MOTENVWB1.1.4.0
2024-09-30 15:26:02,896 [WARN] PackLoader:240 - Cannot read IP mode file for STMicroelectronics.X-CUBE-SMBUS.2.1.0
2024-09-30 15:26:02,965 [WARN] PackLoader:240 - Cannot read IP mode file for STMicroelectronics.X-CUBE-AZRTOS-F7.1.1.0
2024-09-30 15:26:03,095 [WARN] PackLoader:240 - Cannot read IP mode file for STMicroelectronics.X-CUBE-MEMS1.11.0.0
2024-09-30 15:26:03,265 [WARN] PackLoader:240 - Cannot read IP mode file for STMicroelectronics.FP-SNS-FLIGHT1.5.0.2
2024-09-30 15:26:03,284 [WARN] PackLoader:240 - Cannot read IP mode file for STMicroelectronics.X-CUBE-DISPLAY.3.0.0
2024-09-30 15:26:03,306 [WARN] PackLoader:240 - Cannot read IP mode file for STMicroelectronics.X-CUBE-BLE1.7.0.0
2024-09-30 15:26:03,323 [WARN] PackLoader:240 - Cannot read IP mode file for STMicroelectronics.X-CUBE-NFC10.1.0.0
2024-09-30 15:26:03,343 [WARN] PackLoader:240 - Cannot read IP mode file for emotas.I-CUBE-CANOPEN.1.3.0
2024-09-30 15:26:03,366 [WARN] PackLoader:240 - Cannot read IP mode file for STMicroelectronics.X-CUBE-BLEMGR.3.1.0
2024-09-30 15:26:03,388 [WARN] PackLoader:240 - Cannot read IP mode file for STMicroelectronics.FP-SNS-SMARTAG2.1.2.0
2024-09-30 15:26:03,412 [INFO] LogOutputStream:77 - [STDOUT_REDIRECT] 1 : Invalid condition id : UX_CORESTACK_Condition cause : null
2024-09-30 15:26:03,414 [INFO] LogOutputStream:77 - [STDOUT_REDIRECT] 1 : Invalid condition id : UX_CORESTACK_Condition cause : null
2024-09-30 15:26:03,415 [INFO] LogOutputStream:77 - [STDOUT_REDIRECT] 1 : Invalid condition id : UX_CORESTACK_Condition cause : null
2024-09-30 15:26:03,417 [INFO] LogOutputStream:77 - [STDOUT_REDIRECT] 1 : Invalid condition id : UX_CORESTACK_Condition cause : null
2024-09-30 15:26:03,418 [INFO] LogOutputStream:77 - [STDOUT_REDIRECT] 1 : Invalid condition id : UX_CORESTACK_Condition cause : null
2024-09-30 15:26:03,421 [WARN] PackLoader:240 - Cannot read IP mode file for STMicroelectronics.X-CUBE-AZRTOS-WL.2.0.0
2024-09-30 15:26:03,438 [WARN] PackLoader:240 - Cannot read IP mode file for STMicroelectronics.FP-SNS-MOTENV1.5.0.0
2024-09-30 15:26:03,453 [WARN] PackLoader:240 - Cannot read IP mode file for wolfSSL.I-CUBE-wolfMQTT.1.19.0
2024-09-30 15:26:03,476 [WARN] PackLoader:240 - Cannot read IP mode file for WES.I-CUBE-Cesium.1.3.0
2024-09-30 15:26:03,490 [WARN] PackLoader:240 - Cannot read IP mode file for STMicroelectronics.X-CUBE-BLE2.3.3.0
2024-09-30 15:26:03,507 [WARN] PackLoader:240 - Cannot read IP mode file for STMicroelectronics.X-CUBE-NFC9.1.0.0
2024-09-30 15:26:03,528 [WARN] PackLoader:240 - Cannot read IP mode file for STMicroelectronics.X-CUBE-TCPP.4.1.0
2024-09-30 15:26:03,558 [WARN] PackLoader:240 - Cannot read IP mode file for STMicroelectronics.X-CUBE-AZRTOS-G0.1.1.0
2024-09-30 15:26:03,589 [WARN] PackLoader:240 - Cannot read IP mode file for STMicroelectronics.X-CUBE-SAFEA1.1.2.2
2024-09-30 15:26:03,617 [WARN] PackLoader:240 - Cannot read IP mode file for STMicroelectronics.X-CUBE-NFC4.3.0.0
2024-09-30 15:26:03,637 [WARN] PackLoader:240 - Cannot read IP mode file for EmbeddedOffice.I-CUBE-FS-RTOS.1.0.1
2024-09-30 15:26:03,637 [ERROR] ConditionMgr:805 - Attr not supported : Dmpu
2024-09-30 15:26:03,637 [ERROR] ConditionMgr:805 - Attr not supported : Dmpu
2024-09-30 15:26:03,637 [ERROR] ConditionMgr:805 - Attr not supported : Dmpu
2024-09-30 15:26:03,637 [ERROR] ConditionMgr:805 - Attr not supported : Dmpu
2024-09-30 15:26:03,637 [ERROR] ConditionMgr:805 - Attr not supported : Dmpu
2024-09-30 15:26:03,637 [ERROR] ConditionMgr:805 - Attr not supported : Dmpu
2024-09-30 15:26:03,638 [ERROR] ConditionMgr:805 - Attr not supported : Dmpu
2024-09-30 15:26:03,638 [ERROR] ConditionMgr:805 - Attr not supported : Dmpu
2024-09-30 15:26:03,638 [ERROR] ConditionMgr:805 - Attr not supported : Dmpu
2024-09-30 15:26:03,638 [ERROR] ConditionMgr:805 - Attr not supported : Dmpu
2024-09-30 15:26:03,638 [ERROR] ConditionMgr:805 - Attr not supported : Dmpu
2024-09-30 15:26:03,638 [ERROR] ConditionMgr:805 - Attr not supported : Dmpu
2024-09-30 15:26:03,638 [ERROR] ConditionMgr:805 - Attr not supported : Dmpu
2024-09-30 15:26:03,638 [ERROR] ConditionMgr:805 - Attr not supported : Dmpu
2024-09-30 15:26:03,638 [ERROR] ConditionMgr:805 - Attr not supported : Dmpu
2024-09-30 15:26:03,638 [ERROR] ConditionMgr:805 - Attr not supported : Dmpu
2024-09-30 15:26:03,638 [ERROR] ConditionMgr:805 - Attr not supported : Dmpu
2024-09-30 15:26:03,638 [ERROR] ConditionMgr:805 - Attr not supported : Dmpu
2024-09-30 15:26:03,638 [ERROR] ConditionMgr:805 - Attr not supported : Dmpu
2024-09-30 15:26:03,638 [ERROR] ConditionMgr:805 - Attr not supported : Dmpu
2024-09-30 15:26:03,638 [ERROR] ConditionMgr:805 - Attr not supported : Dmpu
2024-09-30 15:26:03,638 [ERROR] ConditionMgr:805 - Attr not supported : Dmpu
2024-09-30 15:26:03,638 [ERROR] ConditionMgr:805 - Attr not supported : Dmpu
2024-09-30 15:26:03,638 [ERROR] ConditionMgr:805 - Attr not supported : Dmpu
2024-09-30 15:26:03,639 [ERROR] ConditionMgr:805 - Attr not supported : Dmpu
2024-09-30 15:26:03,639 [ERROR] ConditionMgr:805 - Attr not supported : Dmpu
2024-09-30 15:26:03,639 [ERROR] ConditionMgr:805 - Attr not supported : Dmpu
2024-09-30 15:26:03,639 [ERROR] ConditionMgr:805 - Attr not supported : Dmpu
2024-09-30 15:26:03,639 [ERROR] ConditionMgr:805 - Attr not supported : Dmpu
2024-09-30 15:26:03,639 [ERROR] ConditionMgr:805 - Attr not supported : Dmpu
2024-09-30 15:26:03,639 [ERROR] ConditionMgr:805 - Attr not supported : Dmpu
2024-09-30 15:26:03,639 [ERROR] ConditionMgr:805 - Attr not supported : Dmpu
2024-09-30 15:26:03,639 [ERROR] ConditionMgr:805 - Attr not supported : Dmpu
2024-09-30 15:26:03,639 [ERROR] ConditionMgr:805 - Attr not supported : Dmpu
2024-09-30 15:26:03,639 [ERROR] ConditionMgr:805 - Attr not supported : Dmpu
2024-09-30 15:26:03,639 [ERROR] ConditionMgr:805 - Attr not supported : Dmpu
2024-09-30 15:26:03,639 [ERROR] ConditionMgr:805 - Attr not supported : Dmpu
2024-09-30 15:26:03,639 [ERROR] ConditionMgr:805 - Attr not supported : Dmpu
2024-09-30 15:26:03,639 [ERROR] ConditionMgr:805 - Attr not supported : Dmpu
2024-09-30 15:26:03,639 [ERROR] ConditionMgr:805 - Attr not supported : Dmpu
2024-09-30 15:26:03,639 [ERROR] ConditionMgr:805 - Attr not supported : Dmpu
2024-09-30 15:26:03,639 [ERROR] ConditionMgr:805 - Attr not supported : Dmpu
2024-09-30 15:26:03,639 [ERROR] ConditionMgr:805 - Attr not supported : Dmpu
2024-09-30 15:26:03,640 [ERROR] ConditionMgr:805 - Attr not supported : Dmpu
2024-09-30 15:26:03,640 [ERROR] ConditionMgr:805 - Attr not supported : Dmpu
2024-09-30 15:26:03,640 [ERROR] ConditionMgr:805 - Attr not supported : Dmpu
2024-09-30 15:26:03,640 [ERROR] ConditionMgr:805 - Attr not supported : Dmpu
2024-09-30 15:26:03,640 [ERROR] ConditionMgr:805 - Attr not supported : Dmpu
2024-09-30 15:26:03,640 [ERROR] ConditionMgr:805 - Attr not supported : Dmpu
2024-09-30 15:26:03,640 [ERROR] ConditionMgr:805 - Attr not supported : Dmpu
2024-09-30 15:26:03,640 [ERROR] ConditionMgr:805 - Attr not supported : Dmpu
2024-09-30 15:26:03,640 [ERROR] ConditionMgr:805 - Attr not supported : Dmpu
2024-09-30 15:26:03,640 [ERROR] ConditionMgr:805 - Attr not supported : Dmpu
2024-09-30 15:26:03,640 [ERROR] ConditionMgr:805 - Attr not supported : Dmpu
2024-09-30 15:26:03,640 [ERROR] ConditionMgr:805 - Attr not supported : Dmpu
2024-09-30 15:26:03,640 [ERROR] ConditionMgr:805 - Attr not supported : Dmpu
2024-09-30 15:26:03,641 [ERROR] ConditionMgr:805 - Attr not supported : Dmpu
2024-09-30 15:26:03,641 [ERROR] ConditionMgr:805 - Attr not supported : Dmpu
2024-09-30 15:26:03,641 [ERROR] ConditionMgr:805 - Attr not supported : Dmpu
2024-09-30 15:26:03,641 [ERROR] ConditionMgr:805 - Attr not supported : Dmpu
2024-09-30 15:26:03,641 [ERROR] ConditionMgr:805 - Attr not supported : Dmpu
2024-09-30 15:26:03,641 [ERROR] ConditionMgr:805 - Attr not supported : Dmpu
2024-09-30 15:26:03,641 [ERROR] ConditionMgr:805 - Attr not supported : Dmpu
2024-09-30 15:26:03,641 [ERROR] ConditionMgr:805 - Attr not supported : Dmpu
2024-09-30 15:26:03,669 [WARN] PackLoader:240 - Cannot read IP mode file for RealThread.X-CUBE-RT-Thread_Nano.4.1.1
2024-09-30 15:26:03,713 [WARN] PackLoader:240 - Cannot read IP mode file for STMicroelectronics.FP-ATR-SIGFOX1.3.2.0
2024-09-30 15:26:03,745 [WARN] PackLoader:240 - Cannot read IP mode file for wolfSSL.I-CUBE-wolfSSL.5.7.2
2024-09-30 15:26:03,779 [WARN] PackLoader:240 - Cannot read IP mode file for STMicroelectronics.X-CUBE-EEPRMA1.5.1.0
2024-09-30 15:26:03,797 [WARN] PackLoader:240 - Cannot read IP mode file for ITTIA_DB.I-CUBE-ITTIADB.8.9.0
2024-09-30 15:26:03,843 [WARN] PackLoader:240 - Cannot read IP mode file for SEGGER.I-CUBE-embOS.1.3.1
2024-09-30 15:26:03,989 [WARN] PackLoader:240 - Cannot read IP mode file for STMicroelectronics.X-CUBE-ALGOBUILD.1.4.0
2024-09-30 15:26:04,007 [WARN] PackLoader:240 - Cannot read IP mode file for STMicroelectronics.X-CUBE-GNSS1.6.0.0
2024-09-30 15:26:04,046 [WARN] PackLoader:240 - Cannot read IP mode file for STMicroelectronics.X-CUBE-AZRTOS-F4.1.1.0
2024-09-30 15:26:04,066 [WARN] PackLoader:240 - Cannot read IP mode file for STMicroelectronics.X-CUBE-ISPU.2.1.0
2024-09-30 15:26:04,080 [WARN] PackLoader:240 - Cannot read IP mode file for STMicroelectronics.X-CUBE-FREERTOS.1.2.0
2024-09-30 15:26:04,112 [WARN] PackLoader:240 - Cannot read IP mode file for STMicroelectronics.X-CUBE-AZRTOS-L5.2.0.0
2024-09-30 15:26:04,132 [WARN] PackLoader:240 - Cannot read IP mode file for STMicroelectronics.X-CUBE-NFC6.3.1.0
2024-09-30 15:26:04,149 [WARN] PackLoader:240 - Cannot read IP mode file for STMicroelectronics.X-CUBE-DPower.1.2.0
2024-09-30 15:26:04,165 [WARN] PackLoader:240 - Cannot read IP mode file for STMicroelectronics.X-CUBE-AI.9.0.0
2024-09-30 15:26:04,186 [WARN] PackLoader:240 - Cannot read IP mode file for STMicroelectronics.X-CUBE-NFC7.1.0.1
2024-09-30 15:26:04,220 [WARN] ConditionMgr:438 - getConditionDescription Invalid condition id : LAN8742 Phy interface Condition cause : null
2024-09-30 15:26:04,221 [WARN] PackLoader:240 - Cannot read IP mode file for STMicroelectronics.X-CUBE-AZRTOS-L4.2.0.0
2024-09-30 15:26:04,222 [WARN] ConditionMgr:1039 - genDependencies : Invalid condition id : LAN8742 Phy interface Condition cause : null
2024-09-30 15:26:04,222 [WARN] ConditionMgr:1039 - genDependencies : Invalid condition id : LAN8742 Phy interface Condition cause : null
2024-09-30 15:26:04,223 [WARN] ConditionMgr:1039 - genDependencies : Invalid condition id : LAN8742 Phy interface Condition cause : null
2024-09-30 15:26:04,251 [WARN] PackLoader:240 - Cannot read IP mode file for STMicroelectronics.X-CUBE-SFXS2LP1.4.0.0
2024-09-30 15:26:04,304 [WARN] PackLoader:240 - Cannot read IP mode file for STMicroelectronics.X-CUBE-AZRTOS-H7.3.3.0
2024-09-30 15:26:04,339 [WARN] ConditionMgr:438 - getConditionDescription Invalid condition id : UX DEVICE CLASS RTOS Condition cause : null
2024-09-30 15:26:04,339 [WARN] ConditionMgr:438 - getConditionDescription Invalid condition id : UX DEVICE CLASS RTOS Condition cause : null
2024-09-30 15:26:04,341 [WARN] PackLoader:240 - Cannot read IP mode file for STMicroelectronics.X-CUBE-AZRTOS-WB.2.0.0
2024-09-30 15:26:04,342 [WARN] ConditionMgr:1039 - genDependencies : Invalid condition id : UX DEVICE CLASS RTOS Condition cause : null
2024-09-30 15:26:04,342 [WARN] ConditionMgr:1039 - genDependencies : Invalid condition id : UX DEVICE CLASS RTOS Condition cause : null
2024-09-30 15:26:04,342 [WARN] ConditionMgr:1039 - genDependencies : Invalid condition id : UX DEVICE CLASS RTOS Condition cause : null
2024-09-30 15:26:04,343 [WARN] ConditionMgr:1039 - genDependencies : Invalid condition id : UX DEVICE CLASS RTOS Condition cause : null
2024-09-30 15:26:04,343 [WARN] ConditionMgr:1039 - genDependencies : Invalid condition id : UX DEVICE CLASS RTOS Condition cause : null
2024-09-30 15:26:04,363 [WARN] PackLoader:240 - Cannot read IP mode file for STMicroelectronics.X-CUBE-GNSS1.7.0.0
2024-09-30 15:26:04,383 [WARN] PackLoader:240 - Cannot read IP mode file for STMicroelectronics.FP-SNS-STBOX1.2.0.0
2024-09-30 15:26:04,410 [WARN] PackLoader:240 - Cannot read IP mode file for STMicroelectronics.X-CUBE-SUBG2.5.0.0
2024-09-30 15:26:04,432 [WARN] PackLoader:240 - Cannot read IP mode file for Cesanta.I-CUBE-Mongoose.7.13.0
2024-09-30 15:26:04,462 [WARN] PackLoader:240 - Cannot read IP mode file for STMicroelectronics.X-CUBE-AZRTOS-G4.2.0.0
2024-09-30 15:26:04,479 [WARN] PackLoader:240 - Cannot read IP mode file for STMicroelectronics.X-CUBE-ISPU.2.0.0
2024-09-30 15:26:04,502 [WARN] PackLoader:240 - Cannot read IP mode file for STMicroelectronics.X-CUBE-ALS.1.0.2
2024-09-30 15:26:04,523 [WARN] PackLoader:240 - Cannot read IP mode file for STMicroelectronics.X-CUBE-TOUCHGFX.4.24.0
2024-09-30 15:26:04,538 [WARN] PackLoader:240 - Cannot read IP mode file for STMicroelectronics.X-CUBE-TOUCHGFX.4.24.1
2024-09-30 15:26:04,551 [WARN] PackLoader:240 - Cannot read IP mode file for wolfSSL.I-CUBE-wolfTPM.3.4.0
2024-09-30 15:26:04,572 [WARN] PackLoader:240 - Cannot read IP mode file for portGmbH.I-Cube-SoM-uGOAL.1.1.0
2024-09-30 15:26:04,619 [WARN] PackLoader:240 - Cannot read IP mode file for STMicroelectronics.X-CUBE-AZRTOS-H7RS.1.0.0
2024-09-30 15:26:04,638 [WARN] PackLoader:240 - Cannot read IP mode file for STMicroelectronics.FP-ATR-ASTRA1.2.0.0
2024-09-30 15:26:04,681 [WARN] PackLoader:240 - Cannot read IP mode file for STMicroelectronics.X-CUBE-TOF1.3.4.2
2024-09-30 15:26:04,742 [WARN] PackLoader:240 - Cannot read IP mode file for Infineon.AIROC-Wi-Fi-Bluetooth-STM32.1.6.1
2024-09-30 15:26:04,764 [WARN] PackLoader:240 - Cannot read IP mode file for wolfSSL.I-CUBE-wolfSSH.1.4.17
2024-09-30 15:26:04,766 [INFO] ThirdParty:978 - Integrity check success = true
2024-09-30 15:26:04,766 [INFO] IntegrityCheckThread:100 - exiting critical section [integrity check]
2024-09-30 15:26:04,766 [INFO] IntegrityCheckThread:103 - End integrity checks thread
2024-09-30 15:26:05,381 [INFO] WebApp:167 - Instantiating new browser for Auth
2024-09-30 15:26:06,110 [INFO] WebApp:448 - Apply proxy settings
2024-09-30 15:26:06,111 [INFO] WebApp:533 - Chromium requires no authentication
2024-09-30 15:26:06,117 [INFO] WebApp:476 - Direct internet connection detected
2024-09-30 15:26:06,141 [INFO] WebApp:869 - Register for checkConnection events
2024-09-30 15:26:06,141 [INFO] WebApp:448 - Apply proxy settings
2024-09-30 15:26:06,142 [INFO] WebApp:533 - Chromium requires no authentication
2024-09-30 15:26:06,142 [INFO] WebApp:476 - Direct internet connection detected
2024-09-30 15:26:06,289 [INFO] WebApp:220 - Starting web application
2024-09-30 15:26:06,289 [INFO] WebApp:578 - Web application path used C:\ST\STM32CubeIDE_1.16.0\STM32CubeIDE\plugins\com.st.stm32cube.common.mx_6.12.0.202406281431\db\plugins\mcufinder\reactClient1\index.html
2024-09-30 15:26:06,424 [INFO] WebApp:186 - Connection restablished
2024-09-30 15:49:06,707 [INFO] WebApp:189 - Connection lost
2024-09-30 15:49:06,844 [INFO] WebApp:186 - Connection restablished
2024-09-30 15:51:06,176 [INFO] WebApp:189 - Connection lost
2024-09-30 15:51:06,321 [INFO] WebApp:186 - Connection restablished
2024-09-30 15:54:05,209 [INFO] WebApp:189 - Connection lost
2024-09-30 15:54:05,363 [INFO] WebApp:186 - Connection restablished
2024-09-30 15:57:10,688 [INFO] WebApp:189 - Connection lost
2024-09-30 15:57:10,803 [INFO] WebApp:186 - Connection restablished
2024-09-30 16:00:14,707 [INFO] WebApp:189 - Connection lost
2024-09-30 16:00:14,825 [INFO] WebApp:186 - Connection restablished
2024-09-30 16:34:25,617 [ERROR] LogOutputStream:75 - [STDERR_REDIRECT] 
