2025-05-05 14:36:49,931 [INFO] Activator:176 - 


2025-05-05 14:36:49,941 [INFO] Activator:177 - !SESSION log4j initialized
2025-05-05 14:36:58,976 [INFO] LogOutputStream:77 - [STDOUT_REDIRECT] 
2025-05-05 14:37:04,387 [INFO] ApplicationProperties:184 - Using Application install path: C:\ST\STM32CubeIDE_1.16.0\STM32CubeIDE\plugins\com.st.stm32cube.common.mx_6.12.0.202406281431
2025-05-05 14:37:04,417 [INFO] DbMcusXml:78 - Set database path to: C:\ST\STM32CubeIDE_1.16.0\STM32CubeIDE\plugins\com.st.stm32cube.common.mx_6.12.0.202406281431\\db\/mcu/
2025-05-05 14:37:04,417 [INFO] ApiDb:274 - Set plugin database path to: C:\ST\STM32CubeIDE_1.16.0\STM32CubeIDE\plugins\com.st.stm32cube.common.mx_6.12.0.202406281431\\db\/plugins/boardmanager/
2025-05-05 14:37:04,419 [WARN] ApiDb:259 - Overriding images path with different value:  => C:\ST\STM32CubeIDE_1.16.0\STM32CubeIDE\plugins\com.st.stm32cube.common.mx_6.12.0.202406281431\\db\/plugins/mcufinder/images/
2025-05-05 14:37:04,427 [INFO] ApiDb:250 - Set database path to: C:\Users\brady\.stmcufinder\plugins\mcufinder//mcu/
2025-05-05 14:37:04,428 [INFO] DbMcusAds:125 - Set database path to: C:\Users\brady\.stmcufinder\plugins\mcufinder//mcu/
2025-05-05 14:37:04,432 [INFO] CrossReferenceDbSqlite:203 - Set database path to: C:\Users\brady\.stmcufinder\plugins\mcufinder//mcu/cs/
2025-05-05 14:37:04,608 [INFO] RulesReader:64 - Compatibility file has been processed (297 Rules)
2025-05-05 14:37:04,719 [INFO] DbMcusXml:78 - Set database path to: C:\ST\STM32CubeIDE_1.16.0\STM32CubeIDE\plugins\com.st.stm32cube.common.mx_6.12.0.202406281431\\db\/mcu/
2025-05-05 14:37:04,720 [INFO] ApiDb:274 - Set plugin database path to: C:\ST\STM32CubeIDE_1.16.0\STM32CubeIDE\plugins\com.st.stm32cube.common.mx_6.12.0.202406281431\\db\/plugins/boardmanager/
2025-05-05 14:37:04,720 [INFO] ApiDb:261 - Set plugin images path to: C:\ST\STM32CubeIDE_1.16.0\STM32CubeIDE\plugins\com.st.stm32cube.common.mx_6.12.0.202406281431\\db\/plugins/mcufinder/images/
2025-05-05 14:37:04,721 [WARN] DbFile:41 - Overriding database path with different value: C:\Users\brady\.stmcufinder\plugins\mcufinder/ => C:\Users\brady\.stmcufinder\plugins\mcufinder
2025-05-05 14:37:04,721 [INFO] ApiDb:250 - Set database path to: C:\Users\brady\.stmcufinder\plugins\mcufinder//mcu/
2025-05-05 14:37:04,721 [WARN] DbFile:41 - Overriding database path with different value: C:\Users\brady\.stmcufinder\plugins\mcufinder/ => C:\Users\brady\.stmcufinder\plugins\mcufinder
2025-05-05 14:37:04,721 [INFO] DbMcusAds:125 - Set database path to: C:\Users\brady\.stmcufinder\plugins\mcufinder//mcu/
2025-05-05 14:37:04,721 [WARN] DbFile:41 - Overriding database path with different value: C:\Users\brady\.stmcufinder\plugins\mcufinder/ => C:\Users\brady\.stmcufinder\plugins\mcufinder
2025-05-05 14:37:04,721 [WARN] DbFile:41 - Overriding database path with different value: C:\Users\brady\.stmcufinder\plugins\mcufinder/ => C:\Users\brady\.stmcufinder\plugins\mcufinder
2025-05-05 14:37:04,721 [INFO] CrossReferenceDbSqlite:203 - Set database path to: C:\Users\brady\.stmcufinder\plugins\mcufinder//mcu/cs/
2025-05-05 14:37:04,819 [INFO] MainPanel:268 - HeapMemory: 268435456
2025-05-05 14:37:04,936 [INFO] DbMcusXml:78 - Set database path to: C:\ST\STM32CubeIDE_1.16.0\STM32CubeIDE\plugins\com.st.stm32cube.common.mx_6.12.0.202406281431\\db\/mcu/
2025-05-05 14:37:04,936 [INFO] ApiDb:274 - Set plugin database path to: C:\ST\STM32CubeIDE_1.16.0\STM32CubeIDE\plugins\com.st.stm32cube.common.mx_6.12.0.202406281431\\db\/plugins/boardmanager/
2025-05-05 14:37:04,936 [INFO] ApiDb:261 - Set plugin images path to: C:\ST\STM32CubeIDE_1.16.0\STM32CubeIDE\plugins\com.st.stm32cube.common.mx_6.12.0.202406281431\\db\/plugins/mcufinder/images/
2025-05-05 14:37:04,937 [WARN] DbFile:41 - Overriding database path with different value: C:\Users\brady\.stmcufinder\plugins\mcufinder/ => C:\Users\brady\.stmcufinder\plugins\mcufinder
2025-05-05 14:37:04,937 [INFO] ApiDb:250 - Set database path to: C:\Users\brady\.stmcufinder\plugins\mcufinder//mcu/
2025-05-05 14:37:04,937 [WARN] DbFile:41 - Overriding database path with different value: C:\Users\brady\.stmcufinder\plugins\mcufinder/ => C:\Users\brady\.stmcufinder\plugins\mcufinder
2025-05-05 14:37:04,937 [INFO] DbMcusAds:125 - Set database path to: C:\Users\brady\.stmcufinder\plugins\mcufinder//mcu/
2025-05-05 14:37:04,938 [WARN] DbFile:41 - Overriding database path with different value: C:\Users\brady\.stmcufinder\plugins\mcufinder/ => C:\Users\brady\.stmcufinder\plugins\mcufinder
2025-05-05 14:37:04,938 [WARN] DbFile:41 - Overriding database path with different value: C:\Users\brady\.stmcufinder\plugins\mcufinder/ => C:\Users\brady\.stmcufinder\plugins\mcufinder
2025-05-05 14:37:04,938 [INFO] CrossReferenceDbSqlite:203 - Set database path to: C:\Users\brady\.stmcufinder\plugins\mcufinder//mcu/cs/
2025-05-05 14:37:04,970 [INFO] ApplicationProperties:184 - Using Application install path: C:\ST\STM32CubeIDE_1.16.0\STM32CubeIDE\plugins\com.st.stm32cube.common.mx_6.12.0.202406281431
2025-05-05 14:37:04,972 [INFO] PluginManage:196 - Search for loadable plugins [exclusion list=, ]
2025-05-05 14:37:04,973 [INFO] PluginManage:310 - Check plugin analytics
2025-05-05 14:37:05,194 [INFO] AnalyticsPlugin:253 - Accepted Software Licenses: STM32CubeMX.6.12.1
2025-05-05 14:37:05,194 [INFO] AnalyticsPlugin:255 - Accepted CMSIS Pack Licenses: 
2025-05-05 14:37:05,195 [INFO] AnalyticsPlugin:257 - Accepted Firmware Licenses: FW.F4.1.28.0
2025-05-05 14:37:05,200 [INFO] PluginManage:359 - Loaded plugin analytics (category:tool,tabindex:-1)
2025-05-05 14:37:05,201 [INFO] PluginManage:310 - Check plugin cadmodel
2025-05-05 14:37:05,205 [INFO] CADModel:105 - Init CAD model plugin
2025-05-05 14:37:05,205 [INFO] PluginManage:359 - Loaded plugin cadmodel (category:power,tabindex:5)
2025-05-05 14:37:05,206 [INFO] PluginManage:310 - Check plugin clock
2025-05-05 14:37:05,216 [INFO] PluginManage:359 - Loaded plugin clock (category:base,tabindex:2)
2025-05-05 14:37:05,216 [INFO] PluginManage:310 - Check plugin ddr
2025-05-05 14:37:05,219 [INFO] PluginManage:359 - Loaded plugin ddr (category:tool,tabindex:6)
2025-05-05 14:37:05,219 [INFO] PluginManage:310 - Check plugin filemanager
2025-05-05 14:37:05,380 [INFO] PluginManage:359 - Loaded plugin filemanager (category:base,tabindex:10)
2025-05-05 14:37:05,380 [INFO] PluginManage:310 - Check plugin ipmanager
2025-05-05 14:37:05,397 [INFO] PluginManage:359 - Loaded plugin ipmanager (category:base,tabindex:5)
2025-05-05 14:37:05,398 [INFO] PluginManage:310 - Check plugin lpbam
2025-05-05 14:37:05,407 [INFO] PluginManage:359 - Loaded plugin lpbam (category:base,tabindex:0)
2025-05-05 14:37:05,407 [INFO] PluginManage:310 - Check plugin memorymap
2025-05-05 14:37:05,449 [INFO] PluginManage:359 - Loaded plugin memorymap (category:base,tabindex:4)
2025-05-05 14:37:05,449 [INFO] PluginManage:310 - Check plugin pinoutandconfiguration
2025-05-05 14:37:05,467 [INFO] PluginManage:359 - Loaded plugin pinoutandconfiguration (category:base,tabindex:1)
2025-05-05 14:37:05,467 [INFO] PluginManage:310 - Check plugin pinoutconfig
2025-05-05 14:37:05,586 [WARN] SupportedApi:132 - Cannot load RTOS API schema: s4s-elt-must-match.1: The content of 'definitions' must match (annotation?, (simpleType | complexType)?, (unique | key | keyref)*)). A problem was found starting at: attribute.
2025-05-05 14:37:05,765 [INFO] PluginManage:359 - Loaded plugin pinoutconfig (category:base,tabindex:0)
2025-05-05 14:37:05,765 [INFO] PluginManage:310 - Check plugin power
2025-05-05 14:37:05,776 [INFO] PluginManage:359 - Loaded plugin power (category:power,tabindex:4)
2025-05-05 14:37:05,776 [INFO] PluginManage:310 - Check plugin projectmanager
2025-05-05 14:37:05,809 [INFO] PluginManage:359 - Loaded plugin projectmanager (category:projectmanager,tabindex:4)
2025-05-05 14:37:05,810 [INFO] PluginManage:310 - Check plugin rif
2025-05-05 14:37:05,815 [INFO] PluginManage:359 - Loaded plugin rif (category:base,tabindex:3)
2025-05-05 14:37:05,816 [INFO] PluginManage:310 - Check plugin thirdparty
2025-05-05 14:37:05,989 [WARN] IntegrityCheckThread:84 - waiting for thirdparty lock release [integrity check]
2025-05-05 14:37:05,989 [INFO] PluginManage:359 - Loaded plugin thirdparty (category:base,tabindex:-1)
2025-05-05 14:37:05,990 [INFO] IntegrityCheckThread:86 - entering critical section [integrity check]
2025-05-05 14:37:05,990 [INFO] PluginManage:310 - Check plugin tools
2025-05-05 14:37:05,991 [INFO] ThirdPartyUpdaterWithRetryManager:70 - Updater plugin not ready yet. [1/15]
2025-05-05 14:37:05,995 [INFO] PluginManage:359 - Loaded plugin tools (category:base,tabindex:7)
2025-05-05 14:37:05,996 [INFO] PluginManage:310 - Check plugin tutovideos
2025-05-05 14:37:06,190 [INFO] PluginManage:359 - Loaded plugin tutovideos (category:base,tabindex:-1)
2025-05-05 14:37:06,190 [INFO] PluginManage:310 - Check plugin updater
2025-05-05 14:37:06,210 [INFO] PluginManage:359 - Loaded plugin updater (category:base,tabindex:12)
2025-05-05 14:37:06,210 [INFO] PluginManage:310 - Check plugin userauth
2025-05-05 14:37:06,223 [INFO] UserAuth:113 - Init User Auth plugin
2025-05-05 14:37:06,223 [INFO] PluginManage:359 - Loaded plugin userauth (category:base,tabindex:14)
2025-05-05 14:37:06,223 [INFO] PluginManage:283 - PluginManage : Loaded plugins [18]
2025-05-05 14:37:06,488 [INFO] PinOutPanel:1561 - setPackage(No Configuration,No Configuration)
2025-05-05 14:37:06,587 [INFO] CADModel:165 - CPN selected for project level
2025-05-05 14:37:06,588 [INFO] CADModel:114 - Register for checkConnection events
2025-05-05 14:37:06,603 [INFO] IPUIPlugin:80 - create IPUIPlugin
2025-05-05 14:37:06,604 [INFO] PluginManager:220 - loadIPPluginJar : add adc
2025-05-05 14:37:06,606 [INFO] IPUIPlugin:80 - create IPUIPlugin
2025-05-05 14:37:06,607 [INFO] PluginManager:220 - loadIPPluginJar : add aes
2025-05-05 14:37:06,610 [INFO] IPUIPlugin:80 - create IPUIPlugin
2025-05-05 14:37:06,610 [INFO] PluginManager:220 - loadIPPluginJar : add can
2025-05-05 14:37:06,612 [INFO] IPUIPlugin:80 - create IPUIPlugin
2025-05-05 14:37:06,612 [INFO] PluginManager:220 - loadIPPluginJar : add comp
2025-05-05 14:37:06,614 [INFO] IPUIPlugin:80 - create IPUIPlugin
2025-05-05 14:37:06,614 [INFO] PluginManager:220 - loadIPPluginJar : add cryp
2025-05-05 14:37:06,617 [INFO] IPUIPlugin:80 - create IPUIPlugin
2025-05-05 14:37:06,617 [INFO] PluginManager:220 - loadIPPluginJar : add ddr_ctrl_phy
2025-05-05 14:37:06,619 [INFO] IPUIPlugin:80 - create IPUIPlugin
2025-05-05 14:37:06,619 [INFO] PluginManager:220 - loadIPPluginJar : add dfsdm
2025-05-05 14:37:06,624 [INFO] IPUIPlugin:80 - create IPUIPlugin
2025-05-05 14:37:06,624 [INFO] PluginManager:220 - loadIPPluginJar : add dma
2025-05-05 14:37:06,627 [INFO] IPUIPlugin:80 - create IPUIPlugin
2025-05-05 14:37:06,627 [INFO] PluginManager:220 - loadIPPluginJar : add dma3
2025-05-05 14:37:06,629 [INFO] IPUIPlugin:80 - create IPUIPlugin
2025-05-05 14:37:06,629 [INFO] PluginManager:220 - loadIPPluginJar : add extmemmanager
2025-05-05 14:37:06,631 [INFO] IPUIPlugin:80 - create IPUIPlugin
2025-05-05 14:37:06,631 [INFO] PluginManager:220 - loadIPPluginJar : add fatfs
2025-05-05 14:37:06,636 [INFO] IPUIPlugin:80 - create IPUIPlugin
2025-05-05 14:37:06,636 [INFO] PluginManager:220 - loadIPPluginJar : add fmc
2025-05-05 14:37:06,643 [INFO] IPUIPlugin:80 - create IPUIPlugin
2025-05-05 14:37:06,643 [INFO] PluginManager:220 - loadIPPluginJar : add freertos
2025-05-05 14:37:06,645 [INFO] IPUIPlugin:80 - create IPUIPlugin
2025-05-05 14:37:06,645 [INFO] PluginManager:220 - loadIPPluginJar : add genericplugin
2025-05-05 14:37:06,647 [INFO] IPUIPlugin:80 - create IPUIPlugin
2025-05-05 14:37:06,648 [INFO] PluginManager:220 - loadIPPluginJar : add gfxmmu
2025-05-05 14:37:06,653 [INFO] IPUIPlugin:80 - create IPUIPlugin
2025-05-05 14:37:06,654 [INFO] PluginManager:220 - loadIPPluginJar : add gic
2025-05-05 14:37:06,658 [INFO] IPUIPlugin:80 - create IPUIPlugin
2025-05-05 14:37:06,658 [INFO] PluginManager:220 - loadIPPluginJar : add gpio
2025-05-05 14:37:06,660 [INFO] IPUIPlugin:80 - create IPUIPlugin
2025-05-05 14:37:06,661 [INFO] PluginManager:220 - loadIPPluginJar : add gtzc
2025-05-05 14:37:06,663 [INFO] IPUIPlugin:80 - create IPUIPlugin
2025-05-05 14:37:06,664 [INFO] PluginManager:220 - loadIPPluginJar : add hash
2025-05-05 14:37:06,666 [INFO] IPUIPlugin:80 - create IPUIPlugin
2025-05-05 14:37:06,666 [INFO] PluginManager:220 - loadIPPluginJar : add i2c
2025-05-05 14:37:06,669 [INFO] IPUIPlugin:80 - create IPUIPlugin
2025-05-05 14:37:06,669 [INFO] PluginManager:220 - loadIPPluginJar : add i2s
2025-05-05 14:37:06,671 [INFO] IPUIPlugin:80 - create IPUIPlugin
2025-05-05 14:37:06,671 [INFO] PluginManager:220 - loadIPPluginJar : add i3c
2025-05-05 14:37:06,674 [INFO] IPUIPlugin:80 - create IPUIPlugin
2025-05-05 14:37:06,675 [INFO] PluginManager:220 - loadIPPluginJar : add ipddr
2025-05-05 14:37:06,681 [INFO] IPUIPlugin:80 - create IPUIPlugin
2025-05-05 14:37:06,682 [INFO] PluginManager:220 - loadIPPluginJar : add linkedlist
2025-05-05 14:37:06,685 [INFO] IPUIPlugin:80 - create IPUIPlugin
2025-05-05 14:37:06,685 [INFO] PluginManager:220 - loadIPPluginJar : add lorawan
2025-05-05 14:37:06,686 [INFO] IPUIPlugin:80 - create IPUIPlugin
2025-05-05 14:37:06,686 [INFO] PluginManager:220 - loadIPPluginJar : add ltdc
2025-05-05 14:37:06,691 [INFO] IPUIPlugin:80 - create IPUIPlugin
2025-05-05 14:37:06,691 [INFO] PluginManager:220 - loadIPPluginJar : add mdma
2025-05-05 14:37:06,696 [INFO] IPUIPlugin:80 - create IPUIPlugin
2025-05-05 14:37:06,696 [INFO] PluginManager:220 - loadIPPluginJar : add nvic
2025-05-05 14:37:06,699 [INFO] IPUIPlugin:80 - create IPUIPlugin
2025-05-05 14:37:06,699 [INFO] PluginManager:220 - loadIPPluginJar : add opamp
2025-05-05 14:37:06,702 [INFO] IPUIPlugin:80 - create IPUIPlugin
2025-05-05 14:37:06,703 [INFO] PluginManager:220 - loadIPPluginJar : add openamp
2025-05-05 14:37:06,706 [INFO] IPUIPlugin:80 - create IPUIPlugin
2025-05-05 14:37:06,706 [INFO] PluginManager:220 - loadIPPluginJar : add pdm2pcm
2025-05-05 14:37:06,713 [INFO] IPUIPlugin:80 - create IPUIPlugin
2025-05-05 14:37:06,717 [INFO] PluginManager:220 - loadIPPluginJar : add plateformsettings
2025-05-05 14:37:06,718 [INFO] IPUIPlugin:80 - create IPUIPlugin
2025-05-05 14:37:06,718 [INFO] PluginManager:220 - loadIPPluginJar : add quadspi
2025-05-05 14:37:06,720 [INFO] IPUIPlugin:80 - create IPUIPlugin
2025-05-05 14:37:06,721 [INFO] PluginManager:220 - loadIPPluginJar : add radio
2025-05-05 14:37:06,724 [INFO] IPUIPlugin:80 - create IPUIPlugin
2025-05-05 14:37:06,724 [INFO] PluginManager:220 - loadIPPluginJar : add resmgrutility
2025-05-05 14:37:06,727 [INFO] IPUIPlugin:80 - create IPUIPlugin
2025-05-05 14:37:06,727 [INFO] PluginManager:220 - loadIPPluginJar : add sai
2025-05-05 14:37:06,729 [INFO] IPUIPlugin:80 - create IPUIPlugin
2025-05-05 14:37:06,729 [INFO] PluginManager:220 - loadIPPluginJar : add spi
2025-05-05 14:37:06,734 [INFO] IPUIPlugin:80 - create IPUIPlugin
2025-05-05 14:37:06,734 [INFO] PluginManager:220 - loadIPPluginJar : add stm32_wpan
2025-05-05 14:37:06,736 [INFO] IPUIPlugin:80 - create IPUIPlugin
2025-05-05 14:37:06,736 [INFO] PluginManager:220 - loadIPPluginJar : add tim
2025-05-05 14:37:06,740 [INFO] IPUIPlugin:80 - create IPUIPlugin
2025-05-05 14:37:06,740 [INFO] PluginManager:220 - loadIPPluginJar : add touchsensing
2025-05-05 14:37:06,743 [INFO] IPUIPlugin:80 - create IPUIPlugin
2025-05-05 14:37:06,743 [INFO] PluginManager:220 - loadIPPluginJar : add tracer_emb
2025-05-05 14:37:06,745 [INFO] IPUIPlugin:80 - create IPUIPlugin
2025-05-05 14:37:06,745 [INFO] PluginManager:220 - loadIPPluginJar : add ts
2025-05-05 14:37:06,747 [INFO] IPUIPlugin:80 - create IPUIPlugin
2025-05-05 14:37:06,748 [INFO] PluginManager:220 - loadIPPluginJar : add tsc
2025-05-05 14:37:06,750 [INFO] IPUIPlugin:80 - create IPUIPlugin
2025-05-05 14:37:06,750 [INFO] PluginManager:220 - loadIPPluginJar : add ucpd
2025-05-05 14:37:06,754 [INFO] IPUIPlugin:80 - create IPUIPlugin
2025-05-05 14:37:06,754 [INFO] PluginManager:220 - loadIPPluginJar : add usart
2025-05-05 14:37:06,757 [INFO] IPUIPlugin:80 - create IPUIPlugin
2025-05-05 14:37:06,757 [INFO] PluginManager:220 - loadIPPluginJar : add usbx
2025-05-05 14:37:06,893 [INFO] CADModel:165 - CPN selected for project level
2025-05-05 14:37:06,893 [INFO] CADModel:114 - Register for checkConnection events
2025-05-05 14:37:06,893 [FATAL] Updater:334 - Updater called before beeing initialized
2025-05-05 14:37:06,894 [ERROR] CADModel:125 - Updater not yet initialized, retry later 
2025-05-05 14:37:07,063 [INFO] CADModel:165 - CPN selected for project level
2025-05-05 14:37:07,063 [INFO] CADModel:114 - Register for checkConnection events
2025-05-05 14:37:07,063 [FATAL] Updater:334 - Updater called before beeing initialized
2025-05-05 14:37:07,063 [ERROR] CADModel:125 - Updater not yet initialized, retry later 
2025-05-05 14:37:07,067 [FATAL] Updater:334 - Updater called before beeing initialized
2025-05-05 14:37:07,218 [FATAL] Updater:334 - Updater called before beeing initialized
2025-05-05 14:37:07,223 [INFO] DbMcusAds:53 - JSON generation date=Tue Dec 17 08:01:15 PST 2024 (1734451275189)
2025-05-05 14:37:07,223 [FATAL] Updater:334 - Updater called before beeing initialized
2025-05-05 14:37:07,262 [WARN] DetailPanel:346 - Failed to get advertising image, set to default
2025-05-05 14:37:07,371 [FATAL] Updater:334 - Updater called before beeing initialized
2025-05-05 14:37:07,373 [FATAL] Updater:334 - Updater called before beeing initialized
2025-05-05 14:37:07,374 [FATAL] Updater:334 - Updater called before beeing initialized
2025-05-05 14:37:07,374 [WARN] DetailPanel:346 - Failed to get advertising image, set to default
2025-05-05 14:37:07,375 [FATAL] Updater:334 - Updater called before beeing initialized
2025-05-05 14:37:07,433 [ERROR] Updater:1164 - MainUpdater not yet initialized. External WinMGr cannot be set.
2025-05-05 14:37:07,436 [INFO] Updater:1100 - Updater Version found : 6.12.0
2025-05-05 14:37:07,458 [INFO] ApplicationProperties:184 - Using Application install path: C:\ST\STM32CubeIDE_1.16.0\STM32CubeIDE\plugins\com.st.stm32cube.common.mx_6.12.0.202406281431
2025-05-05 14:37:08,994 [INFO] ThirdPartyUpdaterWithRetryManager:70 - Updater plugin not ready yet. [2/15]
2025-05-05 14:37:09,041 [ERROR] LogOutputStream:75 - [STDERR_REDIRECT] May 05, 2025 2:37:09 PM java.util.prefs.WindowsPreferences <init>
2025-05-05 14:37:09,043 [ERROR] LogOutputStream:75 - [STDERR_REDIRECT] WARNING: Could not open/create prefs root node Software\JavaSoft\Prefs at root 0xffffffff80000002. Windows RegCreateKeyEx(...) returned error code 5.
2025-05-05 14:37:09,043 [ERROR] LogOutputStream:75 - [STDERR_REDIRECT] 
2025-05-05 14:37:09,621 [INFO] MainUpdater:2873 - connection check result : 10
2025-05-05 14:37:09,623 [INFO] MainUpdater:290 - Updater Check For Update Now.
2025-05-05 14:37:09,623 [INFO] MicroXplorer:498 - Change Database Version : DB.6.0.120
2025-05-05 14:37:09,631 [INFO] McuFinderGlobals:63 - Set McuFinder mode to 2 (CubeIDE integrated)
2025-05-05 14:37:09,631 [INFO] UserAuth:179 - activating auth plugin
2025-05-05 14:37:09,644 [INFO] UserAuth:417 - Internet connection configuration mode: 1
2025-05-05 14:37:09,689 [INFO] JxBrowserEngine:152 - Initiate JxBrowser Engine with user profile folder
2025-05-05 14:37:09,882 [INFO] CheckServerUpdateThread:120 - End of CheckServer Thread
2025-05-05 14:37:10,538 [INFO] WebApp:167 - Instantiating new browser for Auth
2025-05-05 14:37:11,544 [INFO] WebApp:448 - Apply proxy settings
2025-05-05 14:37:11,544 [INFO] WebApp:533 - Chromium requires no authentication
2025-05-05 14:37:11,555 [INFO] WebApp:476 - Direct internet connection detected
2025-05-05 14:37:11,586 [INFO] WebApp:869 - Register for checkConnection events
2025-05-05 14:37:11,587 [INFO] WebApp:448 - Apply proxy settings
2025-05-05 14:37:11,587 [INFO] WebApp:533 - Chromium requires no authentication
2025-05-05 14:37:11,588 [INFO] WebApp:476 - Direct internet connection detected
2025-05-05 14:37:11,829 [INFO] WebApp:186 - Connection restablished
2025-05-05 14:37:11,837 [INFO] WebApp:220 - Starting web application
2025-05-05 14:37:11,837 [INFO] WebApp:578 - Web application path used C:\ST\STM32CubeIDE_1.16.0\STM32CubeIDE\plugins\com.st.stm32cube.common.mx_6.12.0.202406281431\db\plugins\mcufinder\reactClient1\index.html
2025-05-05 14:37:12,333 [WARN] PackLoader:240 - Cannot read IP mode file for STMicroelectronics.FP-SNS-MOTENVWB1.1.4.0
2025-05-05 14:37:12,348 [WARN] PackLoader:240 - Cannot read IP mode file for STMicroelectronics.FP-ATR-ASTRA1.2.0.2
2025-05-05 14:37:12,353 [WARN] PackLoader:240 - Cannot read IP mode file for STMicroelectronics.FP-ATR-ASTRA1.2.0.1
2025-05-05 14:37:12,368 [WARN] PackLoader:240 - Cannot read IP mode file for STMicroelectronics.X-CUBE-SMBUS.2.1.0
2025-05-05 14:37:12,380 [WARN] PackLoader:240 - Cannot read IP mode file for STMicroelectronics.X-CUBE-WB05N.1.1.0
2025-05-05 14:37:12,418 [WARN] PackLoader:240 - Cannot read IP mode file for STMicroelectronics.X-CUBE-AZRTOS-F7.1.1.0
2025-05-05 14:37:12,508 [WARN] PackLoader:240 - Cannot read IP mode file for STMicroelectronics.X-CUBE-MEMS1.11.0.0
2025-05-05 14:37:12,757 [WARN] PackLoader:240 - Cannot read IP mode file for STMicroelectronics.FP-SNS-FLIGHT1.5.0.2
2025-05-05 14:37:12,766 [WARN] PackLoader:240 - Cannot read IP mode file for STMicroelectronics.X-CUBE-DISPLAY.3.0.0
2025-05-05 14:37:12,775 [WARN] PackLoader:240 - Cannot read IP mode file for STMicroelectronics.X-CUBE-BLE1.7.0.0
2025-05-05 14:37:12,784 [WARN] PackLoader:240 - Cannot read IP mode file for STMicroelectronics.X-CUBE-NFC10.1.0.0
2025-05-05 14:37:12,799 [WARN] PackLoader:240 - Cannot read IP mode file for STMicroelectronics.X-CUBE-BLEMGR.4.0.0
2025-05-05 14:37:12,818 [WARN] PackLoader:240 - Cannot read IP mode file for emotas.I-CUBE-CANOPEN.1.3.0
2025-05-05 14:37:12,829 [WARN] PackLoader:240 - Cannot read IP mode file for STMicroelectronics.X-CUBE-BLEMGR.3.1.0
2025-05-05 14:37:12,837 [WARN] PackLoader:240 - Cannot read IP mode file for STMicroelectronics.X-CUBE-AI.10.0.0
2025-05-05 14:37:12,844 [WARN] PackLoader:240 - Cannot read IP mode file for STMicroelectronics.FP-SNS-SMARTAG2.1.2.0
2025-05-05 14:37:12,849 [ERROR] Engine:466 - C:\Users\brady\.stm32cubemx\thirdparties\pdsc\STMicroelectronics.FP-SNS-FLIGHT1.5.1.0.pdsc: PDSC version is not supported
2025-05-05 14:37:12,902 [WARN] PackLoader:240 - Cannot read IP mode file for STMicroelectronics.X-CUBE-MEMS1.11.1.0
2025-05-05 14:37:13,052 [INFO] LogOutputStream:77 - [STDOUT_REDIRECT] 1 : Invalid condition id : UX_CORESTACK_Condition cause : null
2025-05-05 14:37:13,054 [INFO] LogOutputStream:77 - [STDOUT_REDIRECT] 1 : Invalid condition id : UX_CORESTACK_Condition cause : null
2025-05-05 14:37:13,057 [INFO] LogOutputStream:77 - [STDOUT_REDIRECT] 1 : Invalid condition id : UX_CORESTACK_Condition cause : null
2025-05-05 14:37:13,060 [INFO] LogOutputStream:77 - [STDOUT_REDIRECT] 1 : Invalid condition id : UX_CORESTACK_Condition cause : null
2025-05-05 14:37:13,063 [INFO] LogOutputStream:77 - [STDOUT_REDIRECT] 1 : Invalid condition id : UX_CORESTACK_Condition cause : null
2025-05-05 14:37:13,069 [WARN] PackLoader:240 - Cannot read IP mode file for STMicroelectronics.X-CUBE-AZRTOS-WL.2.0.0
2025-05-05 14:37:13,079 [WARN] PackLoader:240 - Cannot read IP mode file for STMicroelectronics.FP-SNS-MOTENV1.5.0.0
2025-05-05 14:37:13,091 [WARN] PackLoader:240 - Cannot read IP mode file for wolfSSL.I-CUBE-wolfMQTT.1.19.0
2025-05-05 14:37:13,118 [WARN] PackLoader:240 - Cannot read IP mode file for WES.I-CUBE-Cesium.1.3.0
2025-05-05 14:37:13,127 [WARN] PackLoader:240 - Cannot read IP mode file for STMicroelectronics.X-CUBE-BLE2.3.3.0
2025-05-05 14:37:13,140 [WARN] PackLoader:240 - Cannot read IP mode file for STMicroelectronics.X-CUBE-NFC9.1.0.0
2025-05-05 14:37:13,147 [WARN] PackLoader:240 - Cannot read IP mode file for STMicroelectronics.X-CUBE-BLE1.7.1.0
2025-05-05 14:37:13,155 [WARN] PackLoader:240 - Cannot read IP mode file for STMicroelectronics.X-CUBE-TCPP.4.1.0
2025-05-05 14:37:13,213 [WARN] PackLoader:240 - Cannot read IP mode file for STMicroelectronics.X-CUBE-MEMS1.11.2.0
2025-05-05 14:37:13,329 [WARN] PackLoader:240 - Cannot read IP mode file for STMicroelectronics.X-CUBE-AZRTOS-G0.1.1.0
2025-05-05 14:37:13,342 [WARN] PackLoader:240 - Cannot read IP mode file for STMicroelectronics.X-CUBE-SAFEA1.1.2.2
2025-05-05 14:37:13,358 [WARN] PackLoader:240 - Cannot read IP mode file for STMicroelectronics.X-CUBE-NFC4.3.0.0
2025-05-05 14:37:13,378 [WARN] PackLoader:240 - Cannot read IP mode file for EmbeddedOffice.I-CUBE-FS-RTOS.1.0.1
2025-05-05 14:37:13,381 [ERROR] ConditionMgr:805 - Attr not supported : Dmpu
2025-05-05 14:37:13,381 [ERROR] ConditionMgr:805 - Attr not supported : Dmpu
2025-05-05 14:37:13,382 [ERROR] ConditionMgr:805 - Attr not supported : Dmpu
2025-05-05 14:37:13,382 [ERROR] ConditionMgr:805 - Attr not supported : Dmpu
2025-05-05 14:37:13,382 [ERROR] ConditionMgr:805 - Attr not supported : Dmpu
2025-05-05 14:37:13,382 [ERROR] ConditionMgr:805 - Attr not supported : Dmpu
2025-05-05 14:37:13,382 [ERROR] ConditionMgr:805 - Attr not supported : Dmpu
2025-05-05 14:37:13,383 [ERROR] ConditionMgr:805 - Attr not supported : Dmpu
2025-05-05 14:37:13,384 [ERROR] ConditionMgr:805 - Attr not supported : Dmpu
2025-05-05 14:37:13,385 [ERROR] ConditionMgr:805 - Attr not supported : Dmpu
2025-05-05 14:37:13,386 [ERROR] ConditionMgr:805 - Attr not supported : Dmpu
2025-05-05 14:37:13,386 [ERROR] ConditionMgr:805 - Attr not supported : Dmpu
2025-05-05 14:37:13,386 [ERROR] ConditionMgr:805 - Attr not supported : Dmpu
2025-05-05 14:37:13,387 [ERROR] ConditionMgr:805 - Attr not supported : Dmpu
2025-05-05 14:37:13,387 [ERROR] ConditionMgr:805 - Attr not supported : Dmpu
2025-05-05 14:37:13,387 [ERROR] ConditionMgr:805 - Attr not supported : Dmpu
2025-05-05 14:37:13,387 [ERROR] ConditionMgr:805 - Attr not supported : Dmpu
2025-05-05 14:37:13,387 [ERROR] ConditionMgr:805 - Attr not supported : Dmpu
2025-05-05 14:37:13,387 [ERROR] ConditionMgr:805 - Attr not supported : Dmpu
2025-05-05 14:37:13,387 [ERROR] ConditionMgr:805 - Attr not supported : Dmpu
2025-05-05 14:37:13,388 [ERROR] ConditionMgr:805 - Attr not supported : Dmpu
2025-05-05 14:37:13,388 [ERROR] ConditionMgr:805 - Attr not supported : Dmpu
2025-05-05 14:37:13,388 [ERROR] ConditionMgr:805 - Attr not supported : Dmpu
2025-05-05 14:37:13,388 [ERROR] ConditionMgr:805 - Attr not supported : Dmpu
2025-05-05 14:37:13,388 [ERROR] ConditionMgr:805 - Attr not supported : Dmpu
2025-05-05 14:37:13,388 [ERROR] ConditionMgr:805 - Attr not supported : Dmpu
2025-05-05 14:37:13,388 [ERROR] ConditionMgr:805 - Attr not supported : Dmpu
2025-05-05 14:37:13,388 [ERROR] ConditionMgr:805 - Attr not supported : Dmpu
2025-05-05 14:37:13,389 [ERROR] ConditionMgr:805 - Attr not supported : Dmpu
2025-05-05 14:37:13,389 [ERROR] ConditionMgr:805 - Attr not supported : Dmpu
2025-05-05 14:37:13,389 [ERROR] ConditionMgr:805 - Attr not supported : Dmpu
2025-05-05 14:37:13,389 [ERROR] ConditionMgr:805 - Attr not supported : Dmpu
2025-05-05 14:37:13,389 [ERROR] ConditionMgr:805 - Attr not supported : Dmpu
2025-05-05 14:37:13,389 [ERROR] ConditionMgr:805 - Attr not supported : Dmpu
2025-05-05 14:37:13,389 [ERROR] ConditionMgr:805 - Attr not supported : Dmpu
2025-05-05 14:37:13,390 [ERROR] ConditionMgr:805 - Attr not supported : Dmpu
2025-05-05 14:37:13,390 [ERROR] ConditionMgr:805 - Attr not supported : Dmpu
2025-05-05 14:37:13,390 [ERROR] ConditionMgr:805 - Attr not supported : Dmpu
2025-05-05 14:37:13,390 [ERROR] ConditionMgr:805 - Attr not supported : Dmpu
2025-05-05 14:37:13,390 [ERROR] ConditionMgr:805 - Attr not supported : Dmpu
2025-05-05 14:37:13,391 [ERROR] ConditionMgr:805 - Attr not supported : Dmpu
2025-05-05 14:37:13,391 [ERROR] ConditionMgr:805 - Attr not supported : Dmpu
2025-05-05 14:37:13,391 [ERROR] ConditionMgr:805 - Attr not supported : Dmpu
2025-05-05 14:37:13,391 [ERROR] ConditionMgr:805 - Attr not supported : Dmpu
2025-05-05 14:37:13,391 [ERROR] ConditionMgr:805 - Attr not supported : Dmpu
2025-05-05 14:37:13,391 [ERROR] ConditionMgr:805 - Attr not supported : Dmpu
2025-05-05 14:37:13,392 [ERROR] ConditionMgr:805 - Attr not supported : Dmpu
2025-05-05 14:37:13,392 [ERROR] ConditionMgr:805 - Attr not supported : Dmpu
2025-05-05 14:37:13,392 [ERROR] ConditionMgr:805 - Attr not supported : Dmpu
2025-05-05 14:37:13,392 [ERROR] ConditionMgr:805 - Attr not supported : Dmpu
2025-05-05 14:37:13,392 [ERROR] ConditionMgr:805 - Attr not supported : Dmpu
2025-05-05 14:37:13,392 [ERROR] ConditionMgr:805 - Attr not supported : Dmpu
2025-05-05 14:37:13,392 [ERROR] ConditionMgr:805 - Attr not supported : Dmpu
2025-05-05 14:37:13,392 [ERROR] ConditionMgr:805 - Attr not supported : Dmpu
2025-05-05 14:37:13,392 [ERROR] ConditionMgr:805 - Attr not supported : Dmpu
2025-05-05 14:37:13,392 [ERROR] ConditionMgr:805 - Attr not supported : Dmpu
2025-05-05 14:37:13,393 [ERROR] ConditionMgr:805 - Attr not supported : Dmpu
2025-05-05 14:37:13,393 [ERROR] ConditionMgr:805 - Attr not supported : Dmpu
2025-05-05 14:37:13,393 [ERROR] ConditionMgr:805 - Attr not supported : Dmpu
2025-05-05 14:37:13,393 [ERROR] ConditionMgr:805 - Attr not supported : Dmpu
2025-05-05 14:37:13,393 [ERROR] ConditionMgr:805 - Attr not supported : Dmpu
2025-05-05 14:37:13,393 [ERROR] ConditionMgr:805 - Attr not supported : Dmpu
2025-05-05 14:37:13,393 [ERROR] ConditionMgr:805 - Attr not supported : Dmpu
2025-05-05 14:37:13,393 [ERROR] ConditionMgr:805 - Attr not supported : Dmpu
2025-05-05 14:37:13,401 [WARN] PackLoader:240 - Cannot read IP mode file for STMicroelectronics.X-CUBE-WB05N.2.0.0
2025-05-05 14:37:13,408 [ERROR] Engine:466 - C:\Users\brady\.stm32cubemx\thirdparties\pdsc\STMicroelectronics.X-CUBE-TCPP.4.2.0.pdsc: PDSC version is not supported
2025-05-05 14:37:13,438 [WARN] PackLoader:240 - Cannot read IP mode file for RealThread.X-CUBE-RT-Thread_Nano.4.1.1
2025-05-05 14:37:13,448 [WARN] PackLoader:240 - Cannot read IP mode file for STMicroelectronics.FP-ATR-SIGFOX1.3.2.0
2025-05-05 14:37:13,455 [WARN] PackLoader:240 - Cannot read IP mode file for wolfSSL.I-CUBE-wolfSSL.5.7.2
2025-05-05 14:37:13,461 [WARN] ConditionMgr:438 - getConditionDescription Invalid condition id : Cortex-A Device cause : null
2025-05-05 14:37:13,485 [WARN] ConditionMgr:1039 - genDependencies : Invalid condition id : Cortex-A Device cause : null
2025-05-05 14:37:13,486 [WARN] ConditionMgr:1039 - genDependencies : Invalid condition id : Cortex-A Device cause : null
2025-05-05 14:37:13,486 [WARN] ConditionMgr:1039 - genDependencies : Invalid condition id : Cortex-A Device cause : null
2025-05-05 14:37:13,493 [WARN] PackLoader:240 - Cannot read IP mode file for STMicroelectronics.X-CUBE-EEPRMA1.5.1.0
2025-05-05 14:37:13,504 [WARN] PackLoader:240 - Cannot read IP mode file for ITTIA_DB.I-CUBE-ITTIADB.8.9.0
2025-05-05 14:37:13,548 [WARN] PackLoader:240 - Cannot read IP mode file for SEGGER.I-CUBE-embOS.1.3.1
2025-05-05 14:37:13,612 [WARN] PackLoader:240 - Cannot read IP mode file for STMicroelectronics.X-CUBE-ALGOBUILD.1.4.0
2025-05-05 14:37:13,618 [WARN] PackLoader:240 - Cannot read IP mode file for STMicroelectronics.X-CUBE-AI.9.1.0
2025-05-05 14:37:13,627 [WARN] PackLoader:240 - Cannot read IP mode file for STMicroelectronics.X-CUBE-GNSS1.6.0.0
2025-05-05 14:37:13,651 [WARN] PackLoader:240 - Cannot read IP mode file for STMicroelectronics.X-CUBE-AZRTOS-F4.1.1.0
2025-05-05 14:37:13,656 [ERROR] Engine:466 - C:\Users\brady\.stm32cubemx\thirdparties\pdsc\Avnet-IotConnect.X-CUBE-IoTC-DA16k-PMOD.1.0.0.pdsc: PDSC version is not supported
2025-05-05 14:37:13,663 [WARN] PackLoader:240 - Cannot read IP mode file for STMicroelectronics.X-CUBE-ISPU.2.1.0
2025-05-05 14:37:13,671 [WARN] PackLoader:240 - Cannot read IP mode file for STMicroelectronics.X-CUBE-FREERTOS.1.2.0
2025-05-05 14:37:13,693 [WARN] PackLoader:240 - Cannot read IP mode file for STMicroelectronics.X-CUBE-AZRTOS-L5.2.0.0
2025-05-05 14:37:13,705 [WARN] PackLoader:240 - Cannot read IP mode file for STMicroelectronics.X-CUBE-NFC6.3.1.0
2025-05-05 14:37:13,715 [WARN] PackLoader:240 - Cannot read IP mode file for STMicroelectronics.X-CUBE-DPower.1.2.0
2025-05-05 14:37:13,719 [WARN] PackLoader:240 - Cannot read IP mode file for STMicroelectronics.X-CUBE-AI.9.0.0
2025-05-05 14:37:13,725 [WARN] PackLoader:240 - Cannot read IP mode file for STMicroelectronics.X-CUBE-FREERTOS.1.3.0
2025-05-05 14:37:13,731 [WARN] PackLoader:240 - Cannot read IP mode file for STMicroelectronics.X-CUBE-NFC7.1.0.1
2025-05-05 14:37:13,739 [WARN] PackLoader:240 - Cannot read IP mode file for STMicroelectronics.X-CUBE-DPower.1.3.0
2025-05-05 14:37:13,758 [WARN] ConditionMgr:438 - getConditionDescription Invalid condition id : LAN8742 Phy interface Condition cause : null
2025-05-05 14:37:13,758 [WARN] PackLoader:240 - Cannot read IP mode file for STMicroelectronics.X-CUBE-AZRTOS-L4.2.0.0
2025-05-05 14:37:13,760 [WARN] ConditionMgr:1039 - genDependencies : Invalid condition id : LAN8742 Phy interface Condition cause : null
2025-05-05 14:37:13,760 [WARN] ConditionMgr:1039 - genDependencies : Invalid condition id : LAN8742 Phy interface Condition cause : null
2025-05-05 14:37:13,761 [WARN] ConditionMgr:1039 - genDependencies : Invalid condition id : LAN8742 Phy interface Condition cause : null
2025-05-05 14:37:13,771 [WARN] PackLoader:240 - Cannot read IP mode file for STMicroelectronics.X-CUBE-SFXS2LP1.4.0.0
2025-05-05 14:37:13,798 [WARN] PackLoader:240 - Cannot read IP mode file for STMicroelectronics.X-CUBE-AZRTOS-H7.3.3.0
2025-05-05 14:37:13,814 [WARN] PackLoader:240 - Cannot read IP mode file for STMicroelectronics.X-CUBE-IPS.3.0.0
2025-05-05 14:37:13,829 [WARN] ConditionMgr:438 - getConditionDescription Invalid condition id : UX DEVICE CLASS RTOS Condition cause : null
2025-05-05 14:37:13,829 [WARN] ConditionMgr:438 - getConditionDescription Invalid condition id : UX DEVICE CLASS RTOS Condition cause : null
2025-05-05 14:37:13,831 [WARN] PackLoader:240 - Cannot read IP mode file for STMicroelectronics.X-CUBE-AZRTOS-WB.2.0.0
2025-05-05 14:37:13,831 [WARN] ConditionMgr:1039 - genDependencies : Invalid condition id : UX DEVICE CLASS RTOS Condition cause : null
2025-05-05 14:37:13,831 [WARN] ConditionMgr:1039 - genDependencies : Invalid condition id : UX DEVICE CLASS RTOS Condition cause : null
2025-05-05 14:37:13,832 [WARN] ConditionMgr:1039 - genDependencies : Invalid condition id : UX DEVICE CLASS RTOS Condition cause : null
2025-05-05 14:37:13,832 [WARN] ConditionMgr:1039 - genDependencies : Invalid condition id : UX DEVICE CLASS RTOS Condition cause : null
2025-05-05 14:37:13,832 [WARN] ConditionMgr:1039 - genDependencies : Invalid condition id : UX DEVICE CLASS RTOS Condition cause : null
2025-05-05 14:37:13,837 [WARN] PackLoader:240 - Cannot read IP mode file for STMicroelectronics.X-CUBE-GNSS1.7.0.0
2025-05-05 14:37:13,843 [WARN] PackLoader:240 - Cannot read IP mode file for STMicroelectronics.X-CUBE-GNSS1.7.0.1
2025-05-05 14:37:13,852 [WARN] PackLoader:240 - Cannot read IP mode file for STMicroelectronics.X-CUBE-TOUCHGFX.4.25.0
2025-05-05 14:37:13,860 [WARN] PackLoader:240 - Cannot read IP mode file for STMicroelectronics.FP-SNS-STBOX1.2.0.0
2025-05-05 14:37:13,876 [WARN] PackLoader:240 - Cannot read IP mode file for STMicroelectronics.X-CUBE-SUBG2.5.0.0
2025-05-05 14:37:13,909 [WARN] PackLoader:240 - Cannot read IP mode file for STMicroelectronics.X-CUBE-AZRTOS-H7RS.1.1.0
2025-05-05 14:37:13,918 [WARN] PackLoader:240 - Cannot read IP mode file for Cesanta.I-CUBE-Mongoose.7.13.0
2025-05-05 14:37:13,930 [WARN] PackLoader:240 - Cannot read IP mode file for STMicroelectronics.X-CUBE-AZRTOS-G4.2.0.0
2025-05-05 14:37:13,936 [WARN] PackLoader:240 - Cannot read IP mode file for STMicroelectronics.X-CUBE-NFC7.2.0.0
2025-05-05 14:37:13,941 [WARN] PackLoader:240 - Cannot read IP mode file for STMicroelectronics.X-CUBE-ISPU.2.0.0
2025-05-05 14:37:13,946 [ERROR] Engine:466 - C:\Users\brady\.stm32cubemx\thirdparties\pdsc\STMicroelectronics.X-CUBE-IPS.3.1.0.pdsc: PDSC version is not supported
2025-05-05 14:37:13,950 [WARN] PackLoader:240 - Cannot read IP mode file for STMicroelectronics.X-CUBE-ALS.1.0.2
2025-05-05 14:37:13,953 [WARN] PackLoader:240 - Cannot read IP mode file for STMicroelectronics.X-CUBE-TOUCHGFX.4.24.0
2025-05-05 14:37:13,957 [WARN] PackLoader:240 - Cannot read IP mode file for STMicroelectronics.X-CUBE-TOUCHGFX.4.24.2
2025-05-05 14:37:13,959 [WARN] PackLoader:240 - Cannot read IP mode file for STMicroelectronics.X-CUBE-TOUCHGFX.4.24.1
2025-05-05 14:37:13,963 [WARN] PackLoader:240 - Cannot read IP mode file for wolfSSL.I-CUBE-wolfTPM.3.4.0
2025-05-05 14:37:13,970 [WARN] PackLoader:240 - Cannot read IP mode file for portGmbH.I-Cube-SoM-uGOAL.1.1.0
2025-05-05 14:37:13,988 [WARN] PackLoader:240 - Cannot read IP mode file for STMicroelectronics.X-CUBE-AZRTOS-H7RS.1.0.0
2025-05-05 14:37:13,994 [WARN] PackLoader:240 - Cannot read IP mode file for STMicroelectronics.FP-ATR-ASTRA1.2.0.0
2025-05-05 14:37:14,005 [WARN] PackLoader:240 - Cannot read IP mode file for STMicroelectronics.X-CUBE-TOF1.3.4.2
2025-05-05 14:37:14,027 [ERROR] Engine:466 - C:\Users\brady\.stm32cubemx\thirdparties\pdsc\STMicroelectronics.X-CUBE-TOF1.3.4.3.pdsc: PDSC version is not supported
2025-05-05 14:37:14,053 [WARN] PackLoader:240 - Cannot read IP mode file for Infineon.AIROC-Wi-Fi-Bluetooth-STM32.1.6.1
2025-05-05 14:37:14,063 [WARN] PackLoader:240 - Cannot read IP mode file for wolfSSL.I-CUBE-wolfSSH.1.4.17
2025-05-05 14:37:14,064 [INFO] ThirdParty:978 - Integrity check success = true
2025-05-05 14:37:14,064 [INFO] IntegrityCheckThread:100 - exiting critical section [integrity check]
2025-05-05 14:37:14,064 [INFO] IntegrityCheckThread:103 - End integrity checks thread
2025-05-05 14:37:18,225 [INFO] WebApp:189 - Connection lost
2025-05-05 14:37:18,337 [INFO] WebApp:186 - Connection restablished
2025-05-05 14:39:18,942 [INFO] WebApp:189 - Connection lost
2025-05-05 14:39:19,210 [INFO] WebApp:186 - Connection restablished
2025-05-05 14:40:20,982 [ERROR] LogOutputStream:75 - [STDERR_REDIRECT] 
2025-05-05 14:40:20,984 [ERROR] LogOutputStream:75 - [STDERR_REDIRECT] 
