2025-04-25 10:52:27,201 [INFO] Activator:176 - 


2025-04-25 10:52:27,210 [INFO] Activator:177 - !SESSION log4j initialized
2025-04-25 10:52:39,685 [INFO] LogOutputStream:77 - [STDOUT_REDIRECT] 
2025-04-25 10:52:46,490 [INFO] ApplicationProperties:184 - Using Application install path: C:\ST\STM32CubeIDE_1.16.0\STM32CubeIDE\plugins\com.st.stm32cube.common.mx_6.12.0.202406281431
2025-04-25 10:52:46,527 [INFO] DbMcusXml:78 - Set database path to: C:\ST\STM32CubeIDE_1.16.0\STM32CubeIDE\plugins\com.st.stm32cube.common.mx_6.12.0.202406281431\\db\/mcu/
2025-04-25 10:52:46,528 [INFO] ApiDb:274 - Set plugin database path to: C:\ST\STM32CubeIDE_1.16.0\STM32CubeIDE\plugins\com.st.stm32cube.common.mx_6.12.0.202406281431\\db\/plugins/boardmanager/
2025-04-25 10:52:46,537 [WARN] ApiDb:259 - Overriding images path with different value:  => C:\ST\STM32CubeIDE_1.16.0\STM32CubeIDE\plugins\com.st.stm32cube.common.mx_6.12.0.202406281431\\db\/plugins/mcufinder/images/
2025-04-25 10:52:46,565 [INFO] ApiDb:250 - Set database path to: C:\Users\brady\.stmcufinder\plugins\mcufinder//mcu/
2025-04-25 10:52:46,568 [INFO] DbMcusAds:125 - Set database path to: C:\Users\brady\.stmcufinder\plugins\mcufinder//mcu/
2025-04-25 10:52:46,573 [INFO] CrossReferenceDbSqlite:203 - Set database path to: C:\Users\brady\.stmcufinder\plugins\mcufinder//mcu/cs/
2025-04-25 10:52:46,929 [INFO] RulesReader:64 - Compatibility file has been processed (297 Rules)
2025-04-25 10:52:47,131 [INFO] DbMcusXml:78 - Set database path to: C:\ST\STM32CubeIDE_1.16.0\STM32CubeIDE\plugins\com.st.stm32cube.common.mx_6.12.0.202406281431\\db\/mcu/
2025-04-25 10:52:47,132 [INFO] ApiDb:274 - Set plugin database path to: C:\ST\STM32CubeIDE_1.16.0\STM32CubeIDE\plugins\com.st.stm32cube.common.mx_6.12.0.202406281431\\db\/plugins/boardmanager/
2025-04-25 10:52:47,132 [INFO] ApiDb:261 - Set plugin images path to: C:\ST\STM32CubeIDE_1.16.0\STM32CubeIDE\plugins\com.st.stm32cube.common.mx_6.12.0.202406281431\\db\/plugins/mcufinder/images/
2025-04-25 10:52:47,133 [WARN] DbFile:41 - Overriding database path with different value: C:\Users\brady\.stmcufinder\plugins\mcufinder/ => C:\Users\brady\.stmcufinder\plugins\mcufinder
2025-04-25 10:52:47,133 [INFO] ApiDb:250 - Set database path to: C:\Users\brady\.stmcufinder\plugins\mcufinder//mcu/
2025-04-25 10:52:47,133 [WARN] DbFile:41 - Overriding database path with different value: C:\Users\brady\.stmcufinder\plugins\mcufinder/ => C:\Users\brady\.stmcufinder\plugins\mcufinder
2025-04-25 10:52:47,134 [INFO] DbMcusAds:125 - Set database path to: C:\Users\brady\.stmcufinder\plugins\mcufinder//mcu/
2025-04-25 10:52:47,134 [WARN] DbFile:41 - Overriding database path with different value: C:\Users\brady\.stmcufinder\plugins\mcufinder/ => C:\Users\brady\.stmcufinder\plugins\mcufinder
2025-04-25 10:52:47,134 [WARN] DbFile:41 - Overriding database path with different value: C:\Users\brady\.stmcufinder\plugins\mcufinder/ => C:\Users\brady\.stmcufinder\plugins\mcufinder
2025-04-25 10:52:47,134 [INFO] CrossReferenceDbSqlite:203 - Set database path to: C:\Users\brady\.stmcufinder\plugins\mcufinder//mcu/cs/
2025-04-25 10:52:47,297 [INFO] MainPanel:268 - HeapMemory: 268435456
2025-04-25 10:52:47,492 [INFO] DbMcusXml:78 - Set database path to: C:\ST\STM32CubeIDE_1.16.0\STM32CubeIDE\plugins\com.st.stm32cube.common.mx_6.12.0.202406281431\\db\/mcu/
2025-04-25 10:52:47,492 [INFO] ApiDb:274 - Set plugin database path to: C:\ST\STM32CubeIDE_1.16.0\STM32CubeIDE\plugins\com.st.stm32cube.common.mx_6.12.0.202406281431\\db\/plugins/boardmanager/
2025-04-25 10:52:47,493 [INFO] ApiDb:261 - Set plugin images path to: C:\ST\STM32CubeIDE_1.16.0\STM32CubeIDE\plugins\com.st.stm32cube.common.mx_6.12.0.202406281431\\db\/plugins/mcufinder/images/
2025-04-25 10:52:47,493 [WARN] DbFile:41 - Overriding database path with different value: C:\Users\brady\.stmcufinder\plugins\mcufinder/ => C:\Users\brady\.stmcufinder\plugins\mcufinder
2025-04-25 10:52:47,494 [INFO] ApiDb:250 - Set database path to: C:\Users\brady\.stmcufinder\plugins\mcufinder//mcu/
2025-04-25 10:52:47,494 [WARN] DbFile:41 - Overriding database path with different value: C:\Users\brady\.stmcufinder\plugins\mcufinder/ => C:\Users\brady\.stmcufinder\plugins\mcufinder
2025-04-25 10:52:47,494 [INFO] DbMcusAds:125 - Set database path to: C:\Users\brady\.stmcufinder\plugins\mcufinder//mcu/
2025-04-25 10:52:47,495 [WARN] DbFile:41 - Overriding database path with different value: C:\Users\brady\.stmcufinder\plugins\mcufinder/ => C:\Users\brady\.stmcufinder\plugins\mcufinder
2025-04-25 10:52:47,495 [WARN] DbFile:41 - Overriding database path with different value: C:\Users\brady\.stmcufinder\plugins\mcufinder/ => C:\Users\brady\.stmcufinder\plugins\mcufinder
2025-04-25 10:52:47,495 [INFO] CrossReferenceDbSqlite:203 - Set database path to: C:\Users\brady\.stmcufinder\plugins\mcufinder//mcu/cs/
2025-04-25 10:52:47,535 [INFO] ApplicationProperties:184 - Using Application install path: C:\ST\STM32CubeIDE_1.16.0\STM32CubeIDE\plugins\com.st.stm32cube.common.mx_6.12.0.202406281431
2025-04-25 10:52:47,538 [INFO] PluginManage:196 - Search for loadable plugins [exclusion list=, ]
2025-04-25 10:52:47,540 [INFO] PluginManage:310 - Check plugin analytics
2025-04-25 10:52:48,041 [INFO] AnalyticsPlugin:253 - Accepted Software Licenses: STM32CubeMX.6.12.1
2025-04-25 10:52:48,042 [INFO] AnalyticsPlugin:255 - Accepted CMSIS Pack Licenses: 
2025-04-25 10:52:48,043 [INFO] AnalyticsPlugin:257 - Accepted Firmware Licenses: FW.F4.1.28.0
2025-04-25 10:52:48,046 [INFO] PluginManage:359 - Loaded plugin analytics (category:tool,tabindex:-1)
2025-04-25 10:52:48,047 [INFO] PluginManage:310 - Check plugin cadmodel
2025-04-25 10:52:48,131 [INFO] CADModel:105 - Init CAD model plugin
2025-04-25 10:52:48,132 [INFO] PluginManage:359 - Loaded plugin cadmodel (category:power,tabindex:5)
2025-04-25 10:52:48,132 [INFO] PluginManage:310 - Check plugin clock
2025-04-25 10:52:48,200 [INFO] PluginManage:359 - Loaded plugin clock (category:base,tabindex:2)
2025-04-25 10:52:48,200 [INFO] PluginManage:310 - Check plugin ddr
2025-04-25 10:52:48,204 [INFO] PluginManage:359 - Loaded plugin ddr (category:tool,tabindex:6)
2025-04-25 10:52:48,204 [INFO] PluginManage:310 - Check plugin filemanager
2025-04-25 10:52:48,493 [INFO] PluginManage:359 - Loaded plugin filemanager (category:base,tabindex:10)
2025-04-25 10:52:48,493 [INFO] PluginManage:310 - Check plugin ipmanager
2025-04-25 10:52:48,506 [INFO] PluginManage:359 - Loaded plugin ipmanager (category:base,tabindex:5)
2025-04-25 10:52:48,506 [INFO] PluginManage:310 - Check plugin lpbam
2025-04-25 10:52:48,703 [INFO] PluginManage:359 - Loaded plugin lpbam (category:base,tabindex:0)
2025-04-25 10:52:48,704 [INFO] PluginManage:310 - Check plugin memorymap
2025-04-25 10:52:48,758 [INFO] PluginManage:359 - Loaded plugin memorymap (category:base,tabindex:4)
2025-04-25 10:52:48,759 [INFO] PluginManage:310 - Check plugin pinoutandconfiguration
2025-04-25 10:52:48,806 [INFO] PluginManage:359 - Loaded plugin pinoutandconfiguration (category:base,tabindex:1)
2025-04-25 10:52:48,807 [INFO] PluginManage:310 - Check plugin pinoutconfig
2025-04-25 10:52:49,013 [WARN] SupportedApi:132 - Cannot load RTOS API schema: s4s-elt-must-match.1: The content of 'definitions' must match (annotation?, (simpleType | complexType)?, (unique | key | keyref)*)). A problem was found starting at: attribute.
2025-04-25 10:52:49,347 [INFO] PluginManage:359 - Loaded plugin pinoutconfig (category:base,tabindex:0)
2025-04-25 10:52:49,348 [INFO] PluginManage:310 - Check plugin power
2025-04-25 10:52:49,405 [INFO] PluginManage:359 - Loaded plugin power (category:power,tabindex:4)
2025-04-25 10:52:49,406 [INFO] PluginManage:310 - Check plugin projectmanager
2025-04-25 10:52:49,452 [INFO] PluginManage:359 - Loaded plugin projectmanager (category:projectmanager,tabindex:4)
2025-04-25 10:52:49,452 [INFO] PluginManage:310 - Check plugin rif
2025-04-25 10:52:49,609 [INFO] PluginManage:359 - Loaded plugin rif (category:base,tabindex:3)
2025-04-25 10:52:49,609 [INFO] PluginManage:310 - Check plugin thirdparty
2025-04-25 10:52:50,423 [WARN] IntegrityCheckThread:84 - waiting for thirdparty lock release [integrity check]
2025-04-25 10:52:50,424 [INFO] IntegrityCheckThread:86 - entering critical section [integrity check]
2025-04-25 10:52:50,433 [INFO] ThirdPartyUpdaterWithRetryManager:70 - Updater plugin not ready yet. [1/15]
2025-04-25 10:52:50,444 [INFO] PluginManage:359 - Loaded plugin thirdparty (category:base,tabindex:-1)
2025-04-25 10:52:50,444 [INFO] PluginManage:310 - Check plugin tools
2025-04-25 10:52:50,539 [INFO] PluginManage:359 - Loaded plugin tools (category:base,tabindex:7)
2025-04-25 10:52:50,540 [INFO] PluginManage:310 - Check plugin tutovideos
2025-04-25 10:52:50,984 [INFO] PluginManage:359 - Loaded plugin tutovideos (category:base,tabindex:-1)
2025-04-25 10:52:50,985 [INFO] PluginManage:310 - Check plugin updater
2025-04-25 10:52:51,025 [INFO] PluginManage:359 - Loaded plugin updater (category:base,tabindex:12)
2025-04-25 10:52:51,026 [INFO] PluginManage:310 - Check plugin userauth
2025-04-25 10:52:51,034 [INFO] UserAuth:113 - Init User Auth plugin
2025-04-25 10:52:51,034 [INFO] PluginManage:359 - Loaded plugin userauth (category:base,tabindex:14)
2025-04-25 10:52:51,035 [INFO] PluginManage:283 - PluginManage : Loaded plugins [18]
2025-04-25 10:52:51,500 [INFO] PinOutPanel:1561 - setPackage(No Configuration,No Configuration)
2025-04-25 10:52:51,684 [INFO] CADModel:165 - CPN selected for project level
2025-04-25 10:52:51,684 [INFO] CADModel:114 - Register for checkConnection events
2025-04-25 10:52:51,754 [INFO] IPUIPlugin:80 - create IPUIPlugin
2025-04-25 10:52:51,755 [INFO] PluginManager:220 - loadIPPluginJar : add adc
2025-04-25 10:52:51,842 [INFO] IPUIPlugin:80 - create IPUIPlugin
2025-04-25 10:52:51,842 [INFO] PluginManager:220 - loadIPPluginJar : add aes
2025-04-25 10:52:51,996 [INFO] IPUIPlugin:80 - create IPUIPlugin
2025-04-25 10:52:51,997 [INFO] PluginManager:220 - loadIPPluginJar : add can
2025-04-25 10:52:52,091 [INFO] IPUIPlugin:80 - create IPUIPlugin
2025-04-25 10:52:52,092 [INFO] PluginManager:220 - loadIPPluginJar : add comp
2025-04-25 10:52:52,274 [INFO] IPUIPlugin:80 - create IPUIPlugin
2025-04-25 10:52:52,274 [INFO] PluginManager:220 - loadIPPluginJar : add cryp
2025-04-25 10:52:52,321 [INFO] IPUIPlugin:80 - create IPUIPlugin
2025-04-25 10:52:52,321 [INFO] PluginManager:220 - loadIPPluginJar : add ddr_ctrl_phy
2025-04-25 10:52:52,428 [INFO] IPUIPlugin:80 - create IPUIPlugin
2025-04-25 10:52:52,429 [INFO] PluginManager:220 - loadIPPluginJar : add dfsdm
2025-04-25 10:52:52,499 [INFO] IPUIPlugin:80 - create IPUIPlugin
2025-04-25 10:52:52,500 [INFO] PluginManager:220 - loadIPPluginJar : add dma
2025-04-25 10:52:52,694 [INFO] IPUIPlugin:80 - create IPUIPlugin
2025-04-25 10:52:52,695 [INFO] PluginManager:220 - loadIPPluginJar : add dma3
2025-04-25 10:52:52,862 [INFO] IPUIPlugin:80 - create IPUIPlugin
2025-04-25 10:52:52,862 [INFO] PluginManager:220 - loadIPPluginJar : add extmemmanager
2025-04-25 10:52:52,953 [INFO] IPUIPlugin:80 - create IPUIPlugin
2025-04-25 10:52:52,953 [INFO] PluginManager:220 - loadIPPluginJar : add fatfs
2025-04-25 10:52:53,135 [INFO] IPUIPlugin:80 - create IPUIPlugin
2025-04-25 10:52:53,135 [INFO] PluginManager:220 - loadIPPluginJar : add fmc
2025-04-25 10:52:53,177 [INFO] IPUIPlugin:80 - create IPUIPlugin
2025-04-25 10:52:53,178 [INFO] PluginManager:220 - loadIPPluginJar : add freertos
2025-04-25 10:52:53,252 [INFO] IPUIPlugin:80 - create IPUIPlugin
2025-04-25 10:52:53,253 [INFO] PluginManager:220 - loadIPPluginJar : add genericplugin
2025-04-25 10:52:53,437 [INFO] ThirdPartyUpdaterWithRetryManager:70 - Updater plugin not ready yet. [2/15]
2025-04-25 10:52:53,706 [INFO] IPUIPlugin:80 - create IPUIPlugin
2025-04-25 10:52:53,707 [INFO] PluginManager:220 - loadIPPluginJar : add gfxmmu
2025-04-25 10:52:54,322 [INFO] IPUIPlugin:80 - create IPUIPlugin
2025-04-25 10:52:54,323 [INFO] PluginManager:220 - loadIPPluginJar : add gic
2025-04-25 10:52:54,365 [INFO] IPUIPlugin:80 - create IPUIPlugin
2025-04-25 10:52:54,366 [INFO] PluginManager:220 - loadIPPluginJar : add gpio
2025-04-25 10:52:54,848 [INFO] IPUIPlugin:80 - create IPUIPlugin
2025-04-25 10:52:54,848 [INFO] PluginManager:220 - loadIPPluginJar : add gtzc
2025-04-25 10:52:54,973 [INFO] IPUIPlugin:80 - create IPUIPlugin
2025-04-25 10:52:54,974 [INFO] PluginManager:220 - loadIPPluginJar : add hash
2025-04-25 10:52:55,188 [INFO] IPUIPlugin:80 - create IPUIPlugin
2025-04-25 10:52:55,189 [INFO] PluginManager:220 - loadIPPluginJar : add i2c
2025-04-25 10:52:55,343 [INFO] IPUIPlugin:80 - create IPUIPlugin
2025-04-25 10:52:55,344 [INFO] PluginManager:220 - loadIPPluginJar : add i2s
2025-04-25 10:52:55,536 [INFO] IPUIPlugin:80 - create IPUIPlugin
2025-04-25 10:52:55,537 [INFO] PluginManager:220 - loadIPPluginJar : add i3c
2025-04-25 10:52:55,946 [INFO] IPUIPlugin:80 - create IPUIPlugin
2025-04-25 10:52:55,947 [INFO] PluginManager:220 - loadIPPluginJar : add ipddr
2025-04-25 10:52:56,386 [INFO] IPUIPlugin:80 - create IPUIPlugin
2025-04-25 10:52:56,387 [INFO] PluginManager:220 - loadIPPluginJar : add linkedlist
2025-04-25 10:52:56,439 [INFO] ThirdPartyUpdaterWithRetryManager:70 - Updater plugin not ready yet. [3/15]
2025-04-25 10:52:56,496 [INFO] IPUIPlugin:80 - create IPUIPlugin
2025-04-25 10:52:56,497 [INFO] PluginManager:220 - loadIPPluginJar : add lorawan
2025-04-25 10:52:56,746 [INFO] IPUIPlugin:80 - create IPUIPlugin
2025-04-25 10:52:56,747 [INFO] PluginManager:220 - loadIPPluginJar : add ltdc
2025-04-25 10:52:56,919 [INFO] IPUIPlugin:80 - create IPUIPlugin
2025-04-25 10:52:56,919 [INFO] PluginManager:220 - loadIPPluginJar : add mdma
2025-04-25 10:52:57,070 [INFO] IPUIPlugin:80 - create IPUIPlugin
2025-04-25 10:52:57,070 [INFO] PluginManager:220 - loadIPPluginJar : add nvic
2025-04-25 10:52:57,284 [INFO] IPUIPlugin:80 - create IPUIPlugin
2025-04-25 10:52:57,284 [INFO] PluginManager:220 - loadIPPluginJar : add opamp
2025-04-25 10:52:57,729 [INFO] IPUIPlugin:80 - create IPUIPlugin
2025-04-25 10:52:57,729 [INFO] PluginManager:220 - loadIPPluginJar : add openamp
2025-04-25 10:52:57,849 [INFO] IPUIPlugin:80 - create IPUIPlugin
2025-04-25 10:52:57,849 [INFO] PluginManager:220 - loadIPPluginJar : add pdm2pcm
2025-04-25 10:52:57,891 [INFO] IPUIPlugin:80 - create IPUIPlugin
2025-04-25 10:52:57,894 [INFO] PluginManager:220 - loadIPPluginJar : add plateformsettings
2025-04-25 10:52:57,972 [INFO] IPUIPlugin:80 - create IPUIPlugin
2025-04-25 10:52:57,972 [INFO] PluginManager:220 - loadIPPluginJar : add quadspi
2025-04-25 10:52:58,066 [INFO] IPUIPlugin:80 - create IPUIPlugin
2025-04-25 10:52:58,067 [INFO] PluginManager:220 - loadIPPluginJar : add radio
2025-04-25 10:52:58,098 [INFO] IPUIPlugin:80 - create IPUIPlugin
2025-04-25 10:52:58,098 [INFO] PluginManager:220 - loadIPPluginJar : add resmgrutility
2025-04-25 10:52:58,248 [INFO] IPUIPlugin:80 - create IPUIPlugin
2025-04-25 10:52:58,248 [INFO] PluginManager:220 - loadIPPluginJar : add sai
2025-04-25 10:52:58,375 [INFO] IPUIPlugin:80 - create IPUIPlugin
2025-04-25 10:52:58,375 [INFO] PluginManager:220 - loadIPPluginJar : add spi
2025-04-25 10:52:58,617 [INFO] IPUIPlugin:80 - create IPUIPlugin
2025-04-25 10:52:58,617 [INFO] PluginManager:220 - loadIPPluginJar : add stm32_wpan
2025-04-25 10:52:58,691 [INFO] IPUIPlugin:80 - create IPUIPlugin
2025-04-25 10:52:58,692 [INFO] PluginManager:220 - loadIPPluginJar : add tim
2025-04-25 10:52:58,898 [INFO] IPUIPlugin:80 - create IPUIPlugin
2025-04-25 10:52:58,902 [INFO] PluginManager:220 - loadIPPluginJar : add touchsensing
2025-04-25 10:52:58,977 [INFO] IPUIPlugin:80 - create IPUIPlugin
2025-04-25 10:52:58,977 [INFO] PluginManager:220 - loadIPPluginJar : add tracer_emb
2025-04-25 10:52:59,083 [INFO] IPUIPlugin:80 - create IPUIPlugin
2025-04-25 10:52:59,083 [INFO] PluginManager:220 - loadIPPluginJar : add ts
2025-04-25 10:52:59,154 [INFO] IPUIPlugin:80 - create IPUIPlugin
2025-04-25 10:52:59,154 [INFO] PluginManager:220 - loadIPPluginJar : add tsc
2025-04-25 10:52:59,235 [INFO] IPUIPlugin:80 - create IPUIPlugin
2025-04-25 10:52:59,236 [INFO] PluginManager:220 - loadIPPluginJar : add ucpd
2025-04-25 10:52:59,400 [INFO] IPUIPlugin:80 - create IPUIPlugin
2025-04-25 10:52:59,400 [INFO] PluginManager:220 - loadIPPluginJar : add usart
2025-04-25 10:52:59,441 [INFO] ThirdPartyUpdaterWithRetryManager:70 - Updater plugin not ready yet. [4/15]
2025-04-25 10:52:59,510 [INFO] IPUIPlugin:80 - create IPUIPlugin
2025-04-25 10:52:59,510 [INFO] PluginManager:220 - loadIPPluginJar : add usbx
2025-04-25 10:52:59,739 [INFO] CADModel:165 - CPN selected for project level
2025-04-25 10:52:59,739 [INFO] CADModel:114 - Register for checkConnection events
2025-04-25 10:52:59,740 [FATAL] Updater:334 - Updater called before beeing initialized
2025-04-25 10:52:59,740 [ERROR] CADModel:125 - Updater not yet initialized, retry later 
2025-04-25 10:53:00,138 [INFO] CADModel:165 - CPN selected for project level
2025-04-25 10:53:00,138 [INFO] CADModel:114 - Register for checkConnection events
2025-04-25 10:53:00,138 [FATAL] Updater:334 - Updater called before beeing initialized
2025-04-25 10:53:00,138 [ERROR] CADModel:125 - Updater not yet initialized, retry later 
2025-04-25 10:53:00,147 [FATAL] Updater:334 - Updater called before beeing initialized
2025-04-25 10:53:00,380 [FATAL] Updater:334 - Updater called before beeing initialized
2025-04-25 10:53:00,408 [INFO] DbMcusAds:53 - JSON generation date=Tue Dec 17 08:01:15 PST 2024 (1734451275189)
2025-04-25 10:53:00,409 [FATAL] Updater:334 - Updater called before beeing initialized
2025-04-25 10:53:00,496 [WARN] DetailPanel:346 - Failed to get advertising image, set to default
2025-04-25 10:53:00,811 [FATAL] Updater:334 - Updater called before beeing initialized
2025-04-25 10:53:00,815 [FATAL] Updater:334 - Updater called before beeing initialized
2025-04-25 10:53:00,815 [FATAL] Updater:334 - Updater called before beeing initialized
2025-04-25 10:53:00,815 [WARN] DetailPanel:346 - Failed to get advertising image, set to default
2025-04-25 10:53:00,818 [FATAL] Updater:334 - Updater called before beeing initialized
2025-04-25 10:53:00,979 [ERROR] Updater:1164 - MainUpdater not yet initialized. External WinMGr cannot be set.
2025-04-25 10:53:01,011 [INFO] Updater:1100 - Updater Version found : 6.12.0
2025-04-25 10:53:01,041 [INFO] ApplicationProperties:184 - Using Application install path: C:\ST\STM32CubeIDE_1.16.0\STM32CubeIDE\plugins\com.st.stm32cube.common.mx_6.12.0.202406281431
2025-04-25 10:53:02,443 [INFO] ThirdPartyUpdaterWithRetryManager:70 - Updater plugin not ready yet. [5/15]
2025-04-25 10:53:02,673 [ERROR] LogOutputStream:75 - [STDERR_REDIRECT] Apr 25, 2025 10:53:02 AM java.util.prefs.WindowsPreferences <init>
2025-04-25 10:53:02,676 [ERROR] LogOutputStream:75 - [STDERR_REDIRECT] WARNING: Could not open/create prefs root node Software\JavaSoft\Prefs at root 0xffffffff80000002. Windows RegCreateKeyEx(...) returned error code 5.
2025-04-25 10:53:02,676 [ERROR] LogOutputStream:75 - [STDERR_REDIRECT] 
2025-04-25 10:53:03,544 [INFO] MainUpdater:2873 - connection check result : 10
2025-04-25 10:53:03,546 [INFO] MainUpdater:290 - Updater Check For Update Now.
2025-04-25 10:53:03,546 [INFO] MicroXplorer:498 - Change Database Version : DB.6.0.120
2025-04-25 10:53:03,626 [INFO] McuFinderGlobals:63 - Set McuFinder mode to 2 (CubeIDE integrated)
2025-04-25 10:53:03,626 [INFO] UserAuth:179 - activating auth plugin
2025-04-25 10:53:03,632 [INFO] UserAuth:417 - Internet connection configuration mode: 1
2025-04-25 10:53:03,684 [INFO] JxBrowserEngine:152 - Initiate JxBrowser Engine with user profile folder
2025-04-25 10:53:04,029 [INFO] CheckServerUpdateThread:120 - End of CheckServer Thread
2025-04-25 10:53:06,086 [WARN] PackLoader:240 - Cannot read IP mode file for STMicroelectronics.FP-SNS-MOTENVWB1.1.4.0
2025-04-25 10:53:06,121 [WARN] PackLoader:240 - Cannot read IP mode file for STMicroelectronics.FP-ATR-ASTRA1.2.0.2
2025-04-25 10:53:06,148 [WARN] PackLoader:240 - Cannot read IP mode file for STMicroelectronics.FP-ATR-ASTRA1.2.0.1
2025-04-25 10:53:06,231 [WARN] PackLoader:240 - Cannot read IP mode file for STMicroelectronics.X-CUBE-SMBUS.2.1.0
2025-04-25 10:53:06,261 [WARN] PackLoader:240 - Cannot read IP mode file for STMicroelectronics.X-CUBE-WB05N.1.1.0
2025-04-25 10:53:06,450 [WARN] PackLoader:240 - Cannot read IP mode file for STMicroelectronics.X-CUBE-AZRTOS-F7.1.1.0
2025-04-25 10:53:06,668 [WARN] PackLoader:240 - Cannot read IP mode file for STMicroelectronics.X-CUBE-MEMS1.11.0.0
2025-04-25 10:53:06,987 [WARN] PackLoader:240 - Cannot read IP mode file for STMicroelectronics.FP-SNS-FLIGHT1.5.0.2
2025-04-25 10:53:07,027 [WARN] PackLoader:240 - Cannot read IP mode file for STMicroelectronics.X-CUBE-DISPLAY.3.0.0
2025-04-25 10:53:07,076 [WARN] PackLoader:240 - Cannot read IP mode file for STMicroelectronics.X-CUBE-BLE1.7.0.0
2025-04-25 10:53:07,112 [WARN] PackLoader:240 - Cannot read IP mode file for STMicroelectronics.X-CUBE-NFC10.1.0.0
2025-04-25 10:53:07,158 [WARN] PackLoader:240 - Cannot read IP mode file for STMicroelectronics.X-CUBE-BLEMGR.4.0.0
2025-04-25 10:53:07,203 [WARN] PackLoader:240 - Cannot read IP mode file for emotas.I-CUBE-CANOPEN.1.3.0
2025-04-25 10:53:07,289 [WARN] PackLoader:240 - Cannot read IP mode file for STMicroelectronics.X-CUBE-BLEMGR.3.1.0
2025-04-25 10:53:07,433 [WARN] PackLoader:240 - Cannot read IP mode file for STMicroelectronics.X-CUBE-AI.10.0.0
2025-04-25 10:53:07,488 [WARN] PackLoader:240 - Cannot read IP mode file for STMicroelectronics.FP-SNS-SMARTAG2.1.2.0
2025-04-25 10:53:07,518 [ERROR] Engine:466 - C:\Users\brady\.stm32cubemx\thirdparties\pdsc\STMicroelectronics.FP-SNS-FLIGHT1.5.1.0.pdsc: PDSC version is not supported
2025-04-25 10:53:07,641 [WARN] PackLoader:240 - Cannot read IP mode file for STMicroelectronics.X-CUBE-MEMS1.11.1.0
2025-04-25 10:53:07,927 [INFO] LogOutputStream:77 - [STDOUT_REDIRECT] 1 : Invalid condition id : UX_CORESTACK_Condition cause : null
2025-04-25 10:53:07,929 [INFO] LogOutputStream:77 - [STDOUT_REDIRECT] 1 : Invalid condition id : UX_CORESTACK_Condition cause : null
2025-04-25 10:53:07,930 [INFO] LogOutputStream:77 - [STDOUT_REDIRECT] 1 : Invalid condition id : UX_CORESTACK_Condition cause : null
2025-04-25 10:53:07,936 [INFO] LogOutputStream:77 - [STDOUT_REDIRECT] 1 : Invalid condition id : UX_CORESTACK_Condition cause : null
2025-04-25 10:53:07,938 [INFO] LogOutputStream:77 - [STDOUT_REDIRECT] 1 : Invalid condition id : UX_CORESTACK_Condition cause : null
2025-04-25 10:53:07,945 [WARN] PackLoader:240 - Cannot read IP mode file for STMicroelectronics.X-CUBE-AZRTOS-WL.2.0.0
2025-04-25 10:53:07,978 [WARN] PackLoader:240 - Cannot read IP mode file for STMicroelectronics.FP-SNS-MOTENV1.5.0.0
2025-04-25 10:53:08,007 [WARN] PackLoader:240 - Cannot read IP mode file for wolfSSL.I-CUBE-wolfMQTT.1.19.0
2025-04-25 10:53:08,043 [WARN] PackLoader:240 - Cannot read IP mode file for WES.I-CUBE-Cesium.1.3.0
2025-04-25 10:53:08,072 [WARN] PackLoader:240 - Cannot read IP mode file for STMicroelectronics.X-CUBE-BLE2.3.3.0
2025-04-25 10:53:08,122 [WARN] PackLoader:240 - Cannot read IP mode file for STMicroelectronics.X-CUBE-NFC9.1.0.0
2025-04-25 10:53:08,152 [WARN] PackLoader:240 - Cannot read IP mode file for STMicroelectronics.X-CUBE-BLE1.7.1.0
2025-04-25 10:53:08,187 [WARN] PackLoader:240 - Cannot read IP mode file for STMicroelectronics.X-CUBE-TCPP.4.1.0
2025-04-25 10:53:08,321 [WARN] PackLoader:240 - Cannot read IP mode file for STMicroelectronics.X-CUBE-MEMS1.11.2.0
2025-04-25 10:53:08,676 [WARN] PackLoader:240 - Cannot read IP mode file for STMicroelectronics.X-CUBE-AZRTOS-G0.1.1.0
2025-04-25 10:53:08,710 [WARN] PackLoader:240 - Cannot read IP mode file for STMicroelectronics.X-CUBE-SAFEA1.1.2.2
2025-04-25 10:53:08,741 [WARN] PackLoader:240 - Cannot read IP mode file for STMicroelectronics.X-CUBE-NFC4.3.0.0
2025-04-25 10:53:08,782 [WARN] PackLoader:240 - Cannot read IP mode file for EmbeddedOffice.I-CUBE-FS-RTOS.1.0.1
2025-04-25 10:53:08,783 [ERROR] ConditionMgr:805 - Attr not supported : Dmpu
2025-04-25 10:53:08,784 [ERROR] ConditionMgr:805 - Attr not supported : Dmpu
2025-04-25 10:53:08,784 [ERROR] ConditionMgr:805 - Attr not supported : Dmpu
2025-04-25 10:53:08,784 [ERROR] ConditionMgr:805 - Attr not supported : Dmpu
2025-04-25 10:53:08,784 [ERROR] ConditionMgr:805 - Attr not supported : Dmpu
2025-04-25 10:53:08,784 [ERROR] ConditionMgr:805 - Attr not supported : Dmpu
2025-04-25 10:53:08,784 [ERROR] ConditionMgr:805 - Attr not supported : Dmpu
2025-04-25 10:53:08,785 [ERROR] ConditionMgr:805 - Attr not supported : Dmpu
2025-04-25 10:53:08,786 [ERROR] ConditionMgr:805 - Attr not supported : Dmpu
2025-04-25 10:53:08,786 [ERROR] ConditionMgr:805 - Attr not supported : Dmpu
2025-04-25 10:53:08,787 [ERROR] ConditionMgr:805 - Attr not supported : Dmpu
2025-04-25 10:53:08,787 [ERROR] ConditionMgr:805 - Attr not supported : Dmpu
2025-04-25 10:53:08,787 [ERROR] ConditionMgr:805 - Attr not supported : Dmpu
2025-04-25 10:53:08,787 [ERROR] ConditionMgr:805 - Attr not supported : Dmpu
2025-04-25 10:53:08,787 [ERROR] ConditionMgr:805 - Attr not supported : Dmpu
2025-04-25 10:53:08,787 [ERROR] ConditionMgr:805 - Attr not supported : Dmpu
2025-04-25 10:53:08,788 [ERROR] ConditionMgr:805 - Attr not supported : Dmpu
2025-04-25 10:53:08,788 [ERROR] ConditionMgr:805 - Attr not supported : Dmpu
2025-04-25 10:53:08,788 [ERROR] ConditionMgr:805 - Attr not supported : Dmpu
2025-04-25 10:53:08,788 [ERROR] ConditionMgr:805 - Attr not supported : Dmpu
2025-04-25 10:53:08,788 [ERROR] ConditionMgr:805 - Attr not supported : Dmpu
2025-04-25 10:53:08,788 [ERROR] ConditionMgr:805 - Attr not supported : Dmpu
2025-04-25 10:53:08,789 [ERROR] ConditionMgr:805 - Attr not supported : Dmpu
2025-04-25 10:53:08,790 [ERROR] ConditionMgr:805 - Attr not supported : Dmpu
2025-04-25 10:53:08,790 [ERROR] ConditionMgr:805 - Attr not supported : Dmpu
2025-04-25 10:53:08,790 [ERROR] ConditionMgr:805 - Attr not supported : Dmpu
2025-04-25 10:53:08,791 [ERROR] ConditionMgr:805 - Attr not supported : Dmpu
2025-04-25 10:53:08,791 [ERROR] ConditionMgr:805 - Attr not supported : Dmpu
2025-04-25 10:53:08,791 [ERROR] ConditionMgr:805 - Attr not supported : Dmpu
2025-04-25 10:53:08,791 [ERROR] ConditionMgr:805 - Attr not supported : Dmpu
2025-04-25 10:53:08,791 [ERROR] ConditionMgr:805 - Attr not supported : Dmpu
2025-04-25 10:53:08,791 [ERROR] ConditionMgr:805 - Attr not supported : Dmpu
2025-04-25 10:53:08,792 [ERROR] ConditionMgr:805 - Attr not supported : Dmpu
2025-04-25 10:53:08,792 [ERROR] ConditionMgr:805 - Attr not supported : Dmpu
2025-04-25 10:53:08,792 [ERROR] ConditionMgr:805 - Attr not supported : Dmpu
2025-04-25 10:53:08,792 [ERROR] ConditionMgr:805 - Attr not supported : Dmpu
2025-04-25 10:53:08,792 [ERROR] ConditionMgr:805 - Attr not supported : Dmpu
2025-04-25 10:53:08,793 [ERROR] ConditionMgr:805 - Attr not supported : Dmpu
2025-04-25 10:53:08,793 [ERROR] ConditionMgr:805 - Attr not supported : Dmpu
2025-04-25 10:53:08,794 [ERROR] ConditionMgr:805 - Attr not supported : Dmpu
2025-04-25 10:53:08,794 [ERROR] ConditionMgr:805 - Attr not supported : Dmpu
2025-04-25 10:53:08,794 [ERROR] ConditionMgr:805 - Attr not supported : Dmpu
2025-04-25 10:53:08,794 [ERROR] ConditionMgr:805 - Attr not supported : Dmpu
2025-04-25 10:53:08,794 [ERROR] ConditionMgr:805 - Attr not supported : Dmpu
2025-04-25 10:53:08,794 [ERROR] ConditionMgr:805 - Attr not supported : Dmpu
2025-04-25 10:53:08,794 [ERROR] ConditionMgr:805 - Attr not supported : Dmpu
2025-04-25 10:53:08,794 [ERROR] ConditionMgr:805 - Attr not supported : Dmpu
2025-04-25 10:53:08,794 [ERROR] ConditionMgr:805 - Attr not supported : Dmpu
2025-04-25 10:53:08,795 [ERROR] ConditionMgr:805 - Attr not supported : Dmpu
2025-04-25 10:53:08,795 [ERROR] ConditionMgr:805 - Attr not supported : Dmpu
2025-04-25 10:53:08,796 [ERROR] ConditionMgr:805 - Attr not supported : Dmpu
2025-04-25 10:53:08,796 [ERROR] ConditionMgr:805 - Attr not supported : Dmpu
2025-04-25 10:53:08,796 [ERROR] ConditionMgr:805 - Attr not supported : Dmpu
2025-04-25 10:53:08,797 [ERROR] ConditionMgr:805 - Attr not supported : Dmpu
2025-04-25 10:53:08,800 [ERROR] ConditionMgr:805 - Attr not supported : Dmpu
2025-04-25 10:53:08,802 [ERROR] ConditionMgr:805 - Attr not supported : Dmpu
2025-04-25 10:53:08,802 [ERROR] ConditionMgr:805 - Attr not supported : Dmpu
2025-04-25 10:53:08,802 [ERROR] ConditionMgr:805 - Attr not supported : Dmpu
2025-04-25 10:53:08,803 [ERROR] ConditionMgr:805 - Attr not supported : Dmpu
2025-04-25 10:53:08,803 [ERROR] ConditionMgr:805 - Attr not supported : Dmpu
2025-04-25 10:53:08,803 [ERROR] ConditionMgr:805 - Attr not supported : Dmpu
2025-04-25 10:53:08,804 [ERROR] ConditionMgr:805 - Attr not supported : Dmpu
2025-04-25 10:53:08,804 [ERROR] ConditionMgr:805 - Attr not supported : Dmpu
2025-04-25 10:53:08,804 [ERROR] ConditionMgr:805 - Attr not supported : Dmpu
2025-04-25 10:53:08,839 [WARN] PackLoader:240 - Cannot read IP mode file for STMicroelectronics.X-CUBE-WB05N.2.0.0
2025-04-25 10:53:08,873 [ERROR] Engine:466 - C:\Users\brady\.stm32cubemx\thirdparties\pdsc\STMicroelectronics.X-CUBE-TCPP.4.2.0.pdsc: PDSC version is not supported
2025-04-25 10:53:08,901 [WARN] PackLoader:240 - Cannot read IP mode file for RealThread.X-CUBE-RT-Thread_Nano.4.1.1
2025-04-25 10:53:08,922 [WARN] PackLoader:240 - Cannot read IP mode file for STMicroelectronics.FP-ATR-SIGFOX1.3.2.0
2025-04-25 10:53:08,949 [WARN] PackLoader:240 - Cannot read IP mode file for wolfSSL.I-CUBE-wolfSSL.5.7.2
2025-04-25 10:53:08,976 [WARN] ConditionMgr:438 - getConditionDescription Invalid condition id : Cortex-A Device cause : null
2025-04-25 10:53:09,032 [WARN] ConditionMgr:1039 - genDependencies : Invalid condition id : Cortex-A Device cause : null
2025-04-25 10:53:09,033 [WARN] ConditionMgr:1039 - genDependencies : Invalid condition id : Cortex-A Device cause : null
2025-04-25 10:53:09,033 [WARN] ConditionMgr:1039 - genDependencies : Invalid condition id : Cortex-A Device cause : null
2025-04-25 10:53:09,066 [WARN] PackLoader:240 - Cannot read IP mode file for STMicroelectronics.X-CUBE-EEPRMA1.5.1.0
2025-04-25 10:53:09,098 [WARN] PackLoader:240 - Cannot read IP mode file for ITTIA_DB.I-CUBE-ITTIADB.8.9.0
2025-04-25 10:53:09,197 [WARN] PackLoader:240 - Cannot read IP mode file for SEGGER.I-CUBE-embOS.1.3.1
2025-04-25 10:53:09,297 [WARN] PackLoader:240 - Cannot read IP mode file for STMicroelectronics.X-CUBE-ALGOBUILD.1.4.0
2025-04-25 10:53:09,326 [WARN] PackLoader:240 - Cannot read IP mode file for STMicroelectronics.X-CUBE-AI.9.1.0
2025-04-25 10:53:09,353 [WARN] PackLoader:240 - Cannot read IP mode file for STMicroelectronics.X-CUBE-GNSS1.6.0.0
2025-04-25 10:53:09,409 [WARN] PackLoader:240 - Cannot read IP mode file for STMicroelectronics.X-CUBE-AZRTOS-F4.1.1.0
2025-04-25 10:53:09,440 [ERROR] Engine:466 - C:\Users\brady\.stm32cubemx\thirdparties\pdsc\Avnet-IotConnect.X-CUBE-IoTC-DA16k-PMOD.1.0.0.pdsc: PDSC version is not supported
2025-04-25 10:53:09,471 [WARN] PackLoader:240 - Cannot read IP mode file for STMicroelectronics.X-CUBE-ISPU.2.1.0
2025-04-25 10:53:09,503 [WARN] PackLoader:240 - Cannot read IP mode file for STMicroelectronics.X-CUBE-FREERTOS.1.2.0
2025-04-25 10:53:09,573 [WARN] PackLoader:240 - Cannot read IP mode file for STMicroelectronics.X-CUBE-AZRTOS-L5.2.0.0
2025-04-25 10:53:09,611 [WARN] PackLoader:240 - Cannot read IP mode file for STMicroelectronics.X-CUBE-NFC6.3.1.0
2025-04-25 10:53:09,643 [WARN] PackLoader:240 - Cannot read IP mode file for STMicroelectronics.X-CUBE-DPower.1.2.0
2025-04-25 10:53:09,684 [WARN] PackLoader:240 - Cannot read IP mode file for STMicroelectronics.X-CUBE-AI.9.0.0
2025-04-25 10:53:09,711 [WARN] PackLoader:240 - Cannot read IP mode file for STMicroelectronics.X-CUBE-FREERTOS.1.3.0
2025-04-25 10:53:09,740 [WARN] PackLoader:240 - Cannot read IP mode file for STMicroelectronics.X-CUBE-NFC7.1.0.1
2025-04-25 10:53:09,770 [WARN] PackLoader:240 - Cannot read IP mode file for STMicroelectronics.X-CUBE-DPower.1.3.0
2025-04-25 10:53:09,834 [WARN] ConditionMgr:438 - getConditionDescription Invalid condition id : LAN8742 Phy interface Condition cause : null
2025-04-25 10:53:09,835 [WARN] PackLoader:240 - Cannot read IP mode file for STMicroelectronics.X-CUBE-AZRTOS-L4.2.0.0
2025-04-25 10:53:09,838 [WARN] ConditionMgr:1039 - genDependencies : Invalid condition id : LAN8742 Phy interface Condition cause : null
2025-04-25 10:53:09,838 [WARN] ConditionMgr:1039 - genDependencies : Invalid condition id : LAN8742 Phy interface Condition cause : null
2025-04-25 10:53:09,839 [WARN] ConditionMgr:1039 - genDependencies : Invalid condition id : LAN8742 Phy interface Condition cause : null
2025-04-25 10:53:09,889 [WARN] PackLoader:240 - Cannot read IP mode file for STMicroelectronics.X-CUBE-SFXS2LP1.4.0.0
2025-04-25 10:53:10,018 [WARN] PackLoader:240 - Cannot read IP mode file for STMicroelectronics.X-CUBE-AZRTOS-H7.3.3.0
2025-04-25 10:53:10,081 [WARN] PackLoader:240 - Cannot read IP mode file for STMicroelectronics.X-CUBE-IPS.3.0.0
2025-04-25 10:53:10,137 [WARN] ConditionMgr:438 - getConditionDescription Invalid condition id : UX DEVICE CLASS RTOS Condition cause : null
2025-04-25 10:53:10,137 [WARN] ConditionMgr:438 - getConditionDescription Invalid condition id : UX DEVICE CLASS RTOS Condition cause : null
2025-04-25 10:53:10,140 [WARN] PackLoader:240 - Cannot read IP mode file for STMicroelectronics.X-CUBE-AZRTOS-WB.2.0.0
2025-04-25 10:53:10,141 [WARN] ConditionMgr:1039 - genDependencies : Invalid condition id : UX DEVICE CLASS RTOS Condition cause : null
2025-04-25 10:53:10,141 [WARN] ConditionMgr:1039 - genDependencies : Invalid condition id : UX DEVICE CLASS RTOS Condition cause : null
2025-04-25 10:53:10,142 [WARN] ConditionMgr:1039 - genDependencies : Invalid condition id : UX DEVICE CLASS RTOS Condition cause : null
2025-04-25 10:53:10,142 [WARN] ConditionMgr:1039 - genDependencies : Invalid condition id : UX DEVICE CLASS RTOS Condition cause : null
2025-04-25 10:53:10,142 [WARN] ConditionMgr:1039 - genDependencies : Invalid condition id : UX DEVICE CLASS RTOS Condition cause : null
2025-04-25 10:53:10,176 [WARN] PackLoader:240 - Cannot read IP mode file for STMicroelectronics.X-CUBE-GNSS1.7.0.0
2025-04-25 10:53:10,212 [WARN] PackLoader:240 - Cannot read IP mode file for STMicroelectronics.X-CUBE-GNSS1.7.0.1
2025-04-25 10:53:10,253 [WARN] PackLoader:240 - Cannot read IP mode file for STMicroelectronics.X-CUBE-TOUCHGFX.4.25.0
2025-04-25 10:53:10,293 [WARN] PackLoader:240 - Cannot read IP mode file for STMicroelectronics.FP-SNS-STBOX1.2.0.0
2025-04-25 10:53:10,346 [WARN] PackLoader:240 - Cannot read IP mode file for STMicroelectronics.X-CUBE-SUBG2.5.0.0
2025-04-25 10:53:10,428 [WARN] PackLoader:240 - Cannot read IP mode file for STMicroelectronics.X-CUBE-AZRTOS-H7RS.1.1.0
2025-04-25 10:53:10,482 [WARN] PackLoader:240 - Cannot read IP mode file for Cesanta.I-CUBE-Mongoose.7.13.0
2025-04-25 10:53:10,541 [WARN] PackLoader:240 - Cannot read IP mode file for STMicroelectronics.X-CUBE-AZRTOS-G4.2.0.0
2025-04-25 10:53:10,577 [WARN] PackLoader:240 - Cannot read IP mode file for STMicroelectronics.X-CUBE-ISPU.2.0.0
2025-04-25 10:53:10,609 [ERROR] Engine:466 - C:\Users\brady\.stm32cubemx\thirdparties\pdsc\STMicroelectronics.X-CUBE-IPS.3.1.0.pdsc: PDSC version is not supported
2025-04-25 10:53:10,631 [WARN] PackLoader:240 - Cannot read IP mode file for STMicroelectronics.X-CUBE-ALS.1.0.2
2025-04-25 10:53:10,670 [WARN] PackLoader:240 - Cannot read IP mode file for STMicroelectronics.X-CUBE-TOUCHGFX.4.24.0
2025-04-25 10:53:10,703 [WARN] PackLoader:240 - Cannot read IP mode file for STMicroelectronics.X-CUBE-TOUCHGFX.4.24.2
2025-04-25 10:53:10,730 [WARN] PackLoader:240 - Cannot read IP mode file for STMicroelectronics.X-CUBE-TOUCHGFX.4.24.1
2025-04-25 10:53:10,756 [WARN] PackLoader:240 - Cannot read IP mode file for wolfSSL.I-CUBE-wolfTPM.3.4.0
2025-04-25 10:53:10,782 [WARN] PackLoader:240 - Cannot read IP mode file for portGmbH.I-Cube-SoM-uGOAL.1.1.0
2025-04-25 10:53:10,832 [WARN] PackLoader:240 - Cannot read IP mode file for STMicroelectronics.X-CUBE-AZRTOS-H7RS.1.0.0
2025-04-25 10:53:10,865 [WARN] PackLoader:240 - Cannot read IP mode file for STMicroelectronics.FP-ATR-ASTRA1.2.0.0
2025-04-25 10:53:10,905 [WARN] PackLoader:240 - Cannot read IP mode file for STMicroelectronics.X-CUBE-TOF1.3.4.2
2025-04-25 10:53:10,952 [ERROR] Engine:466 - C:\Users\brady\.stm32cubemx\thirdparties\pdsc\STMicroelectronics.X-CUBE-TOF1.3.4.3.pdsc: PDSC version is not supported
2025-04-25 10:53:11,011 [WARN] PackLoader:240 - Cannot read IP mode file for Infineon.AIROC-Wi-Fi-Bluetooth-STM32.1.6.1
2025-04-25 10:53:11,042 [WARN] PackLoader:240 - Cannot read IP mode file for wolfSSL.I-CUBE-wolfSSH.1.4.17
2025-04-25 10:53:11,043 [INFO] ThirdParty:978 - Integrity check success = true
2025-04-25 10:53:11,043 [INFO] IntegrityCheckThread:100 - exiting critical section [integrity check]
2025-04-25 10:53:11,044 [INFO] IntegrityCheckThread:103 - End integrity checks thread
2025-04-25 10:53:12,941 [INFO] WebApp:167 - Instantiating new browser for Auth
2025-04-25 10:53:14,132 [INFO] WebApp:448 - Apply proxy settings
2025-04-25 10:53:14,133 [INFO] WebApp:533 - Chromium requires no authentication
2025-04-25 10:53:14,142 [INFO] WebApp:476 - Direct internet connection detected
2025-04-25 10:53:14,175 [INFO] WebApp:869 - Register for checkConnection events
2025-04-25 10:53:14,175 [INFO] WebApp:448 - Apply proxy settings
2025-04-25 10:53:14,175 [INFO] WebApp:533 - Chromium requires no authentication
2025-04-25 10:53:14,176 [INFO] WebApp:476 - Direct internet connection detected
2025-04-25 10:53:14,324 [INFO] WebApp:186 - Connection restablished
2025-04-25 10:53:14,467 [INFO] WebApp:220 - Starting web application
2025-04-25 10:53:14,468 [INFO] WebApp:578 - Web application path used C:\ST\STM32CubeIDE_1.16.0\STM32CubeIDE\plugins\com.st.stm32cube.common.mx_6.12.0.202406281431\db\plugins\mcufinder\reactClient1\index.html
2025-04-25 12:00:21,392 [INFO] WebApp:189 - Connection lost
2025-04-25 12:00:21,561 [INFO] WebApp:186 - Connection restablished
2025-04-25 12:00:27,202 [INFO] WebApp:189 - Connection lost
2025-04-25 12:00:36,440 [INFO] WebApp:186 - Connection restablished
2025-04-25 12:00:39,673 [INFO] WebApp:189 - Connection lost
2025-04-25 12:00:39,802 [INFO] WebApp:186 - Connection restablished
2025-04-25 12:30:42,781 [INFO] WebApp:189 - Connection lost
2025-04-25 12:30:43,017 [INFO] WebApp:186 - Connection restablished
2025-04-25 13:24:37,759 [INFO] WebApp:189 - Connection lost
2025-04-25 13:24:37,902 [INFO] WebApp:186 - Connection restablished
2025-04-25 13:27:41,259 [INFO] WebApp:189 - Connection lost
2025-04-25 13:27:41,510 [INFO] WebApp:186 - Connection restablished
2025-04-25 13:48:15,203 [INFO] WebApp:189 - Connection lost
2025-04-25 23:46:20,416 [INFO] WebApp:186 - Connection restablished
2025-04-25 23:46:23,022 [INFO] WebApp:189 - Connection lost
2025-04-25 23:46:23,111 [INFO] WebApp:186 - Connection restablished
2025-04-25 23:47:50,036 [INFO] WebApp:189 - Connection lost
2025-04-25 23:47:50,152 [INFO] WebApp:186 - Connection restablished
2025-04-25 23:48:01,046 [INFO] WebApp:189 - Connection lost
2025-04-25 23:48:01,209 [INFO] WebApp:186 - Connection restablished
2025-04-25 23:50:51,044 [INFO] WebApp:189 - Connection lost
2025-04-25 23:50:51,197 [INFO] WebApp:186 - Connection restablished
2025-04-25 23:53:34,536 [INFO] WebApp:189 - Connection lost
2025-04-25 23:53:34,645 [INFO] WebApp:186 - Connection restablished
2025-04-25 23:53:48,723 [ERROR] LogOutputStream:75 - [STDERR_REDIRECT] 
2025-04-25 23:53:48,726 [ERROR] LogOutputStream:75 - [STDERR_REDIRECT] 
